[20:01:31.029] [INFO   ] thread bguspl.set.Main.main() starting.
[20:01:31.029] [SEVERE ] cannot read configuration file config.properties trying from resources.
[20:01:31.029] [SEVERE ] configuration file was loaded from resources directory.
[20:01:31.417] [INFO   ] thread dealer starting.
[20:01:31.417] [INFO   ] thread dealer starting.
[20:01:31.530] [SEVERE ] placing card 0 in slot 0
[20:01:31.644] [SEVERE ] placing card 1 in slot 1
[20:01:31.746] [SEVERE ] placing card 2 in slot 2
[20:01:31.861] [SEVERE ] placing card 3 in slot 3
[20:01:31.977] [SEVERE ] placing card 4 in slot 4
[20:01:32.094] [SEVERE ] placing card 5 in slot 5
[20:01:32.212] [SEVERE ] placing card 6 in slot 6
[20:01:32.313] [SEVERE ] placing card 7 in slot 7
[20:01:32.428] [SEVERE ] placing card 8 in slot 8
[20:01:32.529] [SEVERE ] placing card 9 in slot 9
[20:01:32.645] [SEVERE ] placing card 10 in slot 10
[20:01:32.746] [SEVERE ] placing card 11 in slot 11
[20:01:32.746] [SEVERE ] updating countdown to 60000
[20:01:33.761] [SEVERE ] updating countdown to 58985
[20:01:33.761] [SEVERE ] updating countdown to 60000
[20:01:34.762] [SEVERE ] updating countdown to 58999
[20:01:34.762] [SEVERE ] updating countdown to 60000
[20:01:35.769] [SEVERE ] updating countdown to 58993
[20:01:35.769] [SEVERE ] updating countdown to 60000
[20:01:36.781] [SEVERE ] updating countdown to 58988
[20:01:36.781] [SEVERE ] updating countdown to 60000
[20:01:37.786] [SEVERE ] updating countdown to 58995
[20:01:37.786] [SEVERE ] updating countdown to 60000
[20:01:38.794] [SEVERE ] updating countdown to 58992
[20:01:38.794] [SEVERE ] updating countdown to 60000
[20:01:39.803] [SEVERE ] updating countdown to 58991
[20:01:39.803] [SEVERE ] updating countdown to 60000
[20:01:40.817] [SEVERE ] updating countdown to 58986
[20:01:40.817] [SEVERE ] updating countdown to 60000
[20:01:41.825] [SEVERE ] updating countdown to 58992
[20:01:41.825] [SEVERE ] updating countdown to 60000
[20:01:42.832] [SEVERE ] updating countdown to 58993
[20:01:42.832] [SEVERE ] updating countdown to 60000
[20:01:43.840] [SEVERE ] updating countdown to 58992
[20:01:43.840] [SEVERE ] updating countdown to 60000
[20:01:44.848] [SEVERE ] updating countdown to 58992
[20:01:44.848] [SEVERE ] updating countdown to 60000
[20:01:45.856] [SEVERE ] updating countdown to 58992
[20:01:45.856] [SEVERE ] updating countdown to 60000
[20:01:46.864] [SEVERE ] updating countdown to 58992
[20:01:46.864] [SEVERE ] updating countdown to 60000
[20:01:47.875] [SEVERE ] updating countdown to 58989
[20:01:47.875] [SEVERE ] updating countdown to 60000
[20:01:48.882] [SEVERE ] updating countdown to 58993
[20:01:48.882] [SEVERE ] updating countdown to 60000
[20:01:49.892] [SEVERE ] updating countdown to 58990
[20:01:49.892] [SEVERE ] updating countdown to 60000
[20:01:50.904] [SEVERE ] updating countdown to 58988
[20:01:50.904] [SEVERE ] updating countdown to 60000
[20:01:51.909] [SEVERE ] updating countdown to 58995
[20:01:51.910] [SEVERE ] updating countdown to 60000
[20:01:52.924] [SEVERE ] updating countdown to 58986
[20:01:52.924] [SEVERE ] updating countdown to 60000
[20:01:53.925] [SEVERE ] updating countdown to 58999
[20:01:53.926] [SEVERE ] updating countdown to 60000
[20:01:54.936] [SEVERE ] updating countdown to 58990
[20:01:54.936] [SEVERE ] updating countdown to 60000
[20:01:55.939] [SEVERE ] updating countdown to 58997
[20:01:55.939] [SEVERE ] updating countdown to 60000
[20:01:56.941] [SEVERE ] updating countdown to 58998
[20:01:56.941] [SEVERE ] updating countdown to 60000
[20:01:57.947] [SEVERE ] updating countdown to 58994
[20:01:57.947] [SEVERE ] updating countdown to 60000
[20:01:58.951] [SEVERE ] updating countdown to 58996
[20:01:58.951] [SEVERE ] updating countdown to 60000
[20:01:59.953] [SEVERE ] updating countdown to 58998
[20:01:59.953] [SEVERE ] updating countdown to 60000
[20:02:00.956] [SEVERE ] updating countdown to 58997
[20:02:00.956] [SEVERE ] updating countdown to 60000
[20:02:01.960] [SEVERE ] updating countdown to 58996
[20:02:01.960] [SEVERE ] updating countdown to 60000
[20:02:02.964] [SEVERE ] updating countdown to 58996
[20:02:02.964] [SEVERE ] updating countdown to 60000
[20:02:03.966] [SEVERE ] updating countdown to 58998
[20:02:03.966] [SEVERE ] updating countdown to 60000
[20:02:04.969] [SEVERE ] updating countdown to 58997
[20:02:04.969] [SEVERE ] updating countdown to 60000
[20:02:05.972] [SEVERE ] updating countdown to 58997
[20:02:05.972] [SEVERE ] updating countdown to 60000
[20:02:06.980] [SEVERE ] updating countdown to 58992
[20:02:06.981] [SEVERE ] updating countdown to 60000
[20:02:07.983] [SEVERE ] updating countdown to 58998
[20:02:07.985] [SEVERE ] updating countdown to 60000
[20:02:08.992] [SEVERE ] updating countdown to 58993
[20:02:08.992] [SEVERE ] updating countdown to 60000
[20:02:10.007] [SEVERE ] updating countdown to 58985
[20:02:10.008] [SEVERE ] updating countdown to 60000
[20:02:11.023] [SEVERE ] updating countdown to 58985
[20:02:11.024] [SEVERE ] updating countdown to 60000
[20:02:12.036] [SEVERE ] updating countdown to 58988
[20:02:12.037] [SEVERE ] updating countdown to 60000
[20:02:13.052] [SEVERE ] updating countdown to 58985
[20:02:13.052] [SEVERE ] updating countdown to 60000
[20:02:14.067] [SEVERE ] updating countdown to 58985
[20:02:14.067] [SEVERE ] updating countdown to 60000
[20:02:15.082] [SEVERE ] updating countdown to 58985
[20:02:15.082] [SEVERE ] updating countdown to 60000
[20:02:16.084] [SEVERE ] updating countdown to 58998
[20:02:16.084] [SEVERE ] updating countdown to 60000
[20:02:17.090] [SEVERE ] updating countdown to 58994
[20:02:17.090] [SEVERE ] updating countdown to 60000
[20:02:18.096] [SEVERE ] updating countdown to 58994
[20:02:18.096] [SEVERE ] updating countdown to 60000
[20:02:19.098] [SEVERE ] updating countdown to 58998
[20:02:19.098] [SEVERE ] updating countdown to 60000
[20:02:20.105] [SEVERE ] updating countdown to 58993
[20:02:20.105] [SEVERE ] updating countdown to 60000
[20:02:21.122] [SEVERE ] updating countdown to 58983
[20:02:21.122] [SEVERE ] updating countdown to 60000
[20:02:22.132] [SEVERE ] updating countdown to 58990
[20:02:22.132] [SEVERE ] updating countdown to 60000
[20:02:23.136] [SEVERE ] updating countdown to 58996
[20:02:23.136] [SEVERE ] updating countdown to 60000
[20:02:24.139] [SEVERE ] updating countdown to 58997
[20:02:24.139] [SEVERE ] updating countdown to 60000
[20:02:25.144] [SEVERE ] updating countdown to 58995
[20:02:25.144] [SEVERE ] updating countdown to 60000
[20:02:26.146] [SEVERE ] updating countdown to 58998
[20:02:26.146] [SEVERE ] updating countdown to 60000
[20:02:27.154] [SEVERE ] updating countdown to 58992
[20:02:27.154] [SEVERE ] updating countdown to 60000
[20:02:28.170] [SEVERE ] updating countdown to 58984
[20:02:28.170] [SEVERE ] updating countdown to 60000
[20:02:29.183] [SEVERE ] updating countdown to 58987
[20:02:29.183] [SEVERE ] updating countdown to 60000
[20:02:30.185] [SEVERE ] updating countdown to 58998
[20:02:30.185] [SEVERE ] updating countdown to 60000
[20:02:31.204] [SEVERE ] updating countdown to 58981
[20:02:31.204] [SEVERE ] updating countdown to 60000
[20:02:32.220] [SEVERE ] updating countdown to 58984
[20:02:32.220] [SEVERE ] updating countdown to 60000
[20:02:33.235] [SEVERE ] updating countdown to 58985
[20:02:33.235] [SEVERE ] updating countdown to 60000
[20:02:34.250] [SEVERE ] updating countdown to 58985
[20:02:34.251] [SEVERE ] updating countdown to 60000
[20:02:35.265] [SEVERE ] updating countdown to 58986
[20:02:35.265] [SEVERE ] updating countdown to 60000
[20:02:36.281] [SEVERE ] updating countdown to 58984
[20:02:36.281] [SEVERE ] updating countdown to 60000
[20:02:37.282] [SEVERE ] updating countdown to 58999
[20:02:37.283] [SEVERE ] updating countdown to 60000
[20:02:38.298] [SEVERE ] updating countdown to 58985
[20:02:38.298] [SEVERE ] updating countdown to 60000
[20:02:39.312] [SEVERE ] updating countdown to 58986
[20:02:39.312] [SEVERE ] updating countdown to 60000
[20:02:40.329] [SEVERE ] updating countdown to 58983
[20:02:40.329] [SEVERE ] updating countdown to 60000
[20:02:41.332] [SEVERE ] updating countdown to 58997
[20:02:41.332] [SEVERE ] updating countdown to 60000
[20:02:42.335] [SEVERE ] updating countdown to 58997
[20:02:42.335] [SEVERE ] updating countdown to 60000
[20:02:43.352] [SEVERE ] updating countdown to 58983
[20:02:43.352] [SEVERE ] updating countdown to 60000
[20:02:44.359] [SEVERE ] updating countdown to 58993
[20:02:44.359] [SEVERE ] updating countdown to 60000
[20:02:45.374] [SEVERE ] updating countdown to 58985
[20:02:45.374] [SEVERE ] updating countdown to 60000
[20:02:46.376] [SEVERE ] updating countdown to 58998
[20:02:46.376] [SEVERE ] updating countdown to 60000
[20:02:47.385] [SEVERE ] updating countdown to 58991
[20:02:47.386] [SEVERE ] updating countdown to 60000
[20:02:48.389] [SEVERE ] updating countdown to 58997
[20:02:48.389] [SEVERE ] updating countdown to 60000
[20:02:49.400] [SEVERE ] updating countdown to 58989
[20:02:49.400] [SEVERE ] updating countdown to 60000
[20:02:50.409] [SEVERE ] updating countdown to 58991
[20:02:50.409] [SEVERE ] updating countdown to 60000
[20:02:51.414] [SEVERE ] updating countdown to 58995
[20:02:51.414] [SEVERE ] updating countdown to 60000
[20:02:52.418] [SEVERE ] updating countdown to 58996
[20:02:52.418] [SEVERE ] updating countdown to 60000
[20:02:53.418] [SEVERE ] updating countdown to 59000
[20:02:53.419] [SEVERE ] updating countdown to 60000
[20:02:54.431] [SEVERE ] updating countdown to 58988
[20:02:54.431] [SEVERE ] updating countdown to 60000
[20:02:55.440] [SEVERE ] updating countdown to 58991
[20:02:55.441] [SEVERE ] updating countdown to 60000
[20:02:56.441] [SEVERE ] updating countdown to 59000
[20:02:56.441] [SEVERE ] updating countdown to 60000
[20:02:57.457] [SEVERE ] updating countdown to 58984
[20:02:57.457] [SEVERE ] updating countdown to 60000
[20:02:58.458] [SEVERE ] updating countdown to 58999
[20:02:58.458] [SEVERE ] updating countdown to 60000
[20:02:59.472] [SEVERE ] updating countdown to 58986
[20:02:59.473] [SEVERE ] updating countdown to 60000
[20:03:00.475] [SEVERE ] updating countdown to 58998
[20:03:00.476] [SEVERE ] updating countdown to 60000
[20:03:01.479] [SEVERE ] updating countdown to 58997
[20:03:01.479] [SEVERE ] updating countdown to 60000
[20:03:02.482] [SEVERE ] updating countdown to 58997
[20:03:02.482] [SEVERE ] updating countdown to 60000
[20:03:03.487] [SEVERE ] updating countdown to 58995
[20:03:03.487] [SEVERE ] updating countdown to 60000
[20:03:04.502] [SEVERE ] updating countdown to 58985
[20:03:04.502] [SEVERE ] updating countdown to 60000
[20:03:05.503] [SEVERE ] updating countdown to 58999
[20:03:05.503] [SEVERE ] updating countdown to 60000
[20:03:06.519] [SEVERE ] updating countdown to 58984
[20:03:06.519] [SEVERE ] updating countdown to 60000
[20:03:07.534] [SEVERE ] updating countdown to 58985
[20:03:07.534] [SEVERE ] updating countdown to 60000
[20:03:08.551] [SEVERE ] updating countdown to 58983
[20:03:08.551] [SEVERE ] updating countdown to 60000
[20:03:09.554] [SEVERE ] updating countdown to 58997
[20:03:09.554] [SEVERE ] updating countdown to 60000
[20:03:10.556] [SEVERE ] updating countdown to 58998
[20:03:10.557] [SEVERE ] updating countdown to 60000
[20:03:11.560] [SEVERE ] updating countdown to 58997
[20:03:11.560] [SEVERE ] updating countdown to 60000
[20:03:12.563] [SEVERE ] updating countdown to 58997
[20:03:12.563] [SEVERE ] updating countdown to 60000
[20:03:13.566] [SEVERE ] updating countdown to 58997
[20:03:13.566] [SEVERE ] updating countdown to 60000
[20:03:14.580] [SEVERE ] updating countdown to 58986
[20:03:14.580] [SEVERE ] updating countdown to 60000
[20:03:15.582] [SEVERE ] updating countdown to 58998
[20:03:15.582] [SEVERE ] updating countdown to 60000
[20:03:16.598] [SEVERE ] updating countdown to 58984
[20:03:16.598] [SEVERE ] updating countdown to 60000
[20:03:17.613] [SEVERE ] updating countdown to 58985
[20:03:17.613] [SEVERE ] updating countdown to 60000
[20:03:18.624] [SEVERE ] updating countdown to 58989
[20:03:18.624] [SEVERE ] updating countdown to 60000
[20:03:19.636] [SEVERE ] updating countdown to 58988
[20:03:19.636] [SEVERE ] updating countdown to 60000
[20:03:20.651] [SEVERE ] updating countdown to 58985
[20:03:20.651] [SEVERE ] updating countdown to 60000
[20:03:21.666] [SEVERE ] updating countdown to 58985
[20:03:21.666] [SEVERE ] updating countdown to 60000
[20:03:22.678] [SEVERE ] updating countdown to 58988
[20:03:22.678] [SEVERE ] updating countdown to 60000
[20:03:23.687] [SEVERE ] updating countdown to 58991
[20:03:23.687] [SEVERE ] updating countdown to 60000
[20:03:24.704] [SEVERE ] updating countdown to 58983
[20:03:24.704] [SEVERE ] updating countdown to 60000
[20:03:25.705] [SEVERE ] updating countdown to 58999
[20:03:25.705] [SEVERE ] updating countdown to 60000
[20:03:26.720] [SEVERE ] updating countdown to 58985
[20:03:26.720] [SEVERE ] updating countdown to 60000
[20:03:27.735] [SEVERE ] updating countdown to 58985
[20:03:27.735] [SEVERE ] updating countdown to 60000
[20:03:28.750] [SEVERE ] updating countdown to 58985
[20:03:28.750] [SEVERE ] updating countdown to 60000
[20:03:29.765] [SEVERE ] updating countdown to 58985
[20:03:29.768] [SEVERE ] updating countdown to 60000
[20:03:30.776] [SEVERE ] updating countdown to 58992
[20:03:30.776] [SEVERE ] updating countdown to 60000
[20:03:31.778] [SEVERE ] updating countdown to 58998
[20:03:31.778] [SEVERE ] updating countdown to 60000
[20:03:32.793] [SEVERE ] updating countdown to 58985
[20:03:32.793] [SEVERE ] updating countdown to 60000
[20:03:33.807] [SEVERE ] updating countdown to 58986
[20:03:33.808] [SEVERE ] updating countdown to 60000
[20:03:34.822] [SEVERE ] updating countdown to 58986
[20:03:34.822] [SEVERE ] updating countdown to 60000
[20:03:35.829] [SEVERE ] updating countdown to 58993
[20:03:35.829] [SEVERE ] updating countdown to 60000
[20:03:36.842] [SEVERE ] updating countdown to 58987
[20:03:36.842] [SEVERE ] updating countdown to 60000
[20:03:37.858] [SEVERE ] updating countdown to 58984
[20:03:37.858] [SEVERE ] updating countdown to 60000
[20:03:38.873] [SEVERE ] updating countdown to 58985
[20:03:38.873] [SEVERE ] updating countdown to 60000
[20:03:39.888] [SEVERE ] updating countdown to 58985
[20:03:39.888] [SEVERE ] updating countdown to 60000
[20:03:40.904] [SEVERE ] updating countdown to 58984
[20:03:40.904] [SEVERE ] updating countdown to 60000
[20:03:41.920] [SEVERE ] updating countdown to 58984
[20:03:41.920] [SEVERE ] updating countdown to 60000
[20:03:42.936] [SEVERE ] updating countdown to 58984
[20:03:42.936] [SEVERE ] updating countdown to 60000
[20:03:43.953] [SEVERE ] updating countdown to 58983
[20:03:43.953] [SEVERE ] updating countdown to 60000
[20:03:44.957] [SEVERE ] updating countdown to 58996
[20:03:44.957] [SEVERE ] updating countdown to 60000
[20:03:45.958] [SEVERE ] updating countdown to 58999
[20:03:45.958] [SEVERE ] updating countdown to 60000
[20:03:46.978] [SEVERE ] updating countdown to 58980
[20:03:46.978] [SEVERE ] updating countdown to 60000
[20:03:47.981] [SEVERE ] updating countdown to 58997
[20:03:47.981] [SEVERE ] updating countdown to 60000
[20:03:48.996] [SEVERE ] updating countdown to 58985
[20:03:48.996] [SEVERE ] updating countdown to 60000
[20:03:50.012] [SEVERE ] updating countdown to 58984
[20:03:50.012] [SEVERE ] updating countdown to 60000
[20:03:51.028] [SEVERE ] updating countdown to 58984
[20:03:51.028] [SEVERE ] updating countdown to 60000
[20:03:52.029] [SEVERE ] updating countdown to 58999
[20:03:52.029] [SEVERE ] updating countdown to 60000
[20:03:53.031] [SEVERE ] updating countdown to 58998
[20:03:53.031] [SEVERE ] updating countdown to 60000
[20:03:54.034] [SEVERE ] updating countdown to 58997
[20:03:54.034] [SEVERE ] updating countdown to 60000
[20:03:55.038] [SEVERE ] updating countdown to 58996
[20:03:55.038] [SEVERE ] updating countdown to 60000
[20:03:56.041] [SEVERE ] updating countdown to 58997
[20:03:56.041] [SEVERE ] updating countdown to 60000
[20:03:57.052] [SEVERE ] updating countdown to 58989
[20:03:57.052] [SEVERE ] updating countdown to 60000
[20:03:58.055] [SEVERE ] updating countdown to 58997
[20:03:58.055] [SEVERE ] updating countdown to 60000
[20:03:59.057] [SEVERE ] updating countdown to 58998
[20:03:59.057] [SEVERE ] updating countdown to 60000
[20:04:00.059] [SEVERE ] updating countdown to 58998
[20:04:00.059] [SEVERE ] updating countdown to 60000
[20:04:01.075] [SEVERE ] updating countdown to 58984
[20:04:01.075] [SEVERE ] updating countdown to 60000
[20:04:02.077] [SEVERE ] updating countdown to 58998
[20:04:02.077] [SEVERE ] updating countdown to 60000
[20:04:03.081] [SEVERE ] updating countdown to 58996
[20:04:03.081] [SEVERE ] updating countdown to 60000
[20:04:04.084] [SEVERE ] updating countdown to 58997
[20:04:04.084] [SEVERE ] updating countdown to 60000
[20:04:05.086] [SEVERE ] updating countdown to 58998
[20:04:05.087] [SEVERE ] updating countdown to 60000
[20:04:06.090] [SEVERE ] updating countdown to 58997
[20:04:06.090] [SEVERE ] updating countdown to 60000
[20:04:07.106] [SEVERE ] updating countdown to 58984
[20:04:07.106] [SEVERE ] updating countdown to 60000
[20:04:08.122] [SEVERE ] updating countdown to 58984
[20:04:08.123] [SEVERE ] updating countdown to 60000
[20:04:09.135] [SEVERE ] updating countdown to 58988
[20:04:09.135] [SEVERE ] updating countdown to 60000
[20:04:10.151] [SEVERE ] updating countdown to 58984
[20:04:10.151] [SEVERE ] updating countdown to 60000
[20:04:11.157] [SEVERE ] updating countdown to 58994
[20:04:11.157] [SEVERE ] updating countdown to 60000
[20:04:12.160] [SEVERE ] updating countdown to 58997
[20:04:12.160] [SEVERE ] updating countdown to 60000
[20:04:13.161] [SEVERE ] updating countdown to 58999
[20:04:13.161] [SEVERE ] updating countdown to 60000
[20:04:14.165] [SEVERE ] updating countdown to 58996
[20:04:14.165] [SEVERE ] updating countdown to 60000
[20:04:15.169] [SEVERE ] updating countdown to 58996
[20:04:15.169] [SEVERE ] updating countdown to 60000
[20:04:16.171] [SEVERE ] updating countdown to 58998
[20:04:16.171] [SEVERE ] updating countdown to 60000
[20:04:17.190] [SEVERE ] updating countdown to 58981
[20:04:17.191] [SEVERE ] updating countdown to 60000
[20:04:18.196] [SEVERE ] updating countdown to 58994
[20:04:18.196] [SEVERE ] updating countdown to 60000
[20:04:19.199] [SEVERE ] updating countdown to 58997
[20:04:19.199] [SEVERE ] updating countdown to 60000
[20:04:20.203] [SEVERE ] updating countdown to 58996
[20:04:20.203] [SEVERE ] updating countdown to 60000
[20:04:21.221] [SEVERE ] updating countdown to 58982
[20:04:21.221] [SEVERE ] updating countdown to 60000
[20:04:22.237] [SEVERE ] updating countdown to 58984
[20:04:22.237] [SEVERE ] updating countdown to 60000
[20:04:23.245] [SEVERE ] updating countdown to 58992
[20:04:23.246] [SEVERE ] updating countdown to 60000
[20:04:24.247] [SEVERE ] updating countdown to 58999
[20:04:24.247] [SEVERE ] updating countdown to 60000
[20:04:25.252] [SEVERE ] updating countdown to 58995
[20:04:25.252] [SEVERE ] updating countdown to 60000
[20:04:26.255] [SEVERE ] updating countdown to 58997
[20:04:26.255] [SEVERE ] updating countdown to 60000
[20:04:27.257] [SEVERE ] updating countdown to 58998
[20:04:27.257] [SEVERE ] updating countdown to 60000
[20:04:28.273] [SEVERE ] updating countdown to 58984
[20:04:28.273] [SEVERE ] updating countdown to 60000
[20:04:29.287] [SEVERE ] updating countdown to 58986
[20:04:29.287] [SEVERE ] updating countdown to 60000
[20:04:30.303] [SEVERE ] updating countdown to 58984
[20:04:30.303] [SEVERE ] updating countdown to 60000
[20:04:31.319] [SEVERE ] updating countdown to 58984
[20:04:31.319] [SEVERE ] updating countdown to 60000
[20:04:32.335] [SEVERE ] updating countdown to 58984
[20:04:32.335] [SEVERE ] updating countdown to 60000
[20:04:33.351] [SEVERE ] updating countdown to 58984
[20:04:33.351] [SEVERE ] updating countdown to 60000
[20:04:34.365] [SEVERE ] updating countdown to 58986
[20:04:34.365] [SEVERE ] updating countdown to 60000
[20:04:35.367] [SEVERE ] updating countdown to 58998
[20:04:35.367] [SEVERE ] updating countdown to 60000
[20:04:36.381] [SEVERE ] updating countdown to 58986
[20:04:36.381] [SEVERE ] updating countdown to 60000
[20:04:37.384] [SEVERE ] updating countdown to 58997
[20:04:37.384] [SEVERE ] updating countdown to 60000
[20:04:38.389] [SEVERE ] updating countdown to 58995
[20:04:38.389] [SEVERE ] updating countdown to 60000
[20:04:39.402] [SEVERE ] updating countdown to 58987
[20:04:39.402] [SEVERE ] updating countdown to 60000
[20:04:40.412] [SEVERE ] updating countdown to 58990
[20:04:40.412] [SEVERE ] updating countdown to 60000
[20:04:41.413] [SEVERE ] updating countdown to 58999
[20:04:41.413] [SEVERE ] updating countdown to 60000
[20:04:42.428] [SEVERE ] updating countdown to 58985
[20:04:42.428] [SEVERE ] updating countdown to 60000
[20:04:43.443] [SEVERE ] updating countdown to 58985
[20:04:43.443] [SEVERE ] updating countdown to 60000
[20:04:44.444] [SEVERE ] updating countdown to 58999
[20:04:44.444] [SEVERE ] updating countdown to 60000
[20:04:45.461] [SEVERE ] updating countdown to 58983
[20:04:45.461] [SEVERE ] updating countdown to 60000
[20:04:46.464] [SEVERE ] updating countdown to 58997
[20:04:46.464] [SEVERE ] updating countdown to 60000
[20:04:47.481] [SEVERE ] updating countdown to 58983
[20:04:47.481] [SEVERE ] updating countdown to 60000
[20:04:48.484] [SEVERE ] updating countdown to 58997
[20:04:48.484] [SEVERE ] updating countdown to 60000
[20:04:49.490] [SEVERE ] updating countdown to 58994
[20:04:49.490] [SEVERE ] updating countdown to 60000
[20:04:50.505] [SEVERE ] updating countdown to 58985
[20:04:50.506] [SEVERE ] updating countdown to 60000
[20:04:51.521] [SEVERE ] updating countdown to 58985
[20:04:51.521] [SEVERE ] updating countdown to 60000
[20:04:52.536] [SEVERE ] updating countdown to 58985
[20:04:52.536] [SEVERE ] updating countdown to 60000
[20:04:53.538] [SEVERE ] updating countdown to 58998
[20:04:53.538] [SEVERE ] updating countdown to 60000
[20:04:54.539] [SEVERE ] updating countdown to 58999
[20:04:54.539] [SEVERE ] updating countdown to 60000
[20:04:55.542] [SEVERE ] updating countdown to 58997
[20:04:55.542] [SEVERE ] updating countdown to 60000
[20:04:56.544] [SEVERE ] updating countdown to 58998
[20:04:56.544] [SEVERE ] updating countdown to 60000
[20:04:57.547] [SEVERE ] updating countdown to 58997
[20:04:57.547] [SEVERE ] updating countdown to 60000
[20:04:58.552] [SEVERE ] updating countdown to 58995
[20:04:58.552] [SEVERE ] updating countdown to 60000
[20:04:59.568] [SEVERE ] updating countdown to 58984
[20:04:59.569] [SEVERE ] updating countdown to 60000
[20:05:00.578] [SEVERE ] updating countdown to 58991
[20:05:00.578] [SEVERE ] updating countdown to 60000
[20:05:01.580] [SEVERE ] updating countdown to 58998
[20:05:01.580] [SEVERE ] updating countdown to 60000
[20:05:02.582] [SEVERE ] updating countdown to 58998
[20:05:02.582] [SEVERE ] updating countdown to 60000
[20:05:03.584] [SEVERE ] updating countdown to 58998
[20:05:03.584] [SEVERE ] updating countdown to 60000
[20:05:04.585] [SEVERE ] updating countdown to 58999
[20:05:04.585] [SEVERE ] updating countdown to 60000
[20:05:05.593] [SEVERE ] updating countdown to 58992
[20:05:05.593] [SEVERE ] updating countdown to 60000
[20:05:06.601] [SEVERE ] updating countdown to 58992
[20:05:06.601] [SEVERE ] updating countdown to 60000
[20:05:07.605] [SEVERE ] updating countdown to 58996
[20:05:07.605] [SEVERE ] updating countdown to 60000
[20:05:08.620] [SEVERE ] updating countdown to 58985
[20:05:08.620] [SEVERE ] updating countdown to 60000
[20:05:09.635] [SEVERE ] updating countdown to 58985
[20:05:09.635] [SEVERE ] updating countdown to 60000
[20:05:10.642] [SEVERE ] updating countdown to 58993
[20:05:10.642] [SEVERE ] updating countdown to 60000
[20:05:11.653] [SEVERE ] updating countdown to 58989
[20:05:11.653] [SEVERE ] updating countdown to 60000
[20:05:12.657] [SEVERE ] updating countdown to 58996
[20:05:12.657] [SEVERE ] updating countdown to 60000
[20:05:13.664] [SEVERE ] updating countdown to 58993
[20:05:13.664] [SEVERE ] updating countdown to 60000
[20:05:14.665] [SEVERE ] updating countdown to 58999
[20:05:14.665] [SEVERE ] updating countdown to 60000
[20:05:15.667] [SEVERE ] updating countdown to 58998
[20:05:15.667] [SEVERE ] updating countdown to 60000
[20:05:16.669] [SEVERE ] updating countdown to 58998
[20:05:16.669] [SEVERE ] updating countdown to 60000
[20:05:17.684] [SEVERE ] updating countdown to 58985
[20:05:17.684] [SEVERE ] updating countdown to 60000
[20:05:18.698] [SEVERE ] updating countdown to 58986
[20:05:18.698] [SEVERE ] updating countdown to 60000
[20:05:19.727] [SEVERE ] updating countdown to 58971
[20:05:19.727] [SEVERE ] updating countdown to 60000
[20:05:20.736] [SEVERE ] updating countdown to 58991
[20:05:20.736] [SEVERE ] updating countdown to 60000
[20:05:21.738] [SEVERE ] updating countdown to 58998
[20:05:21.738] [SEVERE ] updating countdown to 60000
