[18:32:03.455] [INFO   ] thread bguspl.set.Main.main() starting.
[18:32:03.455] [SEVERE ] cannot read configuration file config.properties trying from resources.
[18:32:03.455] [SEVERE ] configuration file was loaded from resources directory.
[18:32:04.821] [INFO   ] thread dealer starting.
[18:32:04.826] [INFO   ] thread dealer starting.
[18:32:04.950] [SEVERE ] placing card 0 in slot 0
[18:32:05.142] [SEVERE ] placing card 1 in slot 1
[18:32:05.245] [SEVERE ] placing card 2 in slot 2
[18:32:05.359] [SEVERE ] placing card 3 in slot 3
[18:32:05.464] [SEVERE ] placing card 4 in slot 4
[18:32:05.576] [SEVERE ] placing card 5 in slot 5
[18:32:05.693] [SEVERE ] placing card 6 in slot 6
[18:32:05.810] [SEVERE ] placing card 7 in slot 7
[18:32:05.920] [SEVERE ] placing card 8 in slot 8
[18:32:06.031] [SEVERE ] placing card 9 in slot 9
[18:32:06.141] [SEVERE ] placing card 10 in slot 10
[18:32:06.251] [SEVERE ] placing card 11 in slot 11
[18:32:06.251] [SEVERE ] updating countdown to 60000
[18:32:06.314] [SEVERE ] updating elapsed time to 50
[18:32:06.314] [SEVERE ] updating countdown to 59937
[18:32:06.314] [SEVERE ] updating countdown to 60000
[18:32:06.377] [SEVERE ] updating elapsed time to 50
[18:32:06.378] [SEVERE ] updating countdown to 59936
[18:32:06.378] [SEVERE ] updating countdown to 60000
[18:32:06.440] [SEVERE ] updating elapsed time to 50
[18:32:06.440] [SEVERE ] updating countdown to 59938
[18:32:06.440] [SEVERE ] updating countdown to 60000
[18:32:06.503] [SEVERE ] updating elapsed time to 50
[18:32:06.504] [SEVERE ] updating countdown to 59936
[18:32:06.504] [SEVERE ] updating countdown to 60000
[18:32:06.566] [SEVERE ] updating elapsed time to 50
[18:32:06.566] [SEVERE ] updating countdown to 59938
[18:32:06.566] [SEVERE ] updating countdown to 60000
[18:32:06.630] [SEVERE ] updating elapsed time to 50
[18:32:06.630] [SEVERE ] updating countdown to 59936
[18:32:06.630] [SEVERE ] updating countdown to 60000
[18:32:06.693] [SEVERE ] updating elapsed time to 50
[18:32:06.693] [SEVERE ] updating countdown to 59937
[18:32:06.693] [SEVERE ] updating countdown to 60000
[18:32:06.756] [SEVERE ] updating elapsed time to 50
[18:32:06.756] [SEVERE ] updating countdown to 59937
[18:32:06.756] [SEVERE ] updating countdown to 60000
[18:32:06.819] [SEVERE ] updating elapsed time to 50
[18:32:06.819] [SEVERE ] updating countdown to 59937
[18:32:06.819] [SEVERE ] updating countdown to 60000
[18:32:06.882] [SEVERE ] updating elapsed time to 50
[18:32:06.882] [SEVERE ] updating countdown to 59937
[18:32:06.882] [SEVERE ] updating countdown to 60000
[18:32:06.946] [SEVERE ] updating elapsed time to 50
[18:32:06.946] [SEVERE ] updating countdown to 59936
[18:32:06.946] [SEVERE ] updating countdown to 60000
[18:32:07.009] [SEVERE ] updating elapsed time to 50
[18:32:07.009] [SEVERE ] updating countdown to 59937
[18:32:07.009] [SEVERE ] updating countdown to 60000
[18:32:07.072] [SEVERE ] updating elapsed time to 50
[18:32:07.072] [SEVERE ] updating countdown to 59937
[18:32:07.072] [SEVERE ] updating countdown to 60000
[18:32:07.135] [SEVERE ] updating elapsed time to 50
[18:32:07.135] [SEVERE ] updating countdown to 59937
[18:32:07.135] [SEVERE ] updating countdown to 60000
[18:32:07.198] [SEVERE ] updating elapsed time to 50
[18:32:07.198] [SEVERE ] updating countdown to 59937
[18:32:07.198] [SEVERE ] updating countdown to 60000
[18:32:07.261] [SEVERE ] updating elapsed time to 50
[18:32:07.261] [SEVERE ] updating countdown to 59937
[18:32:07.261] [SEVERE ] updating countdown to 60000
[18:32:07.324] [SEVERE ] updating elapsed time to 50
[18:32:07.324] [SEVERE ] updating countdown to 59937
[18:32:07.324] [SEVERE ] updating countdown to 60000
[18:32:07.387] [SEVERE ] updating elapsed time to 50
[18:32:07.387] [SEVERE ] updating countdown to 59937
[18:32:07.387] [SEVERE ] updating countdown to 60000
[18:32:07.450] [SEVERE ] updating elapsed time to 50
[18:32:07.450] [SEVERE ] updating countdown to 59937
[18:32:07.450] [SEVERE ] updating countdown to 60000
[18:32:07.513] [SEVERE ] updating elapsed time to 50
[18:32:07.514] [SEVERE ] updating countdown to 59936
[18:32:07.514] [SEVERE ] updating countdown to 60000
[18:32:07.576] [SEVERE ] updating elapsed time to 50
[18:32:07.577] [SEVERE ] updating countdown to 59937
[18:32:07.577] [SEVERE ] updating countdown to 60000
[18:32:07.639] [SEVERE ] updating elapsed time to 50
[18:32:07.641] [SEVERE ] updating countdown to 59936
[18:32:07.641] [SEVERE ] updating countdown to 60000
[18:32:07.704] [SEVERE ] updating elapsed time to 50
[18:32:07.704] [SEVERE ] updating countdown to 59937
[18:32:07.704] [SEVERE ] updating countdown to 60000
[18:32:07.767] [SEVERE ] updating elapsed time to 50
[18:32:07.767] [SEVERE ] updating countdown to 59937
[18:32:07.767] [SEVERE ] updating countdown to 60000
[18:32:07.831] [SEVERE ] updating elapsed time to 50
[18:32:07.831] [SEVERE ] updating countdown to 59936
[18:32:07.831] [SEVERE ] updating countdown to 60000
[18:32:07.894] [SEVERE ] updating elapsed time to 50
[18:32:07.895] [SEVERE ] updating countdown to 59936
[18:32:07.895] [SEVERE ] updating countdown to 60000
[18:32:07.957] [SEVERE ] updating elapsed time to 50
[18:32:07.957] [SEVERE ] updating countdown to 59938
[18:32:07.957] [SEVERE ] updating countdown to 60000
[18:32:08.020] [SEVERE ] updating elapsed time to 50
[18:32:08.020] [SEVERE ] updating countdown to 59937
[18:32:08.020] [SEVERE ] updating countdown to 60000
[18:32:08.083] [SEVERE ] updating elapsed time to 50
[18:32:08.083] [SEVERE ] updating countdown to 59937
[18:32:08.083] [SEVERE ] updating countdown to 60000
[18:32:08.146] [SEVERE ] updating elapsed time to 50
[18:32:08.146] [SEVERE ] updating countdown to 59937
[18:32:08.146] [SEVERE ] updating countdown to 60000
[18:32:08.209] [SEVERE ] updating elapsed time to 50
[18:32:08.209] [SEVERE ] updating countdown to 59937
[18:32:08.209] [SEVERE ] updating countdown to 60000
[18:32:08.271] [SEVERE ] updating elapsed time to 50
[18:32:08.271] [SEVERE ] updating countdown to 59938
[18:32:08.271] [SEVERE ] updating countdown to 60000
[18:32:08.335] [SEVERE ] updating elapsed time to 50
[18:32:08.335] [SEVERE ] updating countdown to 59936
[18:32:08.335] [SEVERE ] updating countdown to 60000
[18:32:08.398] [SEVERE ] updating elapsed time to 50
[18:32:08.398] [SEVERE ] updating countdown to 59937
[18:32:08.398] [SEVERE ] updating countdown to 60000
[18:32:08.461] [SEVERE ] updating elapsed time to 50
[18:32:08.461] [SEVERE ] updating countdown to 59937
[18:32:08.461] [SEVERE ] updating countdown to 60000
[18:32:08.524] [SEVERE ] updating elapsed time to 50
[18:32:08.524] [SEVERE ] updating countdown to 59937
[18:32:08.524] [SEVERE ] updating countdown to 60000
[18:32:08.587] [SEVERE ] updating elapsed time to 50
[18:32:08.587] [SEVERE ] updating countdown to 59937
[18:32:08.587] [SEVERE ] updating countdown to 60000
[18:32:08.649] [SEVERE ] updating elapsed time to 50
[18:32:08.649] [SEVERE ] updating countdown to 59938
[18:32:08.649] [SEVERE ] updating countdown to 60000
[18:32:08.712] [SEVERE ] updating elapsed time to 50
[18:32:08.712] [SEVERE ] updating countdown to 59937
[18:32:08.712] [SEVERE ] updating countdown to 60000
[18:32:08.775] [SEVERE ] updating elapsed time to 50
[18:32:08.775] [SEVERE ] updating countdown to 59937
[18:32:08.775] [SEVERE ] updating countdown to 60000
[18:32:08.838] [SEVERE ] updating elapsed time to 50
[18:32:08.838] [SEVERE ] updating countdown to 59937
[18:32:08.838] [SEVERE ] updating countdown to 60000
[18:32:08.901] [SEVERE ] updating elapsed time to 50
[18:32:08.901] [SEVERE ] updating countdown to 59937
[18:32:08.901] [SEVERE ] updating countdown to 60000
[18:32:08.964] [SEVERE ] updating elapsed time to 50
[18:32:08.964] [SEVERE ] updating countdown to 59937
[18:32:08.964] [SEVERE ] updating countdown to 60000
[18:32:09.027] [SEVERE ] updating elapsed time to 50
[18:32:09.027] [SEVERE ] updating countdown to 59937
[18:32:09.027] [SEVERE ] updating countdown to 60000
[18:32:09.090] [SEVERE ] updating elapsed time to 50
[18:32:09.090] [SEVERE ] updating countdown to 59937
[18:32:09.090] [SEVERE ] updating countdown to 60000
[18:32:09.153] [SEVERE ] updating elapsed time to 50
[18:32:09.153] [SEVERE ] updating countdown to 59937
[18:32:09.153] [SEVERE ] updating countdown to 60000
[18:32:09.216] [SEVERE ] updating elapsed time to 50
[18:32:09.216] [SEVERE ] updating countdown to 59937
[18:32:09.216] [SEVERE ] updating countdown to 60000
[18:32:09.280] [SEVERE ] updating elapsed time to 50
[18:32:09.280] [SEVERE ] updating countdown to 59936
[18:32:09.280] [SEVERE ] updating countdown to 60000
[18:32:09.343] [SEVERE ] updating elapsed time to 50
[18:32:09.343] [SEVERE ] updating countdown to 59937
[18:32:09.343] [SEVERE ] updating countdown to 60000
[18:32:09.406] [SEVERE ] updating elapsed time to 50
[18:32:09.406] [SEVERE ] updating countdown to 59937
[18:32:09.406] [SEVERE ] updating countdown to 60000
[18:32:09.469] [SEVERE ] updating elapsed time to 50
[18:32:09.469] [SEVERE ] updating countdown to 59937
[18:32:09.469] [SEVERE ] updating countdown to 60000
[18:32:09.531] [SEVERE ] updating elapsed time to 50
[18:32:09.531] [SEVERE ] updating countdown to 59938
[18:32:09.531] [SEVERE ] updating countdown to 60000
[18:32:09.594] [SEVERE ] updating elapsed time to 50
[18:32:09.594] [SEVERE ] updating countdown to 59937
[18:32:09.594] [SEVERE ] updating countdown to 60000
[18:32:09.657] [SEVERE ] updating elapsed time to 50
[18:32:09.658] [SEVERE ] updating countdown to 59937
[18:32:09.658] [SEVERE ] updating countdown to 60000
[18:32:09.721] [SEVERE ] updating elapsed time to 50
[18:32:09.721] [SEVERE ] updating countdown to 59937
[18:32:09.721] [SEVERE ] updating countdown to 60000
[18:32:09.784] [SEVERE ] updating elapsed time to 50
[18:32:09.784] [SEVERE ] updating countdown to 59937
[18:32:09.784] [SEVERE ] updating countdown to 60000
[18:32:09.848] [SEVERE ] updating elapsed time to 50
[18:32:09.848] [SEVERE ] updating countdown to 59936
[18:32:09.848] [SEVERE ] updating countdown to 60000
[18:32:09.912] [SEVERE ] updating elapsed time to 50
[18:32:09.912] [SEVERE ] updating countdown to 59936
[18:32:09.912] [SEVERE ] updating countdown to 60000
[18:32:09.975] [SEVERE ] updating elapsed time to 50
[18:32:09.975] [SEVERE ] updating countdown to 59937
[18:32:09.975] [SEVERE ] updating countdown to 60000
[18:32:10.038] [SEVERE ] updating elapsed time to 50
[18:32:10.039] [SEVERE ] updating countdown to 59936
[18:32:10.039] [SEVERE ] updating countdown to 60000
[18:32:10.102] [SEVERE ] updating elapsed time to 50
[18:32:10.102] [SEVERE ] updating countdown to 59937
[18:32:10.102] [SEVERE ] updating countdown to 60000
[18:32:10.165] [SEVERE ] updating elapsed time to 50
[18:32:10.165] [SEVERE ] updating countdown to 59937
[18:32:10.165] [SEVERE ] updating countdown to 60000
[18:32:10.228] [SEVERE ] updating elapsed time to 50
[18:32:10.228] [SEVERE ] updating countdown to 59937
[18:32:10.228] [SEVERE ] updating countdown to 60000
[18:32:10.291] [SEVERE ] updating elapsed time to 50
[18:32:10.291] [SEVERE ] updating countdown to 59937
[18:32:10.291] [SEVERE ] updating countdown to 60000
[18:32:10.354] [SEVERE ] updating elapsed time to 50
[18:32:10.354] [SEVERE ] updating countdown to 59937
[18:32:10.354] [SEVERE ] updating countdown to 60000
[18:32:10.418] [SEVERE ] updating elapsed time to 50
[18:32:10.418] [SEVERE ] updating countdown to 59936
[18:32:10.418] [SEVERE ] updating countdown to 60000
[18:32:10.481] [SEVERE ] updating elapsed time to 50
[18:32:10.481] [SEVERE ] updating countdown to 59937
[18:32:10.481] [SEVERE ] updating countdown to 60000
[18:32:10.544] [SEVERE ] updating elapsed time to 50
[18:32:10.544] [SEVERE ] updating countdown to 59937
[18:32:10.544] [SEVERE ] updating countdown to 60000
[18:32:10.607] [SEVERE ] updating elapsed time to 50
[18:32:10.607] [SEVERE ] updating countdown to 59937
[18:32:10.608] [SEVERE ] updating countdown to 60000
[18:32:10.671] [SEVERE ] updating elapsed time to 50
[18:32:10.671] [SEVERE ] updating countdown to 59937
[18:32:10.671] [SEVERE ] updating countdown to 60000
[18:32:10.734] [SEVERE ] updating elapsed time to 50
[18:32:10.734] [SEVERE ] updating countdown to 59937
[18:32:10.734] [SEVERE ] updating countdown to 60000
[18:32:10.797] [SEVERE ] updating elapsed time to 50
[18:32:10.797] [SEVERE ] updating countdown to 59937
[18:32:10.797] [SEVERE ] updating countdown to 60000
[18:32:10.859] [SEVERE ] updating elapsed time to 50
[18:32:10.859] [SEVERE ] updating countdown to 59938
[18:32:10.859] [SEVERE ] updating countdown to 60000
[18:32:10.923] [SEVERE ] updating elapsed time to 50
[18:32:10.923] [SEVERE ] updating countdown to 59936
[18:32:10.923] [SEVERE ] updating countdown to 60000
[18:32:10.986] [SEVERE ] updating elapsed time to 50
[18:32:10.986] [SEVERE ] updating countdown to 59937
[18:32:10.986] [SEVERE ] updating countdown to 60000
[18:32:11.049] [SEVERE ] updating elapsed time to 50
[18:32:11.049] [SEVERE ] updating countdown to 59937
[18:32:11.049] [SEVERE ] updating countdown to 60000
[18:32:11.111] [SEVERE ] updating elapsed time to 50
[18:32:11.112] [SEVERE ] updating countdown to 59937
[18:32:11.112] [SEVERE ] updating countdown to 60000
[18:32:11.175] [SEVERE ] updating elapsed time to 50
[18:32:11.175] [SEVERE ] updating countdown to 59937
[18:32:11.175] [SEVERE ] updating countdown to 60000
[18:32:11.238] [SEVERE ] updating elapsed time to 50
[18:32:11.238] [SEVERE ] updating countdown to 59937
[18:32:11.238] [SEVERE ] updating countdown to 60000
[18:32:11.301] [SEVERE ] updating elapsed time to 50
[18:32:11.301] [SEVERE ] updating countdown to 59937
[18:32:11.301] [SEVERE ] updating countdown to 60000
[18:32:11.364] [SEVERE ] updating elapsed time to 50
[18:32:11.364] [SEVERE ] updating countdown to 59937
[18:32:11.364] [SEVERE ] updating countdown to 60000
[18:32:11.428] [SEVERE ] updating elapsed time to 50
[18:32:11.428] [SEVERE ] updating countdown to 59936
[18:32:11.428] [SEVERE ] updating countdown to 60000
[18:32:11.490] [SEVERE ] updating elapsed time to 50
[18:32:11.490] [SEVERE ] updating countdown to 59938
[18:32:11.490] [SEVERE ] updating countdown to 60000
[18:32:11.554] [SEVERE ] updating elapsed time to 50
[18:32:11.554] [SEVERE ] updating countdown to 59936
[18:32:11.555] [SEVERE ] updating countdown to 60000
[18:32:11.617] [SEVERE ] updating elapsed time to 50
[18:32:11.617] [SEVERE ] updating countdown to 59938
[18:32:11.617] [SEVERE ] updating countdown to 60000
[18:32:11.682] [SEVERE ] updating elapsed time to 50
[18:32:11.682] [SEVERE ] updating countdown to 59935
[18:32:11.682] [SEVERE ] updating countdown to 60000
[18:32:11.745] [SEVERE ] updating elapsed time to 50
[18:32:11.745] [SEVERE ] updating countdown to 59937
[18:32:11.745] [SEVERE ] updating countdown to 60000
[18:32:11.810] [SEVERE ] updating elapsed time to 50
[18:32:11.810] [SEVERE ] updating countdown to 59935
[18:32:11.810] [SEVERE ] updating countdown to 60000
[18:32:11.873] [SEVERE ] updating elapsed time to 50
[18:32:11.873] [SEVERE ] updating countdown to 59937
[18:32:11.873] [SEVERE ] updating countdown to 60000
[18:32:11.937] [SEVERE ] updating elapsed time to 50
[18:32:11.937] [SEVERE ] updating countdown to 59936
[18:32:11.937] [SEVERE ] updating countdown to 60000
[18:32:12.000] [SEVERE ] updating elapsed time to 50
[18:32:12.000] [SEVERE ] updating countdown to 59937
[18:32:12.000] [SEVERE ] updating countdown to 60000
[18:32:12.063] [SEVERE ] updating elapsed time to 50
[18:32:12.063] [SEVERE ] updating countdown to 59937
[18:32:12.063] [SEVERE ] updating countdown to 60000
[18:32:12.126] [SEVERE ] updating elapsed time to 50
[18:32:12.127] [SEVERE ] updating countdown to 59936
[18:32:12.127] [SEVERE ] updating countdown to 60000
[18:32:12.189] [SEVERE ] updating elapsed time to 50
[18:32:12.189] [SEVERE ] updating countdown to 59938
[18:32:12.189] [SEVERE ] updating countdown to 60000
[18:32:12.252] [SEVERE ] updating elapsed time to 50
[18:32:12.252] [SEVERE ] updating countdown to 59937
[18:32:12.252] [SEVERE ] updating countdown to 60000
[18:32:12.315] [SEVERE ] updating elapsed time to 50
[18:32:12.315] [SEVERE ] updating countdown to 59937
[18:32:12.316] [SEVERE ] updating countdown to 60000
[18:32:12.378] [SEVERE ] updating elapsed time to 50
[18:32:12.378] [SEVERE ] updating countdown to 59938
[18:32:12.378] [SEVERE ] updating countdown to 60000
[18:32:12.441] [SEVERE ] updating elapsed time to 50
[18:32:12.441] [SEVERE ] updating countdown to 59937
[18:32:12.441] [SEVERE ] updating countdown to 60000
[18:32:12.504] [SEVERE ] updating elapsed time to 50
[18:32:12.504] [SEVERE ] updating countdown to 59937
[18:32:12.504] [SEVERE ] updating countdown to 60000
[18:32:12.567] [SEVERE ] updating elapsed time to 50
[18:32:12.567] [SEVERE ] updating countdown to 59937
[18:32:12.567] [SEVERE ] updating countdown to 60000
[18:32:12.631] [SEVERE ] updating elapsed time to 50
[18:32:12.631] [SEVERE ] updating countdown to 59936
[18:32:12.631] [SEVERE ] updating countdown to 60000
[18:32:12.693] [SEVERE ] updating elapsed time to 50
[18:32:12.693] [SEVERE ] updating countdown to 59938
[18:32:12.693] [SEVERE ] updating countdown to 60000
[18:32:12.756] [SEVERE ] updating elapsed time to 50
[18:32:12.756] [SEVERE ] updating countdown to 59937
[18:32:12.756] [SEVERE ] updating countdown to 60000
[18:32:12.819] [SEVERE ] updating elapsed time to 50
[18:32:12.819] [SEVERE ] updating countdown to 59937
[18:32:12.819] [SEVERE ] updating countdown to 60000
[18:32:12.882] [SEVERE ] updating elapsed time to 50
[18:32:12.882] [SEVERE ] updating countdown to 59937
[18:32:12.882] [SEVERE ] updating countdown to 60000
[18:32:12.945] [SEVERE ] updating elapsed time to 50
[18:32:12.945] [SEVERE ] updating countdown to 59937
[18:32:12.945] [SEVERE ] updating countdown to 60000
[18:32:13.008] [SEVERE ] updating elapsed time to 50
[18:32:13.008] [SEVERE ] updating countdown to 59937
[18:32:13.008] [SEVERE ] updating countdown to 60000
[18:32:13.070] [SEVERE ] updating elapsed time to 50
[18:32:13.070] [SEVERE ] updating countdown to 59938
[18:32:13.070] [SEVERE ] updating countdown to 60000
[18:32:13.133] [SEVERE ] updating elapsed time to 50
[18:32:13.133] [SEVERE ] updating countdown to 59937
[18:32:13.133] [SEVERE ] updating countdown to 60000
[18:32:13.196] [SEVERE ] updating elapsed time to 50
[18:32:13.196] [SEVERE ] updating countdown to 59937
[18:32:13.196] [SEVERE ] updating countdown to 60000
[18:32:13.260] [SEVERE ] updating elapsed time to 50
[18:32:13.260] [SEVERE ] updating countdown to 59936
[18:32:13.260] [SEVERE ] updating countdown to 60000
[18:32:13.323] [SEVERE ] updating elapsed time to 50
[18:32:13.323] [SEVERE ] updating countdown to 59937
[18:32:13.323] [SEVERE ] updating countdown to 60000
[18:32:13.387] [SEVERE ] updating elapsed time to 50
[18:32:13.387] [SEVERE ] updating countdown to 59936
[18:32:13.387] [SEVERE ] updating countdown to 60000
[18:32:13.450] [SEVERE ] updating elapsed time to 50
[18:32:13.450] [SEVERE ] updating countdown to 59937
[18:32:13.450] [SEVERE ] updating countdown to 60000
[18:32:13.513] [SEVERE ] updating elapsed time to 50
[18:32:13.513] [SEVERE ] updating countdown to 59937
[18:32:13.513] [SEVERE ] updating countdown to 60000
[18:32:13.576] [SEVERE ] updating elapsed time to 50
[18:32:13.576] [SEVERE ] updating countdown to 59937
[18:32:13.576] [SEVERE ] updating countdown to 60000
[18:32:13.640] [SEVERE ] updating elapsed time to 50
[18:32:13.640] [SEVERE ] updating countdown to 59936
[18:32:13.640] [SEVERE ] updating countdown to 60000
[18:32:13.703] [SEVERE ] updating elapsed time to 50
[18:32:13.703] [SEVERE ] updating countdown to 59937
[18:32:13.703] [SEVERE ] updating countdown to 60000
[18:32:13.766] [SEVERE ] updating elapsed time to 50
[18:32:13.766] [SEVERE ] updating countdown to 59937
[18:32:13.766] [SEVERE ] updating countdown to 60000
[18:32:13.830] [SEVERE ] updating elapsed time to 50
[18:32:13.830] [SEVERE ] updating countdown to 59936
[18:32:13.830] [SEVERE ] updating countdown to 60000
[18:32:13.893] [SEVERE ] updating elapsed time to 50
[18:32:13.893] [SEVERE ] updating countdown to 59937
[18:32:13.893] [SEVERE ] updating countdown to 60000
[18:32:13.956] [SEVERE ] updating elapsed time to 50
[18:32:13.956] [SEVERE ] updating countdown to 59937
[18:32:13.956] [SEVERE ] updating countdown to 60000
[18:32:14.019] [SEVERE ] updating elapsed time to 50
[18:32:14.019] [SEVERE ] updating countdown to 59937
[18:32:14.019] [SEVERE ] updating countdown to 60000
[18:32:14.082] [SEVERE ] updating elapsed time to 50
[18:32:14.082] [SEVERE ] updating countdown to 59937
[18:32:14.082] [SEVERE ] updating countdown to 60000
[18:32:14.146] [SEVERE ] updating elapsed time to 50
[18:32:14.146] [SEVERE ] updating countdown to 59936
[18:32:14.146] [SEVERE ] updating countdown to 60000
[18:32:14.209] [SEVERE ] updating elapsed time to 50
[18:32:14.209] [SEVERE ] updating countdown to 59937
[18:32:14.209] [SEVERE ] updating countdown to 60000
[18:32:14.272] [SEVERE ] updating elapsed time to 50
[18:32:14.272] [SEVERE ] updating countdown to 59937
[18:32:14.272] [SEVERE ] updating countdown to 60000
[18:32:14.334] [SEVERE ] updating elapsed time to 50
[18:32:14.334] [SEVERE ] updating countdown to 59938
[18:32:14.334] [SEVERE ] updating countdown to 60000
[18:32:14.397] [SEVERE ] updating elapsed time to 50
[18:32:14.397] [SEVERE ] updating countdown to 59937
[18:32:14.397] [SEVERE ] updating countdown to 60000
[18:32:14.461] [SEVERE ] updating elapsed time to 50
[18:32:14.461] [SEVERE ] updating countdown to 59936
[18:32:14.461] [SEVERE ] updating countdown to 60000
[18:32:14.523] [SEVERE ] updating elapsed time to 50
[18:32:14.523] [SEVERE ] updating countdown to 59938
[18:32:14.523] [SEVERE ] updating countdown to 60000
[18:32:14.586] [SEVERE ] updating elapsed time to 50
[18:32:14.586] [SEVERE ] updating countdown to 59937
[18:32:14.586] [SEVERE ] updating countdown to 60000
[18:32:14.648] [SEVERE ] updating elapsed time to 50
[18:32:14.648] [SEVERE ] updating countdown to 59938
[18:32:14.648] [SEVERE ] updating countdown to 60000
[18:32:14.712] [SEVERE ] updating elapsed time to 50
[18:32:14.712] [SEVERE ] updating countdown to 59936
[18:32:14.712] [SEVERE ] updating countdown to 60000
[18:32:14.774] [SEVERE ] updating elapsed time to 50
[18:32:14.774] [SEVERE ] updating countdown to 59938
[18:32:14.774] [SEVERE ] updating countdown to 60000
[18:32:14.837] [SEVERE ] updating elapsed time to 50
[18:32:14.837] [SEVERE ] updating countdown to 59937
[18:32:14.837] [SEVERE ] updating countdown to 60000
[18:32:14.900] [SEVERE ] updating elapsed time to 50
[18:32:14.900] [SEVERE ] updating countdown to 59937
[18:32:14.900] [SEVERE ] updating countdown to 60000
[18:32:14.965] [SEVERE ] updating elapsed time to 50
[18:32:14.965] [SEVERE ] updating countdown to 59935
[18:32:14.965] [SEVERE ] updating countdown to 60000
[18:32:15.028] [SEVERE ] updating elapsed time to 50
[18:32:15.028] [SEVERE ] updating countdown to 59937
[18:32:15.028] [SEVERE ] updating countdown to 60000
[18:32:15.090] [SEVERE ] updating elapsed time to 50
[18:32:15.090] [SEVERE ] updating countdown to 59938
[18:32:15.090] [SEVERE ] updating countdown to 60000
[18:32:15.153] [SEVERE ] updating elapsed time to 50
[18:32:15.153] [SEVERE ] updating countdown to 59937
[18:32:15.153] [SEVERE ] updating countdown to 60000
[18:32:15.216] [SEVERE ] updating elapsed time to 50
[18:32:15.216] [SEVERE ] updating countdown to 59937
[18:32:15.216] [SEVERE ] updating countdown to 60000
[18:32:15.280] [SEVERE ] updating elapsed time to 50
[18:32:15.280] [SEVERE ] updating countdown to 59936
[18:32:15.280] [SEVERE ] updating countdown to 60000
[18:32:15.343] [SEVERE ] updating elapsed time to 50
[18:32:15.343] [SEVERE ] updating countdown to 59937
[18:32:15.343] [SEVERE ] updating countdown to 60000
[18:32:15.405] [SEVERE ] updating elapsed time to 50
[18:32:15.405] [SEVERE ] updating countdown to 59938
[18:32:15.405] [SEVERE ] updating countdown to 60000
[18:32:15.454] [SEVERE ] exit button pressed
[18:32:15.469] [SEVERE ] updating elapsed time to 50
[18:32:15.469] [SEVERE ] updating countdown to 59936
[18:32:15.469] [SEVERE ] updating countdown to 60000
[18:32:15.469] [SEVERE ] updating countdown to 60000
[18:32:15.579] [SEVERE ] removing card from slot 0
[18:32:15.689] [SEVERE ] removing card from slot 1
[18:32:15.793] [SEVERE ] removing card from slot 2
[18:32:15.894] [SEVERE ] removing card from slot 3
[18:32:16.007] [SEVERE ] removing card from slot 4
[18:32:16.118] [SEVERE ] removing card from slot 5
[18:32:16.229] [SEVERE ] removing card from slot 6
[18:32:16.339] [SEVERE ] removing card from slot 7
[18:32:16.449] [SEVERE ] removing card from slot 8
[18:32:16.559] [SEVERE ] removing card from slot 9
[18:32:16.660] [SEVERE ] removing card from slot 10
[18:32:16.775] [SEVERE ] removing card from slot 11
[18:32:16.784] [INFO   ] thread dealer terminated.
[18:32:16.784] [SEVERE ] thanks for playing... it was fun!
[18:32:16.784] [INFO   ] thread bguspl.set.Main.main() terminated.
