[18:32:27.504] [INFO   ] thread bguspl.set.Main.main() starting.
[18:32:27.519] [SEVERE ] cannot read configuration file config.properties trying from resources.
[18:32:27.519] [SEVERE ] configuration file was loaded from resources directory.
[18:32:29.392] [INFO   ] thread dealer starting.
[18:32:29.392] [INFO   ] thread dealer starting.
[18:32:29.527] [SEVERE ] placing card 0 in slot 0
[18:32:29.632] [SEVERE ] placing card 1 in slot 1
[18:32:29.744] [SEVERE ] placing card 2 in slot 2
[18:32:29.857] [SEVERE ] placing card 3 in slot 3
[18:32:29.961] [SEVERE ] placing card 4 in slot 4
[18:32:30.074] [SEVERE ] placing card 5 in slot 5
[18:32:30.178] [SEVERE ] placing card 6 in slot 6
[18:32:30.291] [SEVERE ] placing card 7 in slot 7
[18:32:30.405] [SEVERE ] placing card 8 in slot 8
[18:32:30.515] [SEVERE ] placing card 9 in slot 9
[18:32:30.625] [SEVERE ] placing card 10 in slot 10
[18:32:30.736] [SEVERE ] placing card 11 in slot 11
[18:32:30.736] [SEVERE ] updating countdown to 60000
[18:32:30.799] [SEVERE ] updating elapsed time to 50
[18:32:30.799] [SEVERE ] updating countdown to 59937
[18:32:30.799] [SEVERE ] updating countdown to 60000
[18:32:30.862] [SEVERE ] updating elapsed time to 50
[18:32:30.863] [SEVERE ] updating countdown to 59936
[18:32:30.863] [SEVERE ] updating countdown to 60000
[18:32:30.925] [SEVERE ] updating elapsed time to 50
[18:32:30.925] [SEVERE ] updating countdown to 59938
[18:32:30.925] [SEVERE ] updating countdown to 60000
[18:32:30.989] [SEVERE ] updating elapsed time to 50
[18:32:30.989] [SEVERE ] updating countdown to 59936
[18:32:30.989] [SEVERE ] updating countdown to 60000
[18:32:31.052] [SEVERE ] updating elapsed time to 50
[18:32:31.052] [SEVERE ] updating countdown to 59937
[18:32:31.052] [SEVERE ] updating countdown to 60000
[18:32:31.115] [SEVERE ] updating elapsed time to 50
[18:32:31.115] [SEVERE ] updating countdown to 59937
[18:32:31.115] [SEVERE ] updating countdown to 60000
[18:32:31.178] [SEVERE ] updating elapsed time to 50
[18:32:31.178] [SEVERE ] updating countdown to 59937
[18:32:31.178] [SEVERE ] updating countdown to 60000
[18:32:31.241] [SEVERE ] updating elapsed time to 50
[18:32:31.242] [SEVERE ] updating countdown to 59936
[18:32:31.242] [SEVERE ] updating countdown to 60000
[18:32:31.305] [SEVERE ] updating elapsed time to 50
[18:32:31.305] [SEVERE ] updating countdown to 59937
[18:32:31.305] [SEVERE ] updating countdown to 60000
[18:32:31.368] [SEVERE ] updating elapsed time to 50
[18:32:31.368] [SEVERE ] updating countdown to 59937
[18:32:31.368] [SEVERE ] updating countdown to 60000
[18:32:31.431] [SEVERE ] updating elapsed time to 50
[18:32:31.431] [SEVERE ] updating countdown to 59937
[18:32:31.431] [SEVERE ] updating countdown to 60000
[18:32:31.494] [SEVERE ] updating elapsed time to 50
[18:32:31.494] [SEVERE ] updating countdown to 59937
[18:32:31.494] [SEVERE ] updating countdown to 60000
[18:32:31.557] [SEVERE ] updating elapsed time to 50
[18:32:31.557] [SEVERE ] updating countdown to 59937
[18:32:31.557] [SEVERE ] updating countdown to 60000
[18:32:31.620] [SEVERE ] updating elapsed time to 50
[18:32:31.620] [SEVERE ] updating countdown to 59937
[18:32:31.620] [SEVERE ] updating countdown to 60000
[18:32:31.683] [SEVERE ] updating elapsed time to 50
[18:32:31.683] [SEVERE ] updating countdown to 59937
[18:32:31.683] [SEVERE ] updating countdown to 60000
[18:32:31.746] [SEVERE ] updating elapsed time to 50
[18:32:31.746] [SEVERE ] updating countdown to 59937
[18:32:31.746] [SEVERE ] updating countdown to 60000
[18:32:31.810] [SEVERE ] updating elapsed time to 50
[18:32:31.810] [SEVERE ] updating countdown to 59936
[18:32:31.810] [SEVERE ] updating countdown to 60000
[18:32:31.873] [SEVERE ] updating elapsed time to 50
[18:32:31.873] [SEVERE ] updating countdown to 59937
[18:32:31.873] [SEVERE ] updating countdown to 60000
[18:32:31.937] [SEVERE ] updating elapsed time to 50
[18:32:31.937] [SEVERE ] updating countdown to 59936
[18:32:31.937] [SEVERE ] updating countdown to 60000
[18:32:32.000] [SEVERE ] updating elapsed time to 50
[18:32:32.000] [SEVERE ] updating countdown to 59937
[18:32:32.000] [SEVERE ] updating countdown to 60000
[18:32:32.064] [SEVERE ] updating elapsed time to 50
[18:32:32.064] [SEVERE ] updating countdown to 59936
[18:32:32.064] [SEVERE ] updating countdown to 60000
[18:32:32.127] [SEVERE ] updating elapsed time to 50
[18:32:32.127] [SEVERE ] updating countdown to 59937
[18:32:32.128] [SEVERE ] updating countdown to 60000
[18:32:32.190] [SEVERE ] updating elapsed time to 50
[18:32:32.190] [SEVERE ] updating countdown to 59938
[18:32:32.190] [SEVERE ] updating countdown to 60000
[18:32:32.253] [SEVERE ] updating elapsed time to 50
[18:32:32.253] [SEVERE ] updating countdown to 59937
[18:32:32.253] [SEVERE ] updating countdown to 60000
[18:32:32.316] [SEVERE ] updating elapsed time to 50
[18:32:32.316] [SEVERE ] updating countdown to 59937
[18:32:32.316] [SEVERE ] updating countdown to 60000
[18:32:32.379] [SEVERE ] updating elapsed time to 50
[18:32:32.379] [SEVERE ] updating countdown to 59937
[18:32:32.379] [SEVERE ] updating countdown to 60000
[18:32:32.442] [SEVERE ] updating elapsed time to 50
[18:32:32.444] [SEVERE ] updating countdown to 59936
[18:32:32.444] [SEVERE ] updating countdown to 60000
[18:32:32.506] [SEVERE ] updating elapsed time to 50
[18:32:32.506] [SEVERE ] updating countdown to 59938
[18:32:32.506] [SEVERE ] updating countdown to 60000
[18:32:32.569] [SEVERE ] updating elapsed time to 50
[18:32:32.569] [SEVERE ] updating countdown to 59937
[18:32:32.569] [SEVERE ] updating countdown to 60000
[18:32:32.632] [SEVERE ] updating elapsed time to 50
[18:32:32.632] [SEVERE ] updating countdown to 59937
[18:32:32.632] [SEVERE ] updating countdown to 60000
[18:32:32.695] [SEVERE ] updating elapsed time to 50
[18:32:32.696] [SEVERE ] updating countdown to 59936
[18:32:32.696] [SEVERE ] updating countdown to 60000
[18:32:32.759] [SEVERE ] updating elapsed time to 50
[18:32:32.760] [SEVERE ] updating countdown to 59936
[18:32:32.760] [SEVERE ] updating countdown to 60000
[18:32:32.822] [SEVERE ] updating elapsed time to 50
[18:32:32.822] [SEVERE ] updating countdown to 59938
[18:32:32.822] [SEVERE ] updating countdown to 60000
[18:32:32.885] [SEVERE ] updating elapsed time to 50
[18:32:32.885] [SEVERE ] updating countdown to 59937
[18:32:32.885] [SEVERE ] updating countdown to 60000
[18:32:32.948] [SEVERE ] updating elapsed time to 50
[18:32:32.948] [SEVERE ] updating countdown to 59937
[18:32:32.948] [SEVERE ] updating countdown to 60000
[18:32:33.010] [SEVERE ] updating elapsed time to 50
[18:32:33.011] [SEVERE ] updating countdown to 59937
[18:32:33.011] [SEVERE ] updating countdown to 60000
[18:32:33.074] [SEVERE ] updating elapsed time to 50
[18:32:33.074] [SEVERE ] updating countdown to 59937
[18:32:33.074] [SEVERE ] updating countdown to 60000
[18:32:33.138] [SEVERE ] updating elapsed time to 50
[18:32:33.138] [SEVERE ] updating countdown to 59936
[18:32:33.138] [SEVERE ] updating countdown to 60000
[18:32:33.201] [SEVERE ] updating elapsed time to 50
[18:32:33.201] [SEVERE ] updating countdown to 59937
[18:32:33.201] [SEVERE ] updating countdown to 60000
[18:32:33.264] [SEVERE ] updating elapsed time to 50
[18:32:33.264] [SEVERE ] updating countdown to 59937
[18:32:33.264] [SEVERE ] updating countdown to 60000
[18:32:33.327] [SEVERE ] updating elapsed time to 50
[18:32:33.327] [SEVERE ] updating countdown to 59937
[18:32:33.327] [SEVERE ] updating countdown to 60000
[18:32:33.389] [SEVERE ] updating elapsed time to 50
[18:32:33.390] [SEVERE ] updating countdown to 59937
[18:32:33.390] [SEVERE ] updating countdown to 60000
[18:32:33.453] [SEVERE ] updating elapsed time to 50
[18:32:33.453] [SEVERE ] updating countdown to 59937
[18:32:33.454] [SEVERE ] updating countdown to 60000
[18:32:33.516] [SEVERE ] updating elapsed time to 50
[18:32:33.516] [SEVERE ] updating countdown to 59938
[18:32:33.516] [SEVERE ] updating countdown to 60000
[18:32:33.579] [SEVERE ] updating elapsed time to 50
[18:32:33.579] [SEVERE ] updating countdown to 59937
[18:32:33.579] [SEVERE ] updating countdown to 60000
[18:32:33.642] [SEVERE ] updating elapsed time to 50
[18:32:33.642] [SEVERE ] updating countdown to 59937
[18:32:33.642] [SEVERE ] updating countdown to 60000
[18:32:33.705] [SEVERE ] updating elapsed time to 50
[18:32:33.705] [SEVERE ] updating countdown to 59937
[18:32:33.705] [SEVERE ] updating countdown to 60000
[18:32:33.768] [SEVERE ] updating elapsed time to 50
[18:32:33.768] [SEVERE ] updating countdown to 59937
[18:32:33.768] [SEVERE ] updating countdown to 60000
[18:32:33.831] [SEVERE ] updating elapsed time to 50
[18:32:33.831] [SEVERE ] updating countdown to 59937
[18:32:33.831] [SEVERE ] updating countdown to 60000
[18:32:33.894] [SEVERE ] updating elapsed time to 50
[18:32:33.894] [SEVERE ] updating countdown to 59937
[18:32:33.894] [SEVERE ] updating countdown to 60000
[18:32:33.957] [SEVERE ] updating elapsed time to 50
[18:32:33.957] [SEVERE ] updating countdown to 59937
[18:32:33.957] [SEVERE ] updating countdown to 60000
[18:32:34.020] [SEVERE ] updating elapsed time to 50
[18:32:34.021] [SEVERE ] updating countdown to 59936
[18:32:34.021] [SEVERE ] updating countdown to 60000
[18:32:34.083] [SEVERE ] updating elapsed time to 50
[18:32:34.083] [SEVERE ] updating countdown to 59938
[18:32:34.083] [SEVERE ] updating countdown to 60000
[18:32:34.146] [SEVERE ] updating elapsed time to 50
[18:32:34.146] [SEVERE ] updating countdown to 59937
[18:32:34.146] [SEVERE ] updating countdown to 60000
[18:32:34.209] [SEVERE ] updating elapsed time to 50
[18:32:34.209] [SEVERE ] updating countdown to 59937
[18:32:34.209] [SEVERE ] updating countdown to 60000
[18:32:34.272] [SEVERE ] updating elapsed time to 50
[18:32:34.273] [SEVERE ] updating countdown to 59936
[18:32:34.273] [SEVERE ] updating countdown to 60000
[18:32:34.335] [SEVERE ] updating elapsed time to 50
[18:32:34.335] [SEVERE ] updating countdown to 59938
[18:32:34.335] [SEVERE ] updating countdown to 60000
[18:32:34.398] [SEVERE ] updating elapsed time to 50
[18:32:34.398] [SEVERE ] updating countdown to 59937
[18:32:34.398] [SEVERE ] updating countdown to 60000
[18:32:34.461] [SEVERE ] updating elapsed time to 50
[18:32:34.461] [SEVERE ] updating countdown to 59937
[18:32:34.462] [SEVERE ] updating countdown to 60000
[18:32:34.524] [SEVERE ] updating elapsed time to 50
[18:32:34.524] [SEVERE ] updating countdown to 59938
[18:32:34.524] [SEVERE ] updating countdown to 60000
[18:32:34.587] [SEVERE ] updating elapsed time to 50
[18:32:34.587] [SEVERE ] updating countdown to 59937
[18:32:34.587] [SEVERE ] updating countdown to 60000
[18:32:34.650] [SEVERE ] updating elapsed time to 50
[18:32:34.650] [SEVERE ] updating countdown to 59937
[18:32:34.651] [SEVERE ] updating countdown to 60000
[18:32:34.714] [SEVERE ] updating elapsed time to 50
[18:32:34.714] [SEVERE ] updating countdown to 59937
[18:32:34.714] [SEVERE ] updating countdown to 60000
[18:32:34.777] [SEVERE ] updating elapsed time to 50
[18:32:34.777] [SEVERE ] updating countdown to 59937
[18:32:34.777] [SEVERE ] updating countdown to 60000
[18:32:34.840] [SEVERE ] updating elapsed time to 50
[18:32:34.840] [SEVERE ] updating countdown to 59937
[18:32:34.840] [SEVERE ] updating countdown to 60000
[18:32:34.903] [SEVERE ] updating elapsed time to 50
[18:32:34.903] [SEVERE ] updating countdown to 59937
[18:32:34.903] [SEVERE ] updating countdown to 60000
[18:32:34.966] [SEVERE ] updating elapsed time to 50
[18:32:34.966] [SEVERE ] updating countdown to 59937
[18:32:34.966] [SEVERE ] updating countdown to 60000
[18:32:35.029] [SEVERE ] updating elapsed time to 50
[18:32:35.030] [SEVERE ] updating countdown to 59936
[18:32:35.030] [SEVERE ] updating countdown to 60000
[18:32:35.093] [SEVERE ] updating elapsed time to 50
[18:32:35.093] [SEVERE ] updating countdown to 59937
[18:32:35.093] [SEVERE ] updating countdown to 60000
[18:32:35.156] [SEVERE ] updating elapsed time to 50
[18:32:35.159] [SEVERE ] updating countdown to 59934
[18:32:35.159] [SEVERE ] updating countdown to 60000
[18:32:35.221] [SEVERE ] updating elapsed time to 50
[18:32:35.222] [SEVERE ] updating countdown to 59937
[18:32:35.222] [SEVERE ] updating countdown to 60000
[18:32:35.284] [SEVERE ] updating elapsed time to 50
[18:32:35.285] [SEVERE ] updating countdown to 59937
[18:32:35.285] [SEVERE ] updating countdown to 60000
[18:32:35.348] [SEVERE ] updating elapsed time to 50
[18:32:35.348] [SEVERE ] updating countdown to 59937
[18:32:35.348] [SEVERE ] updating countdown to 60000
[18:32:35.411] [SEVERE ] updating elapsed time to 50
[18:32:35.411] [SEVERE ] updating countdown to 59937
[18:32:35.411] [SEVERE ] updating countdown to 60000
[18:32:35.463] [SEVERE ] updating elapsed time to 50
[18:32:35.463] [SEVERE ] updating countdown to 59948
[18:32:35.463] [SEVERE ] updating countdown to 60000
[18:32:35.524] [SEVERE ] updating elapsed time to 50
[18:32:35.524] [SEVERE ] updating countdown to 59939
[18:32:35.524] [SEVERE ] updating countdown to 60000
[18:32:35.576] [SEVERE ] updating elapsed time to 50
[18:32:35.577] [SEVERE ] updating countdown to 59947
[18:32:35.577] [SEVERE ] updating countdown to 60000
[18:32:35.639] [SEVERE ] updating elapsed time to 50
[18:32:35.639] [SEVERE ] updating countdown to 59938
[18:32:35.639] [SEVERE ] updating countdown to 60000
[18:32:35.705] [SEVERE ] updating elapsed time to 50
[18:32:35.706] [SEVERE ] updating countdown to 59933
[18:32:35.706] [SEVERE ] updating countdown to 60000
[18:32:35.772] [SEVERE ] updating elapsed time to 50
[18:32:35.772] [SEVERE ] updating countdown to 59934
[18:32:35.772] [SEVERE ] updating countdown to 60000
[18:32:35.823] [SEVERE ] updating elapsed time to 50
[18:32:35.823] [SEVERE ] updating countdown to 59949
[18:32:35.823] [SEVERE ] updating countdown to 60000
[18:32:35.874] [SEVERE ] updating elapsed time to 50
[18:32:35.874] [SEVERE ] updating countdown to 59949
[18:32:35.874] [SEVERE ] updating countdown to 60000
[18:32:35.939] [SEVERE ] updating elapsed time to 50
[18:32:35.939] [SEVERE ] updating countdown to 59935
[18:32:35.939] [SEVERE ] updating countdown to 60000
[18:32:35.991] [SEVERE ] updating elapsed time to 50
[18:32:35.991] [SEVERE ] updating countdown to 59948
[18:32:35.991] [SEVERE ] updating countdown to 60000
[18:32:36.054] [SEVERE ] updating elapsed time to 50
[18:32:36.054] [SEVERE ] updating countdown to 59937
[18:32:36.054] [SEVERE ] updating countdown to 60000
[18:32:36.118] [SEVERE ] updating elapsed time to 50
[18:32:36.118] [SEVERE ] updating countdown to 59936
[18:32:36.118] [SEVERE ] updating countdown to 60000
[18:32:36.181] [SEVERE ] updating elapsed time to 50
[18:32:36.181] [SEVERE ] updating countdown to 59937
[18:32:36.181] [SEVERE ] updating countdown to 60000
[18:32:36.244] [SEVERE ] updating elapsed time to 50
[18:32:36.244] [SEVERE ] updating countdown to 59937
[18:32:36.245] [SEVERE ] updating countdown to 60000
[18:32:36.307] [SEVERE ] updating elapsed time to 50
[18:32:36.307] [SEVERE ] updating countdown to 59938
[18:32:36.307] [SEVERE ] updating countdown to 60000
[18:32:36.370] [SEVERE ] updating elapsed time to 50
[18:32:36.370] [SEVERE ] updating countdown to 59937
[18:32:36.370] [SEVERE ] updating countdown to 60000
[18:32:36.434] [SEVERE ] updating elapsed time to 50
[18:32:36.434] [SEVERE ] updating countdown to 59936
[18:32:36.434] [SEVERE ] updating countdown to 60000
[18:32:36.497] [SEVERE ] updating elapsed time to 50
[18:32:36.498] [SEVERE ] updating countdown to 59936
[18:32:36.498] [SEVERE ] updating countdown to 60000
[18:32:36.561] [SEVERE ] updating elapsed time to 50
[18:32:36.561] [SEVERE ] updating countdown to 59937
[18:32:36.561] [SEVERE ] updating countdown to 60000
[18:32:36.623] [SEVERE ] updating elapsed time to 50
[18:32:36.623] [SEVERE ] updating countdown to 59938
[18:32:36.623] [SEVERE ] updating countdown to 60000
[18:32:36.686] [SEVERE ] updating elapsed time to 50
[18:32:36.686] [SEVERE ] updating countdown to 59937
[18:32:36.686] [SEVERE ] updating countdown to 60000
[18:32:36.749] [SEVERE ] updating elapsed time to 50
[18:32:36.749] [SEVERE ] updating countdown to 59937
[18:32:36.749] [SEVERE ] updating countdown to 60000
[18:32:36.813] [SEVERE ] updating elapsed time to 50
[18:32:36.813] [SEVERE ] updating countdown to 59936
[18:32:36.813] [SEVERE ] updating countdown to 60000
[18:32:36.876] [SEVERE ] updating elapsed time to 50
[18:32:36.876] [SEVERE ] updating countdown to 59937
[18:32:36.876] [SEVERE ] updating countdown to 60000
[18:32:36.938] [SEVERE ] updating elapsed time to 50
[18:32:36.938] [SEVERE ] updating countdown to 59938
[18:32:36.938] [SEVERE ] updating countdown to 60000
[18:32:37.001] [SEVERE ] updating elapsed time to 50
[18:32:37.001] [SEVERE ] updating countdown to 59937
[18:32:37.001] [SEVERE ] updating countdown to 60000
[18:32:37.065] [SEVERE ] updating elapsed time to 50
[18:32:37.065] [SEVERE ] updating countdown to 59936
[18:32:37.065] [SEVERE ] updating countdown to 60000
[18:32:37.128] [SEVERE ] updating elapsed time to 50
[18:32:37.128] [SEVERE ] updating countdown to 59937
[18:32:37.128] [SEVERE ] updating countdown to 60000
[18:32:37.192] [SEVERE ] updating elapsed time to 50
[18:32:37.192] [SEVERE ] updating countdown to 59936
[18:32:37.192] [SEVERE ] updating countdown to 60000
[18:32:37.254] [SEVERE ] updating elapsed time to 50
[18:32:37.254] [SEVERE ] updating countdown to 59938
[18:32:37.254] [SEVERE ] updating countdown to 60000
[18:32:37.318] [SEVERE ] updating elapsed time to 50
[18:32:37.318] [SEVERE ] updating countdown to 59936
[18:32:37.319] [SEVERE ] updating countdown to 60000
[18:32:37.381] [SEVERE ] updating elapsed time to 50
[18:32:37.381] [SEVERE ] updating countdown to 59938
[18:32:37.381] [SEVERE ] updating countdown to 60000
[18:32:37.445] [SEVERE ] updating elapsed time to 50
[18:32:37.445] [SEVERE ] updating countdown to 59936
[18:32:37.445] [SEVERE ] updating countdown to 60000
[18:32:37.508] [SEVERE ] updating elapsed time to 50
[18:32:37.508] [SEVERE ] updating countdown to 59937
[18:32:37.508] [SEVERE ] updating countdown to 60000
[18:32:37.571] [SEVERE ] updating elapsed time to 50
[18:32:37.571] [SEVERE ] updating countdown to 59937
[18:32:37.571] [SEVERE ] updating countdown to 60000
[18:32:37.635] [SEVERE ] updating elapsed time to 50
[18:32:37.635] [SEVERE ] updating countdown to 59936
[18:32:37.635] [SEVERE ] updating countdown to 60000
[18:32:37.698] [SEVERE ] updating elapsed time to 50
[18:32:37.698] [SEVERE ] updating countdown to 59937
[18:32:37.698] [SEVERE ] updating countdown to 60000
[18:32:37.761] [SEVERE ] updating elapsed time to 50
[18:32:37.761] [SEVERE ] updating countdown to 59937
[18:32:37.761] [SEVERE ] updating countdown to 60000
[18:32:37.824] [SEVERE ] updating elapsed time to 50
[18:32:37.824] [SEVERE ] updating countdown to 59937
[18:32:37.825] [SEVERE ] updating countdown to 60000
[18:32:37.887] [SEVERE ] updating elapsed time to 50
[18:32:37.887] [SEVERE ] updating countdown to 59938
[18:32:37.887] [SEVERE ] updating countdown to 60000
[18:32:37.950] [SEVERE ] updating elapsed time to 50
[18:32:37.950] [SEVERE ] updating countdown to 59937
[18:32:37.950] [SEVERE ] updating countdown to 60000
[18:32:38.013] [SEVERE ] updating elapsed time to 50
[18:32:38.013] [SEVERE ] updating countdown to 59937
[18:32:38.013] [SEVERE ] updating countdown to 60000
[18:32:38.076] [SEVERE ] updating elapsed time to 50
[18:32:38.077] [SEVERE ] updating countdown to 59936
[18:32:38.077] [SEVERE ] updating countdown to 60000
[18:32:38.139] [SEVERE ] updating elapsed time to 50
[18:32:38.139] [SEVERE ] updating countdown to 59938
[18:32:38.140] [SEVERE ] updating countdown to 60000
[18:32:38.203] [SEVERE ] updating elapsed time to 50
[18:32:38.203] [SEVERE ] updating countdown to 59937
[18:32:38.203] [SEVERE ] updating countdown to 60000
[18:32:38.266] [SEVERE ] updating elapsed time to 50
[18:32:38.266] [SEVERE ] updating countdown to 59937
[18:32:38.266] [SEVERE ] updating countdown to 60000
[18:32:38.328] [SEVERE ] updating elapsed time to 50
[18:32:38.328] [SEVERE ] updating countdown to 59938
[18:32:38.329] [SEVERE ] updating countdown to 60000
[18:32:38.391] [SEVERE ] updating elapsed time to 50
[18:32:38.391] [SEVERE ] updating countdown to 59938
[18:32:38.391] [SEVERE ] updating countdown to 60000
[18:32:38.453] [SEVERE ] updating elapsed time to 50
[18:32:38.453] [SEVERE ] updating countdown to 59938
[18:32:38.453] [SEVERE ] updating countdown to 60000
[18:32:38.517] [SEVERE ] updating elapsed time to 50
[18:32:38.518] [SEVERE ] updating countdown to 59936
[18:32:38.518] [SEVERE ] updating countdown to 60000
[18:32:38.580] [SEVERE ] updating elapsed time to 50
[18:32:38.580] [SEVERE ] updating countdown to 59938
[18:32:38.580] [SEVERE ] updating countdown to 60000
[18:32:38.643] [SEVERE ] updating elapsed time to 50
[18:32:38.643] [SEVERE ] updating countdown to 59937
[18:32:38.643] [SEVERE ] updating countdown to 60000
[18:32:38.706] [SEVERE ] updating elapsed time to 50
[18:32:38.706] [SEVERE ] updating countdown to 59937
[18:32:38.706] [SEVERE ] updating countdown to 60000
[18:32:38.770] [SEVERE ] updating elapsed time to 50
[18:32:38.770] [SEVERE ] updating countdown to 59936
[18:32:38.770] [SEVERE ] updating countdown to 60000
[18:32:38.833] [SEVERE ] updating elapsed time to 50
[18:32:38.833] [SEVERE ] updating countdown to 59937
[18:32:38.833] [SEVERE ] updating countdown to 60000
[18:32:38.896] [SEVERE ] updating elapsed time to 50
[18:32:38.896] [SEVERE ] updating countdown to 59937
[18:32:38.896] [SEVERE ] updating countdown to 60000
[18:32:38.960] [SEVERE ] updating elapsed time to 50
[18:32:38.960] [SEVERE ] updating countdown to 59936
[18:32:38.960] [SEVERE ] updating countdown to 60000
[18:32:39.023] [SEVERE ] updating elapsed time to 50
[18:32:39.023] [SEVERE ] updating countdown to 59937
[18:32:39.023] [SEVERE ] updating countdown to 60000
[18:32:39.086] [SEVERE ] updating elapsed time to 50
[18:32:39.086] [SEVERE ] updating countdown to 59937
[18:32:39.086] [SEVERE ] updating countdown to 60000
[18:32:39.149] [SEVERE ] updating elapsed time to 50
[18:32:39.149] [SEVERE ] updating countdown to 59937
[18:32:39.149] [SEVERE ] updating countdown to 60000
[18:32:39.213] [SEVERE ] updating elapsed time to 50
[18:32:39.213] [SEVERE ] updating countdown to 59936
[18:32:39.213] [SEVERE ] updating countdown to 60000
[18:32:39.276] [SEVERE ] updating elapsed time to 50
[18:32:39.276] [SEVERE ] updating countdown to 59937
[18:32:39.276] [SEVERE ] updating countdown to 60000
[18:32:39.338] [SEVERE ] updating elapsed time to 50
[18:32:39.338] [SEVERE ] updating countdown to 59938
[18:32:39.339] [SEVERE ] updating countdown to 60000
[18:32:39.402] [SEVERE ] updating elapsed time to 50
[18:32:39.402] [SEVERE ] updating countdown to 59937
[18:32:39.403] [SEVERE ] updating countdown to 60000
[18:32:39.465] [SEVERE ] updating elapsed time to 50
[18:32:39.465] [SEVERE ] updating countdown to 59938
[18:32:39.466] [SEVERE ] updating countdown to 60000
[18:32:39.512] [SEVERE ] key 75 was pressed by player 2
[18:32:39.528] [SEVERE ] updating elapsed time to 50
[18:32:39.528] [SEVERE ] updating countdown to 59938
[18:32:39.528] [SEVERE ] updating countdown to 60000
[18:32:39.591] [SEVERE ] updating elapsed time to 50
[18:32:39.591] [SEVERE ] updating countdown to 59937
[18:32:39.591] [SEVERE ] updating countdown to 60000
[18:32:39.654] [SEVERE ] updating elapsed time to 50
[18:32:39.654] [SEVERE ] updating countdown to 59937
[18:32:39.655] [SEVERE ] updating countdown to 60000
[18:32:39.717] [SEVERE ] updating elapsed time to 50
[18:32:39.717] [SEVERE ] updating countdown to 59938
[18:32:39.718] [SEVERE ] updating countdown to 60000
[18:32:39.780] [SEVERE ] updating elapsed time to 50
[18:32:39.780] [SEVERE ] updating countdown to 59938
[18:32:39.781] [SEVERE ] updating countdown to 60000
[18:32:39.843] [SEVERE ] updating elapsed time to 50
[18:32:39.843] [SEVERE ] updating countdown to 59938
[18:32:39.843] [SEVERE ] updating countdown to 60000
[18:32:39.906] [SEVERE ] updating elapsed time to 50
[18:32:39.906] [SEVERE ] updating countdown to 59937
[18:32:39.907] [SEVERE ] updating countdown to 60000
[18:32:39.970] [SEVERE ] updating elapsed time to 50
[18:32:39.970] [SEVERE ] updating countdown to 59937
[18:32:39.970] [SEVERE ] updating countdown to 60000
[18:32:40.033] [SEVERE ] updating elapsed time to 50
[18:32:40.033] [SEVERE ] updating countdown to 59937
[18:32:40.033] [SEVERE ] updating countdown to 60000
[18:32:40.095] [SEVERE ] updating elapsed time to 50
[18:32:40.095] [SEVERE ] updating countdown to 59938
[18:32:40.096] [SEVERE ] updating countdown to 60000
[18:32:40.159] [SEVERE ] updating elapsed time to 50
[18:32:40.159] [SEVERE ] updating countdown to 59937
[18:32:40.159] [SEVERE ] updating countdown to 60000
[18:32:40.222] [SEVERE ] updating elapsed time to 50
[18:32:40.222] [SEVERE ] updating countdown to 59937
[18:32:40.222] [SEVERE ] updating countdown to 60000
[18:32:40.285] [SEVERE ] updating elapsed time to 50
[18:32:40.285] [SEVERE ] updating countdown to 59937
[18:32:40.285] [SEVERE ] updating countdown to 60000
[18:32:40.285] [SEVERE ] key 75 was pressed by player 2
[18:32:40.348] [SEVERE ] updating elapsed time to 50
[18:32:40.348] [SEVERE ] updating countdown to 59937
[18:32:40.348] [SEVERE ] updating countdown to 60000
[18:32:40.411] [SEVERE ] updating elapsed time to 50
[18:32:40.411] [SEVERE ] updating countdown to 59937
[18:32:40.411] [SEVERE ] updating countdown to 60000
[18:32:40.473] [SEVERE ] updating elapsed time to 50
[18:32:40.473] [SEVERE ] updating countdown to 59938
[18:32:40.473] [SEVERE ] updating countdown to 60000
[18:32:40.536] [SEVERE ] updating elapsed time to 50
[18:32:40.536] [SEVERE ] updating countdown to 59937
[18:32:40.536] [SEVERE ] updating countdown to 60000
[18:32:40.536] [SEVERE ] key 75 was pressed by player 2
[18:32:40.599] [SEVERE ] updating elapsed time to 50
[18:32:40.600] [SEVERE ] updating countdown to 59936
[18:32:40.600] [SEVERE ] updating countdown to 60000
[18:32:40.662] [SEVERE ] updating elapsed time to 50
[18:32:40.662] [SEVERE ] updating countdown to 59938
[18:32:40.663] [SEVERE ] updating countdown to 60000
[18:32:40.725] [SEVERE ] updating elapsed time to 50
[18:32:40.726] [SEVERE ] updating countdown to 59937
[18:32:40.726] [SEVERE ] updating countdown to 60000
[18:32:40.741] [SEVERE ] key 79 was pressed by player 2
[18:32:40.788] [SEVERE ] updating elapsed time to 50
[18:32:40.788] [SEVERE ] updating countdown to 59938
[18:32:40.788] [SEVERE ] updating countdown to 60000
[18:32:40.851] [SEVERE ] updating elapsed time to 50
[18:32:40.851] [SEVERE ] updating countdown to 59937
[18:32:40.852] [SEVERE ] updating countdown to 60000
[18:32:40.914] [SEVERE ] updating elapsed time to 50
[18:32:40.914] [SEVERE ] updating countdown to 59938
[18:32:40.914] [SEVERE ] updating countdown to 60000
[18:32:40.978] [SEVERE ] updating elapsed time to 50
[18:32:40.978] [SEVERE ] updating countdown to 59936
[18:32:40.978] [SEVERE ] updating countdown to 60000
[18:32:40.993] [SEVERE ] key 83 was pressed by player 1
[18:32:41.009] [SEVERE ] key 68 was pressed by player 1
[18:32:41.040] [SEVERE ] updating elapsed time to 50
[18:32:41.040] [SEVERE ] updating countdown to 59938
[18:32:41.040] [SEVERE ] updating countdown to 60000
[18:32:41.103] [SEVERE ] updating elapsed time to 50
[18:32:41.103] [SEVERE ] updating countdown to 59937
[18:32:41.103] [SEVERE ] updating countdown to 60000
[18:32:41.152] [SEVERE ] key 70 was pressed by player 1
[18:32:41.167] [SEVERE ] updating elapsed time to 50
[18:32:41.167] [SEVERE ] updating countdown to 59936
[18:32:41.167] [SEVERE ] updating countdown to 60000
[18:32:41.229] [SEVERE ] updating elapsed time to 50
[18:32:41.229] [SEVERE ] updating countdown to 59938
[18:32:41.230] [SEVERE ] updating countdown to 60000
[18:32:41.245] [SEVERE ] key 70 was pressed by player 1
[18:32:41.277] [SEVERE ] key 69 was pressed by player 1
[18:32:41.293] [SEVERE ] updating elapsed time to 50
[18:32:41.293] [SEVERE ] updating countdown to 59937
[18:32:41.293] [SEVERE ] updating countdown to 60000
[18:32:41.356] [SEVERE ] updating elapsed time to 50
[18:32:41.356] [SEVERE ] updating countdown to 59937
[18:32:41.356] [SEVERE ] updating countdown to 60000
[18:32:41.356] [SEVERE ] key 82 was pressed by player 1
[18:32:41.419] [SEVERE ] updating elapsed time to 50
[18:32:41.419] [SEVERE ] updating countdown to 59937
[18:32:41.420] [SEVERE ] updating countdown to 60000
[18:32:41.435] [SEVERE ] key 80 was pressed by player 2
[18:32:41.482] [SEVERE ] updating elapsed time to 50
[18:32:41.482] [SEVERE ] updating countdown to 59938
[18:32:41.483] [SEVERE ] updating countdown to 60000
[18:32:41.545] [SEVERE ] updating elapsed time to 50
[18:32:41.545] [SEVERE ] updating countdown to 59938
[18:32:41.545] [SEVERE ] updating countdown to 60000
[18:32:41.577] [SEVERE ] key 79 was pressed by player 2
[18:32:41.608] [SEVERE ] updating elapsed time to 50
[18:32:41.608] [SEVERE ] updating countdown to 59937
[18:32:41.608] [SEVERE ] updating countdown to 60000
[18:32:41.671] [SEVERE ] updating elapsed time to 50
[18:32:41.671] [SEVERE ] updating countdown to 59937
[18:32:41.671] [SEVERE ] updating countdown to 60000
[18:32:41.734] [SEVERE ] updating elapsed time to 50
[18:32:41.734] [SEVERE ] updating countdown to 59937
[18:32:41.734] [SEVERE ] updating countdown to 60000
[18:32:41.769] [SEVERE ] key 74 was pressed by player 2
[18:32:41.781] [SEVERE ] key 77 was pressed by player 2
[18:32:41.797] [SEVERE ] updating elapsed time to 50
[18:32:41.797] [SEVERE ] updating countdown to 59937
[18:32:41.797] [SEVERE ] updating countdown to 60000
[18:32:41.860] [SEVERE ] updating elapsed time to 50
[18:32:41.860] [SEVERE ] updating countdown to 59937
[18:32:41.861] [SEVERE ] updating countdown to 60000
[18:32:41.923] [SEVERE ] updating elapsed time to 50
[18:32:41.923] [SEVERE ] updating countdown to 59938
[18:32:41.923] [SEVERE ] updating countdown to 60000
[18:32:41.954] [SEVERE ] key 86 was pressed by player 1
[18:32:41.986] [SEVERE ] updating elapsed time to 50
[18:32:41.986] [SEVERE ] updating countdown to 59937
[18:32:41.986] [SEVERE ] updating countdown to 60000
[18:32:42.049] [SEVERE ] updating elapsed time to 50
[18:32:42.049] [SEVERE ] updating countdown to 59937
[18:32:42.049] [SEVERE ] updating countdown to 60000
[18:32:42.111] [SEVERE ] updating elapsed time to 50
[18:32:42.111] [SEVERE ] updating countdown to 59938
[18:32:42.111] [SEVERE ] updating countdown to 60000
[18:32:42.127] [SEVERE ] key 79 was pressed by player 2
[18:32:42.175] [SEVERE ] updating elapsed time to 50
[18:32:42.175] [SEVERE ] updating countdown to 59936
[18:32:42.175] [SEVERE ] updating countdown to 60000
[18:32:42.238] [SEVERE ] updating elapsed time to 50
[18:32:42.238] [SEVERE ] updating countdown to 59937
[18:32:42.238] [SEVERE ] updating countdown to 60000
[18:32:42.253] [SEVERE ] key 68 was pressed by player 1
[18:32:42.301] [SEVERE ] updating elapsed time to 50
[18:32:42.301] [SEVERE ] updating countdown to 59937
[18:32:42.301] [SEVERE ] updating countdown to 60000
[18:32:42.332] [SEVERE ] key 70 was pressed by player 1
[18:32:42.364] [SEVERE ] updating elapsed time to 50
[18:32:42.364] [SEVERE ] updating countdown to 59937
[18:32:42.364] [SEVERE ] updating countdown to 60000
[18:32:42.411] [SEVERE ] key 80 was pressed by player 2
[18:32:42.426] [SEVERE ] updating elapsed time to 50
[18:32:42.426] [SEVERE ] updating countdown to 59938
[18:32:42.427] [SEVERE ] updating countdown to 60000
[18:32:42.490] [SEVERE ] updating elapsed time to 50
[18:32:42.490] [SEVERE ] updating countdown to 59937
[18:32:42.490] [SEVERE ] updating countdown to 60000
[18:32:42.505] [SEVERE ] key 69 was pressed by player 1
[18:32:42.553] [SEVERE ] updating elapsed time to 50
[18:32:42.553] [SEVERE ] updating countdown to 59937
[18:32:42.553] [SEVERE ] updating countdown to 60000
[18:32:42.616] [SEVERE ] updating elapsed time to 50
[18:32:42.616] [SEVERE ] updating countdown to 59937
[18:32:42.616] [SEVERE ] updating countdown to 60000
[18:32:42.616] [SEVERE ] key 79 was pressed by player 2
[18:32:42.663] [SEVERE ] key 82 was pressed by player 1
[18:32:42.679] [SEVERE ] updating elapsed time to 50
[18:32:42.679] [SEVERE ] updating countdown to 59937
[18:32:42.679] [SEVERE ] updating countdown to 60000
[18:32:42.742] [SEVERE ] updating elapsed time to 50
[18:32:42.742] [SEVERE ] updating countdown to 59937
[18:32:42.742] [SEVERE ] updating countdown to 60000
[18:32:42.805] [SEVERE ] updating elapsed time to 50
[18:32:42.805] [SEVERE ] updating countdown to 59937
[18:32:42.805] [SEVERE ] updating countdown to 60000
[18:32:42.806] [SEVERE ] key 79 was pressed by player 2
[18:32:42.838] [SEVERE ] key 69 was pressed by player 1
[18:32:42.868] [SEVERE ] updating elapsed time to 50
[18:32:42.868] [SEVERE ] updating countdown to 59937
[18:32:42.868] [SEVERE ] updating countdown to 60000
[18:32:42.932] [SEVERE ] updating elapsed time to 50
[18:32:42.932] [SEVERE ] updating countdown to 59936
[18:32:42.932] [SEVERE ] updating countdown to 60000
[18:32:42.996] [SEVERE ] updating elapsed time to 50
[18:32:42.996] [SEVERE ] updating countdown to 59936
[18:32:42.996] [SEVERE ] updating countdown to 60000
[18:32:43.059] [SEVERE ] updating elapsed time to 50
[18:32:43.059] [SEVERE ] updating countdown to 59937
[18:32:43.059] [SEVERE ] updating countdown to 60000
[18:32:43.071] [SEVERE ] key 75 was pressed by player 2
[18:32:43.075] [SEVERE ] key 59 was pressed by player 2
[18:32:43.092] [SEVERE ] key 87 was pressed by player 1
[18:32:43.123] [SEVERE ] updating elapsed time to 50
[18:32:43.123] [SEVERE ] updating countdown to 59936
[18:32:43.123] [SEVERE ] updating countdown to 60000
[18:32:43.123] [SEVERE ] key 69 was pressed by player 1
[18:32:43.187] [SEVERE ] updating elapsed time to 50
[18:32:43.187] [SEVERE ] updating countdown to 59936
[18:32:43.187] [SEVERE ] updating countdown to 60000
[18:32:43.250] [SEVERE ] updating elapsed time to 50
[18:32:43.250] [SEVERE ] updating countdown to 59937
[18:32:43.250] [SEVERE ] updating countdown to 60000
[18:32:43.297] [SEVERE ] key 76 was pressed by player 2
[18:32:43.313] [SEVERE ] updating elapsed time to 50
[18:32:43.313] [SEVERE ] updating countdown to 59937
[18:32:43.313] [SEVERE ] updating countdown to 60000
[18:32:43.352] [SEVERE ] key 83 was pressed by player 1
[18:32:43.377] [SEVERE ] updating elapsed time to 50
[18:32:43.377] [SEVERE ] updating countdown to 59936
[18:32:43.377] [SEVERE ] updating countdown to 60000
[18:32:43.441] [SEVERE ] updating elapsed time to 50
[18:32:43.441] [SEVERE ] updating countdown to 59936
[18:32:43.441] [SEVERE ] updating countdown to 60000
[18:32:43.505] [SEVERE ] updating elapsed time to 50
[18:32:43.505] [SEVERE ] updating countdown to 59936
[18:32:43.505] [SEVERE ] updating countdown to 60000
[18:32:43.521] [SEVERE ] key 88 was pressed by player 1
[18:32:43.537] [SEVERE ] key 59 was pressed by player 2
[18:32:43.568] [SEVERE ] updating elapsed time to 50
[18:32:43.568] [SEVERE ] updating countdown to 59937
[18:32:43.568] [SEVERE ] updating countdown to 60000
[18:32:43.631] [SEVERE ] updating elapsed time to 50
[18:32:43.631] [SEVERE ] updating countdown to 59937
[18:32:43.631] [SEVERE ] updating countdown to 60000
[18:32:43.694] [SEVERE ] updating elapsed time to 50
[18:32:43.694] [SEVERE ] updating countdown to 59937
[18:32:43.694] [SEVERE ] updating countdown to 60000
[18:32:43.694] [SEVERE ] key 88 was pressed by player 1
[18:32:43.710] [SEVERE ] key 46 was pressed by player 2
[18:32:43.757] [SEVERE ] updating elapsed time to 50
[18:32:43.757] [SEVERE ] updating countdown to 59937
[18:32:43.757] [SEVERE ] updating countdown to 60000
[18:32:43.820] [SEVERE ] updating elapsed time to 50
[18:32:43.820] [SEVERE ] updating countdown to 59937
[18:32:43.820] [SEVERE ] updating countdown to 60000
[18:32:43.883] [SEVERE ] updating elapsed time to 50
[18:32:43.883] [SEVERE ] updating countdown to 59937
[18:32:43.883] [SEVERE ] updating countdown to 60000
[18:32:43.930] [SEVERE ] key 44 was pressed by player 2
[18:32:43.946] [SEVERE ] updating elapsed time to 50
[18:32:43.946] [SEVERE ] updating countdown to 59937
[18:32:43.946] [SEVERE ] updating countdown to 60000
[18:32:44.010] [SEVERE ] updating elapsed time to 50
[18:32:44.010] [SEVERE ] updating countdown to 59936
[18:32:44.010] [SEVERE ] updating countdown to 60000
[18:32:44.073] [SEVERE ] updating elapsed time to 50
[18:32:44.073] [SEVERE ] updating countdown to 59937
[18:32:44.073] [SEVERE ] updating countdown to 60000
[18:32:44.120] [SEVERE ] key 77 was pressed by player 2
[18:32:44.136] [SEVERE ] updating elapsed time to 50
[18:32:44.136] [SEVERE ] updating countdown to 59937
[18:32:44.136] [SEVERE ] updating countdown to 60000
[18:32:44.152] [SEVERE ] key 67 was pressed by player 1
[18:32:44.199] [SEVERE ] updating elapsed time to 50
[18:32:44.199] [SEVERE ] updating countdown to 59937
[18:32:44.199] [SEVERE ] updating countdown to 60000
[18:32:44.199] [SEVERE ] key 86 was pressed by player 1
[18:32:44.262] [SEVERE ] updating elapsed time to 50
[18:32:44.262] [SEVERE ] updating countdown to 59937
[18:32:44.262] [SEVERE ] updating countdown to 60000
[18:32:44.326] [SEVERE ] updating elapsed time to 50
[18:32:44.326] [SEVERE ] updating countdown to 59936
[18:32:44.326] [SEVERE ] updating countdown to 60000
[18:32:44.326] [SEVERE ] key 75 was pressed by player 2
[18:32:44.341] [SEVERE ] key 86 was pressed by player 1
[18:32:44.389] [SEVERE ] updating elapsed time to 50
[18:32:44.389] [SEVERE ] updating countdown to 59937
[18:32:44.389] [SEVERE ] updating countdown to 60000
[18:32:44.452] [SEVERE ] updating elapsed time to 50
[18:32:44.452] [SEVERE ] updating countdown to 59937
[18:32:44.452] [SEVERE ] updating countdown to 60000
[18:32:44.515] [SEVERE ] updating elapsed time to 50
[18:32:44.515] [SEVERE ] updating countdown to 59937
[18:32:44.515] [SEVERE ] updating countdown to 60000
[18:32:44.531] [SEVERE ] key 79 was pressed by player 2
[18:32:44.574] [SEVERE ] key 82 was pressed by player 1
[18:32:44.579] [SEVERE ] updating elapsed time to 50
[18:32:44.579] [SEVERE ] updating countdown to 59936
[18:32:44.579] [SEVERE ] updating countdown to 60000
[18:32:44.642] [SEVERE ] updating elapsed time to 50
[18:32:44.642] [SEVERE ] updating countdown to 59937
[18:32:44.642] [SEVERE ] updating countdown to 60000
[18:32:44.705] [SEVERE ] updating elapsed time to 50
[18:32:44.705] [SEVERE ] updating countdown to 59937
[18:32:44.705] [SEVERE ] updating countdown to 60000
[18:32:44.737] [SEVERE ] key 80 was pressed by player 2
[18:32:44.768] [SEVERE ] updating elapsed time to 50
[18:32:44.768] [SEVERE ] updating countdown to 59937
[18:32:44.768] [SEVERE ] updating countdown to 60000
[18:32:44.784] [SEVERE ] key 69 was pressed by player 1
[18:32:44.831] [SEVERE ] updating elapsed time to 50
[18:32:44.831] [SEVERE ] updating countdown to 59937
[18:32:44.831] [SEVERE ] updating countdown to 60000
[18:32:44.894] [SEVERE ] updating elapsed time to 50
[18:32:44.894] [SEVERE ] updating countdown to 59937
[18:32:44.894] [SEVERE ] updating countdown to 60000
[18:32:44.941] [SEVERE ] key 80 was pressed by player 2
[18:32:44.941] [SEVERE ] key 87 was pressed by player 1
[18:32:44.957] [SEVERE ] updating elapsed time to 50
[18:32:44.957] [SEVERE ] updating countdown to 59937
[18:32:44.957] [SEVERE ] updating countdown to 60000
[18:32:45.020] [SEVERE ] updating elapsed time to 50
[18:32:45.020] [SEVERE ] updating countdown to 59937
[18:32:45.021] [SEVERE ] updating countdown to 60000
[18:32:45.083] [SEVERE ] updating elapsed time to 50
[18:32:45.083] [SEVERE ] updating countdown to 59938
[18:32:45.083] [SEVERE ] updating countdown to 60000
[18:32:45.131] [SEVERE ] key 59 was pressed by player 2
[18:32:45.146] [SEVERE ] updating elapsed time to 50
[18:32:45.146] [SEVERE ] updating countdown to 59937
[18:32:45.146] [SEVERE ] updating countdown to 60000
[18:32:45.209] [SEVERE ] updating elapsed time to 50
[18:32:45.209] [SEVERE ] updating countdown to 59937
[18:32:45.209] [SEVERE ] updating countdown to 60000
[18:32:45.272] [SEVERE ] updating elapsed time to 50
[18:32:45.272] [SEVERE ] updating countdown to 59937
[18:32:45.272] [SEVERE ] updating countdown to 60000
[18:32:45.319] [SEVERE ] key 46 was pressed by player 2
[18:32:45.335] [SEVERE ] updating elapsed time to 50
[18:32:45.335] [SEVERE ] updating countdown to 59937
[18:32:45.335] [SEVERE ] updating countdown to 60000
[18:32:45.335] [SEVERE ] key 65 was pressed by player 1
[18:32:45.398] [SEVERE ] updating elapsed time to 50
[18:32:45.398] [SEVERE ] updating countdown to 59937
[18:32:45.398] [SEVERE ] updating countdown to 60000
[18:32:45.461] [SEVERE ] updating elapsed time to 50
[18:32:45.461] [SEVERE ] updating countdown to 59937
[18:32:45.461] [SEVERE ] updating countdown to 60000
[18:32:45.524] [SEVERE ] updating elapsed time to 50
[18:32:45.524] [SEVERE ] updating countdown to 59937
[18:32:45.524] [SEVERE ] updating countdown to 60000
[18:32:45.555] [SEVERE ] key 76 was pressed by player 2
[18:32:45.587] [SEVERE ] updating elapsed time to 50
[18:32:45.587] [SEVERE ] updating countdown to 59937
[18:32:45.587] [SEVERE ] updating countdown to 60000
[18:32:45.603] [SEVERE ] key 83 was pressed by player 1
[18:32:45.650] [SEVERE ] updating elapsed time to 50
[18:32:45.650] [SEVERE ] updating countdown to 59937
[18:32:45.650] [SEVERE ] updating countdown to 60000
[18:32:45.713] [SEVERE ] updating elapsed time to 50
[18:32:45.713] [SEVERE ] updating countdown to 59937
[18:32:45.713] [SEVERE ] updating countdown to 60000
[18:32:45.776] [SEVERE ] updating elapsed time to 50
[18:32:45.776] [SEVERE ] updating countdown to 59937
[18:32:45.776] [SEVERE ] updating countdown to 60000
[18:32:45.797] [SEVERE ] key 75 was pressed by player 2
[18:32:45.824] [SEVERE ] key 68 was pressed by player 1
[18:32:45.840] [SEVERE ] updating elapsed time to 50
[18:32:45.840] [SEVERE ] updating countdown to 59936
[18:32:45.840] [SEVERE ] updating countdown to 60000
[18:32:45.903] [SEVERE ] updating elapsed time to 50
[18:32:45.903] [SEVERE ] updating countdown to 59937
[18:32:45.903] [SEVERE ] updating countdown to 60000
[18:32:45.966] [SEVERE ] updating elapsed time to 50
[18:32:45.966] [SEVERE ] updating countdown to 59937
[18:32:45.966] [SEVERE ] updating countdown to 60000
[18:32:45.997] [SEVERE ] key 74 was pressed by player 2
[18:32:46.029] [SEVERE ] updating elapsed time to 50
[18:32:46.029] [SEVERE ] updating countdown to 59937
[18:32:46.029] [SEVERE ] updating countdown to 60000
[18:32:46.061] [SEVERE ] key 67 was pressed by player 1
[18:32:46.092] [SEVERE ] updating elapsed time to 50
[18:32:46.092] [SEVERE ] updating countdown to 59937
[18:32:46.092] [SEVERE ] updating countdown to 60000
[18:32:46.156] [SEVERE ] updating elapsed time to 50
[18:32:46.156] [SEVERE ] updating countdown to 59936
[18:32:46.156] [SEVERE ] updating countdown to 60000
[18:32:46.203] [SEVERE ] key 77 was pressed by player 2
[18:32:46.219] [SEVERE ] updating elapsed time to 50
[18:32:46.219] [SEVERE ] updating countdown to 59937
[18:32:46.219] [SEVERE ] updating countdown to 60000
[18:32:46.219] [SEVERE ] key 67 was pressed by player 1
[18:32:46.282] [SEVERE ] updating elapsed time to 50
[18:32:46.282] [SEVERE ] updating countdown to 59937
[18:32:46.282] [SEVERE ] updating countdown to 60000
[18:32:46.345] [SEVERE ] updating elapsed time to 50
[18:32:46.345] [SEVERE ] updating countdown to 59937
[18:32:46.345] [SEVERE ] updating countdown to 60000
[18:32:46.408] [SEVERE ] updating elapsed time to 50
[18:32:46.408] [SEVERE ] updating countdown to 59937
[18:32:46.408] [SEVERE ] updating countdown to 60000
[18:32:46.424] [SEVERE ] key 44 was pressed by player 2
[18:32:46.470] [SEVERE ] updating elapsed time to 50
[18:32:46.470] [SEVERE ] updating countdown to 59938
[18:32:46.470] [SEVERE ] updating countdown to 60000
[18:32:46.480] [SEVERE ] key 88 was pressed by player 1
[18:32:46.534] [SEVERE ] updating elapsed time to 50
[18:32:46.534] [SEVERE ] updating countdown to 59936
[18:32:46.534] [SEVERE ] updating countdown to 60000
[18:32:46.597] [SEVERE ] updating elapsed time to 50
[18:32:46.597] [SEVERE ] updating countdown to 59937
[18:32:46.597] [SEVERE ] updating countdown to 60000
[18:32:46.659] [SEVERE ] updating elapsed time to 50
[18:32:46.659] [SEVERE ] updating countdown to 59938
[18:32:46.659] [SEVERE ] updating countdown to 60000
[18:32:46.660] [SEVERE ] key 46 was pressed by player 2
[18:32:46.691] [SEVERE ] key 90 was pressed by player 1
[18:32:46.722] [SEVERE ] updating elapsed time to 50
[18:32:46.722] [SEVERE ] updating countdown to 59937
[18:32:46.722] [SEVERE ] updating countdown to 60000
[18:32:46.786] [SEVERE ] updating elapsed time to 50
[18:32:46.786] [SEVERE ] updating countdown to 59936
[18:32:46.786] [SEVERE ] updating countdown to 60000
[18:32:46.849] [SEVERE ] updating elapsed time to 50
[18:32:46.849] [SEVERE ] updating countdown to 59937
[18:32:46.849] [SEVERE ] updating countdown to 60000
[18:32:46.897] [SEVERE ] key 90 was pressed by player 1
[18:32:46.913] [SEVERE ] updating elapsed time to 50
[18:32:46.913] [SEVERE ] updating countdown to 59936
[18:32:46.913] [SEVERE ] updating countdown to 60000
[18:32:46.929] [SEVERE ] key 47 was pressed by player 2
[18:32:46.976] [SEVERE ] updating elapsed time to 50
[18:32:46.976] [SEVERE ] updating countdown to 59937
[18:32:46.976] [SEVERE ] updating countdown to 60000
[18:32:47.039] [SEVERE ] updating elapsed time to 50
[18:32:47.039] [SEVERE ] updating countdown to 59937
[18:32:47.039] [SEVERE ] updating countdown to 60000
[18:32:47.103] [SEVERE ] updating elapsed time to 50
[18:32:47.103] [SEVERE ] updating countdown to 59936
[18:32:47.103] [SEVERE ] updating countdown to 60000
[18:32:47.119] [SEVERE ] key 59 was pressed by player 2
[18:32:47.150] [SEVERE ] key 83 was pressed by player 1
[18:32:47.166] [SEVERE ] updating elapsed time to 50
[18:32:47.167] [SEVERE ] updating countdown to 59936
[18:32:47.167] [SEVERE ] updating countdown to 60000
[18:32:47.229] [SEVERE ] updating elapsed time to 50
[18:32:47.229] [SEVERE ] updating countdown to 59938
[18:32:47.229] [SEVERE ] updating countdown to 60000
[18:32:47.292] [SEVERE ] updating elapsed time to 50
[18:32:47.292] [SEVERE ] updating countdown to 59937
[18:32:47.292] [SEVERE ] updating countdown to 60000
[18:32:47.308] [SEVERE ] key 80 was pressed by player 2
[18:32:47.340] [SEVERE ] key 83 was pressed by player 1
[18:32:47.356] [SEVERE ] updating elapsed time to 50
[18:32:47.356] [SEVERE ] updating countdown to 59936
[18:32:47.356] [SEVERE ] updating countdown to 60000
[18:32:47.419] [SEVERE ] updating elapsed time to 50
[18:32:47.420] [SEVERE ] updating countdown to 59936
[18:32:47.420] [SEVERE ] updating countdown to 60000
[18:32:47.482] [SEVERE ] updating elapsed time to 50
[18:32:47.482] [SEVERE ] updating countdown to 59938
[18:32:47.482] [SEVERE ] updating countdown to 60000
[18:32:47.529] [SEVERE ] key 79 was pressed by player 2
[18:32:47.545] [SEVERE ] updating elapsed time to 50
[18:32:47.545] [SEVERE ] updating countdown to 59937
[18:32:47.546] [SEVERE ] updating countdown to 60000
[18:32:47.583] [SEVERE ] key 69 was pressed by player 1
[18:32:47.609] [SEVERE ] updating elapsed time to 50
[18:32:47.609] [SEVERE ] updating countdown to 59937
[18:32:47.609] [SEVERE ] updating countdown to 60000
[18:32:47.672] [SEVERE ] updating elapsed time to 50
[18:32:47.672] [SEVERE ] updating countdown to 59937
[18:32:47.672] [SEVERE ] updating countdown to 60000
[18:32:47.735] [SEVERE ] updating elapsed time to 50
[18:32:47.735] [SEVERE ] updating countdown to 59937
[18:32:47.735] [SEVERE ] updating countdown to 60000
[18:32:47.750] [SEVERE ] key 69 was pressed by player 1
[18:32:47.798] [SEVERE ] updating elapsed time to 50
[18:32:47.798] [SEVERE ] updating countdown to 59937
[18:32:47.798] [SEVERE ] updating countdown to 60000
[18:32:47.845] [SEVERE ] key 76 was pressed by player 2
[18:32:47.860] [SEVERE ] updating elapsed time to 50
[18:32:47.861] [SEVERE ] updating countdown to 59937
[18:32:47.861] [SEVERE ] updating countdown to 60000
[18:32:47.924] [SEVERE ] updating elapsed time to 50
[18:32:47.924] [SEVERE ] updating countdown to 59937
[18:32:47.924] [SEVERE ] updating countdown to 60000
[18:32:47.987] [SEVERE ] updating elapsed time to 50
[18:32:47.987] [SEVERE ] updating countdown to 59937
[18:32:47.987] [SEVERE ] updating countdown to 60000
[18:32:48.051] [SEVERE ] updating elapsed time to 50
[18:32:48.051] [SEVERE ] updating countdown to 59936
[18:32:48.051] [SEVERE ] updating countdown to 60000
[18:32:48.114] [SEVERE ] updating elapsed time to 50
[18:32:48.114] [SEVERE ] updating countdown to 59937
[18:32:48.114] [SEVERE ] updating countdown to 60000
[18:32:48.177] [SEVERE ] updating elapsed time to 50
[18:32:48.177] [SEVERE ] updating countdown to 59937
[18:32:48.177] [SEVERE ] updating countdown to 60000
[18:32:48.239] [SEVERE ] updating elapsed time to 50
[18:32:48.239] [SEVERE ] updating countdown to 59938
[18:32:48.240] [SEVERE ] updating countdown to 60000
[18:32:48.302] [SEVERE ] updating elapsed time to 50
[18:32:48.302] [SEVERE ] updating countdown to 59938
[18:32:48.302] [SEVERE ] updating countdown to 60000
[18:32:48.365] [SEVERE ] updating elapsed time to 50
[18:32:48.365] [SEVERE ] updating countdown to 59937
[18:32:48.365] [SEVERE ] updating countdown to 60000
[18:32:48.428] [SEVERE ] updating elapsed time to 50
[18:32:48.428] [SEVERE ] updating countdown to 59937
[18:32:48.428] [SEVERE ] updating countdown to 60000
[18:32:48.491] [SEVERE ] updating elapsed time to 50
[18:32:48.491] [SEVERE ] updating countdown to 59937
[18:32:48.492] [SEVERE ] updating countdown to 60000
[18:32:48.554] [SEVERE ] updating elapsed time to 50
[18:32:48.554] [SEVERE ] updating countdown to 59938
[18:32:48.554] [SEVERE ] updating countdown to 60000
[18:32:48.617] [SEVERE ] updating elapsed time to 50
[18:32:48.617] [SEVERE ] updating countdown to 59937
[18:32:48.617] [SEVERE ] updating countdown to 60000
[18:32:48.680] [SEVERE ] updating elapsed time to 50
[18:32:48.680] [SEVERE ] updating countdown to 59937
[18:32:48.680] [SEVERE ] updating countdown to 60000
[18:32:48.743] [SEVERE ] updating elapsed time to 50
[18:32:48.743] [SEVERE ] updating countdown to 59937
[18:32:48.743] [SEVERE ] updating countdown to 60000
[18:32:48.806] [SEVERE ] updating elapsed time to 50
[18:32:48.806] [SEVERE ] updating countdown to 59937
[18:32:48.806] [SEVERE ] updating countdown to 60000
[18:32:48.870] [SEVERE ] updating elapsed time to 50
[18:32:48.870] [SEVERE ] updating countdown to 59936
[18:32:48.870] [SEVERE ] updating countdown to 60000
[18:32:48.934] [SEVERE ] updating elapsed time to 50
[18:32:48.934] [SEVERE ] updating countdown to 59936
[18:32:48.934] [SEVERE ] updating countdown to 60000
[18:32:48.998] [SEVERE ] updating elapsed time to 50
[18:32:48.998] [SEVERE ] updating countdown to 59936
[18:32:48.998] [SEVERE ] updating countdown to 60000
[18:32:49.054] [SEVERE ] updating elapsed time to 50
[18:32:49.054] [SEVERE ] updating countdown to 59944
[18:32:49.054] [SEVERE ] updating countdown to 60000
[18:32:49.104] [SEVERE ] updating elapsed time to 50
[18:32:49.104] [SEVERE ] updating countdown to 59950
[18:32:49.104] [SEVERE ] updating countdown to 60000
[18:32:49.169] [SEVERE ] updating elapsed time to 50
[18:32:49.169] [SEVERE ] updating countdown to 59935
[18:32:49.169] [SEVERE ] updating countdown to 60000
[18:32:49.232] [SEVERE ] updating elapsed time to 50
[18:32:49.232] [SEVERE ] updating countdown to 59937
[18:32:49.232] [SEVERE ] updating countdown to 60000
[18:32:49.296] [SEVERE ] updating elapsed time to 50
[18:32:49.296] [SEVERE ] updating countdown to 59936
[18:32:49.296] [SEVERE ] updating countdown to 60000
[18:32:49.359] [SEVERE ] updating elapsed time to 50
[18:32:49.359] [SEVERE ] updating countdown to 59937
[18:32:49.359] [SEVERE ] updating countdown to 60000
[18:32:49.422] [SEVERE ] updating elapsed time to 50
[18:32:49.422] [SEVERE ] updating countdown to 59937
[18:32:49.422] [SEVERE ] updating countdown to 60000
[18:32:49.485] [SEVERE ] updating elapsed time to 50
[18:32:49.485] [SEVERE ] updating countdown to 59937
[18:32:49.485] [SEVERE ] updating countdown to 60000
[18:32:49.548] [SEVERE ] updating elapsed time to 50
[18:32:49.548] [SEVERE ] updating countdown to 59937
[18:32:49.548] [SEVERE ] updating countdown to 60000
[18:32:49.611] [SEVERE ] updating elapsed time to 50
[18:32:49.611] [SEVERE ] updating countdown to 59937
[18:32:49.611] [SEVERE ] updating countdown to 60000
[18:32:49.671] [SEVERE ] updating elapsed time to 50
[18:32:49.671] [SEVERE ] updating countdown to 59940
[18:32:49.671] [SEVERE ] updating countdown to 60000
[18:32:49.723] [SEVERE ] updating elapsed time to 50
[18:32:49.723] [SEVERE ] updating countdown to 59948
[18:32:49.723] [SEVERE ] updating countdown to 60000
[18:32:49.787] [SEVERE ] updating elapsed time to 50
[18:32:49.787] [SEVERE ] updating countdown to 59936
[18:32:49.787] [SEVERE ] updating countdown to 60000
[18:32:49.838] [SEVERE ] updating elapsed time to 50
[18:32:49.838] [SEVERE ] updating countdown to 59949
[18:32:49.838] [SEVERE ] updating countdown to 60000
[18:32:49.904] [SEVERE ] updating elapsed time to 50
[18:32:49.904] [SEVERE ] updating countdown to 59934
[18:32:49.904] [SEVERE ] updating countdown to 60000
[18:32:49.954] [SEVERE ] updating elapsed time to 50
[18:32:49.954] [SEVERE ] updating countdown to 59950
[18:32:49.954] [SEVERE ] updating countdown to 60000
[18:32:50.020] [SEVERE ] updating elapsed time to 50
[18:32:50.020] [SEVERE ] updating countdown to 59934
[18:32:50.020] [SEVERE ] updating countdown to 60000
[18:32:50.070] [SEVERE ] updating elapsed time to 50
[18:32:50.070] [SEVERE ] updating countdown to 59950
[18:32:50.070] [SEVERE ] updating countdown to 60000
[18:32:50.122] [SEVERE ] updating elapsed time to 50
[18:32:50.122] [SEVERE ] updating countdown to 59948
[18:32:50.122] [SEVERE ] updating countdown to 60000
[18:32:50.187] [SEVERE ] updating elapsed time to 50
[18:32:50.187] [SEVERE ] updating countdown to 59935
[18:32:50.187] [SEVERE ] updating countdown to 60000
[18:32:50.238] [SEVERE ] updating elapsed time to 50
[18:32:50.238] [SEVERE ] updating countdown to 59949
[18:32:50.238] [SEVERE ] updating countdown to 60000
[18:32:50.303] [SEVERE ] updating elapsed time to 50
[18:32:50.303] [SEVERE ] updating countdown to 59935
[18:32:50.303] [SEVERE ] updating countdown to 60000
[18:32:50.366] [SEVERE ] updating elapsed time to 50
[18:32:50.366] [SEVERE ] updating countdown to 59937
[18:32:50.366] [SEVERE ] updating countdown to 60000
[18:32:50.429] [SEVERE ] updating elapsed time to 50
[18:32:50.429] [SEVERE ] updating countdown to 59937
[18:32:50.429] [SEVERE ] updating countdown to 60000
[18:32:50.492] [SEVERE ] updating elapsed time to 50
[18:32:50.492] [SEVERE ] updating countdown to 59937
[18:32:50.492] [SEVERE ] updating countdown to 60000
[18:32:50.555] [SEVERE ] updating elapsed time to 50
[18:32:50.555] [SEVERE ] updating countdown to 59937
[18:32:50.555] [SEVERE ] updating countdown to 60000
[18:32:50.618] [SEVERE ] updating elapsed time to 50
[18:32:50.618] [SEVERE ] updating countdown to 59937
[18:32:50.618] [SEVERE ] updating countdown to 60000
[18:32:50.680] [SEVERE ] updating elapsed time to 50
[18:32:50.680] [SEVERE ] updating countdown to 59938
[18:32:50.680] [SEVERE ] updating countdown to 60000
[18:32:50.744] [SEVERE ] updating elapsed time to 50
[18:32:50.744] [SEVERE ] updating countdown to 59936
[18:32:50.744] [SEVERE ] updating countdown to 60000
[18:32:50.807] [SEVERE ] updating elapsed time to 50
[18:32:50.807] [SEVERE ] updating countdown to 59937
[18:32:50.807] [SEVERE ] updating countdown to 60000
[18:32:50.869] [SEVERE ] updating elapsed time to 50
[18:32:50.869] [SEVERE ] updating countdown to 59938
[18:32:50.869] [SEVERE ] updating countdown to 60000
[18:32:50.933] [SEVERE ] updating elapsed time to 50
[18:32:50.933] [SEVERE ] updating countdown to 59936
[18:32:50.933] [SEVERE ] updating countdown to 60000
[18:32:50.996] [SEVERE ] updating elapsed time to 50
[18:32:50.996] [SEVERE ] updating countdown to 59937
[18:32:50.996] [SEVERE ] updating countdown to 60000
[18:32:51.027] [SEVERE ] key 76 was pressed by player 2
[18:32:51.059] [SEVERE ] updating elapsed time to 50
[18:32:51.059] [SEVERE ] updating countdown to 59937
[18:32:51.059] [SEVERE ] updating countdown to 60000
[18:32:51.122] [SEVERE ] updating elapsed time to 50
[18:32:51.122] [SEVERE ] updating countdown to 59937
[18:32:51.122] [SEVERE ] updating countdown to 60000
[18:32:51.185] [SEVERE ] updating elapsed time to 50
[18:32:51.185] [SEVERE ] updating countdown to 59937
[18:32:51.185] [SEVERE ] updating countdown to 60000
[18:32:51.249] [SEVERE ] updating elapsed time to 50
[18:32:51.249] [SEVERE ] updating countdown to 59936
[18:32:51.249] [SEVERE ] updating countdown to 60000
[18:32:51.312] [SEVERE ] updating elapsed time to 50
[18:32:51.312] [SEVERE ] updating countdown to 59937
[18:32:51.312] [SEVERE ] updating countdown to 60000
[18:32:51.375] [SEVERE ] updating elapsed time to 50
[18:32:51.375] [SEVERE ] updating countdown to 59937
[18:32:51.375] [SEVERE ] updating countdown to 60000
[18:32:51.422] [SEVERE ] key 74 was pressed by player 2
[18:32:51.438] [SEVERE ] updating elapsed time to 50
[18:32:51.438] [SEVERE ] updating countdown to 59937
[18:32:51.438] [SEVERE ] updating countdown to 60000
[18:32:51.501] [SEVERE ] updating elapsed time to 50
[18:32:51.501] [SEVERE ] updating countdown to 59937
[18:32:51.501] [SEVERE ] updating countdown to 60000
[18:32:51.564] [SEVERE ] updating elapsed time to 50
[18:32:51.564] [SEVERE ] updating countdown to 59937
[18:32:51.564] [SEVERE ] updating countdown to 60000
[18:32:51.615] [SEVERE ] key 74 was pressed by player 2
[18:32:51.628] [SEVERE ] updating elapsed time to 50
[18:32:51.628] [SEVERE ] updating countdown to 59936
[18:32:51.628] [SEVERE ] updating countdown to 60000
[18:32:51.690] [SEVERE ] updating elapsed time to 50
[18:32:51.690] [SEVERE ] updating countdown to 59938
[18:32:51.690] [SEVERE ] updating countdown to 60000
[18:32:51.754] [SEVERE ] updating elapsed time to 50
[18:32:51.754] [SEVERE ] updating countdown to 59936
[18:32:51.754] [SEVERE ] updating countdown to 60000
[18:32:51.817] [SEVERE ] updating elapsed time to 50
[18:32:51.817] [SEVERE ] updating countdown to 59937
[18:32:51.817] [SEVERE ] updating countdown to 60000
[18:32:51.879] [SEVERE ] updating elapsed time to 50
[18:32:51.879] [SEVERE ] updating countdown to 59938
[18:32:51.879] [SEVERE ] updating countdown to 60000
[18:32:51.942] [SEVERE ] updating elapsed time to 50
[18:32:51.942] [SEVERE ] updating countdown to 59937
[18:32:51.942] [SEVERE ] updating countdown to 60000
[18:32:52.005] [SEVERE ] updating elapsed time to 50
[18:32:52.005] [SEVERE ] updating countdown to 59937
[18:32:52.005] [SEVERE ] updating countdown to 60000
[18:32:52.069] [SEVERE ] updating elapsed time to 50
[18:32:52.069] [SEVERE ] updating countdown to 59936
[18:32:52.069] [SEVERE ] updating countdown to 60000
[18:32:52.132] [SEVERE ] updating elapsed time to 50
[18:32:52.132] [SEVERE ] updating countdown to 59937
[18:32:52.132] [SEVERE ] updating countdown to 60000
[18:32:52.196] [SEVERE ] updating elapsed time to 50
[18:32:52.196] [SEVERE ] updating countdown to 59936
[18:32:52.196] [SEVERE ] updating countdown to 60000
[18:32:52.258] [SEVERE ] updating elapsed time to 50
[18:32:52.258] [SEVERE ] updating countdown to 59938
[18:32:52.258] [SEVERE ] updating countdown to 60000
[18:32:52.322] [SEVERE ] updating elapsed time to 50
[18:32:52.322] [SEVERE ] updating countdown to 59936
[18:32:52.322] [SEVERE ] updating countdown to 60000
[18:32:52.384] [SEVERE ] updating elapsed time to 50
[18:32:52.384] [SEVERE ] updating countdown to 59938
[18:32:52.384] [SEVERE ] updating countdown to 60000
[18:32:52.447] [SEVERE ] updating elapsed time to 50
[18:32:52.447] [SEVERE ] updating countdown to 59937
[18:32:52.447] [SEVERE ] updating countdown to 60000
[18:32:52.510] [SEVERE ] updating elapsed time to 50
[18:32:52.510] [SEVERE ] updating countdown to 59937
[18:32:52.510] [SEVERE ] updating countdown to 60000
[18:32:52.573] [SEVERE ] updating elapsed time to 50
[18:32:52.573] [SEVERE ] updating countdown to 59937
[18:32:52.573] [SEVERE ] updating countdown to 60000
[18:32:52.637] [SEVERE ] updating elapsed time to 50
[18:32:52.637] [SEVERE ] updating countdown to 59936
[18:32:52.637] [SEVERE ] updating countdown to 60000
[18:32:52.700] [SEVERE ] updating elapsed time to 50
[18:32:52.700] [SEVERE ] updating countdown to 59937
[18:32:52.700] [SEVERE ] updating countdown to 60000
[18:32:52.762] [SEVERE ] updating elapsed time to 50
[18:32:52.762] [SEVERE ] updating countdown to 59938
[18:32:52.762] [SEVERE ] updating countdown to 60000
[18:32:52.826] [SEVERE ] updating elapsed time to 50
[18:32:52.826] [SEVERE ] updating countdown to 59936
[18:32:52.826] [SEVERE ] updating countdown to 60000
[18:32:52.890] [SEVERE ] updating elapsed time to 50
[18:32:52.890] [SEVERE ] updating countdown to 59936
[18:32:52.890] [SEVERE ] updating countdown to 60000
[18:32:52.953] [SEVERE ] updating elapsed time to 50
[18:32:52.953] [SEVERE ] updating countdown to 59937
[18:32:52.953] [SEVERE ] updating countdown to 60000
[18:32:53.016] [SEVERE ] updating elapsed time to 50
[18:32:53.016] [SEVERE ] updating countdown to 59937
[18:32:53.016] [SEVERE ] updating countdown to 60000
[18:32:53.079] [SEVERE ] updating elapsed time to 50
[18:32:53.079] [SEVERE ] updating countdown to 59937
[18:32:53.079] [SEVERE ] updating countdown to 60000
[18:32:53.142] [SEVERE ] updating elapsed time to 50
[18:32:53.142] [SEVERE ] updating countdown to 59937
[18:32:53.142] [SEVERE ] updating countdown to 60000
[18:32:53.205] [SEVERE ] updating elapsed time to 50
[18:32:53.205] [SEVERE ] updating countdown to 59937
[18:32:53.205] [SEVERE ] updating countdown to 60000
[18:32:53.267] [SEVERE ] updating elapsed time to 50
[18:32:53.267] [SEVERE ] updating countdown to 59938
[18:32:53.267] [SEVERE ] updating countdown to 60000
[18:32:53.331] [SEVERE ] updating elapsed time to 50
[18:32:53.331] [SEVERE ] updating countdown to 59936
[18:32:53.331] [SEVERE ] updating countdown to 60000
[18:32:53.393] [SEVERE ] updating elapsed time to 50
[18:32:53.393] [SEVERE ] updating countdown to 59938
[18:32:53.393] [SEVERE ] updating countdown to 60000
[18:32:53.457] [SEVERE ] updating elapsed time to 50
[18:32:53.457] [SEVERE ] updating countdown to 59936
[18:32:53.457] [SEVERE ] updating countdown to 60000
[18:32:53.520] [SEVERE ] updating elapsed time to 50
[18:32:53.520] [SEVERE ] updating countdown to 59937
[18:32:53.520] [SEVERE ] updating countdown to 60000
[18:32:53.583] [SEVERE ] updating elapsed time to 50
[18:32:53.583] [SEVERE ] updating countdown to 59937
[18:32:53.583] [SEVERE ] updating countdown to 60000
[18:32:53.646] [SEVERE ] updating elapsed time to 50
[18:32:53.646] [SEVERE ] updating countdown to 59937
[18:32:53.646] [SEVERE ] updating countdown to 60000
[18:32:53.709] [SEVERE ] updating elapsed time to 50
[18:32:53.709] [SEVERE ] updating countdown to 59937
[18:32:53.709] [SEVERE ] updating countdown to 60000
[18:32:53.772] [SEVERE ] updating elapsed time to 50
[18:32:53.772] [SEVERE ] updating countdown to 59937
[18:32:53.772] [SEVERE ] updating countdown to 60000
[18:32:53.835] [SEVERE ] updating elapsed time to 50
[18:32:53.835] [SEVERE ] updating countdown to 59937
[18:32:53.835] [SEVERE ] updating countdown to 60000
[18:32:53.897] [SEVERE ] updating elapsed time to 50
[18:32:53.898] [SEVERE ] updating countdown to 59937
[18:32:53.898] [SEVERE ] updating countdown to 60000
[18:32:53.960] [SEVERE ] updating elapsed time to 50
[18:32:53.960] [SEVERE ] updating countdown to 59938
[18:32:53.960] [SEVERE ] updating countdown to 60000
[18:32:54.024] [SEVERE ] updating elapsed time to 50
[18:32:54.024] [SEVERE ] updating countdown to 59936
[18:32:54.024] [SEVERE ] updating countdown to 60000
[18:32:54.087] [SEVERE ] updating elapsed time to 50
[18:32:54.087] [SEVERE ] updating countdown to 59937
[18:32:54.087] [SEVERE ] updating countdown to 60000
[18:32:54.150] [SEVERE ] updating elapsed time to 50
[18:32:54.150] [SEVERE ] updating countdown to 59937
[18:32:54.150] [SEVERE ] updating countdown to 60000
[18:32:54.214] [SEVERE ] updating elapsed time to 50
[18:32:54.214] [SEVERE ] updating countdown to 59936
[18:32:54.214] [SEVERE ] updating countdown to 60000
[18:32:54.278] [SEVERE ] updating elapsed time to 50
[18:32:54.278] [SEVERE ] updating countdown to 59936
[18:32:54.278] [SEVERE ] updating countdown to 60000
[18:32:54.342] [SEVERE ] updating elapsed time to 50
[18:32:54.342] [SEVERE ] updating countdown to 59936
[18:32:54.342] [SEVERE ] updating countdown to 60000
[18:32:54.406] [SEVERE ] updating elapsed time to 50
[18:32:54.406] [SEVERE ] updating countdown to 59936
[18:32:54.406] [SEVERE ] updating countdown to 60000
[18:32:54.469] [SEVERE ] updating elapsed time to 50
[18:32:54.469] [SEVERE ] updating countdown to 59937
[18:32:54.469] [SEVERE ] updating countdown to 60000
[18:32:54.532] [SEVERE ] updating elapsed time to 50
[18:32:54.532] [SEVERE ] updating countdown to 59937
[18:32:54.532] [SEVERE ] updating countdown to 60000
[18:32:54.595] [SEVERE ] updating elapsed time to 50
[18:32:54.595] [SEVERE ] updating countdown to 59937
[18:32:54.595] [SEVERE ] updating countdown to 60000
[18:32:54.658] [SEVERE ] updating elapsed time to 50
[18:32:54.658] [SEVERE ] updating countdown to 59937
[18:32:54.658] [SEVERE ] updating countdown to 60000
[18:32:54.721] [SEVERE ] updating elapsed time to 50
[18:32:54.721] [SEVERE ] updating countdown to 59937
[18:32:54.721] [SEVERE ] updating countdown to 60000
[18:32:54.784] [SEVERE ] updating elapsed time to 50
[18:32:54.784] [SEVERE ] updating countdown to 59937
[18:32:54.784] [SEVERE ] updating countdown to 60000
[18:32:54.847] [SEVERE ] updating elapsed time to 50
[18:32:54.847] [SEVERE ] updating countdown to 59937
[18:32:54.847] [SEVERE ] updating countdown to 60000
[18:32:54.910] [SEVERE ] updating elapsed time to 50
[18:32:54.910] [SEVERE ] updating countdown to 59937
[18:32:54.910] [SEVERE ] updating countdown to 60000
[18:32:54.974] [SEVERE ] updating elapsed time to 50
[18:32:54.974] [SEVERE ] updating countdown to 59936
[18:32:54.974] [SEVERE ] updating countdown to 60000
[18:32:55.036] [SEVERE ] updating elapsed time to 50
[18:32:55.036] [SEVERE ] updating countdown to 59938
[18:32:55.036] [SEVERE ] updating countdown to 60000
[18:32:55.100] [SEVERE ] updating elapsed time to 50
[18:32:55.100] [SEVERE ] updating countdown to 59936
[18:32:55.100] [SEVERE ] updating countdown to 60000
[18:32:55.163] [SEVERE ] updating elapsed time to 50
[18:32:55.163] [SEVERE ] updating countdown to 59937
[18:32:55.163] [SEVERE ] updating countdown to 60000
[18:32:55.226] [SEVERE ] updating elapsed time to 50
[18:32:55.226] [SEVERE ] updating countdown to 59937
[18:32:55.226] [SEVERE ] updating countdown to 60000
[18:32:55.289] [SEVERE ] updating elapsed time to 50
[18:32:55.289] [SEVERE ] updating countdown to 59937
[18:32:55.289] [SEVERE ] updating countdown to 60000
[18:32:55.350] [SEVERE ] updating elapsed time to 50
[18:32:55.350] [SEVERE ] updating countdown to 59939
[18:32:55.350] [SEVERE ] updating countdown to 60000
[18:32:55.405] [SEVERE ] updating elapsed time to 50
[18:32:55.405] [SEVERE ] updating countdown to 59945
[18:32:55.405] [SEVERE ] updating countdown to 60000
[18:32:55.459] [SEVERE ] updating elapsed time to 50
[18:32:55.459] [SEVERE ] updating countdown to 59946
[18:32:55.459] [SEVERE ] updating countdown to 60000
[18:32:55.520] [SEVERE ] updating elapsed time to 50
[18:32:55.520] [SEVERE ] updating countdown to 59939
[18:32:55.520] [SEVERE ] updating countdown to 60000
[18:32:55.572] [SEVERE ] updating elapsed time to 50
[18:32:55.572] [SEVERE ] updating countdown to 59948
[18:32:55.572] [SEVERE ] updating countdown to 60000
[18:32:55.636] [SEVERE ] updating elapsed time to 50
[18:32:55.637] [SEVERE ] updating countdown to 59935
[18:32:55.637] [SEVERE ] updating countdown to 60000
[18:32:55.701] [SEVERE ] updating elapsed time to 50
[18:32:55.701] [SEVERE ] updating countdown to 59936
[18:32:55.702] [SEVERE ] updating countdown to 60000
[18:32:55.764] [SEVERE ] updating elapsed time to 50
[18:32:55.764] [SEVERE ] updating countdown to 59938
[18:32:55.764] [SEVERE ] updating countdown to 60000
[18:32:55.827] [SEVERE ] updating elapsed time to 50
[18:32:55.827] [SEVERE ] updating countdown to 59937
[18:32:55.827] [SEVERE ] updating countdown to 60000
[18:32:55.890] [SEVERE ] updating elapsed time to 50
[18:32:55.890] [SEVERE ] updating countdown to 59937
[18:32:55.890] [SEVERE ] updating countdown to 60000
[18:32:55.953] [SEVERE ] updating elapsed time to 50
[18:32:55.953] [SEVERE ] updating countdown to 59937
[18:32:55.953] [SEVERE ] updating countdown to 60000
[18:32:56.016] [SEVERE ] updating elapsed time to 50
[18:32:56.016] [SEVERE ] updating countdown to 59937
[18:32:56.016] [SEVERE ] updating countdown to 60000
[18:32:56.078] [SEVERE ] updating elapsed time to 50
[18:32:56.078] [SEVERE ] updating countdown to 59938
[18:32:56.078] [SEVERE ] updating countdown to 60000
[18:32:56.102] [SEVERE ] exit button pressed
[18:32:56.141] [SEVERE ] updating elapsed time to 50
[18:32:56.141] [SEVERE ] updating countdown to 59937
[18:32:56.141] [SEVERE ] updating countdown to 60000
[18:32:56.141] [SEVERE ] updating countdown to 60000
[18:32:56.252] [SEVERE ] removing card from slot 0
[18:32:56.362] [SEVERE ] removing card from slot 1
[18:32:56.473] [SEVERE ] removing card from slot 2
[18:32:56.583] [SEVERE ] removing card from slot 3
[18:32:56.693] [SEVERE ] removing card from slot 4
[18:32:56.803] [SEVERE ] removing card from slot 5
[18:32:56.914] [SEVERE ] removing card from slot 6
[18:32:57.025] [SEVERE ] removing card from slot 7
[18:32:57.134] [SEVERE ] removing card from slot 8
[18:32:57.245] [SEVERE ] removing card from slot 9
[18:32:57.355] [SEVERE ] removing card from slot 10
[18:32:57.466] [SEVERE ] removing card from slot 11
[18:32:57.466] [INFO   ] thread dealer terminated.
[18:32:57.466] [SEVERE ] thanks for playing... it was fun!
[18:32:57.466] [INFO   ] thread bguspl.set.Main.main() terminated.
