[16:44:41.549] [INFO   ] thread bguspl.set.Main.main() starting.
[16:44:41.549] [SEVERE ] cannot read configuration file config.properties trying from resources.
[16:44:41.549] [SEVERE ] configuration file was loaded from resources directory.
[16:44:42.848] [INFO   ] thread dealer starting.
[16:44:42.860] [INFO   ] thread dealer starting.
[16:44:42.990] [SEVERE ] placing card 0 in slot 0
[16:44:43.163] [SEVERE ] placing card 1 in slot 1
[16:44:43.277] [SEVERE ] placing card 2 in slot 2
[16:44:43.381] [SEVERE ] placing card 3 in slot 3
[16:44:43.492] [SEVERE ] placing card 4 in slot 4
[16:44:43.598] [SEVERE ] placing card 5 in slot 5
[16:44:43.706] [SEVERE ] placing card 6 in slot 6
[16:44:43.814] [SEVERE ] placing card 7 in slot 7
[16:44:43.916] [SEVERE ] placing card 8 in slot 8
[16:44:44.027] [SEVERE ] placing card 9 in slot 9
[16:44:44.132] [SEVERE ] placing card 10 in slot 10
[16:44:44.243] [SEVERE ] placing card 11 in slot 11
[16:44:53.084] [SEVERE ] exit button pressed
[16:44:53.379] [SEVERE ] removing card from slot 0
[16:44:53.490] [SEVERE ] removing card from slot 1
[16:44:53.600] [SEVERE ] removing card from slot 2
[16:44:53.710] [SEVERE ] removing card from slot 3
[16:44:53.821] [SEVERE ] removing card from slot 4
[16:44:53.931] [SEVERE ] removing card from slot 5
[16:44:54.041] [SEVERE ] removing card from slot 6
[16:44:54.151] [SEVERE ] removing card from slot 7
[16:44:54.262] [SEVERE ] removing card from slot 8
[16:44:54.372] [SEVERE ] removing card from slot 9
[16:44:54.481] [SEVERE ] removing card from slot 10
[16:44:54.591] [SEVERE ] removing card from slot 11
[16:44:54.592] [INFO   ] thread dealer terminated.
[16:44:54.601] [SEVERE ] thanks for playing... it was fun!
[16:44:54.603] [INFO   ] thread bguspl.set.Main.main() terminated.
