[20:05:39.206] [INFO   ] thread bguspl.set.Main.main() starting.
[20:05:39.209] [SEVERE ] cannot read configuration file config.properties trying from resources.
[20:05:39.209] [SEVERE ] configuration file was loaded from resources directory.
[20:05:39.599] [INFO   ] thread dealer starting.
[20:05:39.600] [INFO   ] thread dealer starting.
[20:05:40.610] [SEVERE ] updating countdown to 58989
[20:05:40.719] [SEVERE ] placing card 0 in slot 0
[20:05:40.827] [SEVERE ] placing card 1 in slot 1
[20:05:40.937] [SEVERE ] placing card 2 in slot 2
[20:05:41.045] [SEVERE ] placing card 3 in slot 3
[20:05:41.155] [SEVERE ] placing card 4 in slot 4
[20:05:41.264] [SEVERE ] placing card 5 in slot 5
[20:05:41.372] [SEVERE ] placing card 6 in slot 6
[20:05:41.481] [SEVERE ] placing card 7 in slot 7
[20:05:41.591] [SEVERE ] placing card 8 in slot 8
[20:05:41.698] [SEVERE ] placing card 9 in slot 9
[20:05:41.808] [SEVERE ] placing card 10 in slot 10
[20:05:41.918] [SEVERE ] placing card 11 in slot 11
[20:05:41.918] [SEVERE ] updating countdown to 60000
[20:05:42.931] [SEVERE ] updating countdown to 58987
[20:05:42.931] [SEVERE ] updating countdown to 60000
[20:05:43.932] [SEVERE ] updating countdown to 58999
[20:05:43.932] [SEVERE ] updating countdown to 60000
[20:05:44.936] [SEVERE ] updating countdown to 58996
[20:05:44.936] [SEVERE ] updating countdown to 60000
[20:05:45.944] [SEVERE ] updating countdown to 58992
[20:05:45.944] [SEVERE ] updating countdown to 60000
[20:05:46.957] [SEVERE ] updating countdown to 58987
[20:05:46.958] [SEVERE ] updating countdown to 60000
[20:05:47.959] [SEVERE ] updating countdown to 58999
[20:05:47.961] [SEVERE ] updating countdown to 60000
[20:05:48.961] [SEVERE ] updating countdown to 59000
[20:05:48.962] [SEVERE ] updating countdown to 60000
[20:05:49.057] [SEVERE ] key 68 was pressed by player 1
[20:05:49.218] [SEVERE ] key 69 was pressed by player 1
[20:05:49.305] [SEVERE ] key 68 was pressed by player 1
[20:05:49.544] [SEVERE ] key 65 was pressed by player 1
[20:05:49.973] [SEVERE ] updating countdown to 58989
[20:05:49.974] [SEVERE ] updating countdown to 60000
[20:05:50.136] [SEVERE ] key 75 was pressed by player 2
[20:05:50.294] [SEVERE ] key 76 was pressed by player 2
[20:05:50.656] [SEVERE ] key 59 was pressed by player 2
[20:05:50.718] [SEVERE ] key 65 was pressed by player 1
[20:05:50.940] [SEVERE ] key 75 was pressed by player 2
[20:05:50.950] [SEVERE ] key 68 was pressed by player 1
[20:05:50.988] [SEVERE ] updating countdown to 58986
[20:05:50.989] [SEVERE ] updating countdown to 60000
[20:05:51.124] [SEVERE ] key 77 was pressed by player 2
[20:05:51.191] [SEVERE ] key 67 was pressed by player 1
[20:05:51.313] [SEVERE ] key 77 was pressed by player 2
[20:05:51.483] [SEVERE ] key 76 was pressed by player 2
[20:05:51.518] [SEVERE ] key 83 was pressed by player 1
[20:05:51.684] [SEVERE ] key 76 was pressed by player 2
[20:05:51.827] [SEVERE ] key 87 was pressed by player 1
[20:05:51.874] [SEVERE ] key 79 was pressed by player 2
[20:05:51.998] [SEVERE ] updating countdown to 58991
[20:05:51.999] [SEVERE ] updating countdown to 60000
[20:05:52.380] [SEVERE ] key 87 was pressed by player 1
[20:05:53.002] [SEVERE ] updating countdown to 58997
[20:05:53.003] [SEVERE ] updating countdown to 60000
[20:05:54.016] [SEVERE ] updating countdown to 58987
[20:05:54.016] [SEVERE ] updating countdown to 60000
[20:05:54.692] [SEVERE ] exit button pressed
[20:05:55.024] [SEVERE ] updating countdown to 58992
[20:05:55.024] [SEVERE ] updating countdown to 60000
[20:05:55.024] [SEVERE ] updating countdown to 60000
[20:05:55.024] [SEVERE ] updating countdown to 60000
[20:05:55.134] [SEVERE ] removing card from slot 0
[20:05:55.244] [SEVERE ] removing card from slot 1
[20:05:55.355] [SEVERE ] removing card from slot 2
[20:05:55.465] [SEVERE ] removing card from slot 3
[20:05:55.576] [SEVERE ] removing card from slot 4
[20:05:55.686] [SEVERE ] removing card from slot 5
[20:05:55.796] [SEVERE ] removing card from slot 6
[20:05:55.906] [SEVERE ] removing card from slot 7
[20:05:56.017] [SEVERE ] removing card from slot 8
[20:05:56.127] [SEVERE ] removing card from slot 9
[20:05:56.230] [SEVERE ] removing card from slot 10
[20:05:56.344] [SEVERE ] removing card from slot 11
[20:05:56.347] [INFO   ] thread dealer terminated.
[20:05:56.347] [SEVERE ] thanks for playing... it was fun!
[20:05:56.352] [INFO   ] thread bguspl.set.Main.main() terminated.
