[20:16:22.609] [INFO   ] thread bguspl.set.Main.main() starting.
[20:16:22.625] [SEVERE ] cannot read configuration file config.properties trying from resources.
[20:16:22.625] [SEVERE ] configuration file was loaded from resources directory.
[20:16:24.878] [INFO   ] thread dealer starting.
[20:16:24.882] [INFO   ] thread dealer starting.
[20:16:25.913] [SEVERE ] updating countdown to 58963
[20:16:26.023] [SEVERE ] placing card 0 in slot 0
[20:16:26.133] [SEVERE ] placing card 1 in slot 1
[20:16:26.243] [SEVERE ] placing card 2 in slot 2
[20:16:26.353] [SEVERE ] placing card 3 in slot 3
[20:16:26.463] [SEVERE ] placing card 4 in slot 4
[20:16:26.573] [SEVERE ] placing card 5 in slot 5
[20:16:26.683] [SEVERE ] placing card 6 in slot 6
[20:16:26.793] [SEVERE ] placing card 7 in slot 7
[20:16:26.903] [SEVERE ] placing card 8 in slot 8
[20:16:27.014] [SEVERE ] placing card 9 in slot 9
[20:16:27.124] [SEVERE ] placing card 10 in slot 10
[20:16:27.235] [SEVERE ] placing card 11 in slot 11
[20:16:27.235] [SEVERE ] updating countdown to 60000
[20:16:28.243] [SEVERE ] updating countdown to 58992
[20:16:28.243] [SEVERE ] updating countdown to 60000
[20:16:29.254] [SEVERE ] updating countdown to 58989
[20:16:29.254] [SEVERE ] updating countdown to 60000
[20:16:30.262] [SEVERE ] updating countdown to 58992
[20:16:30.262] [SEVERE ] updating countdown to 60000
[20:16:31.271] [SEVERE ] updating countdown to 58991
[20:16:31.271] [SEVERE ] updating countdown to 60000
[20:16:32.280] [SEVERE ] updating countdown to 58991
[20:16:32.280] [SEVERE ] updating countdown to 60000
[20:16:32.844] [SEVERE ] exit button pressed
[20:16:33.283] [SEVERE ] updating countdown to 58997
[20:16:33.283] [SEVERE ] updating countdown to 60000
[20:16:33.283] [SEVERE ] updating countdown to 60000
[20:16:33.283] [SEVERE ] updating countdown to 60000
[20:16:33.394] [SEVERE ] removing card from slot 0
[20:16:33.504] [SEVERE ] removing card from slot 1
[20:16:33.615] [SEVERE ] removing card from slot 2
[20:16:33.725] [SEVERE ] removing card from slot 3
[20:16:33.830] [SEVERE ] removing card from slot 4
[20:16:33.932] [SEVERE ] removing card from slot 5
[20:16:34.034] [SEVERE ] removing card from slot 6
[20:16:34.147] [SEVERE ] removing card from slot 7
[20:16:34.260] [SEVERE ] removing card from slot 8
[20:16:34.370] [SEVERE ] removing card from slot 9
[20:16:34.481] [SEVERE ] removing card from slot 10
[20:16:34.591] [SEVERE ] removing card from slot 11
[20:16:34.592] [INFO   ] thread dealer terminated.
[20:16:34.592] [SEVERE ] thanks for playing... it was fun!
[20:16:34.592] [INFO   ] thread bguspl.set.Main.main() terminated.
