[16:06:13.408] [INFO   ] thread bguspl.set.Main.main() starting.
[16:06:13.408] [SEVERE ] cannot read configuration file config.properties trying from resources.
[16:06:13.408] [SEVERE ] configuration file was loaded from resources directory.
[16:06:13.975] [INFO   ] thread dealer starting.
[16:06:13.978] [INFO   ] thread dealer starting.
[16:06:13.979] [INFO   ] thread Player0 starting.
[16:06:13.979] [INFO   ] thread Player1 starting.
[16:06:14.086] [SEVERE ] placing card 50 in slot 0
[16:06:14.197] [SEVERE ] placing card 77 in slot 1
[16:06:14.304] [SEVERE ] placing card 51 in slot 2
[16:06:14.415] [SEVERE ] placing card 49 in slot 3
[16:06:14.519] [SEVERE ] placing card 23 in slot 4
[16:06:14.630] [SEVERE ] placing card 36 in slot 5
[16:06:14.733] [SEVERE ] placing card 54 in slot 6
[16:06:14.837] [SEVERE ] placing card 46 in slot 7
[16:06:14.947] [SEVERE ] placing card 15 in slot 8
[16:06:15.050] [SEVERE ] placing card 67 in slot 9
[16:06:15.154] [SEVERE ] placing card 4 in slot 10
[16:06:15.264] [SEVERE ] placing card 2 in slot 11
[16:06:16.265] [SEVERE ] updating countdown to 57710
[16:06:17.273] [SEVERE ] updating countdown to 56702
[16:06:18.282] [SEVERE ] updating countdown to 55693
[16:06:19.286] [SEVERE ] updating countdown to 54689
[16:06:20.292] [SEVERE ] updating countdown to 53683
[16:06:21.298] [SEVERE ] updating countdown to 52677
[16:06:21.929] [SEVERE ] key 81 was pressed by player 1
[16:06:21.929] [SEVERE ] player 1 placing token on slot 0
[16:06:22.305] [SEVERE ] updating countdown to 51670
[16:06:22.572] [SEVERE ] key 81 was pressed by player 1
[16:06:22.572] [SEVERE ] removing player 1 token from slot 0
[16:06:23.308] [SEVERE ] updating countdown to 50667
[16:06:23.489] [SEVERE ] key 81 was pressed by player 1
[16:06:23.489] [SEVERE ] player 1 placing token on slot 0
[16:06:23.789] [SEVERE ] key 81 was pressed by player 1
[16:06:23.789] [SEVERE ] removing player 1 token from slot 0
[16:06:24.315] [SEVERE ] updating countdown to 49660
[16:06:24.332] [SEVERE ] key 87 was pressed by player 1
[16:06:24.341] [SEVERE ] player 1 placing token on slot 1
[16:06:24.584] [SEVERE ] key 87 was pressed by player 1
[16:06:24.590] [SEVERE ] removing player 1 token from slot 1
[16:06:25.215] [SEVERE ] key 65 was pressed by player 1
[16:06:25.319] [SEVERE ] updating countdown to 48656
[16:06:25.469] [SEVERE ] key 65 was pressed by player 1
[16:06:26.049] [SEVERE ] key 65 was pressed by player 1
[16:06:26.334] [SEVERE ] updating countdown to 47641
[16:06:26.996] [SEVERE ] key 65 was pressed by player 1
[16:06:27.344] [SEVERE ] updating countdown to 46631
[16:06:28.352] [SEVERE ] updating countdown to 45623
[16:06:28.840] [SEVERE ] key 81 was pressed by player 1
[16:06:29.358] [SEVERE ] updating countdown to 44617
[16:06:29.358] [SEVERE ] key 87 was pressed by player 1
[16:06:29.642] [SEVERE ] key 65 was pressed by player 1
[16:06:29.956] [SEVERE ] key 81 was pressed by player 1
[16:06:30.176] [SEVERE ] key 87 was pressed by player 1
[16:06:30.365] [SEVERE ] updating countdown to 43610
[16:06:30.710] [SEVERE ] key 65 was pressed by player 1
[16:06:30.946] [SEVERE ] key 81 was pressed by player 1
[16:06:31.158] [SEVERE ] key 87 was pressed by player 1
[16:06:31.354] [SEVERE ] key 65 was pressed by player 1
[16:06:31.370] [SEVERE ] updating countdown to 42605
[16:06:31.544] [SEVERE ] key 81 was pressed by player 1
[16:06:31.748] [SEVERE ] key 87 was pressed by player 1
[16:06:31.951] [SEVERE ] key 65 was pressed by player 1
[16:06:32.155] [SEVERE ] key 81 was pressed by player 1
[16:06:32.344] [SEVERE ] key 87 was pressed by player 1
[16:06:32.375] [SEVERE ] updating countdown to 41600
[16:06:33.383] [SEVERE ] updating countdown to 40592
[16:06:34.224] [SEVERE ] exit button pressed
[16:06:34.224] [INFO   ] thread Player1 terminated.
[16:06:34.392] [SEVERE ] updating countdown to 39583
[16:06:34.392] [SEVERE ] updating countdown to 39583
[16:06:34.502] [SEVERE ] removing player 1 token from slot 0
[16:06:34.502] [SEVERE ] removing player 2 token from slot 0
[16:06:34.502] [SEVERE ] removing card from slot 0
[16:06:34.606] [SEVERE ] removing player 1 token from slot 1
[16:06:34.606] [SEVERE ] removing player 2 token from slot 1
[16:06:34.608] [SEVERE ] removing card from slot 1
[16:06:34.717] [SEVERE ] removing player 1 token from slot 2
[16:06:34.719] [SEVERE ] removing player 2 token from slot 2
[16:06:34.719] [SEVERE ] removing card from slot 2
[16:06:34.833] [SEVERE ] removing player 1 token from slot 3
[16:06:34.833] [SEVERE ] removing player 2 token from slot 3
[16:06:34.833] [SEVERE ] removing card from slot 3
[16:06:34.949] [SEVERE ] removing player 1 token from slot 4
[16:06:34.949] [SEVERE ] removing player 2 token from slot 4
[16:06:34.949] [SEVERE ] removing card from slot 4
[16:06:35.051] [SEVERE ] removing player 1 token from slot 5
[16:06:35.051] [SEVERE ] removing player 2 token from slot 5
[16:06:35.051] [SEVERE ] removing card from slot 5
[16:06:35.158] [SEVERE ] removing player 1 token from slot 6
[16:06:35.158] [SEVERE ] removing player 2 token from slot 6
[16:06:35.158] [SEVERE ] removing card from slot 6
[16:06:35.262] [SEVERE ] removing player 1 token from slot 7
[16:06:35.262] [SEVERE ] removing player 2 token from slot 7
[16:06:35.262] [SEVERE ] removing card from slot 7
[16:06:35.365] [SEVERE ] removing player 1 token from slot 8
[16:06:35.365] [SEVERE ] removing player 2 token from slot 8
[16:06:35.368] [SEVERE ] removing card from slot 8
[16:06:35.476] [SEVERE ] removing player 1 token from slot 9
[16:06:35.476] [SEVERE ] removing player 2 token from slot 9
[16:06:35.476] [SEVERE ] removing card from slot 9
[16:06:35.580] [SEVERE ] removing player 1 token from slot 10
[16:06:35.580] [SEVERE ] removing player 2 token from slot 10
[16:06:35.580] [SEVERE ] removing card from slot 10
[16:06:35.686] [SEVERE ] removing player 1 token from slot 11
[16:06:35.688] [SEVERE ] removing player 2 token from slot 11
[16:06:35.689] [SEVERE ] removing card from slot 11
[16:06:35.694] [INFO   ] thread dealer terminated.
[16:06:35.694] [SEVERE ] thanks for playing... it was fun!
[16:06:35.695] [INFO   ] thread bguspl.set.Main.main() terminated.
