[18:29:49.660] [INFO   ] thread bguspl.set.Main.main() starting.
[18:29:49.662] [SEVERE ] cannot read configuration file config.properties trying from resources.
[18:29:49.662] [SEVERE ] configuration file was loaded from resources directory.
[18:29:51.214] [INFO   ] thread dealer starting.
[18:29:51.215] [INFO   ] thread dealer starting.
[18:29:51.215] [INFO   ] thread Player0 starting.
[18:29:51.215] [INFO   ] thread Player1 starting.
[18:29:51.323] [SEVERE ] placing card 5 in slot 0
[18:29:51.428] [SEVERE ] placing card 1 in slot 1
[18:29:51.532] [SEVERE ] placing card 71 in slot 2
[18:29:51.633] [SEVERE ] placing card 52 in slot 3
[18:29:51.735] [SEVERE ] placing card 19 in slot 4
[18:29:51.840] [SEVERE ] placing card 10 in slot 5
[18:29:51.940] [SEVERE ] placing card 24 in slot 6
[18:29:52.041] [SEVERE ] placing card 76 in slot 7
[18:29:52.144] [SEVERE ] placing card 56 in slot 8
[18:29:52.245] [SEVERE ] placing card 53 in slot 9
[18:29:52.347] [SEVERE ] placing card 75 in slot 10
[18:29:52.450] [SEVERE ] placing card 61 in slot 11
[18:29:52.451] [INFO   ] thread dealer terminated.
[18:29:57.456] [SEVERE ] thanks for playing... it was fun!
[18:29:57.456] [INFO   ] thread bguspl.set.Main.main() terminated.
[18:29:57.456] [SEVERE ] disposing of user interface elements
