[15:15:53.416] [INFO   ] thread bguspl.set.Main.main() starting.
[15:15:53.438] [SEVERE ] cannot read configuration file config.properties trying from resources.
[15:15:53.440] [SEVERE ] configuration file was loaded from resources directory.
[15:15:54.697] [INFO   ] thread dealer starting.
[15:15:54.709] [INFO   ] thread dealer starting.
[15:15:54.712] [INFO   ] thread Player0 starting.
[15:15:54.720] [INFO   ] thread Player1 starting.
[15:15:54.841] [SEVERE ] placing card 25 in slot 0
[15:15:54.956] [SEVERE ] placing card 7 in slot 1
[15:15:55.073] [SEVERE ] placing card 13 in slot 2
[15:15:55.190] [SEVERE ] placing card 54 in slot 3
[15:15:55.306] [SEVERE ] placing card 30 in slot 4
[15:15:55.423] [SEVERE ] placing card 11 in slot 5
[15:15:55.540] [SEVERE ] placing card 26 in slot 6
[15:15:55.655] [SEVERE ] placing card 58 in slot 7
[15:15:55.766] [SEVERE ] placing card 47 in slot 8
[15:15:55.877] [SEVERE ] placing card 60 in slot 9
[15:15:55.988] [SEVERE ] placing card 21 in slot 10
[15:15:56.099] [SEVERE ] placing card 48 in slot 11
[15:15:57.104] [SEVERE ] updating countdown to 57592
[15:15:57.591] [SEVERE ] key 81 was pressed by player 1
[15:15:57.607] [SEVERE ] player 1 placing token on slot 0
[15:15:58.062] [SEVERE ] key 87 was pressed by player 1
[15:15:58.062] [SEVERE ] player 1 placing token on slot 1
[15:15:58.107] [SEVERE ] updating countdown to 56589
[15:15:58.600] [SEVERE ] key 65 was pressed by player 1
[15:15:58.600] [SEVERE ] player 1 placing token on slot 4
[15:15:59.117] [SEVERE ] updating countdown to 55579
[15:15:59.165] [SEVERE ] key 65 was pressed by player 1
[15:16:00.126] [SEVERE ] updating countdown to 54570
[15:16:00.568] [SEVERE ] key 81 was pressed by player 1
[15:16:00.799] [SEVERE ] key 87 was pressed by player 1
[15:16:01.128] [SEVERE ] updating countdown to 53568
[15:16:01.301] [SEVERE ] key 65 was pressed by player 1
[15:16:02.132] [SEVERE ] updating countdown to 52564
[15:16:02.179] [SEVERE ] key 83 was pressed by player 1
[15:16:03.139] [SEVERE ] updating countdown to 51557
[15:16:03.706] [SEVERE ] key 81 was pressed by player 1
[15:16:03.950] [SEVERE ] key 87 was pressed by player 1
[15:16:04.154] [SEVERE ] updating countdown to 50542
[15:16:04.186] [SEVERE ] key 65 was pressed by player 1
[15:16:05.161] [SEVERE ] updating countdown to 49535
[15:16:06.171] [SEVERE ] updating countdown to 48525
[15:16:06.180] [SEVERE ] key 81 was pressed by player 1
[15:16:06.799] [SEVERE ] key 87 was pressed by player 1
[15:16:07.176] [SEVERE ] updating countdown to 47520
[15:16:07.349] [SEVERE ] key 65 was pressed by player 1
[15:16:07.684] [SEVERE ] key 81 was pressed by player 1
[15:16:07.931] [SEVERE ] key 87 was pressed by player 1
[15:16:08.183] [SEVERE ] updating countdown to 46513
[15:16:09.185] [SEVERE ] updating countdown to 45511
[15:16:10.192] [SEVERE ] updating countdown to 44504
[15:16:10.963] [SEVERE ] exit button pressed
[15:16:10.963] [INFO   ] thread Player1 terminated.
[15:16:11.201] [SEVERE ] updating countdown to 43495
[15:16:11.201] [SEVERE ] updating countdown to 43495
[15:16:11.311] [SEVERE ] removing player 1 token from slot 0
[15:16:11.311] [SEVERE ] removing player 2 token from slot 0
[15:16:11.311] [SEVERE ] removing card from slot 0
[15:16:11.421] [SEVERE ] removing player 1 token from slot 1
[15:16:11.422] [SEVERE ] removing player 2 token from slot 1
[15:16:11.423] [SEVERE ] removing card from slot 1
[15:16:11.537] [SEVERE ] removing player 1 token from slot 2
[15:16:11.538] [SEVERE ] removing player 2 token from slot 2
[15:16:11.538] [SEVERE ] removing card from slot 2
[15:16:11.653] [SEVERE ] removing player 1 token from slot 3
[15:16:11.655] [SEVERE ] removing player 2 token from slot 3
[15:16:11.655] [SEVERE ] removing card from slot 3
[15:16:11.771] [SEVERE ] removing player 1 token from slot 4
[15:16:11.773] [SEVERE ] removing player 2 token from slot 4
[15:16:11.774] [SEVERE ] removing card from slot 4
[15:16:11.887] [SEVERE ] removing player 1 token from slot 5
[15:16:11.888] [SEVERE ] removing player 2 token from slot 5
[15:16:11.889] [SEVERE ] removing card from slot 5
[15:16:12.004] [SEVERE ] removing player 1 token from slot 6
[15:16:12.005] [SEVERE ] removing player 2 token from slot 6
[15:16:12.005] [SEVERE ] removing card from slot 6
[15:16:12.121] [SEVERE ] removing player 1 token from slot 7
[15:16:12.122] [SEVERE ] removing player 2 token from slot 7
[15:16:12.122] [SEVERE ] removing card from slot 7
[15:16:12.236] [SEVERE ] removing player 1 token from slot 8
[15:16:12.237] [SEVERE ] removing player 2 token from slot 8
[15:16:12.238] [SEVERE ] removing card from slot 8
[15:16:12.351] [SEVERE ] removing player 1 token from slot 9
[15:16:12.353] [SEVERE ] removing player 2 token from slot 9
[15:16:12.353] [SEVERE ] removing card from slot 9
[15:16:12.467] [SEVERE ] removing player 1 token from slot 10
[15:16:12.468] [SEVERE ] removing player 2 token from slot 10
[15:16:12.468] [SEVERE ] removing card from slot 10
[15:16:12.570] [SEVERE ] removing player 1 token from slot 11
[15:16:12.571] [SEVERE ] removing player 2 token from slot 11
[15:16:12.572] [SEVERE ] removing card from slot 11
[15:16:12.578] [INFO   ] thread dealer terminated.
[15:16:12.578] [SEVERE ] thanks for playing... it was fun!
[15:16:12.579] [INFO   ] thread bguspl.set.Main.main() terminated.
