[15:12:55.152] [INFO   ] thread bguspl.set.Main.main() starting.
[15:12:55.160] [SEVERE ] cannot read configuration file config.properties trying from resources.
[15:12:55.160] [SEVERE ] configuration file was loaded from resources directory.
[15:12:57.069] [INFO   ] thread dealer starting.
[15:12:57.084] [INFO   ] thread dealer starting.
[15:12:57.100] [INFO   ] thread Player0 starting.
[15:12:57.101] [INFO   ] thread Player1 starting.
[15:12:57.229] [SEVERE ] placing card 46 in slot 0
[15:12:57.341] [SEVERE ] placing card 1 in slot 1
[15:12:57.448] [SEVERE ] placing card 42 in slot 2
[15:12:57.553] [SEVERE ] placing card 66 in slot 3
[15:12:57.663] [SEVERE ] placing card 4 in slot 4
[15:12:57.779] [SEVERE ] placing card 65 in slot 5
[15:12:57.895] [SEVERE ] placing card 8 in slot 6
[15:12:57.999] [SEVERE ] placing card 7 in slot 7
[15:12:58.108] [SEVERE ] placing card 0 in slot 8
[15:12:58.219] [SEVERE ] placing card 78 in slot 9
[15:12:58.328] [SEVERE ] placing card 38 in slot 10
[15:12:58.438] [SEVERE ] placing card 17 in slot 11
[15:12:59.443] [SEVERE ] updating countdown to 57626
[15:12:59.976] [SEVERE ] key 81 was pressed by player 1
[15:12:59.976] [SEVERE ] player 1 placing token on slot 0
[15:13:00.284] [SEVERE ] key 87 was pressed by player 1
[15:13:00.445] [SEVERE ] updating countdown to 56624
[15:13:01.325] [SEVERE ] key 65 was pressed by player 1
[15:13:01.462] [SEVERE ] updating countdown to 55607
[15:13:01.635] [SEVERE ] key 83 was pressed by player 1
[15:13:02.471] [SEVERE ] updating countdown to 54598
[15:13:03.478] [SEVERE ] updating countdown to 53591
[15:13:03.855] [SEVERE ] exit button pressed
[15:13:03.855] [INFO   ] thread Player1 terminated.
[15:13:04.483] [SEVERE ] updating countdown to 52586
[15:13:04.483] [SEVERE ] updating countdown to 52586
[15:13:04.593] [SEVERE ] removing player 1 token from slot 0
[15:13:04.593] [SEVERE ] removing player 2 token from slot 0
[15:13:04.593] [SEVERE ] removing card from slot 0
[15:13:04.697] [SEVERE ] removing player 1 token from slot 1
[15:13:04.698] [SEVERE ] removing player 2 token from slot 1
[15:13:04.699] [SEVERE ] removing card from slot 1
[15:13:04.810] [SEVERE ] removing player 1 token from slot 2
[15:13:04.812] [SEVERE ] removing player 2 token from slot 2
[15:13:04.813] [SEVERE ] removing card from slot 2
[15:13:04.926] [SEVERE ] removing player 1 token from slot 3
[15:13:04.927] [SEVERE ] removing player 2 token from slot 3
[15:13:04.928] [SEVERE ] removing card from slot 3
[15:13:05.043] [SEVERE ] removing player 1 token from slot 4
[15:13:05.044] [SEVERE ] removing player 2 token from slot 4
[15:13:05.045] [SEVERE ] removing card from slot 4
[15:13:05.145] [SEVERE ] removing player 1 token from slot 5
[15:13:05.146] [SEVERE ] removing player 2 token from slot 5
[15:13:05.147] [SEVERE ] removing card from slot 5
[15:13:05.260] [SEVERE ] removing player 1 token from slot 6
[15:13:05.261] [SEVERE ] removing player 2 token from slot 6
[15:13:05.262] [SEVERE ] removing card from slot 6
[15:13:05.376] [SEVERE ] removing player 1 token from slot 7
[15:13:05.377] [SEVERE ] removing player 2 token from slot 7
[15:13:05.378] [SEVERE ] removing card from slot 7
[15:13:05.478] [SEVERE ] removing player 1 token from slot 8
[15:13:05.478] [SEVERE ] removing player 2 token from slot 8
[15:13:05.479] [SEVERE ] removing card from slot 8
[15:13:05.594] [SEVERE ] removing player 1 token from slot 9
[15:13:05.595] [SEVERE ] removing player 2 token from slot 9
[15:13:05.595] [SEVERE ] removing card from slot 9
[15:13:05.710] [SEVERE ] removing player 1 token from slot 10
[15:13:05.711] [SEVERE ] removing player 2 token from slot 10
[15:13:05.712] [SEVERE ] removing card from slot 10
[15:13:05.827] [SEVERE ] removing player 1 token from slot 11
[15:13:05.828] [SEVERE ] removing player 2 token from slot 11
[15:13:05.828] [SEVERE ] removing card from slot 11
[15:13:05.835] [INFO   ] thread dealer terminated.
[15:13:05.835] [SEVERE ] thanks for playing... it was fun!
[15:13:05.836] [INFO   ] thread bguspl.set.Main.main() terminated.
