[18:24:34.385] [INFO   ] thread bguspl.set.Main.main() starting.
[18:24:34.386] [SEVERE ] cannot read configuration file config.properties trying from resources.
[18:24:34.387] [SEVERE ] configuration file was loaded from resources directory.
[18:24:35.565] [INFO   ] thread dealer starting.
[18:24:35.566] [INFO   ] thread dealer starting.
[18:24:35.566] [INFO   ] thread Player0 starting.
[18:24:35.566] [INFO   ] thread Player1 starting.
[18:24:35.675] [SEVERE ] placing card 78 in slot 0
[18:24:35.776] [SEVERE ] placing card 21 in slot 1
[18:24:35.880] [SEVERE ] placing card 80 in slot 2
[18:24:35.983] [SEVERE ] placing card 63 in slot 3
[18:24:36.083] [SEVERE ] placing card 8 in slot 4
[18:24:36.188] [SEVERE ] placing card 24 in slot 5
[18:24:36.291] [SEVERE ] placing card 32 in slot 6
[18:24:36.396] [SEVERE ] placing card 75 in slot 7
[18:24:36.498] [SEVERE ] placing card 65 in slot 8
[18:24:36.600] [SEVERE ] placing card 49 in slot 9
[18:24:36.701] [SEVERE ] placing card 76 in slot 10
[18:24:36.807] [SEVERE ] placing card 19 in slot 11
[18:24:37.136] [SEVERE ] key 81 was pressed by player 1
[18:24:37.136] [SEVERE ] player 1 placing token on slot 0
[18:24:37.445] [SEVERE ] key 81 was pressed by player 1
[18:24:37.445] [SEVERE ] removing player 1 token from slot 0
[18:24:37.811] [SEVERE ] updating countdown to 57754
[18:24:38.089] [SEVERE ] key 81 was pressed by player 1
[18:24:38.089] [SEVERE ] player 1 placing token on slot 0
[18:24:38.408] [SEVERE ] key 87 was pressed by player 1
[18:24:38.408] [SEVERE ] player 1 placing token on slot 1
[18:24:38.813] [SEVERE ] updating countdown to 56752
[18:24:39.426] [SEVERE ] key 81 was pressed by player 1
[18:24:39.426] [SEVERE ] removing player 1 token from slot 0
[18:24:39.640] [SEVERE ] key 87 was pressed by player 1
[18:24:39.640] [SEVERE ] removing player 1 token from slot 1
[18:24:39.816] [SEVERE ] updating countdown to 55750
[18:24:40.820] [SEVERE ] updating countdown to 54745
[18:24:41.824] [SEVERE ] updating countdown to 53741
[18:24:42.827] [SEVERE ] updating countdown to 52738
[18:24:43.829] [SEVERE ] updating countdown to 51736
[18:24:44.832] [SEVERE ] updating countdown to 50733
[18:24:45.835] [SEVERE ] updating countdown to 49730
[18:24:46.838] [SEVERE ] updating countdown to 48727
[18:24:47.843] [SEVERE ] updating countdown to 47722
[18:24:48.846] [SEVERE ] updating countdown to 46719
[18:24:49.849] [SEVERE ] updating countdown to 45716
[18:24:50.852] [SEVERE ] updating countdown to 44713
[18:24:51.854] [SEVERE ] updating countdown to 43711
[18:24:52.856] [SEVERE ] updating countdown to 42709
[18:24:53.860] [SEVERE ] updating countdown to 41705
[18:24:54.861] [SEVERE ] updating countdown to 40704
[18:24:55.863] [SEVERE ] updating countdown to 39702
[18:24:56.865] [SEVERE ] updating countdown to 38700
[18:24:57.870] [SEVERE ] updating countdown to 37695
[18:24:58.872] [SEVERE ] updating countdown to 36693
[18:24:58.961] [SEVERE ] key 82 was pressed by player 1
[18:24:59.694] [SEVERE ] key 69 was pressed by player 1
[18:24:59.874] [SEVERE ] updating countdown to 35691
[18:25:00.877] [SEVERE ] updating countdown to 34688
[18:25:01.062] [SEVERE ] key 82 was pressed by player 1
[18:25:01.262] [SEVERE ] key 82 was pressed by player 1
[18:25:01.553] [SEVERE ] key 68 was pressed by player 1
[18:25:01.879] [SEVERE ] updating countdown to 33686
[18:25:02.192] [SEVERE ] key 83 was pressed by player 1
[18:25:02.884] [SEVERE ] updating countdown to 32681
[18:25:02.981] [SEVERE ] key 80 was pressed by player 2
[18:25:02.981] [SEVERE ] player 2 placing token on slot 3
[18:25:03.889] [SEVERE ] updating countdown to 31676
[18:25:04.752] [SEVERE ] key 76 was pressed by player 2
[18:25:04.753] [SEVERE ] player 2 placing token on slot 6
[18:25:04.892] [SEVERE ] updating countdown to 30673
[18:25:05.894] [SEVERE ] updating countdown to 29671
[18:25:06.898] [SEVERE ] updating countdown to 28667
[18:25:07.174] [SEVERE ] key 46 was pressed by player 2
[18:25:07.174] [SEVERE ] player 2 placing token on slot 10
[18:25:07.826] [SEVERE ] key 46 was pressed by player 2
[18:25:07.901] [SEVERE ] updating countdown to 27664
[18:25:08.556] [SEVERE ] key 46 was pressed by player 2
[18:25:08.786] [SEVERE ] key 46 was pressed by player 2
[18:25:08.905] [SEVERE ] updating countdown to 26660
[18:25:09.911] [SEVERE ] updating countdown to 25654
[18:25:10.097] [SEVERE ] key 82 was pressed by player 1
[18:25:10.504] [SEVERE ] key 69 was pressed by player 1
[18:25:10.916] [SEVERE ] updating countdown to 24649
[18:25:11.029] [SEVERE ] key 68 was pressed by player 1
[18:25:11.552] [SEVERE ] key 68 was pressed by player 1
[18:25:11.617] [SEVERE ] key 68 was pressed by player 1
[18:25:11.633] [SEVERE ] key 88 was pressed by player 1
[18:25:11.713] [SEVERE ] key 76 was pressed by player 2
[18:25:11.738] [SEVERE ] key 59 was pressed by player 2
[18:25:11.841] [SEVERE ] key 75 was pressed by player 2
[18:25:11.921] [SEVERE ] updating countdown to 23644
[18:25:11.941] [SEVERE ] key 87 was pressed by player 1
[18:25:11.965] [SEVERE ] key 79 was pressed by player 2
[18:25:12.032] [SEVERE ] key 75 was pressed by player 2
[18:25:12.385] [SEVERE ] key 83 was pressed by player 1
[18:25:12.638] [SEVERE ] key 76 was pressed by player 2
[18:25:12.849] [SEVERE ] key 79 was pressed by player 2
[18:25:12.865] [SEVERE ] key 68 was pressed by player 1
[18:25:12.867] [SEVERE ] key 75 was pressed by player 2
[18:25:12.927] [SEVERE ] updating countdown to 22638
[18:25:13.045] [SEVERE ] key 59 was pressed by player 2
[18:25:13.048] [SEVERE ] key 83 was pressed by player 1
[18:25:13.211] [SEVERE ] key 88 was pressed by player 1
[18:25:13.514] [SEVERE ] key 68 was pressed by player 1
[18:25:13.599] [SEVERE ] key 83 was pressed by player 1
[18:25:13.615] [SEVERE ] key 75 was pressed by player 2
[18:25:13.639] [SEVERE ] key 59 was pressed by player 2
[18:25:13.930] [SEVERE ] updating countdown to 21635
[18:25:14.935] [SEVERE ] updating countdown to 20630
[18:25:15.194] [SEVERE ] exit button pressed
[18:25:15.939] [SEVERE ] updating countdown to 19626
[18:25:15.940] [SEVERE ] updating countdown to 19625
[18:25:16.045] [SEVERE ] removing player 1 token from slot 0
[18:25:16.045] [SEVERE ] removing player 2 token from slot 0
[18:25:16.046] [SEVERE ] removing card from slot 0
[18:25:16.149] [SEVERE ] removing player 1 token from slot 1
[18:25:16.150] [SEVERE ] removing player 2 token from slot 1
[18:25:16.150] [SEVERE ] removing card from slot 1
[18:25:16.254] [SEVERE ] removing player 1 token from slot 2
[18:25:16.255] [SEVERE ] removing player 2 token from slot 2
[18:25:16.255] [SEVERE ] removing card from slot 2
[18:25:16.361] [SEVERE ] removing player 1 token from slot 3
[18:25:16.362] [SEVERE ] removing player 2 token from slot 3
[18:25:16.362] [SEVERE ] removing card from slot 3
[18:25:16.463] [SEVERE ] removing player 1 token from slot 4
[18:25:16.463] [SEVERE ] removing player 2 token from slot 4
[18:25:16.463] [SEVERE ] removing card from slot 4
[18:25:16.567] [SEVERE ] removing player 1 token from slot 5
[18:25:16.568] [SEVERE ] removing player 2 token from slot 5
[18:25:16.568] [SEVERE ] removing card from slot 5
[18:25:16.669] [SEVERE ] removing player 1 token from slot 6
[18:25:16.670] [SEVERE ] removing player 2 token from slot 6
[18:25:16.671] [SEVERE ] removing card from slot 6
[18:25:16.776] [SEVERE ] removing player 1 token from slot 7
[18:25:16.777] [SEVERE ] removing player 2 token from slot 7
[18:25:16.777] [SEVERE ] removing card from slot 7
[18:25:16.881] [SEVERE ] removing player 1 token from slot 8
[18:25:16.881] [SEVERE ] removing player 2 token from slot 8
[18:25:16.882] [SEVERE ] removing card from slot 8
[18:25:16.986] [SEVERE ] removing player 1 token from slot 9
[18:25:16.987] [SEVERE ] removing player 2 token from slot 9
[18:25:16.987] [SEVERE ] removing card from slot 9
[18:25:17.088] [SEVERE ] removing player 1 token from slot 10
[18:25:17.089] [SEVERE ] removing player 2 token from slot 10
[18:25:17.089] [SEVERE ] removing card from slot 10
[18:25:17.193] [SEVERE ] removing player 1 token from slot 11
[18:25:17.194] [SEVERE ] removing player 2 token from slot 11
[18:25:17.194] [SEVERE ] removing card from slot 11
[18:25:17.197] [INFO   ] thread dealer terminated.
[18:25:17.198] [SEVERE ] thanks for playing... it was fun!
[18:25:17.198] [INFO   ] thread bguspl.set.Main.main() terminated.
