[16:30:33.988] [INFO   ] thread bguspl.set.Main.main() starting.
[16:30:33.990] [SEVERE ] cannot read configuration file config.properties trying from resources.
[16:30:33.990] [SEVERE ] configuration file was loaded from resources directory.
[16:30:35.686] [INFO   ] thread dealer starting.
[16:30:35.687] [INFO   ] thread dealer starting.
[16:30:35.687] [INFO   ] thread Player0 starting.
[16:30:35.687] [INFO   ] thread Player1 starting.
[16:30:35.797] [SEVERE ] placing card 66 in slot 0
[16:30:35.899] [SEVERE ] placing card 69 in slot 1
[16:30:36.001] [SEVERE ] placing card 16 in slot 2
[16:30:36.103] [SEVERE ] placing card 27 in slot 3
[16:30:36.204] [SEVERE ] placing card 63 in slot 4
[16:30:36.305] [SEVERE ] placing card 73 in slot 5
[16:30:36.410] [SEVERE ] placing card 30 in slot 6
[16:30:36.512] [SEVERE ] placing card 12 in slot 7
[16:30:36.616] [SEVERE ] placing card 34 in slot 8
[16:30:36.718] [SEVERE ] placing card 77 in slot 9
[16:30:36.823] [SEVERE ] placing card 11 in slot 10
[16:30:36.925] [SEVERE ] placing card 38 in slot 11
[16:30:37.627] [SEVERE ] updating countdown to 58060
[16:30:37.811] [SEVERE ] key 80 was pressed by player 2
[16:30:37.811] [SEVERE ] player 2 placing token on slot 3
[16:30:38.206] [SEVERE ] key 80 was pressed by player 2
[16:30:38.207] [SEVERE ] removing player 2 token from slot 3
[16:30:38.332] [SEVERE ] updating countdown to 57354
[16:30:39.034] [SEVERE ] updating countdown to 56652
[16:30:39.738] [SEVERE ] updating countdown to 55948
[16:30:40.444] [SEVERE ] updating countdown to 55242
[16:30:41.149] [SEVERE ] updating countdown to 54538
[16:30:41.854] [SEVERE ] updating countdown to 53832
[16:30:42.557] [SEVERE ] updating countdown to 53130
[16:30:43.260] [SEVERE ] updating countdown to 52426
[16:30:43.961] [SEVERE ] updating countdown to 51725
[16:30:44.243] [SEVERE ] key 65 was pressed by player 1
[16:30:44.244] [SEVERE ] player 1 placing token on slot 4
[16:30:44.632] [SEVERE ] key 81 was pressed by player 1
[16:30:44.632] [SEVERE ] player 1 placing token on slot 0
[16:30:44.666] [SEVERE ] updating countdown to 51020
[16:30:44.956] [SEVERE ] key 87 was pressed by player 1
[16:30:44.956] [SEVERE ] player 1 placing token on slot 1
[16:30:45.372] [SEVERE ] updating countdown to 50315
[16:30:46.073] [SEVERE ] updating countdown to 49613
[16:30:46.778] [SEVERE ] updating countdown to 48908
[16:30:47.481] [SEVERE ] updating countdown to 48205
[16:30:48.184] [SEVERE ] updating countdown to 47502
[16:30:48.412] [SEVERE ] key 65 was pressed by player 1
[16:30:48.427] [SEVERE ] key 81 was pressed by player 1
[16:30:48.728] [SEVERE ] key 87 was pressed by player 1
[16:30:48.891] [SEVERE ] updating countdown to 46795
[16:30:48.945] [SEVERE ] key 65 was pressed by player 1
[16:30:49.010] [SEVERE ] key 81 was pressed by player 1
[16:30:49.222] [SEVERE ] key 65 was pressed by player 1
[16:30:49.282] [SEVERE ] key 87 was pressed by player 1
[16:30:49.493] [SEVERE ] key 65 was pressed by player 1
[16:30:49.593] [SEVERE ] updating countdown to 46093
[16:30:49.749] [SEVERE ] key 65 was pressed by player 1
[16:30:50.297] [SEVERE ] updating countdown to 45389
[16:30:51.001] [SEVERE ] updating countdown to 44685
[16:30:51.702] [SEVERE ] updating countdown to 43984
[16:30:52.406] [SEVERE ] updating countdown to 43280
[16:30:53.109] [SEVERE ] updating countdown to 42577
[16:30:53.813] [SEVERE ] updating countdown to 41874
[16:30:54.514] [SEVERE ] updating countdown to 41172
[16:30:55.218] [SEVERE ] updating countdown to 40468
[16:30:55.919] [SEVERE ] updating countdown to 39767
[16:30:56.621] [SEVERE ] updating countdown to 39065
[16:30:56.631] [SEVERE ] key 59 was pressed by player 2
[16:30:56.820] [SEVERE ] key 79 was pressed by player 2
[16:30:57.008] [SEVERE ] key 75 was pressed by player 2
[16:30:57.322] [SEVERE ] updating countdown to 38364
[16:30:57.851] [SEVERE ] key 79 was pressed by player 2
[16:30:57.970] [SEVERE ] key 75 was pressed by player 2
[16:30:58.027] [SEVERE ] updating countdown to 37659
[16:30:58.062] [SEVERE ] key 80 was pressed by player 2
[16:30:58.126] [SEVERE ] key 79 was pressed by player 2
[16:30:58.386] [SEVERE ] key 75 was pressed by player 2
[16:30:58.411] [SEVERE ] key 80 was pressed by player 2
[16:30:58.518] [SEVERE ] key 79 was pressed by player 2
[16:30:58.641] [SEVERE ] key 75 was pressed by player 2
[16:30:58.732] [SEVERE ] updating countdown to 36954
[16:30:58.781] [SEVERE ] key 80 was pressed by player 2
[16:30:58.784] [SEVERE ] key 79 was pressed by player 2
[16:30:59.232] [SEVERE ] key 76 was pressed by player 2
[16:30:59.434] [SEVERE ] updating countdown to 36252
[16:30:59.489] [SEVERE ] key 76 was pressed by player 2
[16:31:00.136] [SEVERE ] updating countdown to 35550
[16:31:00.837] [SEVERE ] updating countdown to 34849
[16:31:01.022] [SEVERE ] exit button pressed
[16:31:01.539] [SEVERE ] updating countdown to 34147
[16:31:01.540] [SEVERE ] updating countdown to 34146
[16:31:01.541] [SEVERE ] setting player 1 score to 1
[16:31:01.541] [SEVERE ] setting player 1 freeze to 1000
[16:31:02.547] [INFO   ] thread dealer terminated.
[16:31:02.548] [SEVERE ] thanks for playing... it was fun!
[16:31:02.548] [INFO   ] thread bguspl.set.Main.main() terminated.
