[18:25:46.277] [INFO   ] thread bguspl.set.Main.main() starting.
[18:25:46.281] [SEVERE ] cannot read configuration file config.properties trying from resources.
[18:25:46.281] [SEVERE ] configuration file was loaded from resources directory.
[18:25:46.741] [INFO   ] thread dealer starting.
[18:25:46.742] [INFO   ] thread dealer starting.
[18:25:46.745] [INFO   ] thread Player0 starting.
[18:25:46.745] [INFO   ] thread Player1 starting.
[18:25:46.859] [SEVERE ] placing card 25 in slot 0
[18:25:46.971] [SEVERE ] placing card 31 in slot 1
[18:25:47.076] [SEVERE ] placing card 26 in slot 2
[18:25:47.187] [SEVERE ] placing card 49 in slot 3
[18:25:47.293] [SEVERE ] placing card 42 in slot 4
[18:25:47.409] [SEVERE ] placing card 76 in slot 5
[18:25:47.512] [SEVERE ] placing card 10 in slot 6
[18:25:47.615] [SEVERE ] placing card 14 in slot 7
[18:25:47.725] [SEVERE ] placing card 5 in slot 8
[18:25:47.835] [SEVERE ] placing card 72 in slot 9
[18:25:47.939] [SEVERE ] placing card 6 in slot 10
[18:25:48.044] [SEVERE ] placing card 78 in slot 11
[18:25:48.759] [SEVERE ] updating countdown to 57982
[18:25:49.471] [SEVERE ] updating countdown to 57270
[18:25:50.178] [SEVERE ] updating countdown to 56563
[18:25:50.879] [SEVERE ] updating countdown to 55862
[18:25:51.586] [SEVERE ] updating countdown to 55155
[18:25:52.294] [SEVERE ] updating countdown to 54447
[18:25:53.003] [SEVERE ] updating countdown to 53738
[18:25:53.050] [SEVERE ] key 81 was pressed by player 1
[18:25:53.050] [SEVERE ] player 1 placing token on slot 0
[18:25:53.715] [SEVERE ] updating countdown to 53026
[18:25:54.423] [SEVERE ] updating countdown to 52318
[18:25:55.131] [SEVERE ] updating countdown to 51610
[18:25:55.476] [SEVERE ] key 87 was pressed by player 1
[18:25:55.476] [SEVERE ] player 1 placing token on slot 1
[18:25:55.835] [SEVERE ] updating countdown to 50906
[18:25:56.542] [SEVERE ] updating countdown to 50199
[18:25:56.637] [SEVERE ] key 69 was pressed by player 1
[18:25:56.637] [SEVERE ] player 1 placing token on slot 2
[18:25:56.999] [SEVERE ] key 82 was pressed by player 1
[18:25:57.256] [SEVERE ] updating countdown to 49485
[18:25:57.256] [SEVERE ] setting player 1 freeze to 3000
[18:25:57.522] [SEVERE ] key 68 was pressed by player 1
[18:25:58.270] [SEVERE ] setting player 1 freeze to 3000
[18:25:59.279] [SEVERE ] setting player 1 freeze to 3000
[18:25:59.327] [SEVERE ] key 83 was pressed by player 1
[18:26:00.283] [SEVERE ] player 1 placing token on slot 3
[18:26:00.284] [SEVERE ] player 1 placing token on slot 6
[18:26:00.286] [SEVERE ] player 1 placing token on slot 5
[18:26:00.416] [SEVERE ] key 68 was pressed by player 1
[18:26:00.772] [SEVERE ] key 83 was pressed by player 1
[18:26:00.994] [SEVERE ] updating countdown to 45747
[18:26:00.994] [SEVERE ] setting player 1 freeze to 3000
[18:26:02.006] [SEVERE ] setting player 1 freeze to 3000
[18:26:03.013] [SEVERE ] setting player 1 freeze to 3000
[18:26:04.029] [SEVERE ] removing player 1 token from slot 6
[18:26:04.731] [SEVERE ] updating countdown to 42010
[18:26:05.439] [SEVERE ] updating countdown to 41302
[18:26:06.145] [SEVERE ] updating countdown to 40596
[18:26:06.854] [SEVERE ] updating countdown to 39887
[18:26:07.565] [SEVERE ] updating countdown to 39176
[18:26:08.272] [SEVERE ] updating countdown to 38469
[18:26:08.809] [SEVERE ] exit button pressed
[18:26:08.809] [INFO   ] thread Player1 terminated.
[18:26:08.982] [SEVERE ] updating countdown to 37759
[18:26:08.982] [SEVERE ] updating countdown to 37759
[18:26:08.986] [INFO   ] thread dealer terminated.
[18:26:08.986] [SEVERE ] thanks for playing... it was fun!
[18:26:08.993] [INFO   ] thread bguspl.set.Main.main() terminated.
