[19:08:48.999] [INFO   ] thread bguspl.set.Main.main() starting.
[19:08:49.002] [SEVERE ] cannot read configuration file config.properties trying from resources.
[19:08:49.003] [SEVERE ] configuration file was loaded from resources directory.
[19:08:49.572] [INFO   ] thread dealer starting.
[19:08:49.574] [INFO   ] thread dealer starting.
[19:08:49.576] [INFO   ] thread Player0 starting.
[19:08:49.579] [INFO   ] thread Player1 starting.
[19:08:49.688] [SEVERE ] placing card 34 in slot 0
[19:08:49.799] [SEVERE ] placing card 6 in slot 1
[19:08:49.910] [SEVERE ] placing card 68 in slot 2
[19:08:50.020] [SEVERE ] placing card 3 in slot 3
[19:08:50.130] [SEVERE ] placing card 38 in slot 4
[19:08:50.240] [SEVERE ] placing card 4 in slot 5
[19:08:50.351] [SEVERE ] placing card 31 in slot 6
[19:08:50.462] [SEVERE ] placing card 2 in slot 7
[19:08:50.573] [SEVERE ] placing card 11 in slot 8
[19:08:50.683] [SEVERE ] placing card 30 in slot 9
[19:08:50.793] [SEVERE ] placing card 36 in slot 10
[19:08:50.905] [SEVERE ] placing card 41 in slot 11
[19:08:51.605] [SEVERE ] key 79 was pressed by player 2
[19:08:51.607] [SEVERE ] player 2 placing token on slot 2
[19:08:51.616] [SEVERE ] updating countdown to 57955
[19:08:51.620] [SEVERE ] key 80 was pressed by player 2
[19:08:51.621] [SEVERE ] player 2 placing token on slot 3
[19:08:52.328] [SEVERE ] updating countdown to 57243
[19:08:53.041] [SEVERE ] updating countdown to 56530
[19:08:53.753] [SEVERE ] updating countdown to 55818
[19:08:54.153] [SEVERE ] key 76 was pressed by player 2
[19:08:54.154] [SEVERE ] player 2 placing token on slot 6
[19:08:54.155] [SEVERE ] setting player 2 freeze to 3000
[19:08:55.163] [SEVERE ] setting player 2 freeze to 3000
[19:08:55.166] [SEVERE ] key 75 was pressed by player 2
[19:08:55.585] [SEVERE ] key 75 was pressed by player 2
[19:08:55.984] [SEVERE ] key 75 was pressed by player 2
[19:08:56.175] [SEVERE ] setting player 2 freeze to 3000
[19:08:57.190] [SEVERE ] updating countdown to 52381
[19:08:57.190] [SEVERE ] player 2 placing token on slot 5
[19:08:57.191] [SEVERE ] removing player 2 token from slot 5
[19:08:57.903] [SEVERE ] updating countdown to 51668
[19:08:58.615] [SEVERE ] updating countdown to 50956
[19:08:59.324] [SEVERE ] updating countdown to 50247
[19:09:00.036] [SEVERE ] updating countdown to 49535
[19:09:00.397] [SEVERE ] key 75 was pressed by player 2
[19:09:00.748] [SEVERE ] updating countdown to 48823
[19:09:01.461] [SEVERE ] updating countdown to 48110
[19:09:02.173] [SEVERE ] updating countdown to 47398
[19:09:02.568] [SEVERE ] key 79 was pressed by player 2
[19:09:02.885] [SEVERE ] updating countdown to 46686
[19:09:02.912] [SEVERE ] key 80 was pressed by player 2
[19:09:03.599] [SEVERE ] updating countdown to 45972
[19:09:03.900] [SEVERE ] key 81 was pressed by player 1
[19:09:03.901] [SEVERE ] player 1 placing token on slot 0
[19:09:04.254] [SEVERE ] key 87 was pressed by player 1
[19:09:04.255] [SEVERE ] player 1 placing token on slot 1
[19:09:04.310] [SEVERE ] updating countdown to 45261
[19:09:04.994] [SEVERE ] key 69 was pressed by player 1
[19:09:04.995] [SEVERE ] player 1 placing token on slot 2
[19:09:04.996] [SEVERE ] updating countdown to 44575
[19:09:05.711] [SEVERE ] updating countdown to 43860
[19:09:06.114] [SEVERE ] key 69 was pressed by player 1
[19:09:06.418] [SEVERE ] updating countdown to 43153
[19:09:06.748] [SEVERE ] key 87 was pressed by player 1
[19:09:07.075] [SEVERE ] key 81 was pressed by player 1
[19:09:07.118] [SEVERE ] updating countdown to 42453
[19:09:07.833] [SEVERE ] updating countdown to 41738
[19:09:08.536] [SEVERE ] updating countdown to 41035
[19:09:09.237] [SEVERE ] updating countdown to 40334
[19:09:09.555] [SEVERE ] key 87 was pressed by player 1
[19:09:09.941] [SEVERE ] key 81 was pressed by player 1
[19:09:09.943] [SEVERE ] updating countdown to 39628
[19:09:10.160] [SEVERE ] key 87 was pressed by player 1
[19:09:10.401] [SEVERE ] key 69 was pressed by player 1
[19:09:10.647] [SEVERE ] updating countdown to 38924
[19:09:10.708] [SEVERE ] key 87 was pressed by player 1
[19:09:10.971] [SEVERE ] key 81 was pressed by player 1
[19:09:11.350] [SEVERE ] updating countdown to 38221
[19:09:12.056] [SEVERE ] updating countdown to 37515
[19:09:12.763] [SEVERE ] updating countdown to 36808
[19:09:13.168] [SEVERE ] exit button pressed
[19:09:13.467] [SEVERE ] updating countdown to 36104
[19:09:13.467] [SEVERE ] updating countdown to 36104
[19:09:13.473] [INFO   ] thread dealer terminated.
[19:09:13.473] [SEVERE ] thanks for playing... it was fun!
[19:09:13.474] [INFO   ] thread bguspl.set.Main.main() terminated.
