[14:59:27.970] [INFO   ] thread bguspl.set.Main.main() starting.
[14:59:27.971] [SEVERE ] cannot read configuration file config.properties trying from resources.
[14:59:27.972] [SEVERE ] configuration file was loaded from resources directory.
[14:59:30.043] [INFO   ] thread dealer starting.
[14:59:30.043] [INFO   ] thread dealer starting.
[14:59:30.044] [INFO   ] thread Player0 starting.
[14:59:30.044] [INFO   ] thread Player1 starting.
[14:59:30.150] [SEVERE ] placing card 39 in slot 0
[14:59:30.254] [SEVERE ] placing card 33 in slot 1
[14:59:30.354] [SEVERE ] placing card 24 in slot 2
[14:59:30.459] [SEVERE ] placing card 6 in slot 3
[14:59:30.560] [SEVERE ] placing card 53 in slot 4
[14:59:30.662] [SEVERE ] placing card 76 in slot 5
[14:59:30.767] [SEVERE ] placing card 36 in slot 6
[14:59:30.868] [SEVERE ] placing card 62 in slot 7
[14:59:30.972] [SEVERE ] placing card 4 in slot 8
[14:59:31.072] [SEVERE ] placing card 28 in slot 9
[14:59:31.176] [SEVERE ] placing card 79 in slot 10
[14:59:31.280] [SEVERE ] placing card 55 in slot 11
[14:59:31.982] [SEVERE ] updating countdown to 58060
[14:59:32.683] [SEVERE ] updating countdown to 57359
[14:59:33.384] [SEVERE ] updating countdown to 56658
[14:59:34.085] [SEVERE ] updating countdown to 55957
[14:59:34.787] [SEVERE ] updating countdown to 55255
[14:59:35.488] [SEVERE ] updating countdown to 54554
[14:59:36.188] [SEVERE ] updating countdown to 53854
[14:59:36.889] [SEVERE ] updating countdown to 53153
[14:59:37.590] [SEVERE ] updating countdown to 52452
[14:59:38.308] [SEVERE ] updating countdown to 51734
[14:59:39.013] [SEVERE ] updating countdown to 51029
[14:59:39.717] [SEVERE ] updating countdown to 50325
[14:59:40.422] [SEVERE ] updating countdown to 49620
[14:59:40.844] [SEVERE ] key 81 was pressed by player 1
[14:59:40.844] [SEVERE ] player 1 placing token on slot 0
[14:59:41.124] [SEVERE ] updating countdown to 48918
[14:59:41.426] [SEVERE ] key 81 was pressed by player 1
[14:59:41.427] [SEVERE ] removing player 1 token from slot 0
[14:59:41.828] [SEVERE ] updating countdown to 48214
[14:59:42.424] [SEVERE ] key 80 was pressed by player 2
[14:59:42.425] [SEVERE ] player 2 placing token on slot 3
[14:59:42.530] [SEVERE ] updating countdown to 47512
[14:59:42.824] [SEVERE ] key 79 was pressed by player 2
[14:59:42.824] [SEVERE ] player 2 placing token on slot 2
[14:59:43.235] [SEVERE ] updating countdown to 46807
[14:59:43.376] [SEVERE ] key 59 was pressed by player 2
[14:59:43.377] [SEVERE ] player 2 placing token on slot 7
[14:59:43.790] [SEVERE ] key 59 was pressed by player 2
[14:59:43.938] [SEVERE ] updating countdown to 46104
[14:59:44.327] [SEVERE ] key 79 was pressed by player 2
[14:59:44.487] [SEVERE ] key 80 was pressed by player 2
[14:59:44.640] [SEVERE ] updating countdown to 45402
[14:59:45.087] [SEVERE ] key 87 was pressed by player 1
[14:59:45.087] [SEVERE ] player 1 placing token on slot 1
[14:59:45.345] [SEVERE ] updating countdown to 44697
[14:59:45.935] [SEVERE ] key 83 was pressed by player 1
[14:59:45.936] [SEVERE ] player 1 placing token on slot 5
[14:59:46.046] [SEVERE ] updating countdown to 43996
[14:59:46.578] [SEVERE ] key 68 was pressed by player 1
[14:59:46.579] [SEVERE ] player 1 placing token on slot 6
[14:59:46.751] [SEVERE ] updating countdown to 43291
[14:59:47.098] [SEVERE ] key 83 was pressed by player 1
[14:59:47.429] [SEVERE ] key 87 was pressed by player 1
[14:59:47.455] [SEVERE ] updating countdown to 42587
[14:59:47.714] [SEVERE ] key 80 was pressed by player 2
[14:59:48.160] [SEVERE ] updating countdown to 41882
[14:59:48.190] [SEVERE ] key 76 was pressed by player 2
[14:59:48.209] [SEVERE ] key 59 was pressed by player 2
[14:59:48.691] [SEVERE ] key 68 was pressed by player 1
[14:59:48.863] [SEVERE ] updating countdown to 41179
[14:59:49.565] [SEVERE ] updating countdown to 40477
[14:59:50.270] [SEVERE ] updating countdown to 39772
[14:59:50.976] [SEVERE ] updating countdown to 39066
[14:59:51.680] [SEVERE ] updating countdown to 38363
[14:59:52.381] [SEVERE ] updating countdown to 37661
[14:59:53.086] [SEVERE ] updating countdown to 36956
[14:59:53.792] [SEVERE ] updating countdown to 36250
[14:59:54.497] [SEVERE ] updating countdown to 35545
[14:59:55.198] [SEVERE ] updating countdown to 34844
[14:59:55.904] [SEVERE ] updating countdown to 34138
[14:59:56.605] [SEVERE ] updating countdown to 33437
[14:59:57.309] [SEVERE ] updating countdown to 32733
[14:59:58.013] [SEVERE ] updating countdown to 32029
[14:59:58.714] [SEVERE ] updating countdown to 31328
[14:59:59.420] [SEVERE ] updating countdown to 30622
[15:00:00.125] [SEVERE ] updating countdown to 29917
[15:00:00.830] [SEVERE ] updating countdown to 29212
[15:00:01.531] [SEVERE ] updating countdown to 28511
[15:00:02.235] [SEVERE ] updating countdown to 27807
[15:00:02.936] [SEVERE ] updating countdown to 27106
[15:00:03.642] [SEVERE ] updating countdown to 26400
[15:00:04.347] [SEVERE ] updating countdown to 25695
[15:00:05.051] [SEVERE ] updating countdown to 24991
[15:00:05.491] [SEVERE ] exit button pressed
[15:00:05.756] [SEVERE ] updating countdown to 24286
[15:00:05.757] [SEVERE ] updating countdown to 24285
[15:00:05.861] [SEVERE ] removing card from slot 0
[15:00:05.963] [SEVERE ] removing player 1 token from slot 1
[15:00:05.964] [SEVERE ] removing card from slot 1
[15:00:06.070] [SEVERE ] removing player 2 token from slot 2
[15:00:06.071] [SEVERE ] removing card from slot 2
[15:00:06.171] [SEVERE ] removing player 2 token from slot 3
[15:00:06.172] [SEVERE ] removing card from slot 3
[15:00:06.273] [SEVERE ] removing card from slot 4
[15:00:06.375] [SEVERE ] removing player 1 token from slot 5
[15:00:06.375] [SEVERE ] removing card from slot 5
[15:00:06.480] [SEVERE ] removing player 1 token from slot 6
[15:00:06.481] [SEVERE ] removing card from slot 6
[15:00:06.581] [SEVERE ] removing player 2 token from slot 7
[15:00:06.583] [SEVERE ] removing card from slot 7
[15:00:06.684] [SEVERE ] removing card from slot 8
[15:00:06.785] [SEVERE ] removing card from slot 9
[15:00:06.891] [SEVERE ] removing card from slot 10
[15:00:06.995] [SEVERE ] removing card from slot 11
[15:00:06.997] [INFO   ] thread dealer terminated.
[15:00:06.997] [SEVERE ] thanks for playing... it was fun!
[15:00:06.997] [INFO   ] thread bguspl.set.Main.main() terminated.
