[16:54:37.339] [INFO   ] thread bguspl.set.Main.main() starting.
[16:54:37.340] [SEVERE ] cannot read configuration file config.properties trying from resources.
[16:54:37.341] [SEVERE ] configuration file was loaded from resources directory.
[16:54:38.609] [INFO   ] thread dealer starting.
[16:54:38.609] [INFO   ] thread dealer starting.
[16:54:38.610] [INFO   ] thread Player0 starting.
[16:54:38.610] [INFO   ] thread Player1 starting.
[16:54:38.718] [SEVERE ] placing card 41 in slot 0
[16:54:38.822] [SEVERE ] placing card 11 in slot 1
[16:54:38.923] [SEVERE ] placing card 77 in slot 2
[16:54:39.029] [SEVERE ] placing card 27 in slot 3
[16:54:39.130] [SEVERE ] placing card 34 in slot 4
[16:54:39.234] [SEVERE ] placing card 0 in slot 5
[16:54:39.339] [SEVERE ] placing card 56 in slot 6
[16:54:39.440] [SEVERE ] placing card 52 in slot 7
[16:54:39.545] [SEVERE ] placing card 43 in slot 8
[16:54:39.647] [SEVERE ] placing card 24 in slot 9
[16:54:39.748] [SEVERE ] placing card 49 in slot 10
[16:54:39.850] [SEVERE ] placing card 75 in slot 11
[16:54:40.552] [SEVERE ] updating countdown to 58056
[16:54:41.139] [SEVERE ] key 80 was pressed by player 2
[16:54:41.139] [SEVERE ] player 2 placing token on slot 3
[16:54:41.256] [SEVERE ] updating countdown to 57352
[16:54:41.556] [SEVERE ] key 80 was pressed by player 2
[16:54:41.556] [SEVERE ] removing player 2 token from slot 3
[16:54:41.958] [SEVERE ] updating countdown to 56650
[16:54:41.979] [SEVERE ] key 79 was pressed by player 2
[16:54:42.663] [SEVERE ] updating countdown to 55945
[16:54:43.368] [SEVERE ] updating countdown to 55240
[16:54:44.070] [SEVERE ] updating countdown to 54538
[16:54:44.758] [SEVERE ] key 76 was pressed by player 2
[16:54:44.772] [SEVERE ] updating countdown to 53837
[16:54:45.479] [SEVERE ] updating countdown to 53129
[16:54:46.180] [SEVERE ] updating countdown to 52428
[16:54:46.884] [SEVERE ] updating countdown to 51724
[16:54:47.586] [SEVERE ] updating countdown to 51022
[16:54:48.288] [SEVERE ] updating countdown to 50320
[16:54:48.993] [SEVERE ] updating countdown to 49615
[16:54:49.696] [SEVERE ] updating countdown to 48912
[16:54:50.398] [SEVERE ] updating countdown to 48210
[16:54:51.101] [SEVERE ] updating countdown to 47507
[16:54:51.804] [SEVERE ] updating countdown to 46804
[16:54:52.509] [SEVERE ] updating countdown to 46099
[16:54:53.213] [SEVERE ] updating countdown to 45395
[16:54:53.915] [SEVERE ] updating countdown to 44693
[16:54:54.621] [SEVERE ] updating countdown to 43987
[16:54:55.322] [SEVERE ] updating countdown to 43286
[16:54:56.024] [SEVERE ] updating countdown to 42584
[16:54:56.426] [SEVERE ] key 80 was pressed by player 2
[16:54:56.730] [SEVERE ] updating countdown to 41878
[16:54:57.433] [SEVERE ] updating countdown to 41175
[16:54:58.138] [SEVERE ] updating countdown to 40470
[16:54:58.766] [SEVERE ] key 79 was pressed by player 2
[16:54:58.841] [SEVERE ] updating countdown to 39767
[16:54:59.156] [SEVERE ] key 80 was pressed by player 2
[16:54:59.546] [SEVERE ] updating countdown to 39062
[16:54:59.553] [SEVERE ] key 76 was pressed by player 2
[16:54:59.836] [SEVERE ] key 75 was pressed by player 2
[16:55:00.251] [SEVERE ] updating countdown to 38357
[16:55:00.816] [SEVERE ] key 81 was pressed by player 1
[16:55:00.817] [SEVERE ] player 1 placing token on slot 0
[16:55:00.952] [SEVERE ] key 87 was pressed by player 1
[16:55:00.952] [SEVERE ] player 1 placing token on slot 1
[16:55:00.954] [SEVERE ] updating countdown to 37654
[16:55:01.382] [SEVERE ] key 65 was pressed by player 1
[16:55:01.402] [SEVERE ] player 1 placing token on slot 4
[16:55:01.585] [SEVERE ] key 83 was pressed by player 1
[16:55:01.655] [SEVERE ] updating countdown to 36953
[16:55:01.656] [SEVERE ] setting player 1 freeze to 3000
[16:55:02.625] [SEVERE ] key 83 was pressed by player 1
[16:55:02.658] [SEVERE ] setting player 1 freeze to 3000
[16:55:03.663] [SEVERE ] setting player 1 freeze to 3000
[16:55:04.099] [SEVERE ] key 65 was pressed by player 1
[16:55:04.703] [SEVERE ] key 87 was pressed by player 1
[16:55:05.179] [SEVERE ] key 81 was pressed by player 1
[16:55:05.372] [SEVERE ] updating countdown to 33236
[16:55:05.529] [SEVERE ] key 87 was pressed by player 1
[16:55:06.074] [SEVERE ] updating countdown to 32534
[16:55:06.241] [SEVERE ] key 80 was pressed by player 2
[16:55:06.453] [SEVERE ] key 79 was pressed by player 2
[16:55:06.780] [SEVERE ] updating countdown to 31828
[16:55:07.035] [SEVERE ] key 76 was pressed by player 2
[16:55:07.473] [SEVERE ] key 75 was pressed by player 2
[16:55:07.483] [SEVERE ] updating countdown to 31125
[16:55:08.187] [SEVERE ] updating countdown to 30421
[16:55:08.317] [SEVERE ] key 87 was pressed by player 1
[16:55:08.501] [SEVERE ] key 87 was pressed by player 1
[16:55:08.720] [SEVERE ] key 81 was pressed by player 1
[16:55:08.892] [SEVERE ] updating countdown to 29716
[16:55:08.923] [SEVERE ] key 65 was pressed by player 1
[16:55:09.596] [SEVERE ] updating countdown to 29012
[16:55:10.299] [SEVERE ] updating countdown to 28309
[16:55:11.001] [SEVERE ] updating countdown to 27607
[16:55:11.321] [SEVERE ] exit button pressed
[16:55:11.703] [SEVERE ] updating countdown to 26905
[16:55:11.704] [SEVERE ] updating countdown to 26904
[16:55:11.707] [INFO   ] thread dealer terminated.
[16:55:11.707] [SEVERE ] thanks for playing... it was fun!
[16:55:11.707] [INFO   ] thread bguspl.set.Main.main() terminated.
