[18:27:41.762] [INFO   ] thread bguspl.set.Main.main() starting.
[18:27:41.769] [SEVERE ] cannot read configuration file config.properties trying from resources.
[18:27:41.769] [SEVERE ] configuration file was loaded from resources directory.
[18:27:42.416] [INFO   ] thread dealer starting.
[18:27:42.424] [INFO   ] thread dealer starting.
[18:27:42.426] [INFO   ] thread Player1 starting.
[18:27:42.426] [INFO   ] thread Player0 starting.
[18:27:42.543] [SEVERE ] placing card 5 in slot 0
[18:27:42.644] [SEVERE ] placing card 39 in slot 1
[18:27:42.757] [SEVERE ] placing card 28 in slot 2
[18:27:42.862] [SEVERE ] placing card 6 in slot 3
[18:27:42.973] [SEVERE ] placing card 76 in slot 4
[18:27:43.077] [SEVERE ] placing card 64 in slot 5
[18:27:43.188] [SEVERE ] placing card 57 in slot 6
[18:27:43.294] [SEVERE ] placing card 38 in slot 7
[18:27:43.407] [SEVERE ] placing card 22 in slot 8
[18:27:43.517] [SEVERE ] placing card 32 in slot 9
[18:27:43.627] [SEVERE ] placing card 78 in slot 10
[18:27:43.737] [SEVERE ] placing card 80 in slot 11
[18:27:44.443] [SEVERE ] updating countdown to 57973
[18:27:45.151] [SEVERE ] updating countdown to 57265
[18:27:45.812] [SEVERE ] key 81 was pressed by player 1
[18:27:45.812] [SEVERE ] player 1 placing token on slot 0
[18:27:45.861] [SEVERE ] updating countdown to 56555
[18:27:46.139] [SEVERE ] key 87 was pressed by player 1
[18:27:46.139] [SEVERE ] player 1 placing token on slot 1
[18:27:46.472] [SEVERE ] key 69 was pressed by player 1
[18:27:46.472] [SEVERE ] player 1 placing token on slot 2
[18:27:46.567] [SEVERE ] updating countdown to 55849
[18:27:46.567] [SEVERE ] setting player 1 freeze to 3000
[18:27:47.579] [SEVERE ] setting player 1 freeze to 3000
[18:27:48.180] [SEVERE ] key 82 was pressed by player 1
[18:27:48.585] [SEVERE ] setting player 1 freeze to 3000
[18:27:48.980] [SEVERE ] key 82 was pressed by player 1
[18:27:49.590] [SEVERE ] player 1 placing token on slot 3
[18:27:49.590] [SEVERE ] removing player 1 token from slot 3
[18:27:49.827] [SEVERE ] key 69 was pressed by player 1
[18:27:50.213] [SEVERE ] key 83 was pressed by player 1
[18:27:50.293] [SEVERE ] updating countdown to 52123
[18:27:50.695] [SEVERE ] key 65 was pressed by player 1
[18:27:51.006] [SEVERE ] updating countdown to 51410
[18:27:51.305] [SEVERE ] key 81 was pressed by player 1
[18:27:51.718] [SEVERE ] updating countdown to 50698
[18:27:51.907] [SEVERE ] key 87 was pressed by player 1
[18:27:52.415] [SEVERE ] key 69 was pressed by player 1
[18:27:52.431] [SEVERE ] updating countdown to 49985
[18:27:53.135] [SEVERE ] updating countdown to 49281
[18:27:53.135] [SEVERE ] key 83 was pressed by player 1
[18:27:53.520] [SEVERE ] key 65 was pressed by player 1
[18:27:53.839] [SEVERE ] updating countdown to 48577
[18:27:54.044] [SEVERE ] key 81 was pressed by player 1
[18:27:54.482] [SEVERE ] key 87 was pressed by player 1
[18:27:54.547] [SEVERE ] updating countdown to 47869
[18:27:55.025] [SEVERE ] key 69 was pressed by player 1
[18:27:55.260] [SEVERE ] updating countdown to 47156
[18:27:55.465] [SEVERE ] key 83 was pressed by player 1
[18:27:55.821] [SEVERE ] key 65 was pressed by player 1
[18:27:55.967] [SEVERE ] updating countdown to 46449
[18:27:56.375] [SEVERE ] key 81 was pressed by player 1
[18:27:56.658] [SEVERE ] key 87 was pressed by player 1
[18:27:56.674] [SEVERE ] updating countdown to 45742
[18:27:56.925] [SEVERE ] key 69 was pressed by player 1
[18:27:57.147] [SEVERE ] key 83 was pressed by player 1
[18:27:57.378] [SEVERE ] updating countdown to 45038
[18:27:57.426] [SEVERE ] key 65 was pressed by player 1
[18:27:57.656] [SEVERE ] key 81 was pressed by player 1
[18:27:58.083] [SEVERE ] updating countdown to 44333
[18:27:58.130] [SEVERE ] key 87 was pressed by player 1
[18:27:58.329] [SEVERE ] key 69 was pressed by player 1
[18:27:58.529] [SEVERE ] key 83 was pressed by player 1
[18:27:58.790] [SEVERE ] updating countdown to 43626
[18:27:58.932] [SEVERE ] key 80 was pressed by player 2
[18:27:58.948] [SEVERE ] player 2 placing token on slot 3
[18:27:59.272] [SEVERE ] key 79 was pressed by player 2
[18:27:59.272] [SEVERE ] player 2 placing token on slot 2
[18:27:59.493] [SEVERE ] updating countdown to 42923
[18:28:00.127] [SEVERE ] key 73 was pressed by player 2
[18:28:00.127] [SEVERE ] player 2 placing token on slot 1
[18:28:00.205] [SEVERE ] updating countdown to 42211
[18:28:00.205] [SEVERE ] setting player 2 freeze to 3000
[18:28:01.217] [SEVERE ] setting player 2 freeze to 3000
[18:28:01.704] [SEVERE ] key 75 was pressed by player 2
[18:28:02.230] [SEVERE ] setting player 2 freeze to 3000
[18:28:02.405] [SEVERE ] key 73 was pressed by player 2
[18:28:03.148] [SEVERE ] key 81 was pressed by player 1
[18:28:03.242] [SEVERE ] player 2 placing token on slot 5
[18:28:03.244] [SEVERE ] removing player 2 token from slot 1
[18:28:03.952] [SEVERE ] updating countdown to 38464
[18:28:04.208] [SEVERE ] key 81 was pressed by player 1
[18:28:04.666] [SEVERE ] updating countdown to 37750
[18:28:05.378] [SEVERE ] updating countdown to 37038
[18:28:06.087] [SEVERE ] updating countdown to 36329
[18:28:06.340] [SEVERE ] key 81 was pressed by player 1
[18:28:06.790] [SEVERE ] updating countdown to 35626
[18:28:06.929] [SEVERE ] key 87 was pressed by player 1
[18:28:07.365] [SEVERE ] key 65 was pressed by player 1
[18:28:07.498] [SEVERE ] updating countdown to 34918
[18:28:07.687] [SEVERE ] key 83 was pressed by player 1
[18:28:08.202] [SEVERE ] updating countdown to 34214
[18:28:08.914] [SEVERE ] updating countdown to 33502
[18:28:09.625] [SEVERE ] updating countdown to 32791
[18:28:10.341] [SEVERE ] updating countdown to 32075
[18:28:11.056] [SEVERE ] updating countdown to 31360
[18:28:11.757] [SEVERE ] updating countdown to 30659
[18:28:12.459] [SEVERE ] updating countdown to 29957
[18:28:13.160] [SEVERE ] updating countdown to 29256
[18:28:13.872] [SEVERE ] updating countdown to 28544
[18:28:14.574] [SEVERE ] updating countdown to 27842
[18:28:15.284] [SEVERE ] updating countdown to 27132
[18:28:15.998] [SEVERE ] updating countdown to 26418
[18:28:16.705] [SEVERE ] updating countdown to 25711
[18:28:17.407] [SEVERE ] updating countdown to 25009
[18:28:18.122] [SEVERE ] updating countdown to 24294
[18:28:18.825] [SEVERE ] updating countdown to 23591
[18:28:19.527] [SEVERE ] updating countdown to 22889
[18:28:20.238] [SEVERE ] updating countdown to 22178
[18:28:20.945] [SEVERE ] updating countdown to 21471
[18:28:21.649] [SEVERE ] updating countdown to 20767
[18:28:22.355] [SEVERE ] updating countdown to 20061
[18:28:23.060] [SEVERE ] updating countdown to 19356
[18:28:23.765] [SEVERE ] updating countdown to 18651
[18:28:24.474] [SEVERE ] updating countdown to 17942
[18:28:25.182] [SEVERE ] updating countdown to 17235
[18:28:25.892] [SEVERE ] updating countdown to 16524
[18:28:26.605] [SEVERE ] updating countdown to 15811
[18:28:27.308] [SEVERE ] updating countdown to 15108
[18:28:28.016] [SEVERE ] updating countdown to 14400
[18:28:28.723] [SEVERE ] updating countdown to 13693
[18:28:29.430] [SEVERE ] updating countdown to 12986
[18:28:30.131] [SEVERE ] updating countdown to 12285
[18:28:30.847] [SEVERE ] updating countdown to 11569
[18:28:31.551] [SEVERE ] updating countdown to 10865
[18:28:32.253] [SEVERE ] updating countdown to 10163
[18:28:32.964] [SEVERE ] updating countdown to 9452
[18:28:33.669] [SEVERE ] updating countdown to 8747
[18:28:34.377] [SEVERE ] updating countdown to 8039
[18:28:35.081] [SEVERE ] updating countdown to 7335
