[18:47:54.254] [INFO   ] thread bguspl.set.Main.main() starting.
[18:47:54.258] [SEVERE ] cannot read configuration file config.properties trying from resources.
[18:47:54.258] [SEVERE ] configuration file was loaded from resources directory.
[18:47:54.732] [INFO   ] thread dealer starting.
[18:47:54.743] [INFO   ] thread dealer starting.
[18:47:54.746] [INFO   ] thread Player0 starting.
[18:47:54.746] [INFO   ] thread Player1 starting.
[18:47:54.870] [SEVERE ] placing card 63 in slot 0
[18:47:54.973] [SEVERE ] placing card 61 in slot 1
[18:47:55.087] [SEVERE ] placing card 22 in slot 2
[18:47:55.188] [SEVERE ] placing card 11 in slot 3
[18:47:55.294] [SEVERE ] placing card 27 in slot 4
[18:47:55.403] [SEVERE ] placing card 38 in slot 5
[18:47:55.506] [SEVERE ] placing card 18 in slot 6
[18:47:55.617] [SEVERE ] placing card 67 in slot 7
[18:47:55.721] [SEVERE ] placing card 31 in slot 8
[18:47:55.832] [SEVERE ] placing card 42 in slot 9
[18:47:55.942] [SEVERE ] placing card 47 in slot 10
[18:47:56.052] [SEVERE ] placing card 13 in slot 11
[18:47:56.602] [SEVERE ] key 79 was pressed by player 2
[18:47:56.602] [SEVERE ] player 2 placing token on slot 2
[18:47:56.760] [SEVERE ] updating countdown to 57972
[18:47:56.839] [SEVERE ] key 80 was pressed by player 2
[18:47:56.839] [SEVERE ] player 2 placing token on slot 3
[18:47:57.258] [SEVERE ] key 79 was pressed by player 2
[18:47:57.273] [SEVERE ] removing player 2 token from slot 2
[18:47:57.473] [SEVERE ] updating countdown to 57259
[18:47:57.615] [SEVERE ] key 80 was pressed by player 2
[18:47:58.015] [SEVERE ] key 79 was pressed by player 2
[18:47:58.176] [SEVERE ] updating countdown to 56556
[18:47:58.774] [SEVERE ] key 79 was pressed by player 2
[18:47:58.886] [SEVERE ] updating countdown to 55846
[18:47:59.586] [SEVERE ] updating countdown to 55146
[18:47:59.744] [SEVERE ] key 79 was pressed by player 2
[18:48:00.289] [SEVERE ] updating countdown to 54443
[18:48:01.000] [SEVERE ] updating countdown to 53732
[18:48:01.709] [SEVERE ] updating countdown to 53023
[18:48:02.417] [SEVERE ] updating countdown to 52315
[18:48:03.126] [SEVERE ] updating countdown to 51606
[18:48:03.841] [SEVERE ] updating countdown to 50891
[18:48:04.549] [SEVERE ] updating countdown to 50183
[18:48:04.596] [SEVERE ] key 79 was pressed by player 2
[18:48:04.776] [SEVERE ] key 79 was pressed by player 2
[18:48:05.006] [SEVERE ] key 80 was pressed by player 2
[18:48:05.256] [SEVERE ] updating countdown to 49476
[18:48:05.334] [SEVERE ] key 76 was pressed by player 2
[18:48:05.923] [SEVERE ] key 75 was pressed by player 2
[18:48:05.959] [SEVERE ] updating countdown to 48773
[18:48:06.661] [SEVERE ] updating countdown to 48071
[18:48:06.929] [SEVERE ] key 79 was pressed by player 2
[18:48:07.282] [SEVERE ] key 79 was pressed by player 2
[18:48:07.372] [SEVERE ] updating countdown to 47360
[18:48:07.633] [SEVERE ] key 75 was pressed by player 2
[18:48:07.987] [SEVERE ] key 76 was pressed by player 2
[18:48:08.082] [SEVERE ] updating countdown to 46650
[18:48:08.312] [SEVERE ] key 75 was pressed by player 2
[18:48:08.666] [SEVERE ] key 79 was pressed by player 2
[18:48:08.796] [SEVERE ] updating countdown to 45937
[18:48:09.504] [SEVERE ] updating countdown to 45228
[18:48:09.662] [SEVERE ] key 80 was pressed by player 2
[18:48:09.813] [SEVERE ] key 79 was pressed by player 2
[18:48:10.151] [SEVERE ] key 75 was pressed by player 2
[18:48:10.222] [SEVERE ] updating countdown to 44510
[18:48:10.326] [SEVERE ] key 76 was pressed by player 2
[18:48:10.934] [SEVERE ] updating countdown to 43798
[18:48:11.642] [SEVERE ] updating countdown to 43090
[18:48:12.019] [SEVERE ] key 81 was pressed by player 1
[18:48:12.019] [SEVERE ] player 1 placing token on slot 0
[18:48:12.144] [SEVERE ] key 87 was pressed by player 1
[18:48:12.144] [SEVERE ] player 1 placing token on slot 1
[18:48:12.358] [SEVERE ] updating countdown to 42374
[18:48:12.358] [SEVERE ] key 65 was pressed by player 1
[18:48:12.358] [SEVERE ] player 1 placing token on slot 4
[18:48:13.069] [SEVERE ] updating countdown to 41663
[18:48:13.069] [SEVERE ] setting player 1 freeze to 3000
[18:48:14.083] [SEVERE ] setting player 1 freeze to 3000
[18:48:15.094] [SEVERE ] setting player 1 freeze to 3000
[18:48:16.808] [SEVERE ] updating countdown to 37924
[18:48:17.510] [SEVERE ] updating countdown to 37222
[18:48:17.983] [SEVERE ] key 81 was pressed by player 1
[18:48:17.994] [SEVERE ] removing player 1 token from slot 0
[18:48:18.217] [SEVERE ] updating countdown to 36515
[18:48:18.925] [SEVERE ] updating countdown to 35807
[18:48:19.151] [SEVERE ] key 87 was pressed by player 1
[18:48:19.640] [SEVERE ] updating countdown to 35092
[18:48:20.342] [SEVERE ] updating countdown to 34390
[18:48:21.055] [SEVERE ] updating countdown to 33678
[18:48:21.767] [SEVERE ] updating countdown to 32965
[18:48:22.478] [SEVERE ] updating countdown to 32254
[18:48:23.185] [SEVERE ] updating countdown to 31547
[18:48:23.900] [SEVERE ] updating countdown to 30832
[18:48:24.604] [SEVERE ] updating countdown to 30128
[18:48:25.312] [SEVERE ] updating countdown to 29420
[18:48:26.027] [SEVERE ] updating countdown to 28705
[18:48:26.729] [SEVERE ] updating countdown to 28003
[18:48:27.437] [SEVERE ] updating countdown to 27296
[18:48:28.152] [SEVERE ] updating countdown to 26580
[18:48:28.852] [SEVERE ] updating countdown to 25880
[18:48:29.569] [SEVERE ] updating countdown to 25163
[18:48:30.285] [SEVERE ] updating countdown to 24447
[18:48:31.002] [SEVERE ] updating countdown to 23730
[18:48:31.703] [SEVERE ] updating countdown to 23029
[18:48:32.408] [SEVERE ] updating countdown to 22324
[18:48:33.122] [SEVERE ] updating countdown to 21610
[18:48:33.825] [SEVERE ] updating countdown to 20907
[18:48:34.534] [SEVERE ] updating countdown to 20198
[18:48:35.236] [SEVERE ] updating countdown to 19496
[18:48:35.943] [SEVERE ] updating countdown to 18789
[18:48:36.651] [SEVERE ] updating countdown to 18081
[18:48:37.360] [SEVERE ] updating countdown to 17372
[18:48:38.065] [SEVERE ] updating countdown to 16667
[18:48:38.770] [SEVERE ] updating countdown to 15962
[18:48:39.477] [SEVERE ] updating countdown to 15255
[18:48:40.182] [SEVERE ] updating countdown to 14550
[18:48:40.884] [SEVERE ] updating countdown to 13848
[18:48:41.596] [SEVERE ] updating countdown to 13136
[18:48:42.302] [SEVERE ] updating countdown to 12430
[18:48:43.010] [SEVERE ] updating countdown to 11722
[18:48:43.718] [SEVERE ] updating countdown to 11014
[18:48:44.419] [SEVERE ] updating countdown to 10313
[18:48:45.121] [SEVERE ] updating countdown to 9611
[18:48:45.834] [SEVERE ] updating countdown to 8898
[18:48:46.540] [SEVERE ] updating countdown to 8192
[18:48:47.243] [SEVERE ] updating countdown to 7489
[18:48:47.957] [SEVERE ] updating countdown to 6775
[18:48:48.665] [SEVERE ] updating countdown to 6067
[18:48:49.368] [SEVERE ] updating countdown to 5364
[18:48:55.038] [INFO   ] thread dealer terminated.
[18:49:00.048] [SEVERE ] thanks for playing... it was fun!
[18:49:00.049] [INFO   ] thread bguspl.set.Main.main() terminated.
[18:49:00.049] [SEVERE ] disposing of user interface elements
