[17:50:12.119] [INFO   ] thread bguspl.set.Main.main() starting.
[17:50:12.121] [SEVERE ] cannot read configuration file config.properties trying from resources.
[17:50:12.122] [SEVERE ] configuration file was loaded from resources directory.
[17:50:13.287] [INFO   ] thread dealer starting.
[17:50:13.288] [INFO   ] thread dealer starting.
[17:50:13.288] [INFO   ] thread Player1 starting.
[17:50:13.288] [INFO   ] thread Player0 starting.
[17:50:13.391] [SEVERE ] placing card 26 in slot 0
[17:50:13.495] [SEVERE ] placing card 69 in slot 1
[17:50:13.599] [SEVERE ] placing card 50 in slot 2
[17:50:13.704] [SEVERE ] placing card 25 in slot 3
[17:50:13.808] [SEVERE ] placing card 1 in slot 4
[17:50:13.909] [SEVERE ] placing card 51 in slot 5
[17:50:14.010] [SEVERE ] placing card 77 in slot 6
[17:50:14.112] [SEVERE ] placing card 48 in slot 7
[17:50:14.215] [SEVERE ] placing card 36 in slot 8
[17:50:14.318] [SEVERE ] placing card 53 in slot 9
[17:50:14.421] [SEVERE ] placing card 75 in slot 10
[17:50:14.523] [SEVERE ] placing card 62 in slot 11
[17:50:15.225] [SEVERE ] updating countdown to 58062
[17:50:15.930] [SEVERE ] updating countdown to 57357
[17:50:16.635] [SEVERE ] updating countdown to 56652
[17:50:17.338] [SEVERE ] updating countdown to 55949
[17:50:17.391] [SEVERE ] key 81 was pressed by player 1
[17:50:17.409] [SEVERE ] player 1 placing token on slot 0
[17:50:17.956] [SEVERE ] key 81 was pressed by player 1
[17:50:17.956] [SEVERE ] removing player 1 token from slot 0
[17:50:18.040] [SEVERE ] updating countdown to 55247
[17:50:18.742] [SEVERE ] updating countdown to 54545
[17:50:19.446] [SEVERE ] updating countdown to 53841
[17:50:19.544] [SEVERE ] key 80 was pressed by player 2
[17:50:19.545] [SEVERE ] player 2 placing token on slot 3
[17:50:20.151] [SEVERE ] updating countdown to 53136
[17:50:20.192] [SEVERE ] key 80 was pressed by player 2
[17:50:20.192] [SEVERE ] removing player 2 token from slot 3
[17:50:20.582] [SEVERE ] key 79 was pressed by player 2
[17:50:20.583] [SEVERE ] player 2 placing token on slot 2
[17:50:20.854] [SEVERE ] updating countdown to 52433
[17:50:21.001] [SEVERE ] key 75 was pressed by player 2
[17:50:21.002] [SEVERE ] player 2 placing token on slot 5
[17:50:21.557] [SEVERE ] updating countdown to 51730
[17:50:21.873] [SEVERE ] key 75 was pressed by player 2
[17:50:21.873] [SEVERE ] removing player 2 token from slot 5
[17:50:22.258] [SEVERE ] updating countdown to 51029
[17:50:22.960] [SEVERE ] updating countdown to 50327
[17:50:23.151] [SEVERE ] key 75 was pressed by player 2
[17:50:23.152] [SEVERE ] player 2 placing token on slot 5
[17:50:23.666] [SEVERE ] updating countdown to 49621
[17:50:24.368] [SEVERE ] updating countdown to 48919
[17:50:25.071] [SEVERE ] updating countdown to 48216
[17:50:25.775] [SEVERE ] updating countdown to 47512
[17:50:26.480] [SEVERE ] updating countdown to 46807
[17:50:27.157] [SEVERE ] key 79 was pressed by player 2
[17:50:27.157] [SEVERE ] removing player 2 token from slot 2
[17:50:27.184] [SEVERE ] updating countdown to 46103
[17:50:27.397] [SEVERE ] key 75 was pressed by player 2
[17:50:27.398] [SEVERE ] removing player 2 token from slot 5
[17:50:27.888] [SEVERE ] updating countdown to 45399
[17:50:28.593] [SEVERE ] updating countdown to 44694
[17:50:29.299] [SEVERE ] updating countdown to 43988
[17:50:30.002] [SEVERE ] updating countdown to 43285
[17:50:30.705] [SEVERE ] updating countdown to 42582
[17:50:31.409] [SEVERE ] updating countdown to 41878
[17:50:32.114] [SEVERE ] updating countdown to 41173
[17:50:32.816] [SEVERE ] updating countdown to 40471
[17:50:33.518] [SEVERE ] updating countdown to 39769
[17:50:34.221] [SEVERE ] updating countdown to 39066
[17:50:34.924] [SEVERE ] updating countdown to 38363
[17:50:35.627] [SEVERE ] updating countdown to 37660
[17:50:36.332] [SEVERE ] updating countdown to 36955
[17:50:37.034] [SEVERE ] updating countdown to 36253
[17:50:37.738] [SEVERE ] updating countdown to 35550
[17:50:38.442] [SEVERE ] updating countdown to 34845
[17:50:39.147] [SEVERE ] updating countdown to 34140
[17:50:39.848] [SEVERE ] updating countdown to 33439
[17:50:40.549] [SEVERE ] updating countdown to 32738
[17:50:40.587] [SEVERE ] key 59 was pressed by player 2
[17:50:40.587] [SEVERE ] player 2 placing token on slot 7
[17:50:41.255] [SEVERE ] updating countdown to 32033
[17:50:41.955] [SEVERE ] updating countdown to 31332
[17:50:42.516] [SEVERE ] key 46 was pressed by player 2
[17:50:42.517] [SEVERE ] player 2 placing token on slot 10
[17:50:42.660] [SEVERE ] updating countdown to 30627
[17:50:43.061] [SEVERE ] key 46 was pressed by player 2
[17:50:43.062] [SEVERE ] removing player 2 token from slot 10
[17:50:43.366] [SEVERE ] updating countdown to 29921
[17:50:43.744] [SEVERE ] key 59 was pressed by player 2
[17:50:43.745] [SEVERE ] removing player 2 token from slot 7
[17:50:44.069] [SEVERE ] updating countdown to 29218
[17:50:44.771] [SEVERE ] updating countdown to 28516
[17:50:45.477] [SEVERE ] updating countdown to 27810
[17:50:46.180] [SEVERE ] updating countdown to 27107
[17:50:46.884] [SEVERE ] updating countdown to 26403
[17:50:47.589] [SEVERE ] updating countdown to 25698
[17:50:48.285] [SEVERE ] key 65 was pressed by player 1
[17:50:48.290] [SEVERE ] updating countdown to 24997
[17:50:48.304] [SEVERE ] player 1 placing token on slot 4
[17:50:49.006] [SEVERE ] updating countdown to 24281
[17:50:49.712] [SEVERE ] updating countdown to 23575
[17:50:50.417] [SEVERE ] updating countdown to 22870
[17:50:50.428] [SEVERE ] key 65 was pressed by player 1
[17:50:50.429] [SEVERE ] removing player 1 token from slot 4
[17:50:51.121] [SEVERE ] updating countdown to 22166
[17:50:51.823] [SEVERE ] updating countdown to 21464
[17:50:52.526] [SEVERE ] updating countdown to 20761
[17:50:53.230] [SEVERE ] updating countdown to 20057
[17:50:53.934] [SEVERE ] updating countdown to 19353
[17:50:54.638] [SEVERE ] updating countdown to 18649
[17:50:55.339] [SEVERE ] updating countdown to 17948
[17:50:55.549] [SEVERE ] key 59 was pressed by player 2
[17:50:55.549] [SEVERE ] player 2 placing token on slot 7
[17:50:55.867] [SEVERE ] key 76 was pressed by player 2
[17:50:55.867] [SEVERE ] player 2 placing token on slot 6
[17:50:56.045] [SEVERE ] updating countdown to 17242
[17:50:56.202] [SEVERE ] key 44 was pressed by player 2
[17:50:56.202] [SEVERE ] player 2 placing token on slot 9
[17:50:56.748] [SEVERE ] updating countdown to 16539
[17:50:56.748] [SEVERE ] setting player 2 freeze to 3000
[17:50:57.749] [SEVERE ] setting player 2 freeze to 3000
[17:50:58.750] [SEVERE ] setting player 2 freeze to 3000
[17:51:00.454] [SEVERE ] updating countdown to 12833
[17:51:01.160] [SEVERE ] updating countdown to 12127
[17:51:01.865] [SEVERE ] updating countdown to 11422
[17:51:02.568] [SEVERE ] updating countdown to 10719
[17:51:03.268] [SEVERE ] updating countdown to 10019
[17:51:03.971] [SEVERE ] updating countdown to 9316
[17:51:04.676] [SEVERE ] updating countdown to 8611
[17:51:05.381] [SEVERE ] updating countdown to 7906
[17:51:06.084] [SEVERE ] updating countdown to 7203
[17:51:06.789] [SEVERE ] updating countdown to 6498
[17:51:07.495] [SEVERE ] updating countdown to 5792
[17:51:08.200] [SEVERE ] updating countdown to 5087
[17:51:13.822] [INFO   ] thread dealer terminated.
[17:51:15.450] [SEVERE ] key 44 was pressed by player 2
[17:51:15.450] [SEVERE ] removing player 2 token from slot 9
[17:51:15.889] [SEVERE ] key 76 was pressed by player 2
[17:51:15.889] [SEVERE ] removing player 2 token from slot 6
[17:51:16.204] [SEVERE ] key 59 was pressed by player 2
[17:51:16.205] [SEVERE ] removing player 2 token from slot 7
[17:51:18.824] [SEVERE ] thanks for playing... it was fun!
[17:51:18.824] [INFO   ] thread bguspl.set.Main.main() terminated.
[17:51:18.824] [SEVERE ] disposing of user interface elements
