[16:33:23.254] [INFO   ] thread bguspl.set.Main.main() starting.
[16:33:23.255] [SEVERE ] cannot read configuration file config.properties trying from resources.
[16:33:23.256] [SEVERE ] configuration file was loaded from resources directory.
[16:33:24.293] [INFO   ] thread dealer starting.
[16:33:24.293] [INFO   ] thread dealer starting.
[16:33:24.293] [INFO   ] thread Player0 starting.
[16:33:24.294] [INFO   ] thread Player1 starting.
[16:33:24.396] [SEVERE ] placing card 28 in slot 0
[16:33:24.501] [SEVERE ] placing card 60 in slot 1
[16:33:24.602] [SEVERE ] placing card 70 in slot 2
[16:33:24.702] [SEVERE ] placing card 65 in slot 3
[16:33:24.804] [SEVERE ] placing card 40 in slot 4
[16:33:24.905] [SEVERE ] placing card 75 in slot 5
[16:33:25.010] [SEVERE ] placing card 16 in slot 6
[16:33:25.111] [SEVERE ] placing card 41 in slot 7
[16:33:25.214] [SEVERE ] placing card 44 in slot 8
[16:33:25.318] [SEVERE ] placing card 47 in slot 9
[16:33:25.418] [SEVERE ] placing card 7 in slot 10
[16:33:25.523] [SEVERE ] placing card 42 in slot 11
[16:33:25.926] [SEVERE ] key 80 was pressed by player 2
[16:33:25.942] [SEVERE ] player 2 placing token on slot 3
[16:33:26.229] [SEVERE ] updating countdown to 58063
[16:33:26.566] [SEVERE ] key 79 was pressed by player 2
[16:33:26.566] [SEVERE ] player 2 placing token on slot 2
[16:33:26.931] [SEVERE ] updating countdown to 57361
[16:33:27.154] [SEVERE ] key 79 was pressed by player 2
[16:33:27.154] [SEVERE ] removing player 2 token from slot 2
[16:33:27.377] [SEVERE ] key 80 was pressed by player 2
[16:33:27.632] [SEVERE ] updating countdown to 56660
[16:33:28.183] [SEVERE ] key 80 was pressed by player 2
[16:33:28.337] [SEVERE ] updating countdown to 55955
[16:33:29.042] [SEVERE ] updating countdown to 55250
[16:33:29.097] [SEVERE ] key 80 was pressed by player 2
[16:33:29.631] [SEVERE ] key 76 was pressed by player 2
[16:33:29.747] [SEVERE ] updating countdown to 54545
[16:33:30.220] [SEVERE ] key 79 was pressed by player 2
[16:33:30.451] [SEVERE ] updating countdown to 53841
[16:33:30.478] [SEVERE ] key 79 was pressed by player 2
[16:33:31.156] [SEVERE ] updating countdown to 53136
[16:33:31.513] [SEVERE ] key 81 was pressed by player 1
[16:33:31.532] [SEVERE ] player 1 placing token on slot 0
[16:33:31.861] [SEVERE ] updating countdown to 52431
[16:33:31.917] [SEVERE ] key 87 was pressed by player 1
[16:33:31.917] [SEVERE ] player 1 placing token on slot 1
[16:33:32.567] [SEVERE ] updating countdown to 51725
[16:33:32.604] [SEVERE ] key 87 was pressed by player 1
[16:33:32.604] [SEVERE ] removing player 1 token from slot 1
[16:33:32.919] [SEVERE ] key 81 was pressed by player 1
[16:33:32.920] [SEVERE ] removing player 1 token from slot 0
[16:33:33.269] [SEVERE ] updating countdown to 51023
[16:33:33.974] [SEVERE ] updating countdown to 50318
[16:33:34.046] [SEVERE ] key 81 was pressed by player 1
[16:33:34.046] [SEVERE ] player 1 placing token on slot 0
[16:33:34.297] [SEVERE ] key 87 was pressed by player 1
[16:33:34.297] [SEVERE ] player 1 placing token on slot 1
[16:33:34.675] [SEVERE ] updating countdown to 49617
[16:33:35.376] [SEVERE ] updating countdown to 48916
[16:33:36.066] [SEVERE ] key 67 was pressed by player 1
[16:33:36.066] [SEVERE ] player 1 placing token on slot 10
[16:33:36.067] [SEVERE ] setting player 1 freeze to 3000
[16:33:36.079] [SEVERE ] updating countdown to 48213
[16:33:36.783] [SEVERE ] updating countdown to 47509
[16:33:37.071] [SEVERE ] setting player 1 freeze to 3000
[16:33:37.484] [SEVERE ] updating countdown to 46808
[16:33:38.073] [SEVERE ] setting player 1 freeze to 3000
[16:33:38.188] [SEVERE ] updating countdown to 46104
[16:33:38.892] [SEVERE ] updating countdown to 45400
[16:33:39.598] [SEVERE ] updating countdown to 44694
[16:33:40.302] [SEVERE ] updating countdown to 43990
[16:33:41.006] [SEVERE ] updating countdown to 43286
[16:33:41.709] [SEVERE ] updating countdown to 42583
[16:33:42.410] [SEVERE ] updating countdown to 41882
[16:33:43.114] [SEVERE ] updating countdown to 41178
[16:33:43.819] [SEVERE ] updating countdown to 40473
[16:33:44.520] [SEVERE ] updating countdown to 39772
[16:33:45.224] [SEVERE ] updating countdown to 39068
[16:33:45.925] [SEVERE ] updating countdown to 38367
[16:33:46.626] [SEVERE ] updating countdown to 37666
[16:33:47.329] [SEVERE ] updating countdown to 36963
[16:33:48.031] [SEVERE ] updating countdown to 36261
[16:33:48.735] [SEVERE ] updating countdown to 35557
[16:33:49.436] [SEVERE ] updating countdown to 34856
[16:33:50.139] [SEVERE ] updating countdown to 34153
[16:33:50.520] [SEVERE ] exit button pressed
[16:33:50.843] [SEVERE ] updating countdown to 33449
[16:33:50.844] [SEVERE ] updating countdown to 33448
[16:33:50.845] [INFO   ] thread dealer terminated.
[16:33:50.845] [SEVERE ] thanks for playing... it was fun!
[16:33:50.845] [INFO   ] thread bguspl.set.Main.main() terminated.
