[18:46:27.318] [INFO   ] thread bguspl.set.Main.main() starting.
[18:46:27.325] [SEVERE ] cannot read configuration file config.properties trying from resources.
[18:46:27.325] [SEVERE ] configuration file was loaded from resources directory.
[18:46:27.950] [INFO   ] thread dealer starting.
[18:46:27.960] [INFO   ] thread dealer starting.
[18:46:27.960] [INFO   ] thread Player1 starting.
[18:46:27.966] [INFO   ] thread Player0 starting.
[18:46:28.085] [SEVERE ] placing card 67 in slot 0
[18:46:28.190] [SEVERE ] placing card 64 in slot 1
[18:46:28.304] [SEVERE ] placing card 39 in slot 2
[18:46:28.414] [SEVERE ] placing card 68 in slot 3
[18:46:28.516] [SEVERE ] placing card 54 in slot 4
[18:46:28.618] [SEVERE ] placing card 33 in slot 5
[18:46:28.730] [SEVERE ] placing card 78 in slot 6
[18:46:28.832] [SEVERE ] placing card 56 in slot 7
[18:46:28.943] [SEVERE ] placing card 53 in slot 8
[18:46:29.053] [SEVERE ] placing card 57 in slot 9
[18:46:29.164] [SEVERE ] placing card 12 in slot 10
[18:46:29.274] [SEVERE ] placing card 43 in slot 11
[18:46:29.903] [SEVERE ] key 81 was pressed by player 1
[18:46:29.903] [SEVERE ] player 1 placing token on slot 0
[18:46:29.983] [SEVERE ] updating countdown to 57967
[18:46:30.189] [SEVERE ] key 81 was pressed by player 1
[18:46:30.189] [SEVERE ] removing player 1 token from slot 0
[18:46:30.601] [SEVERE ] key 87 was pressed by player 1
[18:46:30.601] [SEVERE ] player 1 placing token on slot 1
[18:46:30.684] [SEVERE ] updating countdown to 57266
[18:46:30.883] [SEVERE ] key 87 was pressed by player 1
[18:46:30.883] [SEVERE ] removing player 1 token from slot 1
[18:46:31.398] [SEVERE ] updating countdown to 56552
[18:46:31.524] [SEVERE ] key 80 was pressed by player 2
[18:46:31.524] [SEVERE ] player 2 placing token on slot 3
[18:46:32.112] [SEVERE ] updating countdown to 55838
[18:46:32.128] [SEVERE ] key 79 was pressed by player 2
[18:46:32.128] [SEVERE ] player 2 placing token on slot 2
[18:46:32.824] [SEVERE ] updating countdown to 55126
[18:46:32.918] [SEVERE ] key 73 was pressed by player 2
[18:46:32.918] [SEVERE ] player 2 placing token on slot 1
[18:46:33.526] [SEVERE ] updating countdown to 54424
[18:46:33.526] [SEVERE ] setting player 2 freeze to 3000
[18:46:34.228] [SEVERE ] key 73 was pressed by player 2
[18:46:34.533] [SEVERE ] setting player 2 freeze to 3000
[18:46:34.763] [SEVERE ] key 73 was pressed by player 2
[18:46:35.075] [SEVERE ] key 79 was pressed by player 2
[18:46:35.362] [SEVERE ] key 73 was pressed by player 2
[18:46:35.538] [SEVERE ] setting player 2 freeze to 3000
[18:46:35.609] [SEVERE ] key 79 was pressed by player 2
[18:46:35.824] [SEVERE ] key 73 was pressed by player 2
[18:46:36.016] [SEVERE ] key 79 was pressed by player 2
[18:46:37.258] [SEVERE ] updating countdown to 50692
[18:46:37.967] [SEVERE ] updating countdown to 49983
[18:46:38.679] [SEVERE ] updating countdown to 49271
[18:46:39.386] [SEVERE ] updating countdown to 48564
[18:46:40.091] [SEVERE ] updating countdown to 47859
[18:46:40.795] [SEVERE ] updating countdown to 47155
[18:46:41.510] [SEVERE ] updating countdown to 46440
[18:46:42.217] [SEVERE ] updating countdown to 45733
[18:46:42.930] [SEVERE ] updating countdown to 45020
[18:46:43.631] [SEVERE ] updating countdown to 44319
[18:46:44.334] [SEVERE ] updating countdown to 43616
[18:46:45.043] [SEVERE ] updating countdown to 42907
[18:46:45.758] [SEVERE ] updating countdown to 42192
[18:46:46.472] [SEVERE ] updating countdown to 41478
[18:46:47.187] [SEVERE ] updating countdown to 40763
[18:46:47.893] [SEVERE ] updating countdown to 40057
[18:46:48.609] [SEVERE ] updating countdown to 39341
[18:46:49.313] [SEVERE ] updating countdown to 38637
[18:46:50.016] [SEVERE ] updating countdown to 37934
[18:46:50.728] [SEVERE ] updating countdown to 37222
[18:46:51.434] [SEVERE ] updating countdown to 36516
[18:46:52.140] [SEVERE ] updating countdown to 35810
[18:46:52.851] [SEVERE ] updating countdown to 35099
[18:46:53.560] [SEVERE ] updating countdown to 34390
[18:46:54.263] [SEVERE ] updating countdown to 33687
[18:46:54.965] [SEVERE ] updating countdown to 32985
[18:46:55.676] [SEVERE ] updating countdown to 32274
[18:46:56.381] [SEVERE ] updating countdown to 31569
[18:46:57.094] [SEVERE ] updating countdown to 30856
[18:46:57.795] [SEVERE ] updating countdown to 30155
[18:46:58.501] [SEVERE ] updating countdown to 29449
[18:46:59.208] [SEVERE ] updating countdown to 28742
[18:46:59.910] [SEVERE ] updating countdown to 28040
[18:47:00.614] [SEVERE ] updating countdown to 27336
[18:47:01.328] [SEVERE ] updating countdown to 26622
[18:47:02.033] [SEVERE ] updating countdown to 25917
[18:47:02.739] [SEVERE ] updating countdown to 25211
[18:47:03.442] [SEVERE ] updating countdown to 24508
[18:47:04.148] [SEVERE ] updating countdown to 23802
[18:47:04.856] [SEVERE ] updating countdown to 23094
[18:47:05.563] [SEVERE ] updating countdown to 22387
[18:47:06.272] [SEVERE ] updating countdown to 21678
[18:47:06.975] [SEVERE ] updating countdown to 20975
[18:47:07.678] [SEVERE ] updating countdown to 20272
[18:47:08.380] [SEVERE ] updating countdown to 19570
[18:47:09.091] [SEVERE ] updating countdown to 18859
[18:47:09.794] [SEVERE ] updating countdown to 18156
[18:47:10.496] [SEVERE ] updating countdown to 17454
[18:47:11.202] [SEVERE ] updating countdown to 16748
[18:47:11.906] [SEVERE ] updating countdown to 16044
[18:47:12.613] [SEVERE ] updating countdown to 15337
[18:47:13.320] [SEVERE ] updating countdown to 14630
[18:47:14.027] [SEVERE ] updating countdown to 13923
[18:47:14.729] [SEVERE ] updating countdown to 13221
[18:47:15.431] [SEVERE ] updating countdown to 12519
[18:47:16.133] [SEVERE ] updating countdown to 11817
[18:47:16.844] [SEVERE ] updating countdown to 11106
[18:47:17.547] [SEVERE ] updating countdown to 10403
[18:47:18.254] [SEVERE ] updating countdown to 9696
[18:47:18.965] [SEVERE ] updating countdown to 8985
[18:47:19.667] [SEVERE ] updating countdown to 8283
[18:47:20.378] [SEVERE ] updating countdown to 7572
[18:47:21.092] [SEVERE ] updating countdown to 6858
[18:47:21.802] [SEVERE ] updating countdown to 6148
[18:47:22.511] [SEVERE ] updating countdown to 5439
[18:47:28.197] [INFO   ] thread dealer terminated.
[18:47:33.210] [SEVERE ] thanks for playing... it was fun!
[18:47:33.210] [INFO   ] thread bguspl.set.Main.main() terminated.
[18:47:33.210] [SEVERE ] disposing of user interface elements
