[19:05:22.888] [INFO   ] thread bguspl.set.Main.main() starting.
[19:05:22.896] [SEVERE ] cannot read configuration file config.properties trying from resources.
[19:05:22.896] [SEVERE ] configuration file was loaded from resources directory.
[19:05:23.325] [INFO   ] thread dealer starting.
[19:05:23.331] [INFO   ] thread dealer starting.
[19:05:23.333] [INFO   ] thread Player0 starting.
[19:05:23.335] [INFO   ] thread Player1 starting.
[19:05:23.453] [SEVERE ] placing card 73 in slot 0
[19:05:23.554] [SEVERE ] placing card 10 in slot 1
[19:05:23.657] [SEVERE ] placing card 69 in slot 2
[19:05:23.769] [SEVERE ] placing card 77 in slot 3
[19:05:23.871] [SEVERE ] placing card 29 in slot 4
[19:05:23.987] [SEVERE ] placing card 7 in slot 5
[19:05:24.088] [SEVERE ] placing card 57 in slot 6
[19:05:24.190] [SEVERE ] placing card 14 in slot 7
[19:05:24.301] [SEVERE ] placing card 22 in slot 8
[19:05:24.410] [SEVERE ] placing card 76 in slot 9
[19:05:24.520] [SEVERE ] placing card 68 in slot 10
[19:05:24.630] [SEVERE ] placing card 59 in slot 11
[19:05:25.337] [SEVERE ] updating countdown to 57988
[19:05:25.422] [SEVERE ] key 79 was pressed by player 2
[19:05:25.422] [SEVERE ] player 2 placing token on slot 2
[19:05:25.985] [SEVERE ] key 80 was pressed by player 2
[19:05:25.996] [SEVERE ] player 2 placing token on slot 3
[19:05:26.049] [SEVERE ] updating countdown to 57276
[19:05:26.570] [SEVERE ] key 80 was pressed by player 2
[19:05:26.570] [SEVERE ] removing player 2 token from slot 3
[19:05:26.761] [SEVERE ] updating countdown to 56564
[19:05:27.013] [SEVERE ] key 80 was pressed by player 2
[19:05:27.474] [SEVERE ] updating countdown to 55851
[19:05:28.183] [SEVERE ] updating countdown to 55142
[19:05:28.892] [SEVERE ] updating countdown to 54433
[19:05:29.602] [SEVERE ] updating countdown to 53723
[19:05:30.315] [SEVERE ] updating countdown to 53010
[19:05:31.026] [SEVERE ] updating countdown to 52299
[19:05:31.738] [SEVERE ] updating countdown to 51587
[19:05:32.432] [SEVERE ] key 85 was pressed by player 2
[19:05:32.448] [SEVERE ] updating countdown to 50877
[19:05:33.162] [SEVERE ] updating countdown to 50163
[19:05:33.324] [SEVERE ] key 74 was pressed by player 2
[19:05:33.589] [SEVERE ] key 75 was pressed by player 2
[19:05:33.870] [SEVERE ] updating countdown to 49455
[19:05:34.231] [SEVERE ] key 81 was pressed by player 1
[19:05:34.231] [SEVERE ] player 1 placing token on slot 0
[19:05:34.460] [SEVERE ] key 87 was pressed by player 1
[19:05:34.460] [SEVERE ] player 1 placing token on slot 1
[19:05:34.578] [SEVERE ] updating countdown to 48747
[19:05:35.284] [SEVERE ] updating countdown to 48041
[19:05:35.772] [SEVERE ] key 83 was pressed by player 1
[19:05:35.776] [SEVERE ] player 1 placing token on slot 5
[19:05:35.776] [SEVERE ] setting player 1 freeze to 3000
[19:05:36.783] [SEVERE ] setting player 1 freeze to 3000
[19:05:37.732] [SEVERE ] key 83 was pressed by player 1
[19:05:37.785] [SEVERE ] setting player 1 freeze to 3000
[19:05:38.793] [SEVERE ] updating countdown to 44532
[19:05:38.793] [SEVERE ] removing player 1 token from slot 5
[19:05:39.496] [SEVERE ] updating countdown to 43829
[19:05:40.203] [SEVERE ] updating countdown to 43122
[19:05:40.424] [SEVERE ] key 83 was pressed by player 1
[19:05:40.909] [SEVERE ] updating countdown to 42416
[19:05:41.619] [SEVERE ] updating countdown to 41706
[19:05:42.332] [SEVERE ] updating countdown to 40993
[19:05:43.044] [SEVERE ] updating countdown to 40281
[19:05:43.755] [SEVERE ] updating countdown to 39570
[19:05:44.467] [SEVERE ] updating countdown to 38858
[19:05:45.160] [SEVERE ] key 83 was pressed by player 1
[19:05:45.175] [SEVERE ] updating countdown to 38150
[19:05:45.888] [SEVERE ] updating countdown to 37437
[19:05:46.152] [SEVERE ] key 65 was pressed by player 1
[19:05:46.597] [SEVERE ] updating countdown to 36728
[19:05:46.957] [SEVERE ] key 65 was pressed by player 1
[19:05:47.230] [SEVERE ] key 83 was pressed by player 1
[19:05:47.302] [SEVERE ] updating countdown to 36023
[19:05:47.455] [SEVERE ] key 65 was pressed by player 1
[19:05:47.657] [SEVERE ] key 83 was pressed by player 1
[19:05:48.018] [SEVERE ] updating countdown to 35307
[19:05:48.033] [SEVERE ] key 65 was pressed by player 1
[19:05:48.235] [SEVERE ] key 83 was pressed by player 1
[19:05:48.461] [SEVERE ] key 65 was pressed by player 1
[19:05:48.673] [SEVERE ] key 83 was pressed by player 1
[19:05:48.720] [SEVERE ] updating countdown to 34605
[19:05:49.427] [SEVERE ] updating countdown to 33898
[19:05:49.961] [SEVERE ] key 59 was pressed by player 2
[19:05:50.140] [SEVERE ] updating countdown to 33185
[19:05:50.854] [SEVERE ] updating countdown to 32471
[19:05:50.966] [SEVERE ] key 80 was pressed by player 2
[19:05:51.213] [SEVERE ] key 76 was pressed by player 2
[19:05:51.565] [SEVERE ] updating countdown to 31760
[19:05:52.273] [SEVERE ] updating countdown to 31052
[19:05:52.986] [SEVERE ] updating countdown to 30339
[19:05:53.049] [SEVERE ] key 79 was pressed by player 2
[19:05:53.694] [SEVERE ] updating countdown to 29631
[19:05:54.407] [SEVERE ] updating countdown to 28918
[19:05:54.769] [SEVERE ] exit button pressed
[19:05:55.117] [SEVERE ] updating countdown to 28208
[19:05:55.117] [SEVERE ] updating countdown to 28208
[19:05:55.126] [INFO   ] thread dealer terminated.
[19:05:55.126] [SEVERE ] thanks for playing... it was fun!
[19:05:55.127] [INFO   ] thread bguspl.set.Main.main() terminated.
