[17:56:03.188] [INFO   ] thread bguspl.set.Main.main() starting.
[17:56:03.188] [SEVERE ] cannot read configuration file config.properties trying from resources.
[17:56:03.188] [SEVERE ] configuration file was loaded from resources directory.
[17:56:03.918] [INFO   ] thread dealer starting.
[17:56:03.918] [INFO   ] thread dealer starting.
[17:56:03.921] [INFO   ] thread Player0 starting.
[17:56:03.927] [INFO   ] thread Player1 starting.
[17:56:04.038] [SEVERE ] placing card 1 in slot 0
[17:56:04.149] [SEVERE ] placing card 55 in slot 1
[17:56:04.251] [SEVERE ] placing card 37 in slot 2
[17:56:04.362] [SEVERE ] placing card 21 in slot 3
[17:56:04.467] [SEVERE ] placing card 69 in slot 4
[17:56:04.569] [SEVERE ] placing card 7 in slot 5
[17:56:04.673] [SEVERE ] placing card 58 in slot 6
[17:56:04.782] [SEVERE ] placing card 26 in slot 7
[17:56:04.883] [SEVERE ] placing card 36 in slot 8
[17:56:04.984] [SEVERE ] placing card 54 in slot 9
[17:56:05.087] [SEVERE ] placing card 77 in slot 10
[17:56:05.197] [SEVERE ] placing card 22 in slot 11
[17:56:05.899] [SEVERE ] updating countdown to 58019
[17:56:06.607] [SEVERE ] updating countdown to 57311
[17:56:07.315] [SEVERE ] updating countdown to 56603
[17:56:08.023] [SEVERE ] updating countdown to 55895
[17:56:08.730] [SEVERE ] updating countdown to 55188
[17:56:09.438] [SEVERE ] updating countdown to 54480
[17:56:10.146] [SEVERE ] updating countdown to 53772
[17:56:10.854] [SEVERE ] updating countdown to 53064
[17:56:10.964] [SEVERE ] key 81 was pressed by player 1
[17:56:10.964] [SEVERE ] player 1 placing token on slot 0
[17:56:11.424] [SEVERE ] key 87 was pressed by player 1
[17:56:11.424] [SEVERE ] player 1 placing token on slot 1
[17:56:11.559] [SEVERE ] updating countdown to 52359
[17:56:12.267] [SEVERE ] updating countdown to 51651
[17:56:12.980] [SEVERE ] updating countdown to 50938
[17:56:13.688] [SEVERE ] updating countdown to 50230
[17:56:14.396] [SEVERE ] updating countdown to 49522
[17:56:15.104] [SEVERE ] updating countdown to 48814
[17:56:15.812] [SEVERE ] updating countdown to 48106
[17:56:16.519] [SEVERE ] updating countdown to 47399
[17:56:17.221] [SEVERE ] updating countdown to 46697
[17:56:17.932] [SEVERE ] updating countdown to 45986
[17:56:18.640] [SEVERE ] updating countdown to 45278
[17:56:18.923] [SEVERE ] key 87 was pressed by player 1
[17:56:18.923] [SEVERE ] removing player 1 token from slot 1
[17:56:19.264] [SEVERE ] key 81 was pressed by player 1
[17:56:19.264] [SEVERE ] removing player 1 token from slot 0
[17:56:19.351] [SEVERE ] updating countdown to 44567
[17:56:20.052] [SEVERE ] updating countdown to 43866
[17:56:20.760] [SEVERE ] updating countdown to 43158
[17:56:21.468] [SEVERE ] updating countdown to 42450
[17:56:22.175] [SEVERE ] updating countdown to 41743
[17:56:22.885] [SEVERE ] updating countdown to 41033
[17:56:23.593] [SEVERE ] updating countdown to 40325
[17:56:24.301] [SEVERE ] updating countdown to 39617
[17:56:25.009] [SEVERE ] updating countdown to 38909
[17:56:25.717] [SEVERE ] updating countdown to 38201
[17:56:26.424] [SEVERE ] updating countdown to 37494
[17:56:27.132] [SEVERE ] updating countdown to 36786
[17:56:27.839] [SEVERE ] updating countdown to 36079
[17:56:28.547] [SEVERE ] updating countdown to 35371
[17:56:29.255] [SEVERE ] updating countdown to 34663
[17:56:29.538] [SEVERE ] key 81 was pressed by player 1
[17:56:29.538] [SEVERE ] player 1 placing token on slot 0
[17:56:29.753] [SEVERE ] key 87 was pressed by player 1
[17:56:29.753] [SEVERE ] player 1 placing token on slot 1
[17:56:29.936] [SEVERE ] key 69 was pressed by player 1
[17:56:29.951] [SEVERE ] player 1 placing token on slot 2
[17:56:29.967] [SEVERE ] updating countdown to 33951
[17:56:29.967] [SEVERE ] setting player 1 freeze to 3000
[17:56:30.207] [SEVERE ] key 83 was pressed by player 1
[17:56:30.980] [SEVERE ] setting player 1 freeze to 3000
[17:56:31.986] [SEVERE ] setting player 1 freeze to 3000
[17:56:32.992] [SEVERE ] player 1 placing token on slot 5
[17:56:33.704] [SEVERE ] updating countdown to 30214
[17:56:34.412] [SEVERE ] updating countdown to 29506
[17:56:35.120] [SEVERE ] updating countdown to 28798
[17:56:35.830] [SEVERE ] updating countdown to 28088
[17:56:36.540] [SEVERE ] updating countdown to 27378
[17:56:37.248] [SEVERE ] updating countdown to 26670
[17:56:37.954] [SEVERE ] updating countdown to 25964
[17:56:38.660] [SEVERE ] updating countdown to 25258
[17:56:39.371] [SEVERE ] updating countdown to 24547
[17:56:40.079] [SEVERE ] updating countdown to 23839
[17:56:40.787] [SEVERE ] updating countdown to 23131
[17:56:41.448] [SEVERE ] key 83 was pressed by player 1
[17:56:41.464] [SEVERE ] removing player 1 token from slot 5
[17:56:41.496] [SEVERE ] updating countdown to 22422
[17:56:42.201] [SEVERE ] updating countdown to 21717
[17:56:42.264] [SEVERE ] key 83 was pressed by player 1
[17:56:42.264] [SEVERE ] player 1 placing token on slot 5
[17:56:42.907] [SEVERE ] updating countdown to 21011
[17:56:43.614] [SEVERE ] updating countdown to 20304
[17:56:44.321] [SEVERE ] updating countdown to 19597
[17:56:45.029] [SEVERE ] updating countdown to 18889
[17:56:45.736] [SEVERE ] updating countdown to 18182
[17:56:46.443] [SEVERE ] updating countdown to 17475
[17:56:47.150] [SEVERE ] updating countdown to 16768
[17:56:47.551] [SEVERE ] key 83 was pressed by player 1
[17:56:47.559] [SEVERE ] removing player 1 token from slot 5
[17:56:47.859] [SEVERE ] updating countdown to 16059
[17:56:48.475] [SEVERE ] key 83 was pressed by player 1
[17:56:48.490] [SEVERE ] player 1 placing token on slot 5
[17:56:48.562] [SEVERE ] updating countdown to 15356
[17:56:49.076] [SEVERE ] key 83 was pressed by player 1
[17:56:49.076] [SEVERE ] removing player 1 token from slot 5
[17:56:49.267] [SEVERE ] updating countdown to 14651
[17:56:49.555] [SEVERE ] key 69 was pressed by player 1
[17:56:49.555] [SEVERE ] removing player 1 token from slot 2
[17:56:49.720] [SEVERE ] key 87 was pressed by player 1
[17:56:49.729] [SEVERE ] removing player 1 token from slot 1
[17:56:49.979] [SEVERE ] updating countdown to 13939
[17:56:50.436] [SEVERE ] key 87 was pressed by player 1
[17:56:50.436] [SEVERE ] player 1 placing token on slot 1
[17:56:50.664] [SEVERE ] key 69 was pressed by player 1
[17:56:50.664] [SEVERE ] player 1 placing token on slot 2
[17:56:50.681] [SEVERE ] updating countdown to 13237
[17:56:50.682] [SEVERE ] setting player 1 freeze to 3000
[17:56:50.894] [SEVERE ] key 83 was pressed by player 1
[17:56:51.693] [SEVERE ] setting player 1 freeze to 3000
[17:56:52.699] [SEVERE ] setting player 1 freeze to 3000
[17:56:53.463] [SEVERE ] key 83 was pressed by player 1
[17:56:53.713] [SEVERE ] player 1 placing token on slot 5
[17:56:53.713] [SEVERE ] removing player 1 token from slot 5
[17:56:54.419] [SEVERE ] updating countdown to 9499
[17:56:55.031] [SEVERE ] key 83 was pressed by player 1
[17:56:55.031] [SEVERE ] player 1 placing token on slot 5
[17:56:55.129] [SEVERE ] updating countdown to 8789
[17:56:55.531] [SEVERE ] key 65 was pressed by player 1
[17:56:55.531] [SEVERE ] player 1 placing token on slot 4
[17:56:55.841] [SEVERE ] updating countdown to 8077
[17:56:56.549] [SEVERE ] updating countdown to 7369
[17:56:57.169] [SEVERE ] key 70 was pressed by player 1
[17:56:57.262] [SEVERE ] updating countdown to 6656
[17:56:57.852] [SEVERE ] key 70 was pressed by player 1
[17:56:57.963] [SEVERE ] updating countdown to 5955
[17:56:58.664] [SEVERE ] updating countdown to 5254
[17:56:58.854] [SEVERE ] key 70 was pressed by player 1
[17:56:59.978] [SEVERE ] key 70 was pressed by player 1
[17:57:00.732] [SEVERE ] key 70 was pressed by player 1
[17:57:01.356] [SEVERE ] key 70 was pressed by player 1
[17:57:02.918] [SEVERE ] updating countdown to 1000
[17:57:03.295] [SEVERE ] key 70 was pressed by player 1
[17:57:04.332] [INFO   ] thread dealer terminated.
[17:57:07.220] [SEVERE ] exit button pressed
[17:57:07.220] [INFO   ] thread Player1 terminated.
[17:57:09.341] [SEVERE ] thanks for playing... it was fun!
[17:57:09.342] [INFO   ] thread bguspl.set.Main.main() terminated.
