[11:21:06.645] [INFO   ] thread bguspl.set.Main.main() starting.
[11:21:06.650] [SEVERE ] cannot read configuration file config.properties trying from resources.
[11:21:06.650] [SEVERE ] configuration file was loaded from resources directory.
[11:21:07.211] [INFO   ] thread dealer starting.
[11:21:07.214] [INFO   ] thread dealer starting.
[11:21:07.214] [INFO   ] thread Player0 starting.
[11:21:07.215] [INFO   ] thread Player1 starting.
[11:21:07.322] [SEVERE ] placing card 78 in slot 0
[11:21:07.426] [SEVERE ] placing card 1 in slot 1
[11:21:07.528] [SEVERE ] placing card 74 in slot 2
[11:21:07.638] [SEVERE ] placing card 41 in slot 3
[11:21:07.742] [SEVERE ] placing card 79 in slot 4
[11:21:07.853] [SEVERE ] placing card 8 in slot 5
[11:21:07.957] [SEVERE ] placing card 53 in slot 6
[11:21:08.061] [SEVERE ] placing card 21 in slot 7
[11:21:08.165] [SEVERE ] placing card 26 in slot 8
[11:21:08.275] [SEVERE ] placing card 66 in slot 9
[11:21:08.385] [SEVERE ] placing card 17 in slot 10
[11:21:08.494] [SEVERE ] placing card 3 in slot 11
[11:21:09.202] [SEVERE ] updating countdown to 58008
[11:21:09.911] [SEVERE ] updating countdown to 57299
[11:21:10.619] [SEVERE ] updating countdown to 56591
[11:21:11.327] [SEVERE ] updating countdown to 55883
[11:21:12.034] [SEVERE ] updating countdown to 55176
[11:21:12.742] [SEVERE ] updating countdown to 54468
[11:21:13.450] [SEVERE ] updating countdown to 53760
[11:21:14.158] [SEVERE ] updating countdown to 53052
[11:21:14.865] [SEVERE ] updating countdown to 52345
[11:21:15.573] [SEVERE ] updating countdown to 51637
[11:21:16.280] [SEVERE ] updating countdown to 50930
[11:21:16.972] [SEVERE ] key 80 was pressed by player 2
[11:21:16.987] [SEVERE ] updating countdown to 50223
[11:21:16.987] [SEVERE ] player 2 placing token on slot 3
[11:21:17.241] [SEVERE ] key 79 was pressed by player 2
[11:21:17.257] [SEVERE ] player 2 placing token on slot 2
[11:21:17.700] [SEVERE ] updating countdown to 49510
[11:21:17.763] [SEVERE ] key 73 was pressed by player 2
[11:21:17.763] [SEVERE ] player 2 placing token on slot 1
[11:21:17.779] [SEVERE ] setting player 2 freeze to 3000
[11:21:18.791] [SEVERE ] setting player 2 freeze to 2000
[11:21:19.805] [SEVERE ] setting player 2 freeze to 1000
[11:21:20.810] [SEVERE ] setting player 2 freeze to 0
[11:21:20.810] [SEVERE ] updating countdown to 46400
[11:21:21.517] [SEVERE ] updating countdown to 45693
[11:21:22.225] [SEVERE ] updating countdown to 44985
[11:21:22.729] [SEVERE ] key 73 was pressed by player 2
[11:21:22.729] [SEVERE ] removing player 2 token from slot 1
[11:21:22.927] [SEVERE ] updating countdown to 44283
[11:21:22.927] [SEVERE ] key 79 was pressed by player 2
[11:21:23.632] [SEVERE ] updating countdown to 43578
[11:21:24.340] [SEVERE ] updating countdown to 42870
[11:21:24.686] [SEVERE ] key 79 was pressed by player 2
[11:21:25.052] [SEVERE ] updating countdown to 42158
[11:21:25.760] [SEVERE ] updating countdown to 41450
[11:21:26.468] [SEVERE ] updating countdown to 40742
[11:21:26.625] [SEVERE ] key 73 was pressed by player 2
[11:21:27.173] [SEVERE ] updating countdown to 40037
[11:21:27.644] [SEVERE ] key 79 was pressed by player 2
[11:21:27.876] [SEVERE ] updating countdown to 39334
[11:21:28.034] [SEVERE ] key 80 was pressed by player 2
[11:21:28.591] [SEVERE ] updating countdown to 38619
[11:21:29.298] [SEVERE ] updating countdown to 37912
[11:21:29.739] [SEVERE ] exit button pressed
[11:21:29.739] [INFO   ] thread Player0 terminated.
[11:21:30.005] [SEVERE ] updating countdown to 37205
[11:21:30.005] [SEVERE ] updating countdown to 37205
[11:21:30.005] [INFO   ] thread dealer terminated.
[11:21:30.005] [SEVERE ] thanks for playing... it was fun!
[11:21:30.005] [INFO   ] thread bguspl.set.Main.main() terminated.
