[13:53:45.213] [INFO   ] thread bguspl.set.Main.main() starting.
[13:53:45.222] [SEVERE ] cannot read configuration file config.properties trying from resources.
[13:53:45.224] [SEVERE ] configuration file was loaded from resources directory.
[13:53:46.434] [INFO   ] thread dealer starting.
[13:53:46.439] [INFO   ] thread dealer starting.
[13:53:46.443] [INFO   ] thread Player0 starting.
[13:53:46.448] [INFO   ] thread Player1 starting.
[13:53:46.566] [SEVERE ] placing card 1 in slot 0
[13:53:46.706] [SEVERE ] placing card 52 in slot 1
[13:53:46.816] [SEVERE ] placing card 46 in slot 2
[13:53:46.926] [SEVERE ] placing card 6 in slot 3
[13:53:47.037] [SEVERE ] placing card 60 in slot 4
[13:53:47.147] [SEVERE ] placing card 54 in slot 5
[13:53:47.258] [SEVERE ] placing card 66 in slot 6
[13:53:47.368] [SEVERE ] placing card 8 in slot 7
[13:53:47.479] [SEVERE ] placing card 80 in slot 8
[13:53:47.589] [SEVERE ] placing card 77 in slot 9
[13:53:47.700] [SEVERE ] placing card 56 in slot 10
[13:53:47.810] [SEVERE ] placing card 67 in slot 11
[13:53:48.765] [SEVERE ] updating countdown to 57668
[13:53:49.717] [SEVERE ] updating countdown to 56716
[13:53:49.995] [SEVERE ] key 80 was pressed by player 2
[13:53:49.997] [SEVERE ] player 2 placing token on slot 3
[13:53:50.681] [SEVERE ] updating countdown to 55752
[13:53:50.793] [SEVERE ] key 80 was pressed by player 2
[13:53:50.794] [SEVERE ] removing player 2 token from slot 3
[13:53:51.633] [SEVERE ] updating countdown to 54800
[13:53:52.596] [SEVERE ] updating countdown to 53837
[13:53:53.547] [SEVERE ] updating countdown to 52886
[13:53:54.500] [SEVERE ] updating countdown to 51933
[13:53:55.451] [SEVERE ] updating countdown to 50982
[13:53:56.417] [SEVERE ] updating countdown to 50016
[13:53:57.381] [SEVERE ] updating countdown to 49052
[13:53:58.333] [SEVERE ] updating countdown to 48100
[13:53:59.283] [SEVERE ] updating countdown to 47150
[13:54:00.235] [SEVERE ] updating countdown to 46198
[13:54:01.187] [SEVERE ] updating countdown to 45246
[13:54:02.151] [SEVERE ] updating countdown to 44282
[13:54:03.116] [SEVERE ] updating countdown to 43317
[13:54:04.069] [SEVERE ] updating countdown to 42364
[13:54:05.036] [SEVERE ] updating countdown to 41397
[13:54:05.988] [SEVERE ] updating countdown to 40445
[13:54:06.953] [SEVERE ] updating countdown to 39480
[13:54:07.919] [SEVERE ] updating countdown to 38514
[13:54:08.869] [SEVERE ] updating countdown to 37564
[13:54:09.820] [SEVERE ] updating countdown to 36613
[13:54:10.785] [SEVERE ] updating countdown to 35648
[13:54:11.744] [SEVERE ] updating countdown to 34689
[13:54:12.704] [SEVERE ] updating countdown to 33729
[13:54:13.663] [SEVERE ] updating countdown to 32770
[13:54:14.620] [SEVERE ] updating countdown to 31813
[13:54:15.579] [SEVERE ] updating countdown to 30854
[13:54:16.539] [SEVERE ] updating countdown to 29894
[13:54:17.499] [SEVERE ] updating countdown to 28934
[13:54:18.460] [SEVERE ] updating countdown to 27973
[13:54:19.419] [SEVERE ] updating countdown to 27014
[13:54:20.377] [SEVERE ] updating countdown to 26056
[13:54:21.336] [SEVERE ] updating countdown to 25097
[13:54:22.295] [SEVERE ] updating countdown to 24138
[13:54:23.255] [SEVERE ] updating countdown to 23178
[13:54:24.214] [SEVERE ] updating countdown to 22219
[13:54:25.173] [SEVERE ] updating countdown to 21260
[13:54:26.134] [SEVERE ] updating countdown to 20299
[13:54:27.094] [SEVERE ] updating countdown to 19339
[13:54:28.054] [SEVERE ] updating countdown to 18379
[13:54:29.015] [SEVERE ] updating countdown to 17418
[13:54:29.972] [SEVERE ] updating countdown to 16461
[13:54:30.931] [SEVERE ] updating countdown to 15502
[13:54:31.889] [SEVERE ] updating countdown to 14544
[13:54:32.848] [SEVERE ] updating countdown to 13585
[13:54:33.809] [SEVERE ] updating countdown to 12624
[13:54:34.769] [SEVERE ] updating countdown to 11664
[13:54:35.728] [SEVERE ] updating countdown to 10705
[13:54:36.628] [SEVERE ] key 80 was pressed by player 2
[13:54:36.630] [SEVERE ] player 2 placing token on slot 3
[13:54:36.687] [SEVERE ] updating countdown to 9746
[13:54:36.789] [SEVERE ] key 79 was pressed by player 2
[13:54:36.791] [SEVERE ] player 2 placing token on slot 2
[13:54:37.018] [SEVERE ] key 73 was pressed by player 2
[13:54:37.021] [SEVERE ] player 2 placing token on slot 1
[13:54:37.024] [SEVERE ] setting player 2 freeze to 3000
[13:54:37.226] [SEVERE ] key 76 was pressed by player 2
[13:54:38.031] [SEVERE ] setting player 2 freeze to 2000
[13:54:39.040] [SEVERE ] setting player 2 freeze to 1000
[13:54:40.048] [SEVERE ] setting player 2 freeze to 0
[13:54:40.048] [SEVERE ] updating countdown to 6385
[13:54:40.048] [SEVERE ] key 76 was pressed by player 2
[13:54:40.050] [SEVERE ] key 76 was pressed by player 2
[13:54:40.840] [SEVERE ] key 79 was pressed by player 2
[13:54:40.840] [SEVERE ] removing player 2 token from slot 2
[13:54:40.960] [SEVERE ] key 80 was pressed by player 2
[13:54:40.962] [SEVERE ] removing player 2 token from slot 3
[13:54:40.999] [SEVERE ] updating countdown to 5434
[13:54:41.211] [SEVERE ] key 59 was pressed by player 2
[13:54:41.211] [SEVERE ] player 2 placing token on slot 7
[13:54:41.246] [SEVERE ] key 75 was pressed by player 2
[13:54:41.246] [SEVERE ] player 2 placing token on slot 5
[13:54:41.246] [SEVERE ] setting player 2 freeze to 3000
[13:54:41.383] [SEVERE ] key 76 was pressed by player 2
[13:54:42.261] [SEVERE ] setting player 2 freeze to 2000
[13:54:43.273] [SEVERE ] setting player 2 freeze to 1000
[13:54:44.281] [SEVERE ] setting player 2 freeze to 0
[13:54:44.281] [SEVERE ] key 75 was pressed by player 2
[13:54:44.281] [SEVERE ] key 76 was pressed by player 2
[13:54:44.284] [SEVERE ] removing player 2 token from slot 5
[13:54:44.284] [SEVERE ] key 59 was pressed by player 2
[13:54:44.285] [SEVERE ] player 2 placing token on slot 6
[13:54:44.287] [SEVERE ] setting player 2 freeze to 3000
[13:54:44.292] [SEVERE ] key 75 was pressed by player 2
[13:54:45.288] [SEVERE ] setting player 2 freeze to 2000
[13:54:46.299] [SEVERE ] setting player 2 freeze to 1000
[13:54:47.306] [SEVERE ] setting player 2 freeze to 0
[13:54:47.307] [SEVERE ] updating countdown to 60000
[13:54:47.307] [SEVERE ] key 59 was pressed by player 2
[13:54:47.308] [SEVERE ] key 75 was pressed by player 2
[13:54:47.313] [SEVERE ] key 75 was pressed by player 2
[13:54:47.314] [SEVERE ] key 76 was pressed by player 2
[13:54:47.314] [SEVERE ] key 79 was pressed by player 2
[13:54:47.314] [SEVERE ] key 75 was pressed by player 2
[13:54:47.410] [SEVERE ] removing card from slot 0
[13:54:47.515] [SEVERE ] removing player 2 token from slot 1
[13:54:47.515] [SEVERE ] removing card from slot 1
[13:54:47.616] [SEVERE ] removing card from slot 2
[13:54:47.717] [SEVERE ] removing card from slot 3
[13:54:47.818] [SEVERE ] removing card from slot 4
[13:54:47.849] [SEVERE ] key 75 was pressed by player 2
[13:54:47.926] [SEVERE ] removing card from slot 5
[13:54:48.036] [SEVERE ] removing player 2 token from slot 6
[13:54:48.036] [SEVERE ] removing card from slot 6
[13:54:48.144] [SEVERE ] removing player 2 token from slot 7
[13:54:48.145] [SEVERE ] removing card from slot 7
[13:54:48.259] [SEVERE ] removing card from slot 8
[13:54:48.373] [SEVERE ] removing card from slot 9
[13:54:48.483] [SEVERE ] removing card from slot 10
[13:54:48.593] [SEVERE ] removing card from slot 11
[13:54:48.694] [SEVERE ] placing card 66 in slot 0
[13:54:48.807] [SEVERE ] placing card 35 in slot 1
[13:54:48.917] [SEVERE ] placing card 42 in slot 2
[13:54:49.027] [SEVERE ] placing card 10 in slot 3
[13:54:49.138] [SEVERE ] placing card 26 in slot 4
[13:54:49.248] [SEVERE ] placing card 17 in slot 5
[13:54:49.358] [SEVERE ] placing card 53 in slot 6
[13:54:49.468] [SEVERE ] placing card 68 in slot 7
[13:54:49.578] [SEVERE ] placing card 50 in slot 8
[13:54:49.688] [SEVERE ] placing card 36 in slot 9
[13:54:49.798] [SEVERE ] placing card 73 in slot 10
[13:54:49.908] [SEVERE ] placing card 2 in slot 11
[13:54:50.866] [SEVERE ] updating countdown to 56441
[13:54:51.827] [SEVERE ] updating countdown to 55480
[13:54:52.786] [SEVERE ] updating countdown to 54521
[13:54:53.745] [SEVERE ] updating countdown to 53562
[13:54:54.702] [SEVERE ] updating countdown to 52605
[13:54:55.662] [SEVERE ] updating countdown to 51645
[13:54:56.621] [SEVERE ] updating countdown to 50686
[13:54:57.581] [SEVERE ] updating countdown to 49726
[13:54:58.538] [SEVERE ] updating countdown to 48769
[13:54:59.497] [SEVERE ] updating countdown to 47810
[13:55:00.458] [SEVERE ] updating countdown to 46849
[13:55:01.415] [SEVERE ] updating countdown to 45892
[13:55:02.374] [SEVERE ] updating countdown to 44933
[13:55:03.332] [SEVERE ] updating countdown to 43975
[13:55:04.290] [SEVERE ] updating countdown to 43017
[13:55:05.249] [SEVERE ] updating countdown to 42058
[13:55:06.210] [SEVERE ] updating countdown to 41097
[13:55:07.168] [SEVERE ] updating countdown to 40139
[13:55:08.127] [SEVERE ] updating countdown to 39180
[13:55:09.089] [SEVERE ] updating countdown to 38218
[13:55:10.047] [SEVERE ] updating countdown to 37260
[13:55:11.007] [SEVERE ] updating countdown to 36300
[13:55:11.966] [SEVERE ] updating countdown to 35341
[13:55:12.926] [SEVERE ] updating countdown to 34381
[13:55:13.885] [SEVERE ] updating countdown to 33422
[13:55:14.842] [SEVERE ] updating countdown to 32465
[13:55:15.800] [SEVERE ] updating countdown to 31507
[13:55:16.758] [SEVERE ] updating countdown to 30549
[13:55:17.717] [SEVERE ] updating countdown to 29590
[13:55:18.674] [SEVERE ] updating countdown to 28633
[13:55:19.634] [SEVERE ] updating countdown to 27673
[13:55:20.593] [SEVERE ] updating countdown to 26714
[13:55:21.552] [SEVERE ] updating countdown to 25755
[13:55:22.512] [SEVERE ] updating countdown to 24795
[13:55:23.471] [SEVERE ] updating countdown to 23836
[13:55:24.431] [SEVERE ] updating countdown to 22876
[13:55:25.391] [SEVERE ] updating countdown to 21916
[13:55:26.350] [SEVERE ] updating countdown to 20957
[13:55:27.308] [SEVERE ] updating countdown to 19999
[13:55:28.268] [SEVERE ] updating countdown to 19039
[13:55:29.226] [SEVERE ] updating countdown to 18081
[13:55:30.185] [SEVERE ] updating countdown to 17122
[13:55:31.142] [SEVERE ] updating countdown to 16165
[13:55:32.100] [SEVERE ] updating countdown to 15207
[13:55:33.058] [SEVERE ] updating countdown to 14249
[13:55:34.016] [SEVERE ] updating countdown to 13291
[13:55:34.975] [SEVERE ] updating countdown to 12332
[13:55:35.494] [SEVERE ] key 46 was pressed by player 2
[13:55:35.494] [SEVERE ] player 2 placing token on slot 10
[13:55:35.874] [SEVERE ] key 44 was pressed by player 2
[13:55:35.874] [SEVERE ] player 2 placing token on slot 9
[13:55:35.939] [SEVERE ] updating countdown to 11368
[13:55:36.413] [SEVERE ] key 47 was pressed by player 2
[13:55:36.413] [SEVERE ] player 2 placing token on slot 11
[13:55:36.413] [SEVERE ] setting player 2 score to 1
[13:55:36.413] [SEVERE ] setting player 2 freeze to 3000
[13:55:37.427] [SEVERE ] setting player 2 freeze to 2000
[13:55:38.432] [SEVERE ] setting player 2 freeze to 1000
[13:55:39.443] [SEVERE ] setting player 2 freeze to 0
[13:55:39.443] [SEVERE ] updating countdown to 60000
[13:55:39.555] [SEVERE ] removing player 2 token from slot 10
[13:55:39.555] [SEVERE ] removing card from slot 10
[13:55:39.670] [SEVERE ] removing player 2 token from slot 9
[13:55:39.671] [SEVERE ] removing card from slot 9
[13:55:39.786] [SEVERE ] removing player 2 token from slot 11
[13:55:39.787] [SEVERE ] removing card from slot 11
[13:55:39.888] [SEVERE ] placing card 34 in slot 9
[13:55:39.999] [SEVERE ] placing card 31 in slot 10
[13:55:40.109] [SEVERE ] placing card 33 in slot 11
[13:55:40.109] [SEVERE ] updating countdown to 59334
[13:55:41.068] [SEVERE ] updating countdown to 58375
[13:55:42.028] [SEVERE ] updating countdown to 57415
[13:55:42.986] [SEVERE ] updating countdown to 56457
[13:55:43.947] [SEVERE ] updating countdown to 55496
[13:55:44.898] [SEVERE ] updating countdown to 54545
[13:55:45.859] [SEVERE ] updating countdown to 53584
[13:55:46.809] [SEVERE ] updating countdown to 52634
[13:55:47.768] [SEVERE ] updating countdown to 51675
[13:55:48.727] [SEVERE ] updating countdown to 50716
[13:55:49.687] [SEVERE ] updating countdown to 49756
[13:55:50.646] [SEVERE ] updating countdown to 48797
[13:55:51.605] [SEVERE ] updating countdown to 47838
[13:55:52.561] [SEVERE ] updating countdown to 46882
[13:55:53.521] [SEVERE ] updating countdown to 45922
[13:55:53.946] [SEVERE ] key 74 was pressed by player 2
[13:55:53.946] [SEVERE ] player 2 placing token on slot 4
[13:55:54.062] [SEVERE ] key 75 was pressed by player 2
[13:55:54.063] [SEVERE ] player 2 placing token on slot 5
[13:55:54.139] [SEVERE ] key 80 was pressed by player 2
[13:55:54.152] [SEVERE ] player 2 placing token on slot 3
[13:55:54.154] [SEVERE ] setting player 2 freeze to 3000
[13:55:54.251] [SEVERE ] key 75 was pressed by player 2
[13:55:55.156] [SEVERE ] setting player 2 freeze to 2000
[13:55:56.161] [SEVERE ] setting player 2 freeze to 1000
[13:55:57.170] [SEVERE ] setting player 2 freeze to 0
[13:55:57.170] [SEVERE ] updating countdown to 42273
[13:55:57.170] [SEVERE ] key 76 was pressed by player 2
[13:55:57.171] [SEVERE ] removing player 2 token from slot 5
[13:55:57.172] [SEVERE ] key 76 was pressed by player 2
[13:55:57.172] [SEVERE ] player 2 placing token on slot 6
[13:55:57.173] [SEVERE ] key 75 was pressed by player 2
[13:55:57.174] [SEVERE ] key 80 was pressed by player 2
[13:55:57.176] [SEVERE ] key 79 was pressed by player 2
[13:55:57.176] [SEVERE ] setting player 2 freeze to 3000
[13:55:58.177] [SEVERE ] setting player 2 freeze to 2000
[13:55:59.185] [SEVERE ] setting player 2 freeze to 1000
[13:56:00.192] [SEVERE ] setting player 2 freeze to 0
[13:56:00.192] [SEVERE ] updating countdown to 39251
[13:56:00.193] [SEVERE ] removing player 2 token from slot 6
[13:56:00.194] [SEVERE ] key 80 was pressed by player 2
[13:56:00.194] [SEVERE ] player 2 placing token on slot 5
[13:56:00.194] [SEVERE ] key 79 was pressed by player 2
[13:56:00.196] [SEVERE ] setting player 2 freeze to 3000
[13:56:00.196] [SEVERE ] key 75 was pressed by player 2
[13:56:01.199] [SEVERE ] setting player 2 freeze to 2000
[13:56:02.208] [SEVERE ] setting player 2 freeze to 1000
[13:56:03.214] [SEVERE ] setting player 2 freeze to 0
[13:56:03.214] [SEVERE ] updating countdown to 36229
[13:56:03.215] [SEVERE ] removing player 2 token from slot 3
[13:56:03.216] [SEVERE ] key 80 was pressed by player 2
[13:56:03.217] [SEVERE ] player 2 placing token on slot 2
[13:56:03.218] [SEVERE ] key 79 was pressed by player 2
[13:56:03.220] [SEVERE ] key 75 was pressed by player 2
[13:56:03.220] [SEVERE ] setting player 2 freeze to 3000
[13:56:04.223] [SEVERE ] setting player 2 freeze to 2000
[13:56:05.229] [SEVERE ] setting player 2 freeze to 1000
[13:56:06.233] [SEVERE ] setting player 2 freeze to 0
[13:56:06.233] [SEVERE ] updating countdown to 33210
[13:56:06.234] [SEVERE ] removing player 2 token from slot 5
[13:56:06.235] [SEVERE ] key 83 was pressed by player 1
[13:56:06.236] [SEVERE ] player 2 placing token on slot 3
[13:56:06.238] [SEVERE ] key 65 was pressed by player 1
[13:56:06.240] [SEVERE ] setting player 2 freeze to 3000
[13:56:06.240] [SEVERE ] key 65 was pressed by player 1
[13:56:06.241] [SEVERE ] player 1 placing token on slot 5
[13:56:06.242] [SEVERE ] key 87 was pressed by player 1
[13:56:06.243] [SEVERE ] player 1 placing token on slot 4
[13:56:06.244] [SEVERE ] key 87 was pressed by player 1
[13:56:06.245] [SEVERE ] removing player 1 token from slot 4
[13:56:06.246] [SEVERE ] key 81 was pressed by player 1
[13:56:06.248] [SEVERE ] player 1 placing token on slot 1
[13:56:06.249] [SEVERE ] key 65 was pressed by player 1
[13:56:06.249] [SEVERE ] key 87 was pressed by player 1
[13:56:06.249] [SEVERE ] removing player 1 token from slot 1
[13:56:06.250] [SEVERE ] key 83 was pressed by player 1
[13:56:06.250] [SEVERE ] player 1 placing token on slot 0
[13:56:06.251] [SEVERE ] key 87 was pressed by player 1
[13:56:06.252] [SEVERE ] player 1 placing token on slot 4
[13:56:06.252] [SEVERE ] key 87 was pressed by player 1
[13:56:06.253] [SEVERE ] key 69 was pressed by player 1
[13:56:06.254] [SEVERE ] key 69 was pressed by player 1
[13:56:06.263] [SEVERE ] key 81 was pressed by player 1
[13:56:06.264] [SEVERE ] key 65 was pressed by player 1
[13:56:06.264] [SEVERE ] key 83 was pressed by player 1
[13:56:06.266] [SEVERE ] key 68 was pressed by player 1
[13:56:06.267] [SEVERE ] key 69 was pressed by player 1
[13:56:06.268] [SEVERE ] key 87 was pressed by player 1
[13:56:06.268] [SEVERE ] key 81 was pressed by player 1
[13:56:06.269] [SEVERE ] key 65 was pressed by player 1
[13:56:06.270] [SEVERE ] key 83 was pressed by player 1
[13:56:06.270] [SEVERE ] key 68 was pressed by player 1
[13:56:06.271] [SEVERE ] key 69 was pressed by player 1
[13:56:06.272] [SEVERE ] key 87 was pressed by player 1
[13:56:06.272] [SEVERE ] key 65 was pressed by player 1
[13:56:07.249] [SEVERE ] setting player 2 freeze to 2000
[13:56:08.253] [SEVERE ] setting player 2 freeze to 1000
[13:56:09.257] [SEVERE ] setting player 2 freeze to 0
[13:56:09.257] [SEVERE ] updating countdown to 30186
[13:56:09.260] [SEVERE ] setting player 1 freeze to 3000
[13:56:10.270] [SEVERE ] setting player 1 freeze to 2000
[13:56:11.275] [SEVERE ] setting player 1 freeze to 1000
[13:56:12.280] [SEVERE ] setting player 1 freeze to 0
[13:56:12.280] [SEVERE ] removing player 1 token from slot 5
[13:56:12.280] [SEVERE ] player 1 placing token on slot 1
[13:56:12.280] [SEVERE ] setting player 1 freeze to 3000
[13:56:13.288] [SEVERE ] setting player 1 freeze to 2000
[13:56:14.294] [SEVERE ] setting player 1 freeze to 1000
[13:56:15.300] [SEVERE ] setting player 1 freeze to 0
[13:56:15.300] [SEVERE ] updating countdown to 24143
[13:56:16.257] [SEVERE ] updating countdown to 23186
[13:56:17.216] [SEVERE ] updating countdown to 22227
[13:56:18.173] [SEVERE ] updating countdown to 21270
[13:56:18.644] [SEVERE ] key 83 was pressed by player 1
[13:56:18.815] [SEVERE ] key 65 was pressed by player 1
[13:56:18.831] [SEVERE ] removing player 1 token from slot 4
[13:56:18.883] [SEVERE ] key 81 was pressed by player 1
[13:56:18.885] [SEVERE ] removing player 1 token from slot 0
[13:56:18.898] [SEVERE ] key 87 was pressed by player 1
[13:56:18.899] [SEVERE ] removing player 1 token from slot 1
[13:56:19.129] [SEVERE ] updating countdown to 20314
[13:56:19.521] [SEVERE ] key 65 was pressed by player 1
[13:56:19.521] [SEVERE ] player 1 placing token on slot 4
[13:56:20.091] [SEVERE ] updating countdown to 19352
[13:56:20.091] [SEVERE ] key 87 was pressed by player 1
[13:56:20.091] [SEVERE ] player 1 placing token on slot 1
[13:56:20.438] [SEVERE ] key 83 was pressed by player 1
[13:56:20.438] [SEVERE ] player 1 placing token on slot 5
[13:56:20.438] [SEVERE ] setting player 1 freeze to 3000
[13:56:21.021] [SEVERE ] key 59 was pressed by player 2
[13:56:21.271] [SEVERE ] key 59 was pressed by player 2
[13:56:21.447] [SEVERE ] setting player 1 freeze to 2000
[13:56:21.534] [SEVERE ] key 59 was pressed by player 2
[13:56:22.106] [SEVERE ] key 76 was pressed by player 2
[13:56:22.326] [SEVERE ] key 80 was pressed by player 2
[13:56:22.326] [SEVERE ] removing player 2 token from slot 3
[13:56:22.447] [SEVERE ] setting player 1 freeze to 1000
[13:56:23.456] [SEVERE ] setting player 1 freeze to 0
[13:56:23.456] [SEVERE ] updating countdown to 15987
[13:56:24.322] [SEVERE ] key 76 was pressed by player 2
[13:56:24.322] [SEVERE ] player 2 placing token on slot 6
[13:56:24.322] [SEVERE ] setting player 2 freeze to 3000
[13:56:24.686] [SEVERE ] key 59 was pressed by player 2
[13:56:25.336] [SEVERE ] setting player 2 freeze to 2000
[13:56:26.344] [SEVERE ] setting player 2 freeze to 1000
[13:56:27.351] [SEVERE ] setting player 2 freeze to 0
[13:56:27.351] [SEVERE ] updating countdown to 12092
[13:56:27.351] [SEVERE ] key 80 was pressed by player 2
[13:56:27.352] [SEVERE ] key 83 was pressed by player 1
[13:56:27.352] [SEVERE ] key 65 was pressed by player 1
[13:56:27.355] [SEVERE ] removing player 1 token from slot 5
[13:56:27.356] [SEVERE ] key 88 was pressed by player 1
[13:56:27.357] [SEVERE ] removing player 1 token from slot 4
[13:56:27.358] [SEVERE ] player 1 placing token on slot 9
[13:56:27.415] [SEVERE ] key 88 was pressed by player 1
[13:56:27.427] [SEVERE ] removing player 1 token from slot 9
[13:56:27.832] [SEVERE ] key 88 was pressed by player 1
[13:56:27.832] [SEVERE ] player 1 placing token on slot 9
[13:56:28.313] [SEVERE ] updating countdown to 11130
[13:56:28.974] [SEVERE ] key 88 was pressed by player 1
[13:56:28.989] [SEVERE ] removing player 1 token from slot 9
[13:56:29.271] [SEVERE ] updating countdown to 10172
[13:56:29.381] [SEVERE ] key 88 was pressed by player 1
[13:56:29.381] [SEVERE ] player 1 placing token on slot 9
[13:56:29.641] [SEVERE ] key 83 was pressed by player 1
[13:56:29.656] [SEVERE ] player 1 placing token on slot 5
[13:56:29.656] [SEVERE ] setting player 1 freeze to 3000
[13:56:29.985] [SEVERE ] key 87 was pressed by player 1
[13:56:30.663] [SEVERE ] setting player 1 freeze to 2000
[13:56:31.674] [SEVERE ] setting player 1 freeze to 1000
[13:56:32.680] [SEVERE ] setting player 1 freeze to 0
[13:56:32.680] [SEVERE ] updating countdown to 6763
[13:56:32.680] [SEVERE ] key 65 was pressed by player 1
[13:56:32.682] [SEVERE ] removing player 1 token from slot 1
[13:56:32.682] [SEVERE ] player 1 placing token on slot 4
[13:56:32.682] [SEVERE ] setting player 1 freeze to 3000
[13:56:32.682] [SEVERE ] key 46 was pressed by player 2
[13:56:33.159] [SEVERE ] key 79 was pressed by player 2
[13:56:33.159] [SEVERE ] removing player 2 token from slot 2
[13:56:33.691] [SEVERE ] setting player 1 freeze to 2000
[13:56:33.730] [SEVERE ] key 76 was pressed by player 2
[13:56:33.731] [SEVERE ] removing player 2 token from slot 6
[13:56:34.278] [SEVERE ] key 46 was pressed by player 2
[13:56:34.278] [SEVERE ] player 2 placing token on slot 10
[13:56:34.697] [SEVERE ] setting player 1 freeze to 1000
[13:56:35.139] [SEVERE ] key 46 was pressed by player 2
[13:56:35.139] [SEVERE ] removing player 2 token from slot 10
[13:56:35.421] [SEVERE ] key 44 was pressed by player 2
[13:56:35.436] [SEVERE ] player 2 placing token on slot 9
[13:56:35.705] [SEVERE ] setting player 1 freeze to 0
[13:56:39.535] [SEVERE ] updating countdown to 60000
[13:56:39.644] [SEVERE ] removing card from slot 0
[13:56:39.758] [SEVERE ] removing card from slot 1
[13:56:39.868] [SEVERE ] removing card from slot 2
[13:56:39.978] [SEVERE ] removing card from slot 3
[13:56:40.087] [SEVERE ] removing player 1 token from slot 4
[13:56:40.087] [SEVERE ] removing player 2 token from slot 4
[13:56:40.087] [SEVERE ] removing card from slot 4
[13:56:40.194] [SEVERE ] removing player 1 token from slot 5
[13:56:40.194] [SEVERE ] removing card from slot 5
[13:56:40.296] [SEVERE ] removing card from slot 6
[13:56:40.408] [SEVERE ] removing card from slot 7
[13:56:40.518] [SEVERE ] removing card from slot 8
[13:56:40.629] [SEVERE ] removing player 1 token from slot 9
[13:56:40.629] [SEVERE ] removing player 2 token from slot 9
[13:56:40.629] [SEVERE ] removing card from slot 9
[13:56:40.732] [SEVERE ] removing card from slot 10
[13:56:40.840] [SEVERE ] removing card from slot 11
[13:56:40.951] [SEVERE ] placing card 43 in slot 0
[13:56:41.061] [SEVERE ] placing card 76 in slot 1
[13:56:41.176] [SEVERE ] placing card 69 in slot 2
[13:56:41.286] [SEVERE ] placing card 30 in slot 3
[13:56:41.396] [SEVERE ] placing card 6 in slot 4
[13:56:41.506] [SEVERE ] placing card 11 in slot 5
[13:56:41.616] [SEVERE ] placing card 45 in slot 6
[13:56:41.726] [SEVERE ] placing card 53 in slot 7
[13:56:41.836] [SEVERE ] placing card 38 in slot 8
[13:56:41.946] [SEVERE ] placing card 67 in slot 9
[13:56:42.055] [SEVERE ] placing card 70 in slot 10
[13:56:42.165] [SEVERE ] placing card 62 in slot 11
[13:56:43.123] [SEVERE ] updating countdown to 56412
[13:56:44.081] [SEVERE ] updating countdown to 55454
[13:56:45.039] [SEVERE ] updating countdown to 54496
[13:56:45.998] [SEVERE ] updating countdown to 53537
[13:56:46.957] [SEVERE ] updating countdown to 52578
[13:56:47.916] [SEVERE ] updating countdown to 51619
[13:56:48.875] [SEVERE ] updating countdown to 50660
[13:56:49.832] [SEVERE ] updating countdown to 49703
[13:56:50.789] [SEVERE ] updating countdown to 48746
[13:56:51.747] [SEVERE ] updating countdown to 47788
[13:56:52.707] [SEVERE ] updating countdown to 46828
[13:56:53.666] [SEVERE ] updating countdown to 45869
[13:56:54.629] [SEVERE ] updating countdown to 44906
[13:56:55.589] [SEVERE ] updating countdown to 43946
[13:56:56.547] [SEVERE ] updating countdown to 42988
[13:56:57.505] [SEVERE ] updating countdown to 42030
[13:56:58.463] [SEVERE ] updating countdown to 41072
[13:56:59.423] [SEVERE ] updating countdown to 40112
[13:57:00.381] [SEVERE ] updating countdown to 39154
[13:57:01.336] [SEVERE ] updating countdown to 38199
[13:57:02.293] [SEVERE ] updating countdown to 37242
[13:57:03.252] [SEVERE ] updating countdown to 36283
[13:57:04.211] [SEVERE ] updating countdown to 35324
[13:57:05.169] [SEVERE ] updating countdown to 34366
[13:57:06.130] [SEVERE ] updating countdown to 33405
[13:57:07.091] [SEVERE ] updating countdown to 32444
[13:57:08.050] [SEVERE ] updating countdown to 31485
[13:57:09.010] [SEVERE ] updating countdown to 30525
[13:57:09.968] [SEVERE ] updating countdown to 29567
[13:57:10.920] [SEVERE ] updating countdown to 28615
[13:57:11.872] [SEVERE ] updating countdown to 27663
[13:57:12.837] [SEVERE ] updating countdown to 26698
[13:57:13.791] [SEVERE ] updating countdown to 25744
[13:57:14.743] [SEVERE ] updating countdown to 24792
[13:57:15.704] [SEVERE ] updating countdown to 23831
[13:57:16.658] [SEVERE ] updating countdown to 22877
[13:57:17.614] [SEVERE ] updating countdown to 21921
[13:57:18.564] [SEVERE ] updating countdown to 20971
[13:57:19.517] [SEVERE ] updating countdown to 20018
[13:57:20.470] [SEVERE ] updating countdown to 19065
[13:57:21.436] [SEVERE ] updating countdown to 18099
[13:57:22.401] [SEVERE ] updating countdown to 17134
[13:57:23.365] [SEVERE ] updating countdown to 16170
[13:57:24.330] [SEVERE ] updating countdown to 15205
[13:57:25.294] [SEVERE ] updating countdown to 14241
[13:57:26.256] [SEVERE ] updating countdown to 13279
[13:57:27.211] [SEVERE ] updating countdown to 12324
[13:57:28.171] [SEVERE ] updating countdown to 11364
[13:57:29.130] [SEVERE ] updating countdown to 10405
[13:57:30.089] [SEVERE ] updating countdown to 9446
[13:57:30.137] [SEVERE ] key 79 was pressed by player 2
[13:57:30.137] [SEVERE ] player 2 placing token on slot 2
[13:57:30.303] [SEVERE ] key 79 was pressed by player 2
[13:57:30.303] [SEVERE ] removing player 2 token from slot 2
[13:57:30.487] [SEVERE ] key 80 was pressed by player 2
[13:57:30.494] [SEVERE ] player 2 placing token on slot 3
[13:57:30.525] [SEVERE ] key 81 was pressed by player 1
[13:57:30.525] [SEVERE ] player 1 placing token on slot 0
[13:57:30.689] [SEVERE ] key 87 was pressed by player 1
[13:57:30.704] [SEVERE ] player 1 placing token on slot 1
[13:57:30.840] [SEVERE ] key 76 was pressed by player 2
[13:57:30.840] [SEVERE ] player 2 placing token on slot 6
[13:57:31.022] [SEVERE ] key 65 was pressed by player 1
[13:57:31.022] [SEVERE ] player 1 placing token on slot 4
[13:57:31.022] [SEVERE ] setting player 1 freeze to 3000
[13:57:31.145] [SEVERE ] key 76 was pressed by player 2
[13:57:31.147] [SEVERE ] removing player 2 token from slot 6
[13:57:31.259] [SEVERE ] key 83 was pressed by player 1
[13:57:32.035] [SEVERE ] setting player 1 freeze to 2000
[13:57:33.042] [SEVERE ] setting player 1 freeze to 1000
[13:57:34.048] [SEVERE ] setting player 1 freeze to 0
[13:57:34.048] [SEVERE ] updating countdown to 5487
[13:57:34.048] [SEVERE ] key 90 was pressed by player 1
[13:57:34.048] [SEVERE ] key 46 was pressed by player 2
[13:57:34.051] [SEVERE ] player 2 placing token on slot 10
[13:57:34.051] [SEVERE ] key 76 was pressed by player 2
[13:57:34.051] [SEVERE ] key 80 was pressed by player 2
[13:57:34.054] [SEVERE ] player 2 placing token on slot 6
[13:57:34.054] [SEVERE ] key 80 was pressed by player 2
[13:57:34.055] [SEVERE ] setting player 2 freeze to 3000
[13:57:34.457] [SEVERE ] key 76 was pressed by player 2
[13:57:35.057] [SEVERE ] setting player 2 freeze to 2000
[13:57:36.067] [SEVERE ] setting player 2 freeze to 1000
[13:57:37.073] [SEVERE ] setting player 2 freeze to 0
[13:57:37.073] [SEVERE ] removing player 2 token from slot 3
[13:57:37.074] [SEVERE ] key 46 was pressed by player 2
[13:57:37.075] [SEVERE ] player 2 placing token on slot 3
[13:57:37.076] [SEVERE ] setting player 2 freeze to 3000
[13:57:37.081] [SEVERE ] key 44 was pressed by player 2
[13:57:38.081] [SEVERE ] setting player 2 freeze to 2000
[13:57:39.092] [SEVERE ] setting player 2 freeze to 1000
[13:57:40.099] [SEVERE ] setting player 2 freeze to 0
[13:57:40.099] [SEVERE ] updating countdown to 60000
[13:57:40.100] [SEVERE ] key 75 was pressed by player 2
[13:57:40.100] [SEVERE ] key 87 was pressed by player 1
[13:57:40.104] [SEVERE ] key 83 was pressed by player 1
[13:57:40.104] [SEVERE ] key 87 was pressed by player 1
[13:57:40.104] [SEVERE ] key 81 was pressed by player 1
[13:57:40.105] [SEVERE ] key 69 was pressed by player 1
[13:57:40.105] [SEVERE ] key 68 was pressed by player 1
[13:57:40.202] [SEVERE ] removing player 1 token from slot 0
[13:57:40.203] [SEVERE ] removing card from slot 0
[13:57:40.209] [SEVERE ] key 83 was pressed by player 1
[13:57:40.303] [SEVERE ] removing player 1 token from slot 1
[13:57:40.303] [SEVERE ] removing card from slot 1
[13:57:40.406] [SEVERE ] removing card from slot 2
[13:57:40.506] [SEVERE ] removing player 2 token from slot 3
[13:57:40.506] [SEVERE ] removing card from slot 3
[13:57:40.609] [SEVERE ] removing player 1 token from slot 4
[13:57:40.610] [SEVERE ] removing card from slot 4
[13:57:40.697] [SEVERE ] key 88 was pressed by player 1
[13:57:40.721] [SEVERE ] removing card from slot 5
[13:57:40.831] [SEVERE ] removing player 2 token from slot 6
[13:57:40.832] [SEVERE ] removing card from slot 6
[13:57:40.936] [SEVERE ] removing card from slot 7
[13:57:41.050] [SEVERE ] removing card from slot 8
[13:57:41.160] [SEVERE ] removing card from slot 9
[13:57:41.270] [SEVERE ] removing player 2 token from slot 10
[13:57:41.270] [SEVERE ] removing card from slot 10
[13:57:41.372] [SEVERE ] removing card from slot 11
[13:57:41.486] [SEVERE ] placing card 41 in slot 0
[13:57:41.599] [SEVERE ] placing card 43 in slot 1
[13:57:41.709] [SEVERE ] placing card 10 in slot 2
[13:57:41.819] [SEVERE ] placing card 61 in slot 3
[13:57:41.929] [SEVERE ] placing card 54 in slot 4
[13:57:42.039] [SEVERE ] placing card 47 in slot 5
[13:57:42.149] [SEVERE ] placing card 55 in slot 6
[13:57:42.259] [SEVERE ] placing card 53 in slot 7
[13:57:42.369] [SEVERE ] placing card 66 in slot 8
[13:57:42.478] [SEVERE ] placing card 67 in slot 9
[13:57:42.588] [SEVERE ] placing card 45 in slot 10
[13:57:42.698] [SEVERE ] placing card 4 in slot 11
[13:57:43.357] [SEVERE ] key 80 was pressed by player 2
[13:57:43.357] [SEVERE ] player 2 placing token on slot 3
[13:57:43.551] [SEVERE ] key 79 was pressed by player 2
[13:57:43.566] [SEVERE ] player 2 placing token on slot 2
[13:57:43.655] [SEVERE ] updating countdown to 56444
[13:57:43.789] [SEVERE ] key 76 was pressed by player 2
[13:57:43.791] [SEVERE ] player 2 placing token on slot 6
[13:57:43.793] [SEVERE ] setting player 2 freeze to 3000
[13:57:44.240] [SEVERE ] key 75 was pressed by player 2
[13:57:44.797] [SEVERE ] setting player 2 freeze to 2000
[13:57:45.805] [SEVERE ] setting player 2 freeze to 1000
[13:57:46.810] [SEVERE ] setting player 2 freeze to 0
[13:57:46.810] [SEVERE ] updating countdown to 53289
[13:57:46.811] [SEVERE ] key 81 was pressed by player 1
[13:57:46.811] [SEVERE ] key 87 was pressed by player 1
[13:57:46.813] [SEVERE ] player 1 placing token on slot 0
[13:57:46.814] [SEVERE ] key 83 was pressed by player 1
[13:57:46.815] [SEVERE ] player 1 placing token on slot 1
[13:57:46.816] [SEVERE ] key 65 was pressed by player 1
[13:57:46.816] [SEVERE ] player 1 placing token on slot 5
[13:57:46.816] [SEVERE ] key 81 was pressed by player 1
[13:57:46.818] [SEVERE ] setting player 1 freeze to 3000
[13:57:47.095] [SEVERE ] key 87 was pressed by player 1
[13:57:47.823] [SEVERE ] setting player 1 freeze to 2000
[13:57:48.835] [SEVERE ] setting player 1 freeze to 1000
[13:57:49.843] [SEVERE ] setting player 1 freeze to 0
[13:57:49.843] [SEVERE ] updating countdown to 50256
[13:57:49.844] [SEVERE ] removing player 1 token from slot 0
[13:57:49.847] [SEVERE ] removing player 1 token from slot 1
[13:57:49.848] [SEVERE ] key 80 was pressed by player 2
[13:57:49.848] [SEVERE ] key 79 was pressed by player 2
[13:57:49.849] [SEVERE ] removing player 2 token from slot 3
[13:57:49.849] [SEVERE ] key 76 was pressed by player 2
[13:57:49.851] [SEVERE ] removing player 2 token from slot 2
[13:57:49.851] [SEVERE ] removing player 2 token from slot 6
[13:57:50.805] [SEVERE ] updating countdown to 49294
[13:57:51.402] [SEVERE ] key 46 was pressed by player 2
[13:57:51.402] [SEVERE ] player 2 placing token on slot 10
[13:57:51.757] [SEVERE ] updating countdown to 48342
[13:57:52.714] [SEVERE ] updating countdown to 47385
[13:57:53.673] [SEVERE ] updating countdown to 46426
[13:57:53.689] [SEVERE ] key 81 was pressed by player 1
[13:57:53.689] [SEVERE ] player 1 placing token on slot 0
[13:57:54.292] [SEVERE ] key 87 was pressed by player 1
[13:57:54.292] [SEVERE ] player 1 placing token on slot 1
[13:57:54.308] [SEVERE ] setting player 1 freeze to 3000
[13:57:55.310] [SEVERE ] setting player 1 freeze to 2000
[13:57:55.718] [SEVERE ] key 44 was pressed by player 2
[13:57:55.718] [SEVERE ] player 2 placing token on slot 9
[13:57:56.325] [SEVERE ] setting player 1 freeze to 1000
[13:57:56.687] [SEVERE ] key 76 was pressed by player 2
[13:57:56.687] [SEVERE ] player 2 placing token on slot 6
[13:57:56.993] [SEVERE ] key 75 was pressed by player 2
[13:57:57.325] [SEVERE ] setting player 1 freeze to 0
[13:57:57.325] [SEVERE ] setting player 2 freeze to 3000
[13:57:57.517] [SEVERE ] key 79 was pressed by player 2
[13:57:58.331] [SEVERE ] setting player 2 freeze to 2000
[13:57:59.339] [SEVERE ] setting player 2 freeze to 1000
[13:58:00.347] [SEVERE ] setting player 2 freeze to 0
[13:58:00.347] [SEVERE ] updating countdown to 39752
[13:58:00.348] [SEVERE ] key 75 was pressed by player 2
[13:58:00.348] [SEVERE ] key 65 was pressed by player 1
[13:58:00.689] [SEVERE ] key 87 was pressed by player 1
[13:58:00.689] [SEVERE ] removing player 1 token from slot 1
[13:58:01.211] [SEVERE ] key 83 was pressed by player 1
[13:58:01.227] [SEVERE ] removing player 1 token from slot 5
[13:58:01.303] [SEVERE ] updating countdown to 38796
[13:58:01.825] [SEVERE ] key 90 was pressed by player 1
[13:58:01.825] [SEVERE ] player 1 placing token on slot 8
[13:58:02.268] [SEVERE ] updating countdown to 37831
[13:58:02.874] [SEVERE ] key 76 was pressed by player 2
[13:58:02.874] [SEVERE ] removing player 2 token from slot 6
[13:58:03.223] [SEVERE ] updating countdown to 36876
[13:58:04.182] [SEVERE ] updating countdown to 35917
[13:58:05.141] [SEVERE ] updating countdown to 34958
[13:58:05.534] [SEVERE ] key 87 was pressed by player 1
[13:58:05.534] [SEVERE ] player 1 placing token on slot 1
[13:58:05.534] [SEVERE ] setting player 1 freeze to 3000
[13:58:06.548] [SEVERE ] setting player 1 freeze to 2000
[13:58:06.807] [SEVERE ] key 80 was pressed by player 2
[13:58:06.807] [SEVERE ] player 2 placing token on slot 3
[13:58:07.313] [SEVERE ] key 79 was pressed by player 2
[13:58:07.561] [SEVERE ] setting player 1 freeze to 1000
[13:58:07.718] [SEVERE ] key 76 was pressed by player 2
[13:58:08.341] [SEVERE ] key 44 was pressed by player 2
[13:58:08.562] [SEVERE ] setting player 1 freeze to 0
[13:58:08.562] [SEVERE ] setting player 2 freeze to 3000
[13:58:09.566] [SEVERE ] setting player 2 freeze to 2000
[13:58:10.574] [SEVERE ] setting player 2 freeze to 1000
[13:58:11.583] [SEVERE ] setting player 2 freeze to 0
[13:58:11.583] [SEVERE ] updating countdown to 28516
[13:58:11.583] [SEVERE ] removing player 2 token from slot 9
[13:58:12.537] [SEVERE ] updating countdown to 27562
[13:58:13.498] [SEVERE ] updating countdown to 26601
[13:58:14.455] [SEVERE ] updating countdown to 25644
[13:58:14.643] [SEVERE ] key 65 was pressed by player 1
[13:58:14.660] [SEVERE ] key 59 was pressed by player 2
[13:58:14.662] [SEVERE ] player 2 placing token on slot 7
[13:58:14.662] [SEVERE ] setting player 2 freeze to 3000
[13:58:15.665] [SEVERE ] setting player 2 freeze to 2000
[13:58:16.676] [SEVERE ] setting player 2 freeze to 1000
[13:58:17.682] [SEVERE ] setting player 2 freeze to 0
[13:58:17.682] [SEVERE ] updating countdown to 22417
[13:58:18.643] [SEVERE ] updating countdown to 21456
[13:58:19.602] [SEVERE ] updating countdown to 20497
[13:58:20.562] [SEVERE ] updating countdown to 19537
[13:58:20.704] [SEVERE ] key 65 was pressed by player 1
[13:58:20.781] [SEVERE ] key 59 was pressed by player 2
[13:58:20.782] [SEVERE ] removing player 2 token from slot 7
[13:58:21.514] [SEVERE ] updating countdown to 18585
[13:58:22.047] [SEVERE ] key 79 was pressed by player 2
[13:58:22.047] [SEVERE ] player 2 placing token on slot 2
[13:58:22.047] [SEVERE ] setting player 2 freeze to 3000
[13:58:22.101] [SEVERE ] key 87 was pressed by player 1
[13:58:22.101] [SEVERE ] removing player 1 token from slot 1
[13:58:22.235] [SEVERE ] key 81 was pressed by player 1
[13:58:22.235] [SEVERE ] removing player 1 token from slot 0
[13:58:22.688] [SEVERE ] key 87 was pressed by player 1
[13:58:22.690] [SEVERE ] player 1 placing token on slot 1
[13:58:23.063] [SEVERE ] setting player 2 freeze to 2000
[13:58:23.064] [SEVERE ] key 81 was pressed by player 1
[13:58:23.064] [SEVERE ] player 1 placing token on slot 0
[13:58:23.467] [SEVERE ] key 65 was pressed by player 1
[13:58:24.071] [SEVERE ] setting player 2 freeze to 1000
[13:58:25.076] [SEVERE ] setting player 2 freeze to 0
[13:58:25.076] [SEVERE ] setting player 1 freeze to 3000
[13:58:25.199] [SEVERE ] key 81 was pressed by player 1
[13:58:26.080] [SEVERE ] setting player 1 freeze to 2000
[13:58:27.084] [SEVERE ] setting player 1 freeze to 1000
[13:58:28.088] [SEVERE ] setting player 1 freeze to 0
[13:58:28.088] [SEVERE ] updating countdown to 12011
[13:58:28.089] [SEVERE ] removing player 1 token from slot 0
[13:58:28.089] [SEVERE ] key 59 was pressed by player 2
[13:58:29.050] [SEVERE ] updating countdown to 11049
[13:58:29.538] [SEVERE ] key 81 was pressed by player 1
[13:58:29.538] [SEVERE ] player 1 placing token on slot 0
[13:58:29.538] [SEVERE ] setting player 1 freeze to 3000
[13:58:29.559] [SEVERE ] key 87 was pressed by player 1
[13:58:30.553] [SEVERE ] setting player 1 freeze to 2000
[13:58:31.558] [SEVERE ] setting player 1 freeze to 1000
[13:58:32.566] [SEVERE ] setting player 1 freeze to 0
[13:58:32.566] [SEVERE ] updating countdown to 7533
[13:58:32.566] [SEVERE ] key 80 was pressed by player 2
[13:58:32.567] [SEVERE ] removing player 1 token from slot 1
[13:58:32.568] [SEVERE ] removing player 2 token from slot 3
[13:58:32.569] [SEVERE ] key 76 was pressed by player 2
[13:58:32.569] [SEVERE ] player 2 placing token on slot 6
[13:58:32.575] [SEVERE ] setting player 2 freeze to 3000
[13:58:33.578] [SEVERE ] setting player 2 freeze to 2000
[13:58:34.589] [SEVERE ] setting player 2 freeze to 1000
[13:58:35.596] [SEVERE ] setting player 2 freeze to 0
[13:58:40.394] [SEVERE ] updating countdown to 60000
[13:58:40.496] [SEVERE ] removing player 1 token from slot 0
[13:58:40.496] [SEVERE ] removing card from slot 0
[13:58:40.599] [SEVERE ] removing card from slot 1
[13:58:40.709] [SEVERE ] removing player 2 token from slot 2
[13:58:40.709] [SEVERE ] removing card from slot 2
[13:58:40.812] [SEVERE ] removing card from slot 3
[13:58:40.924] [SEVERE ] removing card from slot 4
[13:58:41.034] [SEVERE ] removing card from slot 5
[13:58:41.144] [SEVERE ] removing player 2 token from slot 6
[13:58:41.144] [SEVERE ] removing card from slot 6
[13:58:41.246] [SEVERE ] removing card from slot 7
[13:58:41.360] [SEVERE ] removing player 1 token from slot 8
[13:58:41.360] [SEVERE ] removing card from slot 8
[13:58:41.464] [SEVERE ] removing card from slot 9
[13:58:41.576] [SEVERE ] removing player 2 token from slot 10
[13:58:41.576] [SEVERE ] removing card from slot 10
[13:58:41.679] [SEVERE ] removing card from slot 11
[13:58:41.792] [SEVERE ] placing card 3 in slot 0
[13:58:41.902] [SEVERE ] placing card 16 in slot 1
[13:58:42.012] [SEVERE ] placing card 75 in slot 2
[13:58:42.122] [SEVERE ] placing card 19 in slot 3
[13:58:42.233] [SEVERE ] placing card 20 in slot 4
[13:58:42.343] [SEVERE ] placing card 78 in slot 5
[13:58:42.453] [SEVERE ] placing card 17 in slot 6
[13:58:42.563] [SEVERE ] placing card 65 in slot 7
[13:58:42.673] [SEVERE ] placing card 1 in slot 8
[13:58:42.783] [SEVERE ] placing card 32 in slot 9
[13:58:42.893] [SEVERE ] placing card 70 in slot 10
[13:58:43.003] [SEVERE ] placing card 31 in slot 11
[13:58:43.963] [SEVERE ] updating countdown to 56431
[13:58:44.924] [SEVERE ] updating countdown to 55470
[13:58:45.886] [SEVERE ] updating countdown to 54508
[13:58:46.845] [SEVERE ] updating countdown to 53549
[13:58:47.805] [SEVERE ] updating countdown to 52589
[13:58:48.762] [SEVERE ] updating countdown to 51632
[13:58:49.719] [SEVERE ] updating countdown to 50675
[13:58:50.677] [SEVERE ] updating countdown to 49717
[13:58:51.636] [SEVERE ] updating countdown to 48758
[13:58:52.596] [SEVERE ] updating countdown to 47798
[13:58:53.555] [SEVERE ] updating countdown to 46839
[13:58:54.516] [SEVERE ] updating countdown to 45878
[13:58:55.475] [SEVERE ] updating countdown to 44919
[13:58:56.434] [SEVERE ] updating countdown to 43960
[13:58:57.391] [SEVERE ] updating countdown to 43003
[13:58:58.350] [SEVERE ] updating countdown to 42044
[13:58:59.311] [SEVERE ] updating countdown to 41083
[13:59:00.268] [SEVERE ] updating countdown to 40126
[13:59:01.228] [SEVERE ] updating countdown to 39166
[13:59:02.188] [SEVERE ] updating countdown to 38206
[13:59:03.148] [SEVERE ] updating countdown to 37246
[13:59:04.105] [SEVERE ] updating countdown to 36289
[13:59:05.063] [SEVERE ] updating countdown to 35331
[13:59:06.020] [SEVERE ] updating countdown to 34374
[13:59:06.978] [SEVERE ] updating countdown to 33416
[13:59:07.937] [SEVERE ] updating countdown to 32457
[13:59:08.895] [SEVERE ] updating countdown to 31499
[13:59:09.852] [SEVERE ] updating countdown to 30542
[13:59:10.809] [SEVERE ] updating countdown to 29585
[13:59:11.769] [SEVERE ] updating countdown to 28625
[13:59:12.728] [SEVERE ] updating countdown to 27666
[13:59:13.687] [SEVERE ] updating countdown to 26707
[13:59:14.647] [SEVERE ] updating countdown to 25747
[13:59:15.608] [SEVERE ] updating countdown to 24786
[13:59:16.565] [SEVERE ] updating countdown to 23829
[13:59:17.524] [SEVERE ] updating countdown to 22870
[13:59:18.475] [SEVERE ] updating countdown to 21919
[13:59:19.435] [SEVERE ] updating countdown to 20959
[13:59:20.395] [SEVERE ] updating countdown to 19999
[13:59:21.354] [SEVERE ] updating countdown to 19040
[13:59:22.313] [SEVERE ] updating countdown to 18081
[13:59:23.272] [SEVERE ] updating countdown to 17122
[13:59:24.232] [SEVERE ] updating countdown to 16162
[13:59:25.190] [SEVERE ] updating countdown to 15204
[13:59:26.148] [SEVERE ] updating countdown to 14246
[13:59:27.105] [SEVERE ] updating countdown to 13289
[13:59:28.062] [SEVERE ] updating countdown to 12332
[13:59:29.019] [SEVERE ] updating countdown to 11375
[13:59:29.976] [SEVERE ] updating countdown to 10418
[13:59:30.935] [SEVERE ] updating countdown to 9459
[13:59:31.893] [SEVERE ] updating countdown to 8501
[13:59:32.851] [SEVERE ] updating countdown to 7543
[13:59:33.811] [SEVERE ] updating countdown to 6583
[13:59:33.959] [SEVERE ] key 80 was pressed by player 2
[13:59:33.968] [SEVERE ] player 2 placing token on slot 3
[13:59:34.090] [SEVERE ] key 80 was pressed by player 2
[13:59:34.090] [SEVERE ] removing player 2 token from slot 3
[13:59:34.397] [SEVERE ] key 79 was pressed by player 2
[13:59:34.397] [SEVERE ] player 2 placing token on slot 2
[13:59:34.776] [SEVERE ] updating countdown to 5618
[13:59:34.791] [SEVERE ] key 87 was pressed by player 1
[13:59:34.791] [SEVERE ] player 1 placing token on slot 1
[13:59:34.898] [SEVERE ] key 69 was pressed by player 1
[13:59:34.900] [SEVERE ] player 1 placing token on slot 2
[13:59:35.150] [SEVERE ] key 76 was pressed by player 2
[13:59:35.150] [SEVERE ] player 2 placing token on slot 6
[13:59:35.368] [SEVERE ] key 68 was pressed by player 1
[13:59:35.368] [SEVERE ] player 1 placing token on slot 6
[13:59:35.385] [SEVERE ] setting player 1 freeze to 3000
[13:59:35.508] [SEVERE ] key 83 was pressed by player 1
[13:59:36.394] [SEVERE ] setting player 1 freeze to 2000
[13:59:37.399] [SEVERE ] setting player 1 freeze to 1000
[13:59:38.406] [SEVERE ] setting player 1 freeze to 0
[13:59:38.407] [SEVERE ] key 83 was pressed by player 1
[13:59:38.408] [SEVERE ] key 44 was pressed by player 2
[13:59:38.408] [SEVERE ] player 2 placing token on slot 9
[13:59:38.408] [SEVERE ] setting player 2 freeze to 3000
[13:59:38.412] [SEVERE ] key 46 was pressed by player 2
[13:59:39.411] [SEVERE ] setting player 2 freeze to 2000
[13:59:40.421] [SEVERE ] setting player 2 freeze to 1000
[13:59:41.427] [SEVERE ] setting player 2 freeze to 0
[13:59:41.427] [SEVERE ] updating countdown to 60000
[13:59:41.428] [SEVERE ] key 68 was pressed by player 1
[13:59:41.428] [SEVERE ] key 67 was pressed by player 1
[13:59:41.528] [SEVERE ] removing card from slot 0
[13:59:41.635] [SEVERE ] removing player 1 token from slot 1
[13:59:41.635] [SEVERE ] removing card from slot 1
[13:59:41.738] [SEVERE ] removing player 1 token from slot 2
[13:59:41.739] [SEVERE ] removing player 2 token from slot 2
[13:59:41.739] [SEVERE ] removing card from slot 2
[13:59:41.841] [SEVERE ] removing card from slot 3
[13:59:41.952] [SEVERE ] removing card from slot 4
[13:59:42.062] [SEVERE ] removing card from slot 5
[13:59:42.172] [SEVERE ] removing player 1 token from slot 6
[13:59:42.172] [SEVERE ] removing player 2 token from slot 6
[13:59:42.172] [SEVERE ] removing card from slot 6
[13:59:42.273] [SEVERE ] removing card from slot 7
[13:59:42.386] [SEVERE ] removing card from slot 8
[13:59:42.496] [SEVERE ] removing player 2 token from slot 9
[13:59:42.496] [SEVERE ] removing card from slot 9
[13:59:42.604] [SEVERE ] removing card from slot 10
[13:59:42.717] [SEVERE ] removing card from slot 11
[13:59:42.828] [SEVERE ] placing card 35 in slot 0
[13:59:42.938] [SEVERE ] placing card 59 in slot 1
[13:59:43.048] [SEVERE ] placing card 57 in slot 2
[13:59:43.158] [SEVERE ] placing card 5 in slot 3
[13:59:43.268] [SEVERE ] placing card 34 in slot 4
[13:59:43.378] [SEVERE ] placing card 0 in slot 5
[13:59:43.488] [SEVERE ] placing card 61 in slot 6
[13:59:43.599] [SEVERE ] placing card 56 in slot 7
[13:59:43.709] [SEVERE ] placing card 30 in slot 8
[13:59:43.819] [SEVERE ] placing card 25 in slot 9
[13:59:43.929] [SEVERE ] placing card 27 in slot 10
[13:59:44.039] [SEVERE ] placing card 11 in slot 11
[13:59:44.810] [SEVERE ] key 80 was pressed by player 2
[13:59:44.810] [SEVERE ] player 2 placing token on slot 3
[13:59:45.002] [SEVERE ] updating countdown to 56425
[13:59:45.066] [SEVERE ] key 79 was pressed by player 2
[13:59:45.066] [SEVERE ] player 2 placing token on slot 2
[13:59:45.395] [SEVERE ] key 76 was pressed by player 2
[13:59:45.395] [SEVERE ] player 2 placing token on slot 6
[13:59:45.395] [SEVERE ] setting player 2 freeze to 3000
[13:59:46.123] [SEVERE ] key 81 was pressed by player 1
[13:59:46.125] [SEVERE ] player 1 placing token on slot 0
[13:59:46.314] [SEVERE ] key 87 was pressed by player 1
[13:59:46.316] [SEVERE ] player 1 placing token on slot 1
[13:59:46.408] [SEVERE ] setting player 2 freeze to 2000
[13:59:46.723] [SEVERE ] key 69 was pressed by player 1
[13:59:46.723] [SEVERE ] player 1 placing token on slot 2
[13:59:47.421] [SEVERE ] setting player 2 freeze to 1000
[13:59:48.427] [SEVERE ] setting player 2 freeze to 0
[13:59:48.428] [SEVERE ] setting player 1 freeze to 3000
[13:59:49.443] [SEVERE ] setting player 1 freeze to 2000
[13:59:50.120] [SEVERE ] key 83 was pressed by player 1
[13:59:50.451] [SEVERE ] setting player 1 freeze to 1000
[13:59:51.459] [SEVERE ] setting player 1 freeze to 0
[13:59:51.459] [SEVERE ] updating countdown to 49968
[13:59:51.524] [SEVERE ] key 79 was pressed by player 2
[13:59:51.525] [SEVERE ] removing player 2 token from slot 2
[13:59:51.812] [SEVERE ] key 80 was pressed by player 2
[13:59:51.812] [SEVERE ] removing player 2 token from slot 3
[13:59:52.268] [SEVERE ] key 76 was pressed by player 2
[13:59:52.268] [SEVERE ] removing player 2 token from slot 6
[13:59:52.420] [SEVERE ] updating countdown to 49007
[13:59:52.655] [SEVERE ] key 46 was pressed by player 2
[13:59:52.655] [SEVERE ] player 2 placing token on slot 10
[13:59:53.150] [SEVERE ] key 76 was pressed by player 2
[13:59:53.150] [SEVERE ] player 2 placing token on slot 6
[13:59:53.382] [SEVERE ] updating countdown to 48045
[13:59:53.445] [SEVERE ] key 59 was pressed by player 2
[13:59:53.445] [SEVERE ] player 2 placing token on slot 7
[13:59:53.460] [SEVERE ] setting player 2 freeze to 3000
[13:59:53.966] [SEVERE ] key 80 was pressed by player 2
[13:59:54.475] [SEVERE ] setting player 2 freeze to 2000
[13:59:55.485] [SEVERE ] setting player 2 freeze to 1000
[13:59:56.492] [SEVERE ] setting player 2 freeze to 0
[13:59:56.492] [SEVERE ] updating countdown to 44935
[13:59:56.492] [SEVERE ] key 83 was pressed by player 1
[13:59:56.492] [SEVERE ] key 83 was pressed by player 1
[13:59:56.495] [SEVERE ] key 65 was pressed by player 1
[13:59:56.936] [SEVERE ] key 88 was pressed by player 1
[13:59:57.448] [SEVERE ] updating countdown to 43979
[13:59:58.059] [SEVERE ] key 69 was pressed by player 1
[13:59:58.059] [SEVERE ] removing player 1 token from slot 2
[13:59:58.251] [SEVERE ] key 87 was pressed by player 1
[13:59:58.266] [SEVERE ] removing player 1 token from slot 1
[13:59:58.404] [SEVERE ] updating countdown to 43023
[13:59:58.501] [SEVERE ] key 81 was pressed by player 1
[13:59:58.501] [SEVERE ] removing player 1 token from slot 0
[13:59:58.684] [SEVERE ] key 83 was pressed by player 1
[13:59:58.684] [SEVERE ] player 1 placing token on slot 5
[13:59:59.009] [SEVERE ] key 90 was pressed by player 1
[13:59:59.009] [SEVERE ] player 1 placing token on slot 8
[13:59:59.359] [SEVERE ] updating countdown to 42068
[14:00:00.317] [SEVERE ] updating countdown to 41110
[14:00:01.268] [SEVERE ] updating countdown to 40159
[14:00:02.234] [SEVERE ] updating countdown to 39193
[14:00:03.188] [SEVERE ] updating countdown to 38239
[14:00:04.144] [SEVERE ] updating countdown to 37283
[14:00:05.108] [SEVERE ] updating countdown to 36319
[14:00:05.209] [SEVERE ] key 81 was pressed by player 1
[14:00:05.214] [SEVERE ] player 1 placing token on slot 0
[14:00:05.219] [SEVERE ] setting player 1 freeze to 3000
[14:00:05.612] [SEVERE ] key 87 was pressed by player 1
[14:00:06.234] [SEVERE ] setting player 1 freeze to 2000
[14:00:07.235] [SEVERE ] setting player 1 freeze to 1000
[14:00:08.241] [SEVERE ] setting player 1 freeze to 0
[14:00:08.241] [SEVERE ] updating countdown to 33186
[14:00:08.700] [SEVERE ] exit button pressed
[14:00:08.700] [INFO   ] thread Player0 terminated.
[14:00:08.700] [INFO   ] thread Player1 terminated.
[14:00:09.193] [SEVERE ] updating countdown to 32234
[14:00:09.193] [SEVERE ] updating countdown to 60000
[14:00:09.304] [SEVERE ] removing player 1 token from slot 0
[14:00:09.304] [SEVERE ] removing card from slot 0
[14:00:09.419] [SEVERE ] removing card from slot 1
[14:00:09.531] [SEVERE ] removing card from slot 2
[14:00:09.641] [SEVERE ] removing card from slot 3
[14:00:09.750] [SEVERE ] removing card from slot 4
[14:00:09.859] [SEVERE ] removing player 1 token from slot 5
[14:00:09.859] [SEVERE ] removing card from slot 5
[14:00:09.970] [SEVERE ] removing player 2 token from slot 6
[14:00:09.970] [SEVERE ] removing card from slot 6
[14:00:10.085] [SEVERE ] removing player 2 token from slot 7
[14:00:10.086] [SEVERE ] removing card from slot 7
[14:00:10.187] [SEVERE ] removing player 1 token from slot 8
[14:00:10.187] [SEVERE ] removing card from slot 8
[14:00:10.301] [SEVERE ] removing card from slot 9
[14:00:10.413] [SEVERE ] removing player 2 token from slot 10
[14:00:10.413] [SEVERE ] removing card from slot 10
[14:00:10.519] [SEVERE ] removing card from slot 11
[14:00:10.520] [INFO   ] thread dealer terminated.
[14:00:10.521] [INFO   ] thread dealer terminated.
[14:00:10.521] [SEVERE ] thanks for playing... it was fun!
[14:00:10.521] [INFO   ] thread bguspl.set.Main.main() terminated.
