[11:39:39.355] [INFO   ] thread bguspl.set.Main.main() starting.
[11:39:39.358] [SEVERE ] cannot read configuration file config.properties trying from resources.
[11:39:39.358] [SEVERE ] configuration file was loaded from resources directory.
[11:39:39.856] [INFO   ] thread dealer starting.
[11:39:39.861] [INFO   ] thread dealer starting.
[11:39:39.864] [INFO   ] thread Player0 starting.
[11:39:39.864] [INFO   ] thread Player1 starting.
[11:39:39.969] [SEVERE ] placing card 10 in slot 0
[11:39:40.081] [SEVERE ] placing card 19 in slot 1
[11:39:40.183] [SEVERE ] placing card 42 in slot 2
[11:39:40.300] [SEVERE ] placing card 12 in slot 3
[11:39:40.402] [SEVERE ] placing card 57 in slot 4
[11:39:40.515] [SEVERE ] placing card 50 in slot 5
[11:39:40.618] [SEVERE ] placing card 53 in slot 6
[11:39:40.723] [SEVERE ] placing card 63 in slot 7
[11:39:40.826] [SEVERE ] placing card 61 in slot 8
[11:39:40.936] [SEVERE ] placing card 0 in slot 9
[11:39:41.046] [SEVERE ] placing card 52 in slot 10
[11:39:41.155] [SEVERE ] placing card 55 in slot 11
[11:39:41.863] [SEVERE ] updating countdown to 57993
[11:39:42.477] [SEVERE ] key 80 was pressed by player 2
[11:39:42.477] [SEVERE ] player 2 placing token on slot 3
[11:39:42.566] [SEVERE ] updating countdown to 57290
[11:39:42.705] [SEVERE ] key 79 was pressed by player 2
[11:39:42.705] [SEVERE ] player 2 placing token on slot 2
[11:39:42.956] [SEVERE ] key 73 was pressed by player 2
[11:39:42.956] [SEVERE ] player 2 placing token on slot 1
[11:39:42.956] [SEVERE ] setting player 2 freeze to 3000
[11:39:43.815] [SEVERE ] key 75 was pressed by player 2
[11:39:43.970] [SEVERE ] setting player 2 freeze to 2000
[11:39:44.975] [SEVERE ] setting player 2 freeze to 1000
[11:39:45.101] [SEVERE ] key 76 was pressed by player 2
[11:39:45.980] [SEVERE ] setting player 2 freeze to 0
[11:39:45.980] [SEVERE ] updating countdown to 53876
[11:39:45.980] [SEVERE ] player 2 placing token on slot 5
[11:39:45.980] [SEVERE ] player 2 placing token on slot 6
[11:39:46.690] [SEVERE ] updating countdown to 53166
[11:39:47.397] [SEVERE ] updating countdown to 52459
[11:39:47.744] [SEVERE ] key 76 was pressed by player 2
[11:39:47.744] [SEVERE ] removing player 2 token from slot 6
[11:39:48.110] [SEVERE ] updating countdown to 51746
[11:39:48.472] [SEVERE ] key 76 was pressed by player 2
[11:39:48.814] [SEVERE ] updating countdown to 51042
[11:39:49.522] [SEVERE ] updating countdown to 50334
[11:39:50.231] [SEVERE ] updating countdown to 49625
[11:39:50.939] [SEVERE ] updating countdown to 48917
[11:39:51.647] [SEVERE ] updating countdown to 48209
[11:39:52.355] [SEVERE ] updating countdown to 47501
[11:39:53.063] [SEVERE ] updating countdown to 46793
[11:39:53.772] [SEVERE ] updating countdown to 46084
[11:39:54.231] [SEVERE ] exit button pressed
[11:39:54.231] [INFO   ] thread Player0 terminated.
[11:39:54.479] [SEVERE ] updating countdown to 45377
[11:39:54.479] [SEVERE ] updating countdown to 45377
[11:39:54.479] [INFO   ] thread dealer terminated.
[11:39:54.479] [SEVERE ] thanks for playing... it was fun!
[11:39:54.479] [INFO   ] thread bguspl.set.Main.main() terminated.
