[11:50:52.757] [INFO   ] thread bguspl.set.Main.main() starting.
[11:50:52.757] [SEVERE ] cannot read configuration file config.properties trying from resources.
[11:50:52.765] [SEVERE ] configuration file was loaded from resources directory.
[11:50:53.384] [INFO   ] thread dealer starting.
[11:50:53.388] [INFO   ] thread dealer starting.
[11:50:53.388] [INFO   ] thread Player0 starting.
[11:50:53.388] [INFO   ] thread Player1 starting.
[11:50:53.499] [SEVERE ] placing card 39 in slot 0
[11:50:53.610] [SEVERE ] placing card 11 in slot 1
[11:50:53.714] [SEVERE ] placing card 57 in slot 2
[11:50:53.818] [SEVERE ] placing card 19 in slot 3
[11:50:53.928] [SEVERE ] placing card 75 in slot 4
[11:50:54.033] [SEVERE ] placing card 51 in slot 5
[11:50:54.147] [SEVERE ] placing card 8 in slot 6
[11:50:54.249] [SEVERE ] placing card 40 in slot 7
[11:50:54.353] [SEVERE ] placing card 12 in slot 8
[11:50:54.464] [SEVERE ] placing card 3 in slot 9
[11:50:54.574] [SEVERE ] placing card 42 in slot 10
[11:50:54.684] [SEVERE ] placing card 23 in slot 11
[11:50:55.391] [SEVERE ] updating countdown to 57987
[11:50:55.854] [SEVERE ] key 80 was pressed by player 2
[11:50:55.854] [SEVERE ] player 2 placing token on slot 3
[11:50:56.051] [SEVERE ] key 79 was pressed by player 2
[11:50:56.051] [SEVERE ] player 2 placing token on slot 2
[11:50:56.098] [SEVERE ] updating countdown to 57280
[11:50:56.281] [SEVERE ] key 73 was pressed by player 2
[11:50:56.281] [SEVERE ] player 2 placing token on slot 1
[11:50:56.281] [SEVERE ] setting player 2 freeze to 3000
[11:50:56.733] [SEVERE ] key 75 was pressed by player 2
[11:50:57.198] [SEVERE ] key 76 was pressed by player 2
[11:50:57.294] [SEVERE ] setting player 2 freeze to 2000
[11:50:58.297] [SEVERE ] setting player 2 freeze to 1000
[11:50:59.272] [SEVERE ] key 75 was pressed by player 2
[11:50:59.313] [SEVERE ] setting player 2 freeze to 0
[11:50:59.313] [SEVERE ] updating countdown to 54065
[11:50:59.316] [SEVERE ] player 2 placing token on slot 5
[11:50:59.318] [SEVERE ] player 2 placing token on slot 6
[11:50:59.318] [SEVERE ] removing player 2 token from slot 5
[11:50:59.864] [SEVERE ] key 75 was pressed by player 2
[11:50:59.864] [SEVERE ] player 2 placing token on slot 5
[11:51:00.020] [SEVERE ] updating countdown to 53358
[11:51:00.460] [SEVERE ] key 75 was pressed by player 2
[11:51:00.460] [SEVERE ] removing player 2 token from slot 5
[11:51:00.730] [SEVERE ] updating countdown to 52648
[11:51:00.872] [SEVERE ] key 75 was pressed by player 2
[11:51:00.874] [SEVERE ] player 2 placing token on slot 5
[11:51:01.445] [SEVERE ] updating countdown to 51933
[11:51:01.927] [SEVERE ] key 74 was pressed by player 2
[11:51:01.927] [SEVERE ] player 2 placing token on slot 4
[11:51:01.927] [SEVERE ] setting player 2 freeze to 3000
[11:51:02.943] [SEVERE ] setting player 2 freeze to 2000
[11:51:03.954] [SEVERE ] setting player 2 freeze to 1000
[11:51:04.962] [SEVERE ] setting player 2 freeze to 0
[11:51:04.962] [SEVERE ] updating countdown to 48416
[11:51:05.185] [SEVERE ] key 44 was pressed by player 2
[11:51:05.193] [SEVERE ] player 2 placing token on slot 9
[11:51:05.531] [SEVERE ] key 77 was pressed by player 2
[11:51:05.531] [SEVERE ] player 2 placing token on slot 8
[11:51:05.664] [SEVERE ] updating countdown to 47714
[11:51:06.365] [SEVERE ] updating countdown to 47013
[11:51:07.072] [SEVERE ] updating countdown to 46306
[11:51:07.782] [SEVERE ] updating countdown to 45596
[11:51:07.845] [SEVERE ] key 59 was pressed by player 2
[11:51:07.855] [SEVERE ] player 2 placing token on slot 7
[11:51:07.855] [SEVERE ] setting player 2 freeze to 3000
[11:51:08.858] [SEVERE ] setting player 2 freeze to 2000
[11:51:09.866] [SEVERE ] setting player 2 freeze to 1000
[11:51:10.876] [SEVERE ] setting player 2 freeze to 0
[11:51:10.876] [SEVERE ] updating countdown to 42502
[11:51:11.252] [SEVERE ] key 76 was pressed by player 2
[11:51:11.252] [SEVERE ] removing player 2 token from slot 6
[11:51:11.590] [SEVERE ] updating countdown to 41788
[11:51:12.296] [SEVERE ] updating countdown to 41082
[11:51:13.004] [SEVERE ] updating countdown to 40374
[11:51:13.717] [SEVERE ] updating countdown to 39661
[11:51:14.426] [SEVERE ] updating countdown to 38952
[11:51:15.132] [SEVERE ] updating countdown to 38246
[11:51:15.399] [SEVERE ] key 79 was pressed by player 2
[11:51:15.412] [SEVERE ] removing player 2 token from slot 2
[11:51:15.726] [SEVERE ] key 73 was pressed by player 2
[11:51:15.728] [SEVERE ] removing player 2 token from slot 1
[11:51:15.837] [SEVERE ] updating countdown to 37541
[11:51:16.074] [SEVERE ] key 85 was pressed by player 2
[11:51:16.090] [SEVERE ] player 2 placing token on slot 0
[11:51:16.520] [SEVERE ] key 85 was pressed by player 2
[11:51:16.520] [SEVERE ] removing player 2 token from slot 0
[11:51:16.548] [SEVERE ] updating countdown to 36830
[11:51:16.969] [SEVERE ] key 74 was pressed by player 2
[11:51:16.969] [SEVERE ] removing player 2 token from slot 4
[11:51:17.261] [SEVERE ] updating countdown to 36117
[11:51:17.971] [SEVERE ] updating countdown to 35407
[11:51:18.678] [SEVERE ] updating countdown to 34700
[11:51:19.385] [SEVERE ] updating countdown to 33993
[11:51:19.454] [SEVERE ] key 75 was pressed by player 2
[11:51:19.454] [SEVERE ] removing player 2 token from slot 5
[11:51:20.088] [SEVERE ] updating countdown to 33290
[11:51:20.757] [SEVERE ] key 77 was pressed by player 2
[11:51:20.757] [SEVERE ] removing player 2 token from slot 8
[11:51:20.797] [SEVERE ] updating countdown to 32581
[11:51:21.499] [SEVERE ] updating countdown to 31879
[11:51:22.207] [SEVERE ] updating countdown to 31171
[11:51:22.915] [SEVERE ] updating countdown to 30463
[11:51:23.622] [SEVERE ] updating countdown to 29756
[11:51:23.795] [SEVERE ] key 80 was pressed by player 2
[11:51:23.796] [SEVERE ] removing player 2 token from slot 3
[11:51:24.329] [SEVERE ] updating countdown to 29049
[11:51:25.040] [SEVERE ] updating countdown to 28338
[11:51:25.748] [SEVERE ] updating countdown to 27630
[11:51:25.843] [SEVERE ] key 77 was pressed by player 2
[11:51:25.843] [SEVERE ] player 2 placing token on slot 8
[11:51:26.282] [SEVERE ] key 77 was pressed by player 2
[11:51:26.292] [SEVERE ] removing player 2 token from slot 8
[11:51:26.451] [SEVERE ] updating countdown to 26927
[11:51:27.157] [SEVERE ] updating countdown to 26221
[11:51:27.865] [SEVERE ] updating countdown to 25513
[11:51:28.581] [SEVERE ] updating countdown to 24797
[11:51:28.929] [SEVERE ] exit button pressed
[11:51:28.929] [INFO   ] thread Player1 terminated.
[11:51:28.929] [INFO   ] thread Player0 terminated.
[11:51:29.296] [SEVERE ] updating countdown to 24082
[11:51:29.296] [SEVERE ] updating countdown to 24082
[11:51:29.406] [SEVERE ] removing card from slot 0
[11:51:29.516] [SEVERE ] removing card from slot 1
[11:51:29.627] [SEVERE ] removing card from slot 2
[11:51:29.738] [SEVERE ] removing card from slot 3
[11:51:29.848] [SEVERE ] removing card from slot 4
[11:51:29.959] [SEVERE ] removing card from slot 5
[11:51:30.069] [SEVERE ] removing card from slot 6
[11:51:30.181] [SEVERE ] removing player 2 token from slot 7
[11:51:30.182] [SEVERE ] removing card from slot 7
[11:51:30.287] [SEVERE ] removing card from slot 8
[11:51:30.399] [SEVERE ] removing player 2 token from slot 9
[11:51:30.399] [SEVERE ] removing card from slot 9
[11:51:30.510] [SEVERE ] removing card from slot 10
[11:51:30.614] [SEVERE ] removing card from slot 11
[11:51:30.617] [INFO   ] thread dealer terminated.
[11:51:30.617] [INFO   ] thread dealer terminated.
[11:51:30.617] [SEVERE ] thanks for playing... it was fun!
[11:51:30.617] [INFO   ] thread bguspl.set.Main.main() terminated.
