[13:48:00.798] [INFO   ] thread bguspl.set.Main.main() starting.
[13:48:00.804] [SEVERE ] cannot read configuration file config.properties trying from resources.
[13:48:00.806] [SEVERE ] configuration file was loaded from resources directory.
[13:48:01.937] [INFO   ] thread dealer starting.
[13:48:01.938] [INFO   ] thread dealer starting.
[13:48:01.939] [INFO   ] thread Player0 starting.
[13:48:01.939] [INFO   ] thread Player1 starting.
[13:48:02.067] [SEVERE ] placing card 23 in slot 0
[13:48:02.178] [SEVERE ] placing card 72 in slot 1
[13:48:02.289] [SEVERE ] placing card 69 in slot 2
[13:48:02.400] [SEVERE ] placing card 43 in slot 3
[13:48:02.510] [SEVERE ] placing card 44 in slot 4
[13:48:02.620] [SEVERE ] placing card 73 in slot 5
[13:48:02.732] [SEVERE ] placing card 75 in slot 6
[13:48:02.842] [SEVERE ] placing card 45 in slot 7
[13:48:02.953] [SEVERE ] placing card 50 in slot 8
[13:48:03.064] [SEVERE ] placing card 14 in slot 9
[13:48:03.175] [SEVERE ] placing card 64 in slot 10
[13:48:03.286] [SEVERE ] placing card 41 in slot 11
[13:48:03.286] [SEVERE ] updating countdown to 60000
[13:48:04.238] [SEVERE ] updating countdown to 59048
[13:48:04.238] [SEVERE ] updating countdown to 60000
[13:48:05.191] [SEVERE ] updating countdown to 59047
[13:48:05.191] [SEVERE ] updating countdown to 60000
[13:48:06.146] [SEVERE ] updating countdown to 59045
[13:48:06.147] [SEVERE ] updating countdown to 60000
[13:48:07.099] [SEVERE ] updating countdown to 59047
[13:48:07.099] [SEVERE ] updating countdown to 60000
[13:48:08.053] [SEVERE ] updating countdown to 59046
[13:48:08.053] [SEVERE ] updating countdown to 60000
[13:48:09.016] [SEVERE ] updating countdown to 59037
[13:48:09.017] [SEVERE ] updating countdown to 60000
[13:48:09.968] [SEVERE ] updating countdown to 59049
[13:48:09.968] [SEVERE ] updating countdown to 60000
[13:48:10.927] [SEVERE ] updating countdown to 59041
[13:48:10.927] [SEVERE ] updating countdown to 60000
[13:48:11.684] [SEVERE ] key 80 was pressed by player 2
[13:48:11.684] [SEVERE ] player 2 placing token on slot 3
[13:48:11.825] [SEVERE ] key 80 was pressed by player 2
[13:48:11.827] [SEVERE ] removing player 2 token from slot 3
[13:48:11.878] [SEVERE ] updating countdown to 59049
[13:48:11.878] [SEVERE ] updating countdown to 60000
[13:48:12.150] [SEVERE ] key 80 was pressed by player 2
[13:48:12.152] [SEVERE ] player 2 placing token on slot 3
[13:48:12.340] [SEVERE ] key 79 was pressed by player 2
[13:48:12.340] [SEVERE ] player 2 placing token on slot 2
[13:48:12.712] [SEVERE ] key 73 was pressed by player 2
[13:48:12.715] [SEVERE ] player 2 placing token on slot 1
[13:48:12.718] [SEVERE ] setting player 2 freeze to 3000
[13:48:12.953] [SEVERE ] key 76 was pressed by player 2
[13:48:13.728] [SEVERE ] setting player 2 freeze to 2000
[13:48:14.733] [SEVERE ] setting player 2 freeze to 1000
[13:48:15.739] [SEVERE ] setting player 2 freeze to 0
[13:48:15.739] [SEVERE ] updating countdown to 56139
[13:48:15.739] [SEVERE ] updating countdown to 60000
[13:48:16.696] [SEVERE ] updating countdown to 59043
[13:48:16.696] [SEVERE ] updating countdown to 60000
[13:48:17.656] [SEVERE ] updating countdown to 59040
[13:48:17.656] [SEVERE ] updating countdown to 60000
[13:48:18.146] [SEVERE ] key 80 was pressed by player 2
[13:48:18.161] [SEVERE ] removing player 2 token from slot 3
[13:48:18.325] [SEVERE ] key 79 was pressed by player 2
[13:48:18.340] [SEVERE ] removing player 2 token from slot 2
[13:48:18.493] [SEVERE ] key 73 was pressed by player 2
[13:48:18.510] [SEVERE ] removing player 2 token from slot 1
[13:48:18.609] [SEVERE ] updating countdown to 59047
[13:48:18.609] [SEVERE ] updating countdown to 60000
[13:48:18.724] [SEVERE ] key 75 was pressed by player 2
[13:48:18.738] [SEVERE ] player 2 placing token on slot 5
[13:48:18.893] [SEVERE ] key 76 was pressed by player 2
[13:48:18.893] [SEVERE ] player 2 placing token on slot 6
[13:48:19.562] [SEVERE ] updating countdown to 59047
[13:48:19.562] [SEVERE ] updating countdown to 60000
[13:48:20.521] [SEVERE ] updating countdown to 59041
[13:48:20.521] [SEVERE ] updating countdown to 60000
[13:48:21.103] [SEVERE ] key 44 was pressed by player 2
[13:48:21.103] [SEVERE ] player 2 placing token on slot 9
[13:48:21.118] [SEVERE ] setting player 2 freeze to 3000
[13:48:22.129] [SEVERE ] setting player 2 freeze to 2000
[13:48:23.141] [SEVERE ] setting player 2 freeze to 1000
[13:48:23.301] [SEVERE ] key 44 was pressed by player 2
[13:48:24.142] [SEVERE ] setting player 2 freeze to 0
[13:48:24.142] [SEVERE ] updating countdown to 56379
[13:48:24.142] [SEVERE ] updating countdown to 60000
[13:48:24.142] [SEVERE ] removing player 2 token from slot 9
[13:48:24.559] [SEVERE ] key 76 was pressed by player 2
[13:48:24.559] [SEVERE ] removing player 2 token from slot 6
[13:48:24.593] [SEVERE ] key 75 was pressed by player 2
[13:48:24.609] [SEVERE ] removing player 2 token from slot 5
[13:48:24.760] [SEVERE ] key 76 was pressed by player 2
[13:48:24.760] [SEVERE ] player 2 placing token on slot 6
[13:48:24.896] [SEVERE ] key 75 was pressed by player 2
[13:48:24.898] [SEVERE ] player 2 placing token on slot 5
[13:48:25.105] [SEVERE ] updating countdown to 59037
[13:48:25.105] [SEVERE ] updating countdown to 60000
[13:48:25.183] [SEVERE ] key 44 was pressed by player 2
[13:48:25.183] [SEVERE ] player 2 placing token on slot 9
[13:48:25.183] [SEVERE ] setting player 2 freeze to 3000
[13:48:25.372] [SEVERE ] key 46 was pressed by player 2
[13:48:26.198] [SEVERE ] setting player 2 freeze to 2000
[13:48:27.204] [SEVERE ] setting player 2 freeze to 1000
[13:48:28.211] [SEVERE ] setting player 2 freeze to 0
[13:48:28.211] [SEVERE ] updating countdown to 56894
[13:48:28.211] [SEVERE ] updating countdown to 60000
[13:48:28.211] [SEVERE ] key 46 was pressed by player 2
[13:48:28.211] [SEVERE ] key 44 was pressed by player 2
[13:48:28.211] [SEVERE ] key 46 was pressed by player 2
[13:48:28.215] [SEVERE ] removing player 2 token from slot 9
[13:48:28.215] [SEVERE ] player 2 placing token on slot 10
[13:48:28.218] [SEVERE ] setting player 2 freeze to 3000
[13:48:29.223] [SEVERE ] setting player 2 freeze to 2000
[13:48:30.233] [SEVERE ] setting player 2 freeze to 1000
[13:48:31.241] [SEVERE ] setting player 2 freeze to 0
[13:48:31.241] [SEVERE ] updating countdown to 56970
[13:48:31.241] [SEVERE ] updating countdown to 60000
[13:48:31.870] [SEVERE ] key 59 was pressed by player 2
[13:48:32.009] [SEVERE ] key 75 was pressed by player 2
[13:48:32.009] [SEVERE ] removing player 2 token from slot 5
[13:48:32.037] [SEVERE ] key 76 was pressed by player 2
[13:48:32.038] [SEVERE ] removing player 2 token from slot 6
[13:48:32.208] [SEVERE ] updating countdown to 59033
[13:48:32.208] [SEVERE ] updating countdown to 60000
[13:48:32.208] [SEVERE ] key 59 was pressed by player 2
[13:48:32.208] [SEVERE ] player 2 placing token on slot 7
[13:48:32.224] [SEVERE ] key 76 was pressed by player 2
[13:48:32.225] [SEVERE ] player 2 placing token on slot 6
[13:48:32.227] [SEVERE ] setting player 2 freeze to 3000
[13:48:32.295] [SEVERE ] key 75 was pressed by player 2
[13:48:33.238] [SEVERE ] setting player 2 freeze to 2000
[13:48:34.250] [SEVERE ] setting player 2 freeze to 1000
[13:48:35.255] [SEVERE ] setting player 2 freeze to 0
[13:48:35.255] [SEVERE ] updating countdown to 56953
[13:48:35.255] [SEVERE ] updating countdown to 60000
[13:48:35.255] [SEVERE ] key 59 was pressed by player 2
[13:48:35.255] [SEVERE ] key 76 was pressed by player 2
[13:48:35.258] [SEVERE ] removing player 2 token from slot 7
[13:48:35.258] [SEVERE ] key 75 was pressed by player 2
[13:48:35.259] [SEVERE ] removing player 2 token from slot 6
[13:48:35.260] [SEVERE ] key 59 was pressed by player 2
[13:48:35.261] [SEVERE ] player 2 placing token on slot 5
[13:48:35.261] [SEVERE ] key 75 was pressed by player 2
[13:48:35.262] [SEVERE ] player 2 placing token on slot 7
[13:48:35.264] [SEVERE ] setting player 2 freeze to 3000
[13:48:36.271] [SEVERE ] setting player 2 freeze to 2000
[13:48:37.284] [SEVERE ] setting player 2 freeze to 1000
[13:48:38.291] [SEVERE ] setting player 2 freeze to 0
[13:48:38.291] [SEVERE ] updating countdown to 56964
[13:48:38.291] [SEVERE ] updating countdown to 60000
[13:48:38.291] [SEVERE ] removing player 2 token from slot 5
[13:48:39.254] [SEVERE ] updating countdown to 59037
[13:48:39.254] [SEVERE ] updating countdown to 60000
[13:48:39.427] [SEVERE ] exit button pressed
[13:48:39.427] [INFO   ] thread Player0 terminated.
[13:48:39.427] [INFO   ] thread Player1 terminated.
[13:48:40.216] [SEVERE ] updating countdown to 59038
[13:48:40.216] [SEVERE ] updating countdown to 60000
[13:48:40.216] [SEVERE ] updating countdown to 60000
[13:48:40.323] [SEVERE ] removing card from slot 0
[13:48:40.436] [SEVERE ] removing card from slot 1
[13:48:40.546] [SEVERE ] removing card from slot 2
[13:48:40.656] [SEVERE ] removing card from slot 3
[13:48:40.766] [SEVERE ] removing card from slot 4
[13:48:40.875] [SEVERE ] removing card from slot 5
[13:48:40.985] [SEVERE ] removing card from slot 6
[13:48:41.096] [SEVERE ] removing player 2 token from slot 7
[13:48:41.096] [SEVERE ] removing card from slot 7
[13:48:41.209] [SEVERE ] removing card from slot 8
[13:48:41.320] [SEVERE ] removing card from slot 9
[13:48:41.429] [SEVERE ] removing player 2 token from slot 10
[13:48:41.429] [SEVERE ] removing card from slot 10
[13:48:41.540] [SEVERE ] removing card from slot 11
[13:48:41.542] [INFO   ] thread dealer terminated.
[13:48:41.542] [INFO   ] thread dealer terminated.
[13:48:41.543] [SEVERE ] thanks for playing... it was fun!
[13:48:41.544] [INFO   ] thread bguspl.set.Main.main() terminated.
