[12:24:16.172] [INFO   ] thread bguspl.set.Main.main() starting.
[12:24:16.180] [SEVERE ] cannot read configuration file config.properties trying from resources.
[12:24:16.180] [SEVERE ] configuration file was loaded from resources directory.
[12:24:16.742] [INFO   ] thread dealer starting.
[12:24:16.748] [INFO   ] thread dealer starting.
[12:24:16.748] [INFO   ] thread Player0 starting.
[12:24:16.748] [INFO   ] thread Player1 starting.
[12:24:16.861] [SEVERE ] placing card 18 in slot 0
[12:24:16.972] [SEVERE ] placing card 76 in slot 1
[12:24:17.075] [SEVERE ] placing card 12 in slot 2
[12:24:17.179] [SEVERE ] placing card 49 in slot 3
[12:24:17.290] [SEVERE ] placing card 10 in slot 4
[12:24:17.394] [SEVERE ] placing card 73 in slot 5
[12:24:17.505] [SEVERE ] placing card 77 in slot 6
[12:24:17.608] [SEVERE ] placing card 64 in slot 7
[12:24:17.712] [SEVERE ] placing card 55 in slot 8
[12:24:17.823] [SEVERE ] placing card 47 in slot 9
[12:24:17.932] [SEVERE ] placing card 62 in slot 10
[12:24:18.043] [SEVERE ] placing card 54 in slot 11
[12:24:18.750] [SEVERE ] updating countdown to 57992
[12:24:19.459] [SEVERE ] updating countdown to 57283
[12:24:20.165] [SEVERE ] updating countdown to 56577
[12:24:20.872] [SEVERE ] updating countdown to 55870
[12:24:21.578] [SEVERE ] updating countdown to 55164
[12:24:22.285] [SEVERE ] updating countdown to 54457
[12:24:22.991] [SEVERE ] updating countdown to 53751
[12:24:23.696] [SEVERE ] updating countdown to 53046
[12:24:24.408] [SEVERE ] updating countdown to 52334
[12:24:25.117] [SEVERE ] updating countdown to 51625
[12:24:25.825] [SEVERE ] updating countdown to 50917
[12:24:26.533] [SEVERE ] updating countdown to 50209
[12:24:27.241] [SEVERE ] updating countdown to 49501
[12:24:27.947] [SEVERE ] updating countdown to 48795
[12:24:28.655] [SEVERE ] updating countdown to 48087
[12:24:29.361] [SEVERE ] updating countdown to 47381
[12:24:30.070] [SEVERE ] updating countdown to 46672
[12:24:30.781] [SEVERE ] updating countdown to 45961
[12:24:31.497] [SEVERE ] updating countdown to 45245
[12:24:32.205] [SEVERE ] updating countdown to 44537
[12:24:32.911] [SEVERE ] updating countdown to 43831
[12:24:33.617] [SEVERE ] updating countdown to 43125
[12:24:34.327] [SEVERE ] updating countdown to 42415
[12:24:34.531] [SEVERE ] key 79 was pressed by player 2
[12:24:34.535] [SEVERE ] player 2 placing token on slot 2
[12:24:35.027] [SEVERE ] updating countdown to 41715
[12:24:35.736] [SEVERE ] updating countdown to 41006
[12:24:36.427] [SEVERE ] key 79 was pressed by player 2
[12:24:36.427] [SEVERE ] removing player 2 token from slot 2
[12:24:36.443] [SEVERE ] updating countdown to 40299
[12:24:37.144] [SEVERE ] updating countdown to 39598
[12:24:37.850] [SEVERE ] updating countdown to 38892
[12:24:38.556] [SEVERE ] updating countdown to 38186
[12:24:39.261] [SEVERE ] updating countdown to 37481
[12:24:39.967] [SEVERE ] updating countdown to 36775
[12:24:40.674] [SEVERE ] updating countdown to 36068
[12:24:41.380] [SEVERE ] updating countdown to 35362
[12:24:42.086] [SEVERE ] updating countdown to 34656
[12:24:42.793] [SEVERE ] updating countdown to 33949
[12:24:43.499] [SEVERE ] updating countdown to 33243
[12:24:44.205] [SEVERE ] updating countdown to 32537
[12:24:44.914] [SEVERE ] updating countdown to 31828
[12:24:45.620] [SEVERE ] updating countdown to 31122
[12:24:46.326] [SEVERE ] updating countdown to 30416
[12:24:47.034] [SEVERE ] updating countdown to 29708
[12:24:47.742] [SEVERE ] updating countdown to 29000
[12:24:48.451] [SEVERE ] updating countdown to 28291
[12:24:49.159] [SEVERE ] updating countdown to 27583
[12:24:49.867] [SEVERE ] updating countdown to 26875
[12:24:50.573] [SEVERE ] updating countdown to 26169
[12:24:51.280] [SEVERE ] updating countdown to 25462
[12:24:51.987] [SEVERE ] updating countdown to 24755
[12:24:52.693] [SEVERE ] updating countdown to 24049
[12:24:53.398] [SEVERE ] updating countdown to 23344
[12:24:54.104] [SEVERE ] updating countdown to 22638
[12:24:54.810] [SEVERE ] updating countdown to 21932
[12:24:55.516] [SEVERE ] updating countdown to 21226
[12:24:56.223] [SEVERE ] updating countdown to 20519
[12:24:56.931] [SEVERE ] updating countdown to 19811
[12:24:57.387] [SEVERE ] key 90 was pressed by player 1
[12:24:57.402] [SEVERE ] player 1 placing token on slot 8
[12:24:57.640] [SEVERE ] updating countdown to 19102
[12:24:58.268] [SEVERE ] key 83 was pressed by player 1
[12:24:58.284] [SEVERE ] player 1 placing token on slot 5
[12:24:58.355] [SEVERE ] updating countdown to 18387
[12:24:59.056] [SEVERE ] updating countdown to 17686
[12:24:59.669] [SEVERE ] key 70 was pressed by player 1
[12:24:59.669] [SEVERE ] player 1 placing token on slot 7
[12:24:59.669] [SEVERE ] setting player 1 freeze to 3000
[12:25:00.679] [SEVERE ] setting player 1 freeze to 2000
[12:25:01.688] [SEVERE ] setting player 1 freeze to 1000
[12:25:02.698] [SEVERE ] setting player 1 freeze to 0
[12:25:02.698] [SEVERE ] updating countdown to 14044
[12:25:03.405] [SEVERE ] updating countdown to 13337
[12:25:04.110] [SEVERE ] updating countdown to 12632
[12:25:04.816] [SEVERE ] updating countdown to 11926
[12:25:05.522] [SEVERE ] updating countdown to 11220
[12:25:06.230] [SEVERE ] updating countdown to 10512
[12:25:06.937] [SEVERE ] updating countdown to 9805
[12:25:07.647] [SEVERE ] updating countdown to 9095
[12:25:08.355] [SEVERE ] updating countdown to 8387
[12:25:09.062] [SEVERE ] updating countdown to 7680
[12:25:09.769] [SEVERE ] updating countdown to 6973
[12:25:10.476] [SEVERE ] updating countdown to 6266
[12:25:11.183] [SEVERE ] updating countdown to 5559
[12:25:16.840] [SEVERE ] updating countdown to 60000
[12:25:16.952] [SEVERE ] removing card from slot 0
[12:25:17.054] [SEVERE ] removing card from slot 1
[12:25:17.164] [SEVERE ] removing card from slot 2
[12:25:17.274] [SEVERE ] removing card from slot 3
[12:25:17.384] [SEVERE ] removing card from slot 4
[12:25:17.494] [SEVERE ] removing player 1 token from slot 5
[12:25:17.494] [SEVERE ] removing card from slot 5
[12:25:17.601] [SEVERE ] removing card from slot 6
[12:25:17.703] [SEVERE ] removing player 1 token from slot 7
[12:25:17.703] [SEVERE ] removing card from slot 7
[12:25:17.812] [SEVERE ] removing player 1 token from slot 8
[12:25:17.812] [SEVERE ] removing card from slot 8
[12:25:17.918] [SEVERE ] removing card from slot 9
[12:25:18.021] [SEVERE ] removing card from slot 10
[12:25:18.132] [SEVERE ] removing card from slot 11
[12:25:18.241] [SEVERE ] placing card 64 in slot 0
[12:25:18.351] [SEVERE ] placing card 36 in slot 1
[12:25:18.461] [SEVERE ] placing card 78 in slot 2
[12:25:18.571] [SEVERE ] placing card 77 in slot 3
[12:25:18.681] [SEVERE ] placing card 30 in slot 4
[12:25:18.792] [SEVERE ] placing card 18 in slot 5
[12:25:18.902] [SEVERE ] placing card 21 in slot 6
[12:25:19.012] [SEVERE ] placing card 65 in slot 7
[12:25:19.122] [SEVERE ] placing card 55 in slot 8
[12:25:19.232] [SEVERE ] placing card 13 in slot 9
[12:25:19.342] [SEVERE ] placing card 32 in slot 10
[12:25:19.452] [SEVERE ] placing card 41 in slot 11
[12:25:20.160] [SEVERE ] updating countdown to 56680
[12:25:20.867] [SEVERE ] updating countdown to 55973
[12:25:21.575] [SEVERE ] updating countdown to 55265
[12:25:22.283] [SEVERE ] updating countdown to 54557
[12:25:22.991] [SEVERE ] updating countdown to 53849
[12:25:23.698] [SEVERE ] updating countdown to 53142
[12:25:24.410] [SEVERE ] updating countdown to 52430
[12:25:25.118] [SEVERE ] updating countdown to 51722
[12:25:25.826] [SEVERE ] updating countdown to 51014
[12:25:26.534] [SEVERE ] updating countdown to 50306
[12:25:27.241] [SEVERE ] updating countdown to 49599
[12:25:27.949] [SEVERE ] updating countdown to 48891
[12:25:28.655] [SEVERE ] updating countdown to 48185
[12:25:29.363] [SEVERE ] updating countdown to 47477
[12:25:30.069] [SEVERE ] updating countdown to 46771
[12:25:30.776] [SEVERE ] updating countdown to 46064
[12:25:31.483] [SEVERE ] updating countdown to 45357
[12:25:32.191] [SEVERE ] updating countdown to 44649
[12:25:32.901] [SEVERE ] updating countdown to 43939
[12:25:33.605] [SEVERE ] updating countdown to 43235
[12:25:34.310] [SEVERE ] updating countdown to 42530
[12:25:35.016] [SEVERE ] updating countdown to 41824
[12:25:35.724] [SEVERE ] updating countdown to 41116
[12:25:36.430] [SEVERE ] updating countdown to 40410
[12:25:37.136] [SEVERE ] updating countdown to 39704
[12:25:37.842] [SEVERE ] updating countdown to 38998
[12:25:38.550] [SEVERE ] updating countdown to 38290
[12:25:39.258] [SEVERE ] updating countdown to 37582
[12:25:39.964] [SEVERE ] updating countdown to 36876
[12:25:40.671] [SEVERE ] updating countdown to 36169
[12:25:41.378] [SEVERE ] updating countdown to 35462
[12:25:42.085] [SEVERE ] updating countdown to 34755
[12:25:42.792] [SEVERE ] updating countdown to 34048
[12:25:43.498] [SEVERE ] updating countdown to 33342
[12:25:44.206] [SEVERE ] updating countdown to 32634
[12:25:44.915] [SEVERE ] updating countdown to 31925
[12:25:45.622] [SEVERE ] updating countdown to 31218
[12:25:46.330] [SEVERE ] updating countdown to 30510
[12:25:47.036] [SEVERE ] updating countdown to 29804
[12:25:47.742] [SEVERE ] updating countdown to 29098
[12:25:48.449] [SEVERE ] updating countdown to 28391
[12:25:49.159] [SEVERE ] updating countdown to 27681
[12:25:49.866] [SEVERE ] updating countdown to 26974
[12:25:50.573] [SEVERE ] updating countdown to 26267
[12:25:51.280] [SEVERE ] updating countdown to 25560
[12:25:51.987] [SEVERE ] updating countdown to 24853
[12:25:52.694] [SEVERE ] updating countdown to 24146
[12:25:53.401] [SEVERE ] updating countdown to 23439
[12:25:54.107] [SEVERE ] updating countdown to 22733
[12:25:54.813] [SEVERE ] updating countdown to 22027
[12:25:55.519] [SEVERE ] updating countdown to 21321
[12:25:56.227] [SEVERE ] updating countdown to 20613
[12:25:56.934] [SEVERE ] updating countdown to 19906
[12:25:57.642] [SEVERE ] updating countdown to 19198
[12:25:58.349] [SEVERE ] updating countdown to 18491
[12:25:59.062] [SEVERE ] updating countdown to 17778
[12:25:59.774] [SEVERE ] updating countdown to 17066
[12:26:00.482] [SEVERE ] updating countdown to 16358
[12:26:01.191] [SEVERE ] updating countdown to 15649
[12:26:01.904] [SEVERE ] updating countdown to 14936
[12:26:02.618] [SEVERE ] updating countdown to 14222
[12:26:03.333] [SEVERE ] updating countdown to 13507
[12:26:04.044] [SEVERE ] updating countdown to 12796
[12:26:04.758] [SEVERE ] updating countdown to 12082
[12:26:05.384] [SEVERE ] exit button pressed
[12:26:05.384] [INFO   ] thread Player0 terminated.
[12:26:05.384] [INFO   ] thread Player1 terminated.
[12:26:05.469] [SEVERE ] updating countdown to 11371
[12:26:05.469] [SEVERE ] updating countdown to 60000
[12:26:05.578] [SEVERE ] removing card from slot 0
[12:26:05.687] [SEVERE ] removing card from slot 1
[12:26:05.797] [SEVERE ] removing card from slot 2
[12:26:05.906] [SEVERE ] removing card from slot 3
[12:26:06.015] [SEVERE ] removing card from slot 4
[12:26:06.125] [SEVERE ] removing card from slot 5
[12:26:06.235] [SEVERE ] removing card from slot 6
[12:26:06.344] [SEVERE ] removing card from slot 7
[12:26:06.453] [SEVERE ] removing card from slot 8
[12:26:06.561] [SEVERE ] removing card from slot 9
[12:26:06.670] [SEVERE ] removing card from slot 10
[12:26:06.781] [SEVERE ] removing card from slot 11
[12:26:06.782] [INFO   ] thread dealer terminated.
[12:26:06.783] [INFO   ] thread dealer terminated.
[12:26:06.783] [SEVERE ] thanks for playing... it was fun!
[12:26:06.784] [INFO   ] thread bguspl.set.Main.main() terminated.
