[13:43:21.581] [INFO   ] thread bguspl.set.Main.main() starting.
[13:43:21.581] [SEVERE ] cannot read configuration file config.properties trying from resources.
[13:43:21.581] [SEVERE ] configuration file was loaded from resources directory.
[13:43:22.552] [INFO   ] thread dealer starting.
[13:43:22.553] [INFO   ] thread dealer starting.
[13:43:22.556] [INFO   ] thread Player0 starting.
[13:43:22.556] [INFO   ] thread Player1 starting.
[13:43:22.682] [SEVERE ] placing card 12 in slot 0
[13:43:22.797] [SEVERE ] placing card 38 in slot 1
[13:43:22.912] [SEVERE ] placing card 55 in slot 2
[13:43:23.016] [SEVERE ] placing card 52 in slot 3
[13:43:23.130] [SEVERE ] placing card 42 in slot 4
[13:43:23.231] [SEVERE ] placing card 73 in slot 5
[13:43:23.347] [SEVERE ] placing card 22 in slot 6
[13:43:23.448] [SEVERE ] placing card 9 in slot 7
[13:43:23.561] [SEVERE ] placing card 35 in slot 8
[13:43:23.672] [SEVERE ] placing card 60 in slot 9
[13:43:23.782] [SEVERE ] placing card 69 in slot 10
[13:43:23.892] [SEVERE ] placing card 48 in slot 11
[13:43:24.850] [SEVERE ] updating countdown to 57700
[13:43:25.809] [SEVERE ] updating countdown to 56741
[13:43:26.768] [SEVERE ] updating countdown to 55782
[13:43:27.728] [SEVERE ] updating countdown to 54822
[13:43:28.690] [SEVERE ] updating countdown to 53860
[13:43:29.650] [SEVERE ] updating countdown to 52900
[13:43:30.609] [SEVERE ] updating countdown to 51941
[13:43:31.569] [SEVERE ] updating countdown to 50981
[13:43:32.529] [SEVERE ] updating countdown to 50021
[13:43:33.488] [SEVERE ] updating countdown to 49062
[13:43:34.446] [SEVERE ] updating countdown to 48104
[13:43:35.406] [SEVERE ] updating countdown to 47144
[13:43:36.364] [SEVERE ] updating countdown to 46186
[13:43:37.323] [SEVERE ] updating countdown to 45227
[13:43:38.280] [SEVERE ] updating countdown to 44270
[13:43:39.240] [SEVERE ] updating countdown to 43310
[13:43:40.197] [SEVERE ] updating countdown to 42353
[13:43:41.154] [SEVERE ] updating countdown to 41396
[13:43:42.112] [SEVERE ] updating countdown to 40438
[13:43:42.898] [SEVERE ] key 90 was pressed by player 1
[13:43:42.911] [SEVERE ] player 1 placing token on slot 8
[13:43:43.078] [SEVERE ] updating countdown to 39472
[13:43:43.393] [SEVERE ] key 65 was pressed by player 1
[13:43:43.393] [SEVERE ] player 1 placing token on slot 4
[13:43:44.032] [SEVERE ] updating countdown to 38518
[13:43:44.817] [SEVERE ] key 69 was pressed by player 1
[13:43:44.817] [SEVERE ] player 1 placing token on slot 2
[13:43:44.817] [SEVERE ] setting player 1 freeze to 3000
[13:43:45.831] [SEVERE ] setting player 1 freeze to 2000
[13:43:46.836] [SEVERE ] setting player 1 freeze to 1000
[13:43:47.385] [SEVERE ] key 69 was pressed by player 1
[13:43:47.845] [SEVERE ] setting player 1 freeze to 0
[13:43:47.846] [SEVERE ] updating countdown to 34704
[13:43:47.846] [SEVERE ] removing player 1 token from slot 2
[13:43:48.354] [SEVERE ] key 82 was pressed by player 1
[13:43:48.354] [SEVERE ] player 1 placing token on slot 3
[13:43:48.369] [SEVERE ] setting player 1 score to 1
[13:43:48.369] [SEVERE ] setting player 1 freeze to 3000
[13:43:49.381] [SEVERE ] setting player 1 freeze to 2000
[13:43:50.388] [SEVERE ] setting player 1 freeze to 1000
[13:43:51.394] [SEVERE ] setting player 1 freeze to 0
[13:43:51.394] [SEVERE ] updating countdown to 60000
[13:43:51.394] [SEVERE ] updating countdown to 60000
[13:43:51.405] [INFO   ] thread dealer terminated.
[13:43:56.412] [SEVERE ] thanks for playing... it was fun!
[13:43:56.413] [INFO   ] thread bguspl.set.Main.main() terminated.
[13:43:56.413] [SEVERE ] disposing of user interface elements
