[12:10:28.302] [INFO   ] thread bguspl.set.Main.main() starting.
[12:10:28.302] [SEVERE ] cannot read configuration file config.properties trying from resources.
[12:10:28.302] [SEVERE ] configuration file was loaded from resources directory.
[12:10:29.026] [INFO   ] thread dealer starting.
[12:10:29.036] [INFO   ] thread dealer starting.
[12:10:29.036] [INFO   ] thread Player0 starting.
[12:10:29.036] [INFO   ] thread Player1 starting.
[12:10:29.149] [SEVERE ] placing card 78 in slot 0
[12:10:29.257] [SEVERE ] placing card 33 in slot 1
[12:10:29.363] [SEVERE ] placing card 28 in slot 2
[12:10:29.466] [SEVERE ] placing card 0 in slot 3
[12:10:29.578] [SEVERE ] placing card 42 in slot 4
[12:10:29.682] [SEVERE ] placing card 23 in slot 5
[12:10:29.800] [SEVERE ] placing card 22 in slot 6
[12:10:29.921] [SEVERE ] placing card 71 in slot 7
[12:10:30.032] [SEVERE ] placing card 48 in slot 8
[12:10:30.141] [SEVERE ] placing card 14 in slot 9
[12:10:30.251] [SEVERE ] placing card 66 in slot 10
[12:10:30.361] [SEVERE ] placing card 18 in slot 11
[12:10:31.068] [SEVERE ] updating countdown to 57958
[12:10:31.351] [SEVERE ] key 80 was pressed by player 2
[12:10:31.351] [SEVERE ] player 2 placing token on slot 3
[12:10:31.600] [SEVERE ] key 79 was pressed by player 2
[12:10:31.600] [SEVERE ] player 2 placing token on slot 2
[12:10:31.776] [SEVERE ] updating countdown to 57250
[12:10:31.840] [SEVERE ] key 73 was pressed by player 2
[12:10:31.840] [SEVERE ] player 2 placing token on slot 1
[12:10:31.840] [SEVERE ] setting player 2 freeze to 3000
[12:10:32.303] [SEVERE ] key 75 was pressed by player 2
[12:10:32.847] [SEVERE ] setting player 2 freeze to 2000
[12:10:33.852] [SEVERE ] setting player 2 freeze to 1000
[12:10:34.862] [SEVERE ] setting player 2 freeze to 0
[12:10:34.863] [SEVERE ] updating countdown to 54164
[12:10:34.864] [SEVERE ] key 76 was pressed by player 2
[12:10:34.868] [SEVERE ] key 77 was pressed by player 2
[12:10:34.871] [SEVERE ] key 44 was pressed by player 2
[12:10:34.873] [SEVERE ] key 74 was pressed by player 2
[12:10:34.874] [SEVERE ] key 75 was pressed by player 2
[12:10:34.876] [SEVERE ] key 75 was pressed by player 2
[12:10:34.877] [SEVERE ] key 76 was pressed by player 2
[12:10:35.574] [SEVERE ] updating countdown to 53452
[12:10:35.826] [SEVERE ] key 76 was pressed by player 2
[12:10:36.176] [SEVERE ] key 75 was pressed by player 2
[12:10:36.280] [SEVERE ] updating countdown to 52746
[12:10:36.541] [SEVERE ] key 74 was pressed by player 2
[12:10:36.939] [SEVERE ] key 77 was pressed by player 2
[12:10:36.982] [SEVERE ] updating countdown to 52044
[12:10:37.542] [SEVERE ] key 44 was pressed by player 2
[12:10:37.687] [SEVERE ] updating countdown to 51339
[12:10:38.396] [SEVERE ] updating countdown to 50630
[12:10:39.103] [SEVERE ] updating countdown to 49923
[12:10:39.812] [SEVERE ] updating countdown to 49214
[12:10:40.127] [SEVERE ] key 87 was pressed by player 1
[12:10:40.136] [SEVERE ] player 1 placing token on slot 1
[12:10:40.524] [SEVERE ] updating countdown to 48502
[12:10:40.999] [SEVERE ] key 69 was pressed by player 1
[12:10:41.006] [SEVERE ] player 1 placing token on slot 2
[12:10:41.234] [SEVERE ] updating countdown to 47792
[12:10:41.296] [SEVERE ] key 83 was pressed by player 1
[12:10:41.299] [SEVERE ] player 1 placing token on slot 5
[12:10:41.299] [SEVERE ] setting player 1 freeze to 3000
[12:10:41.654] [SEVERE ] key 65 was pressed by player 1
[12:10:42.304] [SEVERE ] setting player 1 freeze to 2000
[12:10:43.311] [SEVERE ] setting player 1 freeze to 1000
[12:10:44.317] [SEVERE ] setting player 1 freeze to 0
[12:10:44.317] [SEVERE ] updating countdown to 44709
[12:10:44.318] [SEVERE ] key 81 was pressed by player 1
[12:10:45.021] [SEVERE ] updating countdown to 44005
[12:10:45.146] [SEVERE ] key 65 was pressed by player 1
[12:10:45.680] [SEVERE ] key 83 was pressed by player 1
[12:10:45.693] [SEVERE ] removing player 1 token from slot 5
[12:10:45.728] [SEVERE ] updating countdown to 43298
[12:10:46.435] [SEVERE ] updating countdown to 42591
[12:10:47.142] [SEVERE ] updating countdown to 41884
[12:10:47.237] [SEVERE ] key 87 was pressed by player 1
[12:10:47.237] [SEVERE ] removing player 1 token from slot 1
[12:10:47.830] [SEVERE ] key 69 was pressed by player 1
[12:10:47.830] [SEVERE ] removing player 1 token from slot 2
[12:10:47.846] [SEVERE ] updating countdown to 41180
[12:10:48.473] [SEVERE ] key 69 was pressed by player 1
[12:10:48.485] [SEVERE ] player 1 placing token on slot 2
[12:10:48.561] [SEVERE ] updating countdown to 40465
[12:10:48.855] [SEVERE ] key 69 was pressed by player 1
[12:10:48.858] [SEVERE ] removing player 1 token from slot 2
[12:10:49.269] [SEVERE ] updating countdown to 39757
[12:10:49.505] [SEVERE ] key 80 was pressed by player 2
[12:10:49.505] [SEVERE ] removing player 2 token from slot 3
[12:10:49.813] [SEVERE ] key 79 was pressed by player 2
[12:10:49.813] [SEVERE ] removing player 2 token from slot 2
[12:10:49.983] [SEVERE ] updating countdown to 39043
[12:10:50.281] [SEVERE ] key 73 was pressed by player 2
[12:10:50.281] [SEVERE ] removing player 2 token from slot 1
[12:10:50.685] [SEVERE ] updating countdown to 38341
[12:10:51.390] [SEVERE ] updating countdown to 37636
[12:10:52.099] [SEVERE ] updating countdown to 36927
[12:10:52.163] [SEVERE ] exit button pressed
[12:10:52.163] [INFO   ] thread Player0 terminated.
[12:10:52.163] [INFO   ] thread Player1 terminated.
[12:10:52.804] [SEVERE ] updating countdown to 36222
[12:10:52.804] [SEVERE ] updating countdown to 36222
[12:10:52.913] [SEVERE ] removing card from slot 0
[12:10:53.015] [SEVERE ] removing card from slot 1
[12:10:53.125] [SEVERE ] removing card from slot 2
[12:10:53.236] [SEVERE ] removing card from slot 3
[12:10:53.348] [SEVERE ] removing card from slot 4
[12:10:53.460] [SEVERE ] removing card from slot 5
[12:10:53.572] [SEVERE ] removing card from slot 6
[12:10:53.682] [SEVERE ] removing card from slot 7
[12:10:53.793] [SEVERE ] removing card from slot 8
[12:10:53.905] [SEVERE ] removing card from slot 9
[12:10:54.017] [SEVERE ] removing card from slot 10
[12:10:54.128] [SEVERE ] removing card from slot 11
[12:10:54.130] [INFO   ] thread dealer terminated.
[12:10:54.131] [INFO   ] thread dealer terminated.
[12:10:54.132] [SEVERE ] thanks for playing... it was fun!
[12:10:54.132] [INFO   ] thread bguspl.set.Main.main() terminated.
