[11:35:55.703] [INFO   ] thread bguspl.set.Main.main() starting.
[11:35:55.711] [SEVERE ] cannot read configuration file config.properties trying from resources.
[11:35:55.711] [SEVERE ] configuration file was loaded from resources directory.
[11:35:56.262] [INFO   ] thread dealer starting.
[11:35:56.265] [INFO   ] thread dealer starting.
[11:35:56.267] [INFO   ] thread Player0 starting.
[11:35:56.267] [INFO   ] thread Player1 starting.
[11:35:56.378] [SEVERE ] placing card 20 in slot 0
[11:35:56.481] [SEVERE ] placing card 80 in slot 1
[11:35:56.593] [SEVERE ] placing card 39 in slot 2
[11:35:56.697] [SEVERE ] placing card 51 in slot 3
[11:35:56.809] [SEVERE ] placing card 48 in slot 4
[11:35:56.912] [SEVERE ] placing card 17 in slot 5
[11:35:57.013] [SEVERE ] placing card 40 in slot 6
[11:35:57.124] [SEVERE ] placing card 18 in slot 7
[11:35:57.235] [SEVERE ] placing card 75 in slot 8
[11:35:57.346] [SEVERE ] placing card 65 in slot 9
[11:35:57.456] [SEVERE ] placing card 60 in slot 10
[11:35:57.566] [SEVERE ] placing card 77 in slot 11
[11:35:58.273] [SEVERE ] updating countdown to 57984
[11:35:58.697] [SEVERE ] key 80 was pressed by player 2
[11:35:58.697] [SEVERE ] player 2 placing token on slot 3
[11:35:58.899] [SEVERE ] key 79 was pressed by player 2
[11:35:58.912] [SEVERE ] player 2 placing token on slot 2
[11:35:58.979] [SEVERE ] updating countdown to 57278
[11:35:59.287] [SEVERE ] key 73 was pressed by player 2
[11:35:59.289] [SEVERE ] player 2 placing token on slot 1
[11:35:59.289] [SEVERE ] setting player 2 freeze to 3000
[11:36:00.292] [SEVERE ] setting player 2 freeze to 2000
[11:36:00.307] [SEVERE ] key 75 was pressed by player 2
[11:36:01.288] [SEVERE ] key 75 was pressed by player 2
[11:36:01.303] [SEVERE ] setting player 2 freeze to 1000
[11:36:02.319] [SEVERE ] setting player 2 freeze to 0
[11:36:02.319] [SEVERE ] updating countdown to 53938
[11:36:02.319] [SEVERE ] player 2 placing token on slot 5
[11:36:02.323] [SEVERE ] removing player 2 token from slot 5
[11:36:02.904] [SEVERE ] key 75 was pressed by player 2
[11:36:03.033] [SEVERE ] updating countdown to 53224
[11:36:03.744] [SEVERE ] updating countdown to 52513
[11:36:04.107] [SEVERE ] key 76 was pressed by player 2
[11:36:04.457] [SEVERE ] updating countdown to 51800
[11:36:04.835] [SEVERE ] key 75 was pressed by player 2
[11:36:05.160] [SEVERE ] updating countdown to 51097
[11:36:05.712] [SEVERE ] key 74 was pressed by player 2
[11:36:05.864] [SEVERE ] updating countdown to 50393
[11:36:06.571] [SEVERE ] updating countdown to 49686
[11:36:07.139] [SEVERE ] key 76 was pressed by player 2
[11:36:07.286] [SEVERE ] updating countdown to 48971
[11:36:07.402] [SEVERE ] key 75 was pressed by player 2
[11:36:07.789] [SEVERE ] key 75 was pressed by player 2
[11:36:07.999] [SEVERE ] updating countdown to 48258
[11:36:08.015] [SEVERE ] key 75 was pressed by player 2
[11:36:08.278] [SEVERE ] key 44 was pressed by player 2
[11:36:08.497] [SEVERE ] key 44 was pressed by player 2
[11:36:08.713] [SEVERE ] updating countdown to 47544
[11:36:09.187] [SEVERE ] key 79 was pressed by player 2
[11:36:09.415] [SEVERE ] updating countdown to 46842
[11:36:10.126] [SEVERE ] updating countdown to 46131
[11:36:10.489] [SEVERE ] key 80 was pressed by player 2
[11:36:10.840] [SEVERE ] updating countdown to 45417
[11:36:10.988] [SEVERE ] key 79 was pressed by player 2
[11:36:11.544] [SEVERE ] updating countdown to 44713
[11:36:11.687] [SEVERE ] key 73 was pressed by player 2
[11:36:12.248] [SEVERE ] updating countdown to 44009
[11:36:12.956] [SEVERE ] updating countdown to 43301
[11:36:13.665] [SEVERE ] updating countdown to 42592
[11:36:14.376] [SEVERE ] updating countdown to 41881
[11:36:15.087] [SEVERE ] updating countdown to 41170
[11:36:15.798] [SEVERE ] updating countdown to 40459
[11:36:16.207] [SEVERE ] key 44 was pressed by player 2
[11:36:16.509] [SEVERE ] updating countdown to 39748
[11:36:16.730] [SEVERE ] key 44 was pressed by player 2
[11:36:17.214] [SEVERE ] updating countdown to 39043
[11:36:17.602] [SEVERE ] key 44 was pressed by player 2
[11:36:17.921] [SEVERE ] updating countdown to 38336
[11:36:18.048] [SEVERE ] key 77 was pressed by player 2
[11:36:18.624] [SEVERE ] updating countdown to 37633
[11:36:19.334] [SEVERE ] updating countdown to 36923
[11:36:19.444] [SEVERE ] key 74 was pressed by player 2
[11:36:20.044] [SEVERE ] updating countdown to 36213
[11:36:20.164] [SEVERE ] key 74 was pressed by player 2
[11:36:20.756] [SEVERE ] updating countdown to 35501
[11:36:20.929] [SEVERE ] key 85 was pressed by player 2
[11:36:21.464] [SEVERE ] updating countdown to 34793
[11:36:22.170] [SEVERE ] updating countdown to 34087
[11:36:22.877] [SEVERE ] updating countdown to 33380
[11:36:23.584] [SEVERE ] updating countdown to 32673
[11:36:24.291] [SEVERE ] updating countdown to 31966
[11:36:24.997] [SEVERE ] updating countdown to 31260
[11:36:25.705] [SEVERE ] updating countdown to 30552
[11:36:26.412] [SEVERE ] updating countdown to 29845
[11:36:27.119] [SEVERE ] updating countdown to 29138
[11:36:27.292] [SEVERE ] key 80 was pressed by player 2
[11:36:27.827] [SEVERE ] updating countdown to 28430
[11:36:27.875] [SEVERE ] key 79 was pressed by player 2
[11:36:28.425] [SEVERE ] key 73 was pressed by player 2
[11:36:28.535] [SEVERE ] updating countdown to 27722
[11:36:29.243] [SEVERE ] updating countdown to 27014
[11:36:29.949] [SEVERE ] updating countdown to 26308
[11:36:30.658] [SEVERE ] updating countdown to 25599
[11:36:31.365] [SEVERE ] updating countdown to 24892
[11:36:32.073] [SEVERE ] updating countdown to 24184
[11:36:32.779] [SEVERE ] updating countdown to 23478
[11:36:33.486] [SEVERE ] updating countdown to 22771
[11:36:34.193] [SEVERE ] updating countdown to 22064
[11:36:34.903] [SEVERE ] updating countdown to 21354
[11:36:34.919] [SEVERE ] exit button pressed
[11:36:34.919] [INFO   ] thread Player0 terminated.
[11:36:35.609] [SEVERE ] updating countdown to 20648
[11:36:35.609] [SEVERE ] updating countdown to 20648
[11:36:35.609] [INFO   ] thread dealer terminated.
[11:36:35.609] [SEVERE ] thanks for playing... it was fun!
[11:36:35.609] [INFO   ] thread bguspl.set.Main.main() terminated.
