[11:33:54.265] [INFO   ] thread bguspl.set.Main.main() starting.
[11:33:54.265] [SEVERE ] cannot read configuration file config.properties trying from resources.
[11:33:54.277] [SEVERE ] configuration file was loaded from resources directory.
[11:33:54.710] [INFO   ] thread dealer starting.
[11:33:54.719] [INFO   ] thread dealer starting.
[11:33:54.719] [INFO   ] thread Player0 starting.
[11:33:54.719] [INFO   ] thread Player1 starting.
[11:33:54.843] [SEVERE ] placing card 65 in slot 0
[11:33:54.944] [SEVERE ] placing card 5 in slot 1
[11:33:55.046] [SEVERE ] placing card 24 in slot 2
[11:33:55.162] [SEVERE ] placing card 52 in slot 3
[11:33:55.277] [SEVERE ] placing card 79 in slot 4
[11:33:55.379] [SEVERE ] placing card 6 in slot 5
[11:33:55.484] [SEVERE ] placing card 51 in slot 6
[11:33:55.593] [SEVERE ] placing card 57 in slot 7
[11:33:55.704] [SEVERE ] placing card 37 in slot 8
[11:33:55.814] [SEVERE ] placing card 0 in slot 9
[11:33:55.924] [SEVERE ] placing card 68 in slot 10
[11:33:56.034] [SEVERE ] placing card 54 in slot 11
[11:33:56.741] [SEVERE ] updating countdown to 57969
[11:33:56.805] [SEVERE ] key 80 was pressed by player 2
[11:33:56.820] [SEVERE ] player 2 placing token on slot 3
[11:33:57.441] [SEVERE ] key 79 was pressed by player 2
[11:33:57.441] [SEVERE ] player 2 placing token on slot 2
[11:33:57.456] [SEVERE ] updating countdown to 57254
[11:33:58.167] [SEVERE ] updating countdown to 56543
[11:33:58.198] [SEVERE ] key 73 was pressed by player 2
[11:33:58.198] [SEVERE ] player 2 placing token on slot 1
[11:33:58.198] [SEVERE ] setting player 2 freeze to 3000
[11:33:59.207] [SEVERE ] setting player 2 freeze to 2000
[11:34:00.211] [SEVERE ] setting player 2 freeze to 1000
[11:34:00.211] [SEVERE ] key 75 was pressed by player 2
[11:34:01.217] [SEVERE ] setting player 2 freeze to 0
[11:34:01.217] [SEVERE ] updating countdown to 53493
[11:34:01.217] [SEVERE ] player 2 placing token on slot 5
[11:34:01.919] [SEVERE ] updating countdown to 52791
[11:34:02.625] [SEVERE ] updating countdown to 52085
[11:34:03.333] [SEVERE ] updating countdown to 51377
[11:34:04.033] [SEVERE ] updating countdown to 50677
[11:34:04.237] [SEVERE ] exit button pressed
[11:34:04.237] [INFO   ] thread Player1 terminated.
[11:34:04.237] [INFO   ] thread Player0 terminated.
[11:34:04.741] [SEVERE ] updating countdown to 49969
[11:34:04.741] [SEVERE ] updating countdown to 49969
[11:34:04.741] [INFO   ] thread dealer terminated.
[11:34:04.741] [SEVERE ] thanks for playing... it was fun!
[11:34:04.741] [INFO   ] thread bguspl.set.Main.main() terminated.
