[12:32:43.729] [INFO   ] thread bguspl.set.Main.main() starting.
[12:32:43.733] [SEVERE ] cannot read configuration file config.properties trying from resources.
[12:32:43.733] [SEVERE ] configuration file was loaded from resources directory.
[12:32:44.449] [INFO   ] thread dealer starting.
[12:32:44.449] [INFO   ] thread dealer starting.
[12:32:44.453] [INFO   ] thread Player0 starting.
[12:32:44.453] [INFO   ] thread Player1 starting.
[12:32:44.561] [SEVERE ] placing card 58 in slot 0
[12:32:44.664] [SEVERE ] placing card 51 in slot 1
[12:32:44.775] [SEVERE ] placing card 62 in slot 2
[12:32:44.895] [SEVERE ] placing card 37 in slot 3
[12:32:44.997] [SEVERE ] placing card 32 in slot 4
[12:32:45.108] [SEVERE ] placing card 64 in slot 5
[12:32:45.210] [SEVERE ] placing card 15 in slot 6
[12:32:45.313] [SEVERE ] placing card 66 in slot 7
[12:32:45.424] [SEVERE ] placing card 7 in slot 8
[12:32:45.535] [SEVERE ] placing card 56 in slot 9
[12:32:45.645] [SEVERE ] placing card 31 in slot 10
[12:32:45.755] [SEVERE ] placing card 46 in slot 11
[12:32:46.461] [SEVERE ] updating countdown to 57983
[12:32:47.168] [SEVERE ] updating countdown to 57276
[12:32:47.881] [SEVERE ] updating countdown to 56563
[12:32:48.588] [SEVERE ] updating countdown to 55856
[12:32:49.294] [SEVERE ] updating countdown to 55150
[12:32:50.000] [SEVERE ] updating countdown to 54444
[12:32:50.707] [SEVERE ] updating countdown to 53737
[12:32:51.413] [SEVERE ] updating countdown to 53031
[12:32:52.119] [SEVERE ] updating countdown to 52325
[12:32:52.826] [SEVERE ] updating countdown to 51618
[12:32:53.533] [SEVERE ] updating countdown to 50911
[12:32:54.240] [SEVERE ] updating countdown to 50204
[12:32:54.950] [SEVERE ] updating countdown to 49494
[12:32:55.657] [SEVERE ] updating countdown to 48787
[12:32:56.363] [SEVERE ] updating countdown to 48081
[12:32:57.070] [SEVERE ] updating countdown to 47374
[12:32:57.778] [SEVERE ] updating countdown to 46666
[12:32:58.491] [SEVERE ] updating countdown to 45953
[12:32:59.197] [SEVERE ] updating countdown to 45247
[12:32:59.904] [SEVERE ] updating countdown to 44540
[12:33:00.610] [SEVERE ] updating countdown to 43834
[12:33:01.316] [SEVERE ] updating countdown to 43128
[12:33:02.022] [SEVERE ] updating countdown to 42422
[12:33:02.729] [SEVERE ] updating countdown to 41715
[12:33:03.435] [SEVERE ] updating countdown to 41009
[12:33:04.142] [SEVERE ] updating countdown to 40302
[12:33:04.850] [SEVERE ] updating countdown to 39594
[12:33:05.557] [SEVERE ] updating countdown to 38887
[12:33:06.263] [SEVERE ] updating countdown to 38181
[12:33:06.971] [SEVERE ] updating countdown to 37473
[12:33:07.677] [SEVERE ] updating countdown to 36767
[12:33:08.386] [SEVERE ] updating countdown to 36058
[12:33:09.092] [SEVERE ] updating countdown to 35352
[12:33:09.799] [SEVERE ] updating countdown to 34645
[12:33:10.508] [SEVERE ] updating countdown to 33936
[12:33:11.216] [SEVERE ] updating countdown to 33228
[12:33:11.924] [SEVERE ] updating countdown to 32520
[12:33:12.630] [SEVERE ] updating countdown to 31814
[12:33:13.336] [SEVERE ] updating countdown to 31108
[12:33:14.043] [SEVERE ] updating countdown to 30401
[12:33:14.749] [SEVERE ] updating countdown to 29695
[12:33:15.458] [SEVERE ] updating countdown to 28986
[12:33:16.167] [SEVERE ] updating countdown to 28277
[12:33:16.873] [SEVERE ] updating countdown to 27571
[12:33:17.109] [SEVERE ] key 80 was pressed by player 2
[12:33:17.109] [SEVERE ] player 2 placing token on slot 3
[12:33:17.574] [SEVERE ] updating countdown to 26870
[12:33:17.921] [SEVERE ] key 80 was pressed by player 2
[12:33:17.921] [SEVERE ] removing player 2 token from slot 3
[12:33:18.286] [SEVERE ] updating countdown to 26158
[12:33:18.422] [SEVERE ] key 80 was pressed by player 2
[12:33:18.422] [SEVERE ] player 2 placing token on slot 3
[12:33:18.735] [SEVERE ] key 73 was pressed by player 2
[12:33:18.743] [SEVERE ] player 2 placing token on slot 1
[12:33:18.992] [SEVERE ] updating countdown to 25452
[12:33:19.695] [SEVERE ] updating countdown to 24749
[12:33:20.291] [SEVERE ] key 75 was pressed by player 2
[12:33:20.291] [SEVERE ] player 2 placing token on slot 5
[12:33:20.307] [SEVERE ] setting player 2 freeze to 3000
[12:33:20.916] [SEVERE ] key 75 was pressed by player 2
[12:33:21.317] [SEVERE ] setting player 2 freeze to 2000
[12:33:22.321] [SEVERE ] setting player 2 freeze to 1000
[12:33:23.330] [SEVERE ] setting player 2 freeze to 0
[12:33:23.330] [SEVERE ] updating countdown to 21114
[12:33:23.331] [SEVERE ] removing player 2 token from slot 5
[12:33:24.046] [SEVERE ] updating countdown to 20398
[12:33:24.061] [SEVERE ] key 74 was pressed by player 2
[12:33:24.061] [SEVERE ] player 2 placing token on slot 4
[12:33:24.747] [SEVERE ] updating countdown to 19697
[12:33:25.453] [SEVERE ] updating countdown to 18991
[12:33:26.162] [SEVERE ] updating countdown to 18282
[12:33:26.870] [SEVERE ] updating countdown to 17574
[12:33:27.580] [SEVERE ] updating countdown to 16864
[12:33:28.288] [SEVERE ] updating countdown to 16156
[12:33:29.001] [SEVERE ] updating countdown to 15443
[12:33:29.708] [SEVERE ] updating countdown to 14736
[12:33:30.411] [SEVERE ] updating countdown to 14033
[12:33:31.123] [SEVERE ] updating countdown to 13321
[12:33:31.837] [SEVERE ] updating countdown to 12607
[12:33:32.545] [SEVERE ] updating countdown to 11899
[12:33:33.250] [SEVERE ] updating countdown to 11194
[12:33:33.960] [SEVERE ] updating countdown to 10484
[12:33:34.663] [SEVERE ] updating countdown to 9781
[12:33:35.375] [SEVERE ] updating countdown to 9069
[12:33:36.084] [SEVERE ] updating countdown to 8360
[12:33:36.798] [SEVERE ] updating countdown to 7646
[12:33:37.507] [SEVERE ] updating countdown to 6937
[12:33:38.217] [SEVERE ] updating countdown to 6227
[12:33:38.921] [SEVERE ] updating countdown to 5523
[12:33:44.566] [SEVERE ] updating countdown to 60000
[12:33:44.677] [SEVERE ] removing card from slot 0
[12:33:44.785] [SEVERE ] removing player 2 token from slot 1
[12:33:44.785] [SEVERE ] removing card from slot 1
[12:33:44.895] [SEVERE ] removing card from slot 2
[12:33:45.005] [SEVERE ] removing player 2 token from slot 3
[12:33:45.005] [SEVERE ] removing card from slot 3
[12:33:45.115] [SEVERE ] removing player 2 token from slot 4
[12:33:45.116] [SEVERE ] removing card from slot 4
[12:33:45.223] [SEVERE ] removing card from slot 5
[12:33:45.334] [SEVERE ] removing card from slot 6
[12:33:45.445] [SEVERE ] removing card from slot 7
[12:33:45.555] [SEVERE ] removing card from slot 8
[12:33:45.665] [SEVERE ] removing card from slot 9
[12:33:45.772] [SEVERE ] removing card from slot 10
[12:33:45.882] [SEVERE ] removing card from slot 11
[12:33:45.993] [SEVERE ] placing card 48 in slot 0
[12:33:46.105] [SEVERE ] placing card 75 in slot 1
[12:33:46.206] [SEVERE ] placing card 52 in slot 2
[12:33:46.318] [SEVERE ] placing card 62 in slot 3
[12:33:46.425] [SEVERE ] placing card 17 in slot 4
[12:33:46.536] [SEVERE ] placing card 28 in slot 5
[12:33:46.638] [SEVERE ] placing card 57 in slot 6
[12:33:46.752] [SEVERE ] placing card 10 in slot 7
[12:33:46.866] [SEVERE ] placing card 54 in slot 8
[12:33:46.967] [SEVERE ] placing card 79 in slot 9
[12:33:47.079] [SEVERE ] placing card 6 in slot 10
[12:33:47.189] [SEVERE ] placing card 23 in slot 11
[12:33:47.889] [SEVERE ] updating countdown to 56677
[12:33:48.596] [SEVERE ] updating countdown to 55970
[12:33:49.302] [SEVERE ] updating countdown to 55264
[12:33:50.008] [SEVERE ] updating countdown to 54558
[12:33:50.722] [SEVERE ] updating countdown to 53844
[12:33:51.426] [SEVERE ] updating countdown to 53140
[12:33:52.136] [SEVERE ] updating countdown to 52430
[12:33:52.849] [SEVERE ] updating countdown to 51717
[12:33:53.551] [SEVERE ] updating countdown to 51015
[12:33:54.255] [SEVERE ] updating countdown to 50311
[12:33:54.967] [SEVERE ] updating countdown to 49599
[12:33:55.677] [SEVERE ] updating countdown to 48889
[12:33:56.378] [SEVERE ] updating countdown to 48188
[12:33:57.080] [SEVERE ] updating countdown to 47486
[12:33:57.785] [SEVERE ] updating countdown to 46781
[12:33:58.488] [SEVERE ] updating countdown to 46078
[12:33:59.193] [SEVERE ] updating countdown to 45373
[12:33:59.895] [SEVERE ] updating countdown to 44671
[12:34:00.603] [SEVERE ] updating countdown to 43963
[12:34:01.310] [SEVERE ] updating countdown to 43256
[12:34:02.016] [SEVERE ] updating countdown to 42550
[12:34:02.728] [SEVERE ] updating countdown to 41838
[12:34:03.444] [SEVERE ] updating countdown to 41122
[12:34:04.153] [SEVERE ] updating countdown to 40413
[12:34:04.864] [SEVERE ] updating countdown to 39702
[12:34:05.570] [SEVERE ] updating countdown to 38996
[12:34:06.283] [SEVERE ] updating countdown to 38283
[12:34:06.990] [SEVERE ] updating countdown to 37576
[12:34:07.694] [SEVERE ] updating countdown to 36872
[12:34:08.402] [SEVERE ] updating countdown to 36164
[12:34:09.118] [SEVERE ] updating countdown to 35448
[12:34:09.819] [SEVERE ] updating countdown to 34747
[12:34:10.531] [SEVERE ] updating countdown to 34035
[12:34:11.247] [SEVERE ] updating countdown to 33319
[12:34:11.956] [SEVERE ] updating countdown to 32610
[12:34:12.665] [SEVERE ] updating countdown to 31901
[12:34:13.366] [SEVERE ] updating countdown to 31200
[12:34:14.066] [SEVERE ] updating countdown to 30500
[12:34:14.786] [SEVERE ] updating countdown to 29780
[12:34:15.494] [SEVERE ] updating countdown to 29072
[12:34:16.208] [SEVERE ] updating countdown to 28358
[12:34:16.911] [SEVERE ] updating countdown to 27655
[12:34:17.617] [SEVERE ] updating countdown to 26949
[12:34:18.329] [SEVERE ] updating countdown to 26237
[12:34:19.037] [SEVERE ] updating countdown to 25529
[12:34:19.750] [SEVERE ] updating countdown to 24816
[12:34:20.451] [SEVERE ] updating countdown to 24115
[12:34:21.157] [SEVERE ] updating countdown to 23409
[12:34:21.857] [SEVERE ] updating countdown to 22709
[12:34:22.566] [SEVERE ] updating countdown to 22000
[12:34:23.272] [SEVERE ] updating countdown to 21294
[12:34:23.973] [SEVERE ] updating countdown to 20593
[12:34:24.688] [SEVERE ] updating countdown to 19878
[12:34:25.389] [SEVERE ] updating countdown to 19177
[12:34:26.091] [SEVERE ] updating countdown to 18475
[12:34:26.797] [SEVERE ] updating countdown to 17769
[12:34:27.508] [SEVERE ] updating countdown to 17058
[12:34:28.216] [SEVERE ] updating countdown to 16350
[12:34:28.926] [SEVERE ] updating countdown to 15640
[12:34:29.634] [SEVERE ] updating countdown to 14932
[12:34:30.337] [SEVERE ] updating countdown to 14229
[12:34:31.048] [SEVERE ] updating countdown to 13518
[12:34:31.760] [SEVERE ] updating countdown to 12806
[12:34:32.467] [SEVERE ] updating countdown to 12099
[12:34:33.182] [SEVERE ] updating countdown to 11384
[12:34:33.884] [SEVERE ] updating countdown to 10682
[12:34:34.588] [SEVERE ] updating countdown to 9978
[12:34:35.292] [SEVERE ] updating countdown to 9274
[12:34:35.996] [SEVERE ] updating countdown to 8570
[12:34:36.700] [SEVERE ] updating countdown to 7866
[12:34:37.423] [SEVERE ] updating countdown to 7143
[12:34:38.127] [SEVERE ] updating countdown to 6439
[12:34:38.834] [SEVERE ] updating countdown to 5732
[12:34:39.549] [SEVERE ] updating countdown to 5017
[12:34:45.213] [SEVERE ] updating countdown to 60000
[12:34:45.323] [SEVERE ] removing card from slot 0
[12:34:45.437] [SEVERE ] removing card from slot 1
[12:34:45.547] [SEVERE ] removing card from slot 2
[12:34:45.652] [SEVERE ] removing card from slot 3
[12:34:45.763] [SEVERE ] removing card from slot 4
[12:34:45.873] [SEVERE ] removing card from slot 5
[12:34:45.975] [SEVERE ] removing card from slot 6
[12:34:46.080] [SEVERE ] removing card from slot 7
[12:34:46.190] [SEVERE ] removing card from slot 8
[12:34:46.291] [SEVERE ] removing card from slot 9
[12:34:46.395] [SEVERE ] removing card from slot 10
[12:34:46.499] [SEVERE ] removing card from slot 11
[12:34:46.611] [SEVERE ] placing card 20 in slot 0
[12:34:46.714] [SEVERE ] placing card 78 in slot 1
[12:34:46.825] [SEVERE ] placing card 56 in slot 2
[12:34:46.936] [SEVERE ] placing card 57 in slot 3
[12:34:47.040] [SEVERE ] placing card 44 in slot 4
[12:34:47.145] [SEVERE ] placing card 74 in slot 5
[12:34:47.256] [SEVERE ] placing card 66 in slot 6
[12:34:47.363] [SEVERE ] placing card 7 in slot 7
[12:34:47.467] [SEVERE ] placing card 61 in slot 8
[12:34:47.577] [SEVERE ] placing card 47 in slot 9
[12:34:47.688] [SEVERE ] placing card 24 in slot 10
[12:34:47.796] [SEVERE ] placing card 18 in slot 11
[12:34:48.506] [SEVERE ] updating countdown to 56707
[12:34:49.206] [SEVERE ] updating countdown to 56007
[12:34:49.913] [SEVERE ] updating countdown to 55300
[12:34:50.625] [SEVERE ] updating countdown to 54588
[12:34:51.326] [SEVERE ] updating countdown to 53887
[12:34:52.036] [SEVERE ] updating countdown to 53177
[12:34:52.740] [SEVERE ] updating countdown to 52473
[12:34:53.444] [SEVERE ] updating countdown to 51769
[12:34:54.155] [SEVERE ] updating countdown to 51058
[12:34:54.863] [SEVERE ] updating countdown to 50350
[12:34:55.575] [SEVERE ] updating countdown to 49638
[12:34:56.280] [SEVERE ] updating countdown to 48933
[12:34:56.995] [SEVERE ] updating countdown to 48218
[12:34:57.700] [SEVERE ] updating countdown to 47513
[12:34:58.400] [SEVERE ] updating countdown to 46813
[12:34:59.106] [SEVERE ] updating countdown to 46107
[12:34:59.812] [SEVERE ] updating countdown to 45401
[12:35:00.521] [SEVERE ] updating countdown to 44692
[12:35:01.223] [SEVERE ] updating countdown to 43990
[12:35:01.930] [SEVERE ] updating countdown to 43283
[12:35:02.638] [SEVERE ] updating countdown to 42575
[12:35:03.351] [SEVERE ] updating countdown to 41862
[12:35:04.054] [SEVERE ] updating countdown to 41159
[12:35:04.761] [SEVERE ] updating countdown to 40452
[12:35:05.469] [SEVERE ] updating countdown to 39744
[12:35:06.182] [SEVERE ] updating countdown to 39031
[12:35:06.886] [SEVERE ] updating countdown to 38327
[12:35:07.587] [SEVERE ] updating countdown to 37626
[12:35:08.287] [SEVERE ] updating countdown to 36926
[12:35:08.994] [SEVERE ] updating countdown to 36219
[12:35:09.706] [SEVERE ] updating countdown to 35507
[12:35:10.418] [SEVERE ] updating countdown to 34795
[12:35:11.153] [SEVERE ] updating countdown to 34060
[12:35:11.862] [SEVERE ] updating countdown to 33351
[12:35:12.575] [SEVERE ] updating countdown to 32638
[12:35:13.279] [SEVERE ] updating countdown to 31934
[12:35:13.992] [SEVERE ] updating countdown to 31221
[12:35:14.693] [SEVERE ] updating countdown to 30520
[12:35:15.397] [SEVERE ] updating countdown to 29816
[12:35:16.103] [SEVERE ] updating countdown to 29110
[12:35:16.817] [SEVERE ] updating countdown to 28396
[12:35:17.518] [SEVERE ] updating countdown to 27695
[12:35:18.227] [SEVERE ] updating countdown to 26986
[12:35:18.930] [SEVERE ] updating countdown to 26283
[12:35:19.635] [SEVERE ] updating countdown to 25578
[12:35:20.339] [SEVERE ] updating countdown to 24874
[12:35:21.042] [SEVERE ] updating countdown to 24171
[12:35:21.750] [SEVERE ] updating countdown to 23463
[12:35:22.460] [SEVERE ] updating countdown to 22753
[12:35:23.176] [SEVERE ] updating countdown to 22037
[12:35:23.880] [SEVERE ] updating countdown to 21333
[12:35:24.591] [SEVERE ] updating countdown to 20622
[12:35:25.294] [SEVERE ] updating countdown to 19919
[12:35:26.003] [SEVERE ] updating countdown to 19210
[12:35:26.709] [SEVERE ] updating countdown to 18504
[12:35:27.410] [SEVERE ] updating countdown to 17803
[12:35:28.118] [SEVERE ] updating countdown to 17095
[12:35:28.823] [SEVERE ] updating countdown to 16390
[12:35:29.535] [SEVERE ] updating countdown to 15678
[12:35:30.242] [SEVERE ] updating countdown to 14971
[12:35:30.943] [SEVERE ] updating countdown to 14270
[12:35:31.651] [SEVERE ] updating countdown to 13562
[12:35:32.364] [SEVERE ] updating countdown to 12849
[12:35:33.073] [SEVERE ] updating countdown to 12140
[12:35:33.781] [SEVERE ] updating countdown to 11432
[12:35:34.494] [SEVERE ] updating countdown to 10719
[12:35:35.209] [SEVERE ] updating countdown to 10004
[12:35:35.920] [SEVERE ] updating countdown to 9293
[12:35:36.623] [SEVERE ] updating countdown to 8590
[12:35:37.336] [SEVERE ] updating countdown to 7877
[12:35:38.041] [SEVERE ] updating countdown to 7172
[12:35:38.755] [SEVERE ] updating countdown to 6458
[12:35:39.466] [SEVERE ] updating countdown to 5747
[12:35:40.171] [SEVERE ] updating countdown to 5042
[12:35:45.807] [SEVERE ] updating countdown to 60000
[12:35:45.913] [SEVERE ] removing card from slot 0
[12:35:46.023] [SEVERE ] removing card from slot 1
[12:35:46.132] [SEVERE ] removing card from slot 2
[12:35:46.242] [SEVERE ] removing card from slot 3
[12:35:46.352] [SEVERE ] removing card from slot 4
[12:35:46.457] [SEVERE ] removing card from slot 5
[12:35:46.557] [SEVERE ] removing card from slot 6
[12:35:46.670] [SEVERE ] removing card from slot 7
[12:35:46.780] [SEVERE ] removing card from slot 8
[12:35:46.891] [SEVERE ] removing card from slot 9
[12:35:46.994] [SEVERE ] removing card from slot 10
[12:35:47.105] [SEVERE ] removing card from slot 11
[12:35:47.209] [SEVERE ] placing card 37 in slot 0
[12:35:47.319] [SEVERE ] placing card 64 in slot 1
[12:35:47.423] [SEVERE ] placing card 34 in slot 2
[12:35:47.533] [SEVERE ] placing card 80 in slot 3
[12:35:47.645] [SEVERE ] placing card 62 in slot 4
[12:35:47.747] [SEVERE ] placing card 77 in slot 5
[12:35:47.858] [SEVERE ] placing card 69 in slot 6
[12:35:47.962] [SEVERE ] placing card 42 in slot 7
[12:35:48.071] [SEVERE ] placing card 74 in slot 8
[12:35:48.182] [SEVERE ] placing card 73 in slot 9
[12:35:48.296] [SEVERE ] placing card 25 in slot 10
[12:35:48.414] [SEVERE ] placing card 14 in slot 11
[12:35:49.119] [SEVERE ] updating countdown to 56688
[12:35:49.824] [SEVERE ] updating countdown to 55983
[12:35:50.539] [SEVERE ] updating countdown to 55268
[12:35:51.246] [SEVERE ] updating countdown to 54561
[12:35:51.956] [SEVERE ] updating countdown to 53851
[12:35:52.661] [SEVERE ] updating countdown to 53146
[12:35:53.370] [SEVERE ] updating countdown to 52437
[12:35:54.071] [SEVERE ] updating countdown to 51736
[12:35:54.780] [SEVERE ] updating countdown to 51027
[12:35:55.496] [SEVERE ] updating countdown to 50311
[12:35:56.207] [SEVERE ] updating countdown to 49600
[12:35:56.917] [SEVERE ] updating countdown to 48890
[12:35:57.617] [SEVERE ] updating countdown to 48190
[12:35:58.322] [SEVERE ] updating countdown to 47485
[12:35:59.023] [SEVERE ] updating countdown to 46784
[12:35:59.730] [SEVERE ] updating countdown to 46077
[12:36:00.439] [SEVERE ] updating countdown to 45368
[12:36:01.143] [SEVERE ] updating countdown to 44664
[12:36:01.852] [SEVERE ] updating countdown to 43955
[12:36:02.556] [SEVERE ] updating countdown to 43251
[12:36:03.257] [SEVERE ] updating countdown to 42550
[12:36:03.969] [SEVERE ] updating countdown to 41838
[12:36:04.677] [SEVERE ] updating countdown to 41130
[12:36:05.388] [SEVERE ] updating countdown to 40419
[12:36:06.094] [SEVERE ] updating countdown to 39713
[12:36:06.795] [SEVERE ] updating countdown to 39012
[12:36:07.497] [SEVERE ] updating countdown to 38310
[12:36:08.202] [SEVERE ] updating countdown to 37605
[12:36:08.905] [SEVERE ] updating countdown to 36902
[12:36:09.613] [SEVERE ] updating countdown to 36194
[12:36:10.320] [SEVERE ] updating countdown to 35487
[12:36:11.035] [SEVERE ] updating countdown to 34772
[12:36:11.744] [SEVERE ] updating countdown to 34063
[12:36:12.450] [SEVERE ] updating countdown to 33357
[12:36:13.159] [SEVERE ] updating countdown to 32648
[12:36:13.861] [SEVERE ] updating countdown to 31946
[12:36:14.567] [SEVERE ] updating countdown to 31240
[12:36:15.271] [SEVERE ] updating countdown to 30536
[12:36:15.979] [SEVERE ] updating countdown to 29828
[12:36:16.682] [SEVERE ] updating countdown to 29125
[12:36:17.397] [SEVERE ] updating countdown to 28410
[12:36:18.104] [SEVERE ] updating countdown to 27703
[12:36:18.811] [SEVERE ] updating countdown to 26996
[12:36:19.517] [SEVERE ] updating countdown to 26290
[12:36:20.220] [SEVERE ] updating countdown to 25587
[12:36:20.939] [SEVERE ] updating countdown to 24868
[12:36:21.642] [SEVERE ] updating countdown to 24165
[12:36:22.343] [SEVERE ] updating countdown to 23464
[12:36:23.047] [SEVERE ] updating countdown to 22760
[12:36:23.751] [SEVERE ] updating countdown to 22056
[12:36:24.458] [SEVERE ] updating countdown to 21349
[12:36:25.161] [SEVERE ] updating countdown to 20646
[12:36:25.869] [SEVERE ] updating countdown to 19938
[12:36:26.570] [SEVERE ] updating countdown to 19237
[12:36:27.272] [SEVERE ] updating countdown to 18535
[12:36:27.974] [SEVERE ] updating countdown to 17833
[12:36:28.689] [SEVERE ] updating countdown to 17118
[12:36:29.393] [SEVERE ] updating countdown to 16414
[12:36:30.099] [SEVERE ] updating countdown to 15708
[12:36:30.802] [SEVERE ] updating countdown to 15005
[12:36:31.513] [SEVERE ] updating countdown to 14294
[12:36:32.226] [SEVERE ] updating countdown to 13581
[12:36:32.932] [SEVERE ] updating countdown to 12875
[12:36:33.635] [SEVERE ] updating countdown to 12172
[12:36:34.338] [SEVERE ] updating countdown to 11469
[12:36:35.050] [SEVERE ] updating countdown to 10757
[12:36:35.756] [SEVERE ] updating countdown to 10051
[12:36:36.457] [SEVERE ] updating countdown to 9350
[12:36:37.169] [SEVERE ] updating countdown to 8638
[12:36:37.883] [SEVERE ] updating countdown to 7924
[12:36:38.598] [SEVERE ] updating countdown to 7209
[12:36:39.300] [SEVERE ] updating countdown to 6507
[12:36:40.009] [SEVERE ] updating countdown to 5798
[12:36:40.725] [SEVERE ] updating countdown to 5082
[12:36:46.385] [SEVERE ] updating countdown to 60000
[12:36:46.496] [SEVERE ] removing card from slot 0
[12:36:46.608] [SEVERE ] removing card from slot 1
[12:36:46.719] [SEVERE ] removing card from slot 2
[12:36:46.831] [SEVERE ] removing card from slot 3
[12:36:46.942] [SEVERE ] removing card from slot 4
[12:36:47.054] [SEVERE ] removing card from slot 5
[12:36:47.165] [SEVERE ] removing card from slot 6
[12:36:47.273] [SEVERE ] removing card from slot 7
[12:36:47.383] [SEVERE ] removing card from slot 8
[12:36:47.494] [SEVERE ] removing card from slot 9
[12:36:47.601] [SEVERE ] removing card from slot 10
[12:36:47.711] [SEVERE ] removing card from slot 11
[12:36:47.820] [SEVERE ] placing card 62 in slot 0
[12:36:47.931] [SEVERE ] placing card 8 in slot 1
[12:36:48.039] [SEVERE ] placing card 40 in slot 2
[12:36:48.148] [SEVERE ] placing card 35 in slot 3
[12:36:48.258] [SEVERE ] placing card 70 in slot 4
[12:36:48.366] [SEVERE ] placing card 54 in slot 5
[12:36:48.476] [SEVERE ] placing card 68 in slot 6
[12:36:48.588] [SEVERE ] placing card 36 in slot 7
[12:36:48.698] [SEVERE ] placing card 17 in slot 8
[12:36:48.808] [SEVERE ] placing card 50 in slot 9
[12:36:48.919] [SEVERE ] placing card 38 in slot 10
[12:36:49.029] [SEVERE ] placing card 39 in slot 11
[12:36:49.731] [SEVERE ] updating countdown to 56654
[12:36:50.437] [SEVERE ] updating countdown to 55948
[12:36:51.147] [SEVERE ] updating countdown to 55238
[12:36:51.858] [SEVERE ] updating countdown to 54527
[12:36:52.568] [SEVERE ] updating countdown to 53817
[12:36:53.281] [SEVERE ] updating countdown to 53104
[12:36:53.990] [SEVERE ] updating countdown to 52395
[12:36:54.705] [SEVERE ] updating countdown to 51680
[12:36:55.415] [SEVERE ] updating countdown to 50970
[12:36:56.128] [SEVERE ] updating countdown to 50257
[12:36:56.840] [SEVERE ] updating countdown to 49545
[12:36:57.554] [SEVERE ] updating countdown to 48831
[12:36:58.268] [SEVERE ] updating countdown to 48117
[12:36:58.976] [SEVERE ] updating countdown to 47409
[12:36:59.691] [SEVERE ] updating countdown to 46694
[12:37:00.406] [SEVERE ] updating countdown to 45979
[12:37:01.119] [SEVERE ] updating countdown to 45266
[12:37:01.829] [SEVERE ] updating countdown to 44556
[12:37:02.541] [SEVERE ] updating countdown to 43844
[12:37:03.256] [SEVERE ] updating countdown to 43129
[12:37:03.968] [SEVERE ] updating countdown to 42417
[12:37:04.682] [SEVERE ] updating countdown to 41703
[12:37:05.395] [SEVERE ] updating countdown to 40990
[12:37:06.109] [SEVERE ] updating countdown to 40276
[12:37:06.823] [SEVERE ] updating countdown to 39562
[12:37:07.536] [SEVERE ] updating countdown to 38849
[12:37:08.251] [SEVERE ] updating countdown to 38134
[12:37:08.965] [SEVERE ] updating countdown to 37420
[12:37:09.678] [SEVERE ] updating countdown to 36707
[12:37:10.386] [SEVERE ] updating countdown to 35999
[12:37:11.100] [SEVERE ] updating countdown to 35285
[12:37:11.815] [SEVERE ] updating countdown to 34570
[12:37:12.526] [SEVERE ] updating countdown to 33859
[12:37:13.237] [SEVERE ] updating countdown to 33148
[12:37:13.949] [SEVERE ] updating countdown to 32436
[12:37:14.660] [SEVERE ] updating countdown to 31725
[12:37:15.369] [SEVERE ] updating countdown to 31016
[12:37:16.078] [SEVERE ] updating countdown to 30307
[12:37:16.791] [SEVERE ] updating countdown to 29594
[12:37:17.499] [SEVERE ] updating countdown to 28886
[12:37:18.211] [SEVERE ] updating countdown to 28174
[12:37:18.921] [SEVERE ] updating countdown to 27464
[12:37:19.626] [SEVERE ] updating countdown to 26759
[12:37:20.340] [SEVERE ] updating countdown to 26045
[12:37:21.049] [SEVERE ] updating countdown to 25336
[12:37:21.762] [SEVERE ] updating countdown to 24623
