[11:21:56.402] [INFO   ] thread bguspl.set.Main.main() starting.
[11:21:56.405] [SEVERE ] cannot read configuration file config.properties trying from resources.
[11:21:56.405] [SEVERE ] configuration file was loaded from resources directory.
[11:21:56.935] [INFO   ] thread dealer starting.
[11:21:56.938] [INFO   ] thread dealer starting.
[11:21:56.939] [INFO   ] thread Player0 starting.
[11:21:56.939] [INFO   ] thread Player1 starting.
[11:21:57.047] [SEVERE ] placing card 18 in slot 0
[11:21:57.153] [SEVERE ] placing card 75 in slot 1
[11:21:57.255] [SEVERE ] placing card 15 in slot 2
[11:21:57.367] [SEVERE ] placing card 58 in slot 3
[11:21:57.469] [SEVERE ] placing card 12 in slot 4
[11:21:57.569] [SEVERE ] placing card 14 in slot 5
[11:21:57.673] [SEVERE ] placing card 4 in slot 6
[11:21:57.784] [SEVERE ] placing card 65 in slot 7
[11:21:57.888] [SEVERE ] placing card 37 in slot 8
[11:21:57.998] [SEVERE ] placing card 44 in slot 9
[11:21:58.108] [SEVERE ] placing card 76 in slot 10
[11:21:58.218] [SEVERE ] placing card 36 in slot 11
[11:21:58.847] [SEVERE ] key 79 was pressed by player 2
[11:21:58.847] [SEVERE ] player 2 placing token on slot 2
[11:21:58.921] [SEVERE ] updating countdown to 58009
[11:21:59.633] [SEVERE ] updating countdown to 57297
[11:21:59.633] [SEVERE ] key 80 was pressed by player 2
[11:21:59.633] [SEVERE ] player 2 placing token on slot 3
[11:21:59.871] [SEVERE ] key 80 was pressed by player 2
[11:21:59.871] [SEVERE ] removing player 2 token from slot 3
[11:22:00.344] [SEVERE ] updating countdown to 56586
[11:22:00.863] [SEVERE ] key 80 was pressed by player 2
[11:22:01.055] [SEVERE ] updating countdown to 55875
[11:22:01.763] [SEVERE ] updating countdown to 55167
[11:22:02.471] [SEVERE ] updating countdown to 54459
[11:22:03.179] [SEVERE ] updating countdown to 53751
[11:22:03.889] [SEVERE ] updating countdown to 53041
[11:22:04.596] [SEVERE ] updating countdown to 52334
[11:22:05.304] [SEVERE ] updating countdown to 51626
[11:22:06.012] [SEVERE ] updating countdown to 50918
[11:22:06.720] [SEVERE ] updating countdown to 50210
[11:22:07.428] [SEVERE ] updating countdown to 49502
[11:22:08.136] [SEVERE ] updating countdown to 48794
[11:22:08.843] [SEVERE ] updating countdown to 48087
[11:22:09.551] [SEVERE ] updating countdown to 47379
[11:22:10.259] [SEVERE ] updating countdown to 46671
[11:22:10.966] [SEVERE ] updating countdown to 45964
[11:22:11.674] [SEVERE ] updating countdown to 45256
[11:22:12.383] [SEVERE ] updating countdown to 44547
[11:22:13.089] [SEVERE ] updating countdown to 43841
[11:22:13.801] [SEVERE ] updating countdown to 43129
[11:22:14.509] [SEVERE ] updating countdown to 42421
[11:22:15.217] [SEVERE ] updating countdown to 41713
[11:22:15.925] [SEVERE ] updating countdown to 41005
[11:22:16.633] [SEVERE ] updating countdown to 40297
[11:22:17.341] [SEVERE ] updating countdown to 39589
[11:22:18.042] [SEVERE ] updating countdown to 38888
[11:22:18.340] [SEVERE ] exit button pressed
[11:22:18.340] [INFO   ] thread Player0 terminated.
[11:22:18.748] [SEVERE ] updating countdown to 38182
[11:22:18.748] [SEVERE ] updating countdown to 38182
[11:22:18.748] [INFO   ] thread dealer terminated.
[11:22:18.748] [SEVERE ] thanks for playing... it was fun!
[11:22:18.748] [INFO   ] thread bguspl.set.Main.main() terminated.
