[11:23:00.468] [INFO   ] thread bguspl.set.Main.main() starting.
[11:23:00.468] [SEVERE ] cannot read configuration file config.properties trying from resources.
[11:23:00.468] [SEVERE ] configuration file was loaded from resources directory.
[11:23:00.985] [INFO   ] thread dealer starting.
[11:23:00.987] [INFO   ] thread dealer starting.
[11:23:00.987] [INFO   ] thread Player0 starting.
[11:23:00.987] [INFO   ] thread Player1 starting.
[11:23:01.094] [SEVERE ] placing card 41 in slot 0
[11:23:01.195] [SEVERE ] placing card 69 in slot 1
[11:23:01.307] [SEVERE ] placing card 48 in slot 2
[11:23:01.411] [SEVERE ] placing card 53 in slot 3
[11:23:01.523] [SEVERE ] placing card 7 in slot 4
[11:23:01.627] [SEVERE ] placing card 17 in slot 5
[11:23:01.731] [SEVERE ] placing card 70 in slot 6
[11:23:01.842] [SEVERE ] placing card 35 in slot 7
[11:23:01.943] [SEVERE ] placing card 12 in slot 8
[11:23:02.053] [SEVERE ] placing card 46 in slot 9
[11:23:02.163] [SEVERE ] placing card 76 in slot 10
[11:23:02.273] [SEVERE ] placing card 14 in slot 11
[11:23:02.669] [SEVERE ] key 79 was pressed by player 2
[11:23:02.669] [SEVERE ] player 2 placing token on slot 2
[11:23:02.895] [SEVERE ] key 80 was pressed by player 2
[11:23:02.911] [SEVERE ] player 2 placing token on slot 3
[11:23:02.975] [SEVERE ] updating countdown to 58009
[11:23:03.683] [SEVERE ] updating countdown to 57301
[11:23:04.140] [SEVERE ] key 75 was pressed by player 2
[11:23:04.140] [SEVERE ] player 2 placing token on slot 5
[11:23:04.140] [SEVERE ] setting player 2 freeze to 3000
[11:23:04.710] [SEVERE ] key 75 was pressed by player 2
[11:23:05.154] [SEVERE ] setting player 2 freeze to 2000
[11:23:06.160] [SEVERE ] setting player 2 freeze to 1000
[11:23:07.166] [SEVERE ] setting player 2 freeze to 0
[11:23:07.166] [SEVERE ] updating countdown to 53818
[11:23:07.168] [SEVERE ] removing player 2 token from slot 5
[11:23:07.691] [SEVERE ] key 75 was pressed by player 2
[11:23:07.881] [SEVERE ] updating countdown to 53103
[11:23:08.587] [SEVERE ] updating countdown to 52397
[11:23:09.293] [SEVERE ] updating countdown to 51691
[11:23:09.999] [SEVERE ] updating countdown to 50985
[11:23:10.472] [SEVERE ] key 79 was pressed by player 2
[11:23:10.713] [SEVERE ] updating countdown to 50271
[11:23:10.933] [SEVERE ] key 80 was pressed by player 2
[11:23:11.415] [SEVERE ] updating countdown to 49569
[11:23:12.122] [SEVERE ] updating countdown to 48862
[11:23:12.828] [SEVERE ] updating countdown to 48156
[11:23:13.535] [SEVERE ] updating countdown to 47449
[11:23:14.243] [SEVERE ] updating countdown to 46741
[11:23:14.953] [SEVERE ] updating countdown to 46031
[11:23:15.656] [SEVERE ] updating countdown to 45328
[11:23:16.357] [SEVERE ] updating countdown to 44627
[11:23:17.064] [SEVERE ] updating countdown to 43920
[11:23:17.771] [SEVERE ] updating countdown to 43213
[11:23:18.482] [SEVERE ] updating countdown to 42502
[11:23:19.188] [SEVERE ] updating countdown to 41796
[11:23:19.898] [SEVERE ] updating countdown to 41086
[11:23:20.608] [SEVERE ] updating countdown to 40376
[11:23:21.321] [SEVERE ] updating countdown to 39663
[11:23:22.024] [SEVERE ] updating countdown to 38960
[11:23:22.729] [SEVERE ] updating countdown to 38255
[11:23:23.436] [SEVERE ] updating countdown to 37548
[11:23:24.136] [SEVERE ] updating countdown to 36848
[11:23:24.846] [SEVERE ] updating countdown to 36138
[11:23:25.561] [SEVERE ] updating countdown to 35423
[11:23:26.266] [SEVERE ] updating countdown to 34718
[11:23:26.974] [SEVERE ] updating countdown to 34010
[11:23:27.678] [SEVERE ] updating countdown to 33306
[11:23:28.380] [SEVERE ] updating countdown to 32604
[11:23:29.090] [SEVERE ] updating countdown to 31894
[11:23:29.790] [SEVERE ] updating countdown to 31194
[11:23:30.492] [SEVERE ] updating countdown to 30492
[11:23:31.201] [SEVERE ] updating countdown to 29783
[11:23:31.905] [SEVERE ] updating countdown to 29079
[11:23:32.608] [SEVERE ] updating countdown to 28376
[11:23:33.323] [SEVERE ] updating countdown to 27661
[11:23:34.026] [SEVERE ] updating countdown to 26958
[11:23:34.739] [SEVERE ] updating countdown to 26245
[11:23:35.454] [SEVERE ] updating countdown to 25530
[11:23:36.161] [SEVERE ] updating countdown to 24823
[11:23:36.868] [SEVERE ] updating countdown to 24116
[11:23:37.574] [SEVERE ] updating countdown to 23410
[11:23:38.275] [SEVERE ] updating countdown to 22709
[11:23:38.987] [SEVERE ] updating countdown to 21997
[11:23:39.689] [SEVERE ] updating countdown to 21295
[11:23:40.393] [SEVERE ] updating countdown to 20591
[11:23:41.103] [SEVERE ] updating countdown to 19881
[11:23:41.808] [SEVERE ] updating countdown to 19176
[11:23:42.517] [SEVERE ] updating countdown to 18467
[11:23:43.229] [SEVERE ] updating countdown to 17755
[11:23:43.934] [SEVERE ] updating countdown to 17050
[11:23:44.647] [SEVERE ] updating countdown to 16337
[11:23:45.361] [SEVERE ] updating countdown to 15623
[11:23:46.075] [SEVERE ] updating countdown to 14909
[11:23:46.780] [SEVERE ] updating countdown to 14204
[11:23:47.486] [SEVERE ] updating countdown to 13498
[11:23:48.191] [SEVERE ] updating countdown to 12793
[11:23:48.899] [SEVERE ] updating countdown to 12085
[11:23:49.611] [SEVERE ] updating countdown to 11373
[11:23:50.314] [SEVERE ] updating countdown to 10670
[11:23:51.019] [SEVERE ] updating countdown to 9965
[11:23:51.724] [SEVERE ] updating countdown to 9260
[11:23:52.440] [SEVERE ] updating countdown to 8544
[11:23:53.156] [SEVERE ] updating countdown to 7828
[11:23:53.865] [SEVERE ] updating countdown to 7119
[11:23:54.577] [SEVERE ] updating countdown to 6407
[11:23:55.280] [SEVERE ] updating countdown to 5704
[11:24:01.691] [INFO   ] thread dealer terminated.
[11:24:06.695] [SEVERE ] thanks for playing... it was fun!
[11:24:06.696] [INFO   ] thread bguspl.set.Main.main() terminated.
[11:24:06.696] [SEVERE ] disposing of user interface elements
