[13:41:20.412] [INFO   ] thread bguspl.set.Main.main() starting.
[13:41:20.415] [SEVERE ] cannot read configuration file config.properties trying from resources.
[13:41:20.416] [SEVERE ] configuration file was loaded from resources directory.
[13:41:20.802] [INFO   ] thread dealer starting.
[13:41:20.804] [INFO   ] thread dealer starting.
[13:41:20.806] [INFO   ] thread Player0 starting.
[13:41:20.809] [INFO   ] thread Player1 starting.
[13:41:20.922] [SEVERE ] placing card 79 in slot 0
[13:41:21.034] [SEVERE ] placing card 1 in slot 1
[13:41:21.145] [SEVERE ] placing card 32 in slot 2
[13:41:21.256] [SEVERE ] placing card 7 in slot 3
[13:41:21.366] [SEVERE ] placing card 78 in slot 4
[13:41:21.476] [SEVERE ] placing card 21 in slot 5
[13:41:21.588] [SEVERE ] placing card 4 in slot 6
[13:41:21.699] [SEVERE ] placing card 2 in slot 7
[13:41:21.810] [SEVERE ] placing card 67 in slot 8
[13:41:21.921] [SEVERE ] placing card 48 in slot 9
[13:41:22.031] [SEVERE ] placing card 14 in slot 10
[13:41:22.141] [SEVERE ] placing card 42 in slot 11
[13:41:23.096] [SEVERE ] updating countdown to 57705
[13:41:24.063] [SEVERE ] updating countdown to 56738
[13:41:25.028] [SEVERE ] updating countdown to 55773
[13:41:25.994] [SEVERE ] updating countdown to 54807
[13:41:26.958] [SEVERE ] updating countdown to 53843
[13:41:27.908] [SEVERE ] updating countdown to 52893
[13:41:28.864] [SEVERE ] updating countdown to 51937
[13:41:29.829] [SEVERE ] updating countdown to 50972
[13:41:30.792] [SEVERE ] updating countdown to 50009
[13:41:31.746] [SEVERE ] updating countdown to 49055
[13:41:32.160] [SEVERE ] key 75 was pressed by player 2
[13:41:32.162] [SEVERE ] player 2 placing token on slot 5
[13:41:32.553] [SEVERE ] key 76 was pressed by player 2
[13:41:32.555] [SEVERE ] player 2 placing token on slot 6
[13:41:32.697] [SEVERE ] updating countdown to 48104
[13:41:33.123] [SEVERE ] key 44 was pressed by player 2
[13:41:33.126] [SEVERE ] player 2 placing token on slot 9
[13:41:33.128] [SEVERE ] setting player 2 freeze to 3000
[13:41:34.077] [SEVERE ] key 44 was pressed by player 2
[13:41:34.139] [SEVERE ] setting player 2 freeze to 2000
[13:41:35.139] [SEVERE ] setting player 2 freeze to 1000
[13:41:36.142] [SEVERE ] setting player 2 freeze to 0
[13:41:36.142] [SEVERE ] updating countdown to 44659
[13:41:36.144] [SEVERE ] removing player 2 token from slot 9
[13:41:36.789] [SEVERE ] key 46 was pressed by player 2
[13:41:36.790] [SEVERE ] player 2 placing token on slot 10
[13:41:36.794] [SEVERE ] setting player 2 score to 1
[13:41:36.794] [SEVERE ] setting player 2 freeze to 3000
[13:41:37.808] [SEVERE ] setting player 2 freeze to 2000
[13:41:38.810] [SEVERE ] setting player 2 freeze to 1000
[13:41:39.823] [SEVERE ] setting player 2 freeze to 0
[13:41:39.823] [SEVERE ] updating countdown to 60000
[13:41:39.824] [SEVERE ] updating countdown to 59999
[13:41:39.834] [INFO   ] thread dealer terminated.
[13:41:44.842] [SEVERE ] thanks for playing... it was fun!
[13:41:44.843] [INFO   ] thread bguspl.set.Main.main() terminated.
[13:41:44.843] [SEVERE ] disposing of user interface elements
