[12:16:28.888] [INFO   ] thread bguspl.set.Main.main() starting.
[12:16:28.900] [SEVERE ] cannot read configuration file config.properties trying from resources.
[12:16:28.900] [SEVERE ] configuration file was loaded from resources directory.
[12:16:29.701] [INFO   ] thread dealer starting.
[12:16:29.701] [INFO   ] thread dealer starting.
[12:16:29.705] [INFO   ] thread Player1 starting.
[12:16:29.705] [INFO   ] thread Player0 starting.
[12:16:29.821] [SEVERE ] placing card 36 in slot 0
[12:16:29.929] [SEVERE ] placing card 62 in slot 1
[12:16:30.044] [SEVERE ] placing card 80 in slot 2
[12:16:30.158] [SEVERE ] placing card 79 in slot 3
[12:16:30.260] [SEVERE ] placing card 17 in slot 4
[12:16:30.375] [SEVERE ] placing card 45 in slot 5
[12:16:30.485] [SEVERE ] placing card 13 in slot 6
[12:16:30.588] [SEVERE ] placing card 5 in slot 7
[12:16:30.705] [SEVERE ] placing card 61 in slot 8
[12:16:30.809] [SEVERE ] placing card 6 in slot 9
[12:16:30.919] [SEVERE ] placing card 70 in slot 10
[12:16:31.029] [SEVERE ] placing card 73 in slot 11
[12:16:31.730] [SEVERE ] updating countdown to 57971
[12:16:32.436] [SEVERE ] updating countdown to 57265
[12:16:33.142] [SEVERE ] updating countdown to 56559
[12:16:33.851] [SEVERE ] updating countdown to 55850
[12:16:34.555] [SEVERE ] updating countdown to 55146
[12:16:35.269] [SEVERE ] updating countdown to 54432
[12:16:35.985] [SEVERE ] updating countdown to 53716
[12:16:36.262] [SEVERE ] exit button pressed
[12:16:36.262] [INFO   ] thread Player0 terminated.
[12:16:36.262] [INFO   ] thread Player1 terminated.
[12:16:36.692] [SEVERE ] updating countdown to 53009
[12:16:36.692] [SEVERE ] updating countdown to 53009
[12:16:36.810] [SEVERE ] removing card from slot 0
[12:16:36.921] [SEVERE ] removing card from slot 1
[12:16:37.031] [SEVERE ] removing card from slot 2
[12:16:37.140] [SEVERE ] removing card from slot 3
[12:16:37.252] [SEVERE ] removing card from slot 4
[12:16:37.362] [SEVERE ] removing card from slot 5
[12:16:37.473] [SEVERE ] removing card from slot 6
[12:16:37.583] [SEVERE ] removing card from slot 7
[12:16:37.693] [SEVERE ] removing card from slot 8
[12:16:37.804] [SEVERE ] removing card from slot 9
[12:16:37.914] [SEVERE ] removing card from slot 10
[12:16:38.024] [SEVERE ] removing card from slot 11
[12:16:38.024] [INFO   ] thread dealer terminated.
[12:16:38.024] [INFO   ] thread dealer terminated.
[12:16:38.024] [SEVERE ] thanks for playing... it was fun!
[12:16:38.024] [INFO   ] thread bguspl.set.Main.main() terminated.
