[11:36:44.876] [INFO   ] thread bguspl.set.Main.main() starting.
[11:36:44.881] [SEVERE ] cannot read configuration file config.properties trying from resources.
[11:36:44.881] [SEVERE ] configuration file was loaded from resources directory.
[11:36:45.332] [INFO   ] thread dealer starting.
[11:36:45.332] [INFO   ] thread dealer starting.
[11:36:45.339] [INFO   ] thread Player0 starting.
[11:36:45.340] [INFO   ] thread Player1 starting.
[11:36:45.455] [SEVERE ] placing card 41 in slot 0
[11:36:45.563] [SEVERE ] placing card 19 in slot 1
[11:36:45.670] [SEVERE ] placing card 3 in slot 2
[11:36:45.774] [SEVERE ] placing card 75 in slot 3
[11:36:45.878] [SEVERE ] placing card 1 in slot 4
[11:36:45.987] [SEVERE ] placing card 30 in slot 5
[11:36:46.090] [SEVERE ] placing card 6 in slot 6
[11:36:46.195] [SEVERE ] placing card 0 in slot 7
[11:36:46.305] [SEVERE ] placing card 32 in slot 8
[11:36:46.415] [SEVERE ] placing card 79 in slot 9
[11:36:46.525] [SEVERE ] placing card 12 in slot 10
[11:36:46.634] [SEVERE ] placing card 26 in slot 11
[11:36:47.340] [SEVERE ] updating countdown to 57992
[11:36:48.049] [SEVERE ] updating countdown to 57283
[11:36:48.757] [SEVERE ] updating countdown to 56575
[11:36:49.464] [SEVERE ] updating countdown to 55868
[11:36:49.527] [SEVERE ] key 80 was pressed by player 2
[11:36:49.542] [SEVERE ] player 2 placing token on slot 3
[11:36:50.009] [SEVERE ] key 79 was pressed by player 2
[11:36:50.011] [SEVERE ] player 2 placing token on slot 2
[11:36:50.177] [SEVERE ] updating countdown to 55155
[11:36:50.282] [SEVERE ] key 75 was pressed by player 2
[11:36:50.282] [SEVERE ] player 2 placing token on slot 5
[11:36:50.282] [SEVERE ] setting player 2 freeze to 3000
[11:36:50.670] [SEVERE ] key 76 was pressed by player 2
[11:36:50.726] [SEVERE ] key 75 was pressed by player 2
[11:36:51.129] [SEVERE ] key 73 was pressed by player 2
[11:36:51.296] [SEVERE ] setting player 2 freeze to 2000
[11:36:51.367] [SEVERE ] key 73 was pressed by player 2
[11:36:52.000] [SEVERE ] key 76 was pressed by player 2
[11:36:52.303] [SEVERE ] setting player 2 freeze to 1000
[11:36:52.351] [SEVERE ] key 79 was pressed by player 2
[11:36:52.622] [SEVERE ] key 80 was pressed by player 2
[11:36:53.314] [SEVERE ] setting player 2 freeze to 0
[11:36:53.314] [SEVERE ] updating countdown to 52018
[11:36:53.314] [SEVERE ] player 2 placing token on slot 6
[11:36:53.314] [SEVERE ] removing player 2 token from slot 5
[11:36:53.587] [SEVERE ] key 76 was pressed by player 2
[11:36:54.014] [SEVERE ] updating countdown to 51318
[11:36:54.721] [SEVERE ] updating countdown to 50611
[11:36:55.428] [SEVERE ] updating countdown to 49904
[11:36:55.444] [SEVERE ] key 76 was pressed by player 2
[11:36:56.131] [SEVERE ] updating countdown to 49201
[11:36:56.838] [SEVERE ] updating countdown to 48494
[11:36:57.467] [SEVERE ] key 75 was pressed by player 2
[11:36:57.540] [SEVERE ] updating countdown to 47792
[11:36:57.974] [SEVERE ] key 76 was pressed by player 2
[11:36:58.253] [SEVERE ] updating countdown to 47079
[11:36:58.822] [SEVERE ] key 73 was pressed by player 2
[11:36:58.955] [SEVERE ] updating countdown to 46377
[11:36:59.089] [SEVERE ] key 79 was pressed by player 2
[11:36:59.656] [SEVERE ] updating countdown to 45676
[11:37:00.363] [SEVERE ] updating countdown to 44969
[11:37:01.071] [SEVERE ] updating countdown to 44261
[11:37:01.778] [SEVERE ] updating countdown to 43554
[11:37:02.484] [SEVERE ] updating countdown to 42848
[11:37:03.192] [SEVERE ] updating countdown to 42140
[11:37:03.900] [SEVERE ] updating countdown to 41432
[11:37:04.606] [SEVERE ] updating countdown to 40726
[11:37:05.312] [SEVERE ] updating countdown to 40020
[11:37:06.020] [SEVERE ] updating countdown to 39312
[11:37:06.728] [SEVERE ] updating countdown to 38604
[11:37:07.436] [SEVERE ] updating countdown to 37896
[11:37:08.143] [SEVERE ] updating countdown to 37189
[11:37:08.851] [SEVERE ] updating countdown to 36481
[11:37:08.851] [SEVERE ] exit button pressed
[11:37:08.851] [INFO   ] thread Player0 terminated.
[11:37:09.560] [SEVERE ] updating countdown to 35772
[11:37:09.560] [SEVERE ] updating countdown to 35772
[11:37:09.571] [INFO   ] thread dealer terminated.
[11:37:09.572] [SEVERE ] thanks for playing... it was fun!
[11:37:09.572] [INFO   ] thread bguspl.set.Main.main() terminated.
