[11:58:31.829] [INFO   ] thread bguspl.set.Main.main() starting.
[11:58:31.829] [SEVERE ] cannot read configuration file config.properties trying from resources.
[11:58:31.829] [SEVERE ] configuration file was loaded from resources directory.
[11:58:32.431] [INFO   ] thread dealer starting.
[11:58:32.432] [INFO   ] thread dealer starting.
[11:58:32.433] [INFO   ] thread Player0 starting.
[11:58:32.434] [INFO   ] thread Player1 starting.
[11:58:32.542] [SEVERE ] placing card 28 in slot 0
[11:58:32.654] [SEVERE ] placing card 17 in slot 1
[11:58:32.756] [SEVERE ] placing card 21 in slot 2
[11:58:32.867] [SEVERE ] placing card 22 in slot 3
[11:58:32.972] [SEVERE ] placing card 40 in slot 4
[11:58:33.076] [SEVERE ] placing card 30 in slot 5
[11:58:33.187] [SEVERE ] placing card 74 in slot 6
[11:58:33.291] [SEVERE ] placing card 56 in slot 7
[11:58:33.396] [SEVERE ] placing card 73 in slot 8
[11:58:33.506] [SEVERE ] placing card 3 in slot 9
[11:58:33.616] [SEVERE ] placing card 16 in slot 10
[11:58:33.727] [SEVERE ] placing card 64 in slot 11
[11:58:34.441] [SEVERE ] updating countdown to 57988
[11:58:35.154] [SEVERE ] updating countdown to 57275
[11:58:35.576] [SEVERE ] key 80 was pressed by player 2
[11:58:35.576] [SEVERE ] player 2 placing token on slot 3
[11:58:35.861] [SEVERE ] updating countdown to 56568
[11:58:36.576] [SEVERE ] updating countdown to 55853
[11:58:37.283] [SEVERE ] updating countdown to 55146
[11:58:37.991] [SEVERE ] updating countdown to 54438
[11:58:38.699] [SEVERE ] updating countdown to 53730
[11:58:39.412] [SEVERE ] updating countdown to 53017
[11:58:40.119] [SEVERE ] updating countdown to 52310
[11:58:40.827] [SEVERE ] updating countdown to 51602
[11:58:41.535] [SEVERE ] updating countdown to 50894
[11:58:42.247] [SEVERE ] updating countdown to 50182
[11:58:42.956] [SEVERE ] updating countdown to 49473
[11:58:43.672] [SEVERE ] updating countdown to 48757
[11:58:44.383] [SEVERE ] updating countdown to 48046
[11:58:45.092] [SEVERE ] updating countdown to 47337
[11:58:45.798] [SEVERE ] updating countdown to 46631
[11:58:46.499] [SEVERE ] updating countdown to 45930
[11:58:47.200] [SEVERE ] updating countdown to 45229
[11:58:47.912] [SEVERE ] updating countdown to 44517
[11:58:48.622] [SEVERE ] updating countdown to 43807
[11:58:49.300] [SEVERE ] exit button pressed
[11:58:49.300] [INFO   ] thread Player0 terminated.
[11:58:49.300] [INFO   ] thread Player1 terminated.
[11:58:49.324] [SEVERE ] updating countdown to 43105
[11:58:49.324] [SEVERE ] updating countdown to 43105
[11:58:49.431] [SEVERE ] removing card from slot 0
[11:58:49.542] [SEVERE ] removing card from slot 1
[11:58:49.652] [SEVERE ] removing card from slot 2
[11:58:49.762] [SEVERE ] removing player 2 token from slot 3
[11:58:49.762] [SEVERE ] removing card from slot 3
[11:58:49.873] [SEVERE ] removing card from slot 4
[11:58:49.977] [SEVERE ] removing card from slot 5
[11:58:50.086] [SEVERE ] removing card from slot 6
[11:58:50.196] [SEVERE ] removing card from slot 7
[11:58:50.307] [SEVERE ] removing card from slot 8
[11:58:50.413] [SEVERE ] removing card from slot 9
[11:58:50.517] [SEVERE ] removing card from slot 10
[11:58:50.622] [SEVERE ] removing card from slot 11
[11:58:50.622] [INFO   ] thread dealer terminated.
[11:58:50.622] [INFO   ] thread dealer terminated.
[11:58:50.624] [SEVERE ] thanks for playing... it was fun!
[11:58:50.624] [INFO   ] thread bguspl.set.Main.main() terminated.
