[11:52:32.077] [INFO   ] thread bguspl.set.Main.main() starting.
[11:52:32.077] [SEVERE ] cannot read configuration file config.properties trying from resources.
[11:52:32.077] [SEVERE ] configuration file was loaded from resources directory.
[11:52:32.667] [INFO   ] thread dealer starting.
[11:52:32.669] [INFO   ] thread dealer starting.
[11:52:32.669] [INFO   ] thread Player1 starting.
[11:52:32.675] [INFO   ] thread Player0 starting.
[11:52:32.790] [SEVERE ] placing card 64 in slot 0
[11:52:32.900] [SEVERE ] placing card 29 in slot 1
[11:52:33.003] [SEVERE ] placing card 72 in slot 2
[11:52:33.114] [SEVERE ] placing card 73 in slot 3
[11:52:33.218] [SEVERE ] placing card 16 in slot 4
[11:52:33.321] [SEVERE ] placing card 42 in slot 5
[11:52:33.433] [SEVERE ] placing card 26 in slot 6
[11:52:33.536] [SEVERE ] placing card 66 in slot 7
[11:52:33.640] [SEVERE ] placing card 45 in slot 8
[11:52:33.751] [SEVERE ] placing card 65 in slot 9
[11:52:33.862] [SEVERE ] placing card 61 in slot 10
[11:52:33.972] [SEVERE ] placing card 69 in slot 11
[11:52:34.678] [SEVERE ] updating countdown to 57989
[11:52:35.066] [SEVERE ] key 80 was pressed by player 2
[11:52:35.066] [SEVERE ] player 2 placing token on slot 3
[11:52:35.240] [SEVERE ] key 79 was pressed by player 2
[11:52:35.255] [SEVERE ] player 2 placing token on slot 2
[11:52:35.392] [SEVERE ] updating countdown to 57275
[11:52:35.471] [SEVERE ] key 73 was pressed by player 2
[11:52:35.471] [SEVERE ] player 2 placing token on slot 1
[11:52:35.471] [SEVERE ] setting player 2 freeze to 3000
[11:52:36.475] [SEVERE ] setting player 2 freeze to 2000
[11:52:37.486] [SEVERE ] setting player 2 freeze to 1000
[11:52:38.272] [SEVERE ] key 75 was pressed by player 2
[11:52:38.501] [SEVERE ] setting player 2 freeze to 0
[11:52:38.501] [SEVERE ] updating countdown to 54166
[11:52:38.503] [SEVERE ] player 2 placing token on slot 5
[11:52:39.207] [SEVERE ] updating countdown to 53460
[11:52:39.915] [SEVERE ] updating countdown to 52752
[11:52:40.323] [SEVERE ] key 76 was pressed by player 2
[11:52:40.323] [SEVERE ] player 2 placing token on slot 6
[11:52:40.617] [SEVERE ] updating countdown to 52050
[11:52:41.324] [SEVERE ] updating countdown to 51343
[11:52:42.030] [SEVERE ] updating countdown to 50637
[11:52:42.345] [SEVERE ] key 74 was pressed by player 2
[11:52:42.345] [SEVERE ] player 2 placing token on slot 4
[11:52:42.345] [SEVERE ] setting player 2 freeze to 3000
[11:52:43.366] [SEVERE ] setting player 2 freeze to 2000
[11:52:44.372] [SEVERE ] setting player 2 freeze to 1000
[11:52:45.374] [SEVERE ] setting player 2 freeze to 0
[11:52:45.374] [SEVERE ] updating countdown to 47293
[11:52:46.080] [SEVERE ] updating countdown to 46587
[11:52:46.789] [SEVERE ] updating countdown to 45878
[11:52:47.497] [SEVERE ] updating countdown to 45170
[11:52:48.204] [SEVERE ] updating countdown to 44463
[11:52:48.911] [SEVERE ] updating countdown to 43756
[11:52:49.619] [SEVERE ] updating countdown to 43048
[11:52:50.137] [SEVERE ] key 77 was pressed by player 2
[11:52:50.137] [SEVERE ] player 2 placing token on slot 8
[11:52:50.322] [SEVERE ] updating countdown to 42345
[11:52:51.032] [SEVERE ] updating countdown to 41635
[11:52:51.739] [SEVERE ] updating countdown to 40928
[11:52:52.447] [SEVERE ] updating countdown to 40220
[11:52:52.685] [SEVERE ] key 44 was pressed by player 2
[11:52:52.687] [SEVERE ] player 2 placing token on slot 9
[11:52:53.158] [SEVERE ] updating countdown to 39509
[11:52:53.858] [SEVERE ] updating countdown to 38809
[11:52:54.564] [SEVERE ] updating countdown to 38103
[11:52:55.273] [SEVERE ] updating countdown to 37394
[11:52:55.985] [SEVERE ] updating countdown to 36682
[11:52:56.691] [SEVERE ] updating countdown to 35976
[11:52:57.366] [SEVERE ] exit button pressed
[11:52:57.366] [INFO   ] thread Player0 terminated.
[11:52:57.366] [INFO   ] thread Player1 terminated.
[11:52:57.400] [SEVERE ] updating countdown to 35267
[11:52:57.400] [SEVERE ] updating countdown to 35267
[11:52:57.503] [SEVERE ] removing card from slot 0
[11:52:57.606] [SEVERE ] removing player 2 token from slot 1
[11:52:57.607] [SEVERE ] removing card from slot 1
[11:52:57.712] [SEVERE ] removing player 2 token from slot 2
[11:52:57.712] [SEVERE ] removing card from slot 2
[11:52:57.818] [SEVERE ] removing player 2 token from slot 3
[11:52:57.819] [SEVERE ] removing card from slot 3
[11:52:57.925] [SEVERE ] removing player 2 token from slot 4
[11:52:57.925] [SEVERE ] removing card from slot 4
[11:52:58.028] [SEVERE ] removing player 2 token from slot 5
[11:52:58.028] [SEVERE ] removing card from slot 5
[11:52:58.134] [SEVERE ] removing player 2 token from slot 6
[11:52:58.135] [SEVERE ] removing card from slot 6
[11:52:58.250] [SEVERE ] removing card from slot 7
[11:52:58.355] [SEVERE ] removing player 2 token from slot 8
[11:52:58.355] [SEVERE ] removing card from slot 8
[11:52:58.459] [SEVERE ] removing player 2 token from slot 9
[11:52:58.459] [SEVERE ] removing card from slot 9
[11:52:58.567] [SEVERE ] removing card from slot 10
[11:52:58.672] [SEVERE ] removing card from slot 11
[11:52:58.674] [INFO   ] thread dealer terminated.
[11:52:58.674] [INFO   ] thread dealer terminated.
[11:52:58.674] [SEVERE ] thanks for playing... it was fun!
[11:52:58.674] [INFO   ] thread bguspl.set.Main.main() terminated.
