[11:25:52.615] [INFO   ] thread bguspl.set.Main.main() starting.
[11:25:52.615] [SEVERE ] cannot read configuration file config.properties trying from resources.
[11:25:52.615] [SEVERE ] configuration file was loaded from resources directory.
[11:25:53.165] [INFO   ] thread dealer starting.
[11:25:53.165] [INFO   ] thread dealer starting.
[11:25:53.171] [INFO   ] thread Player0 starting.
[11:25:53.173] [INFO   ] thread Player1 starting.
[11:25:53.288] [SEVERE ] placing card 21 in slot 0
[11:25:53.391] [SEVERE ] placing card 5 in slot 1
[11:25:53.503] [SEVERE ] placing card 8 in slot 2
[11:25:53.607] [SEVERE ] placing card 20 in slot 3
[11:25:53.719] [SEVERE ] placing card 0 in slot 4
[11:25:53.822] [SEVERE ] placing card 55 in slot 5
[11:25:53.924] [SEVERE ] placing card 57 in slot 6
[11:25:54.028] [SEVERE ] placing card 42 in slot 7
[11:25:54.138] [SEVERE ] placing card 33 in slot 8
[11:25:54.248] [SEVERE ] placing card 46 in slot 9
[11:25:54.358] [SEVERE ] placing card 18 in slot 10
[11:25:54.468] [SEVERE ] placing card 51 in slot 11
[11:25:55.176] [SEVERE ] key 79 was pressed by player 2
[11:25:55.177] [SEVERE ] updating countdown to 57988
[11:25:55.177] [SEVERE ] player 2 placing token on slot 2
[11:25:55.422] [SEVERE ] key 80 was pressed by player 2
[11:25:55.422] [SEVERE ] player 2 placing token on slot 3
[11:25:55.880] [SEVERE ] updating countdown to 57285
[11:25:56.321] [SEVERE ] key 75 was pressed by player 2
[11:25:56.321] [SEVERE ] player 2 placing token on slot 5
[11:25:56.321] [SEVERE ] setting player 2 freeze to 3000
[11:25:57.330] [SEVERE ] setting player 2 freeze to 2000
[11:25:58.336] [SEVERE ] setting player 2 freeze to 1000
[11:25:59.350] [SEVERE ] setting player 2 freeze to 0
[11:25:59.350] [SEVERE ] updating countdown to 53815
[11:26:00.057] [SEVERE ] updating countdown to 53108
[11:26:00.559] [SEVERE ] key 75 was pressed by player 2
[11:26:00.559] [SEVERE ] removing player 2 token from slot 5
[11:26:00.759] [SEVERE ] updating countdown to 52406
[11:26:01.404] [SEVERE ] key 79 was pressed by player 2
[11:26:01.464] [SEVERE ] updating countdown to 51701
[11:26:01.595] [SEVERE ] key 80 was pressed by player 2
[11:26:02.170] [SEVERE ] updating countdown to 50995
[11:26:02.878] [SEVERE ] updating countdown to 50287
[11:26:03.584] [SEVERE ] updating countdown to 49581
[11:26:04.056] [SEVERE ] key 79 was pressed by player 2
[11:26:04.291] [SEVERE ] updating countdown to 48874
[11:26:04.416] [SEVERE ] key 80 was pressed by player 2
[11:26:05.001] [SEVERE ] updating countdown to 48164
[11:26:05.710] [SEVERE ] updating countdown to 47455
[11:26:06.418] [SEVERE ] updating countdown to 46747
[11:26:06.686] [SEVERE ] exit button pressed
[11:26:06.686] [INFO   ] thread Player0 terminated.
[11:26:07.127] [SEVERE ] updating countdown to 46038
[11:26:07.127] [SEVERE ] updating countdown to 46038
[11:26:07.130] [INFO   ] thread dealer terminated.
[11:26:07.130] [SEVERE ] thanks for playing... it was fun!
[11:26:07.131] [INFO   ] thread bguspl.set.Main.main() terminated.
