[12:38:12.677] [INFO   ] thread bguspl.set.Main.main() starting.
[12:38:12.685] [SEVERE ] cannot read configuration file config.properties trying from resources.
[12:38:12.687] [SEVERE ] configuration file was loaded from resources directory.
[12:38:13.276] [INFO   ] thread dealer starting.
[12:38:13.279] [INFO   ] thread dealer starting.
[12:38:13.280] [INFO   ] thread Player0 starting.
[12:38:13.282] [INFO   ] thread Player1 starting.
[12:38:13.400] [SEVERE ] placing card 62 in slot 0
[12:38:13.502] [SEVERE ] placing card 31 in slot 1
[12:38:13.605] [SEVERE ] placing card 3 in slot 2
[12:38:13.717] [SEVERE ] placing card 23 in slot 3
[12:38:13.818] [SEVERE ] placing card 69 in slot 4
[12:38:13.934] [SEVERE ] placing card 75 in slot 5
[12:38:14.038] [SEVERE ] placing card 68 in slot 6
[12:38:14.139] [SEVERE ] placing card 51 in slot 7
[12:38:14.251] [SEVERE ] placing card 67 in slot 8
[12:38:14.361] [SEVERE ] placing card 37 in slot 9
[12:38:14.471] [SEVERE ] placing card 73 in slot 10
[12:38:14.582] [SEVERE ] placing card 14 in slot 11
[12:38:15.290] [SEVERE ] updating countdown to 57986
[12:38:15.997] [SEVERE ] updating countdown to 57279
[12:38:16.313] [SEVERE ] key 80 was pressed by player 2
[12:38:16.313] [SEVERE ] player 2 placing token on slot 3
[12:38:16.709] [SEVERE ] updating countdown to 56567
[12:38:17.008] [SEVERE ] key 80 was pressed by player 2
[12:38:17.008] [SEVERE ] removing player 2 token from slot 3
[12:38:17.411] [SEVERE ] updating countdown to 55865
[12:38:18.118] [SEVERE ] updating countdown to 55158
[12:38:18.827] [SEVERE ] updating countdown to 54449
[12:38:19.535] [SEVERE ] updating countdown to 53741
[12:38:20.246] [SEVERE ] updating countdown to 53030
[12:38:20.955] [SEVERE ] updating countdown to 52321
[12:38:21.662] [SEVERE ] updating countdown to 51614
[12:38:22.369] [SEVERE ] updating countdown to 50907
[12:38:23.077] [SEVERE ] updating countdown to 50199
[12:38:23.783] [SEVERE ] updating countdown to 49493
[12:38:24.490] [SEVERE ] updating countdown to 48786
[12:38:25.198] [SEVERE ] updating countdown to 48078
[12:38:25.904] [SEVERE ] updating countdown to 47372
[12:38:26.610] [SEVERE ] updating countdown to 46666
[12:38:27.317] [SEVERE ] updating countdown to 45959
[12:38:28.025] [SEVERE ] updating countdown to 45251
[12:38:28.727] [SEVERE ] updating countdown to 44549
[12:38:29.428] [SEVERE ] updating countdown to 43848
[12:38:30.134] [SEVERE ] updating countdown to 43142
[12:38:30.840] [SEVERE ] updating countdown to 42436
[12:38:31.547] [SEVERE ] updating countdown to 41729
[12:38:32.253] [SEVERE ] updating countdown to 41023
[12:38:32.961] [SEVERE ] updating countdown to 40315
[12:38:33.668] [SEVERE ] updating countdown to 39608
[12:38:34.375] [SEVERE ] updating countdown to 38901
[12:38:35.082] [SEVERE ] updating countdown to 38194
[12:38:35.791] [SEVERE ] updating countdown to 37485
[12:38:36.497] [SEVERE ] updating countdown to 36779
[12:38:37.203] [SEVERE ] updating countdown to 36073
[12:38:37.910] [SEVERE ] updating countdown to 35366
[12:38:38.618] [SEVERE ] updating countdown to 34658
[12:38:39.326] [SEVERE ] updating countdown to 33950
[12:38:40.032] [SEVERE ] updating countdown to 33244
[12:38:40.740] [SEVERE ] updating countdown to 32536
[12:38:41.447] [SEVERE ] updating countdown to 31829
[12:38:42.153] [SEVERE ] updating countdown to 31123
[12:38:42.859] [SEVERE ] updating countdown to 30417
[12:38:43.567] [SEVERE ] updating countdown to 29709
[12:38:44.272] [SEVERE ] updating countdown to 29004
[12:38:44.979] [SEVERE ] updating countdown to 28297
[12:38:45.687] [SEVERE ] updating countdown to 27589
[12:38:46.394] [SEVERE ] updating countdown to 26882
[12:38:47.101] [SEVERE ] updating countdown to 26175
[12:38:47.807] [SEVERE ] updating countdown to 25469
[12:38:48.516] [SEVERE ] updating countdown to 24760
[12:38:49.223] [SEVERE ] updating countdown to 24053
[12:38:49.929] [SEVERE ] updating countdown to 23347
[12:38:50.635] [SEVERE ] updating countdown to 22641
[12:38:51.342] [SEVERE ] updating countdown to 21934
[12:38:52.048] [SEVERE ] updating countdown to 21228
[12:38:52.756] [SEVERE ] updating countdown to 20520
[12:38:53.462] [SEVERE ] updating countdown to 19814
[12:38:54.168] [SEVERE ] updating countdown to 19108
[12:38:54.875] [SEVERE ] updating countdown to 18401
[12:38:55.581] [SEVERE ] updating countdown to 17695
[12:38:56.289] [SEVERE ] updating countdown to 16987
[12:38:56.996] [SEVERE ] updating countdown to 16280
[12:38:57.703] [SEVERE ] updating countdown to 15573
[12:38:58.409] [SEVERE ] updating countdown to 14867
[12:38:59.119] [SEVERE ] updating countdown to 14157
[12:38:59.822] [SEVERE ] updating countdown to 13454
[12:39:00.529] [SEVERE ] updating countdown to 12747
[12:39:01.237] [SEVERE ] updating countdown to 12039
[12:39:01.945] [SEVERE ] updating countdown to 11331
[12:39:02.651] [SEVERE ] updating countdown to 10625
[12:39:03.360] [SEVERE ] updating countdown to 9916
[12:39:04.068] [SEVERE ] updating countdown to 9208
[12:39:04.775] [SEVERE ] updating countdown to 8501
[12:39:05.482] [SEVERE ] updating countdown to 7794
[12:39:06.191] [SEVERE ] updating countdown to 7085
[12:39:06.902] [SEVERE ] updating countdown to 6374
[12:39:07.609] [SEVERE ] updating countdown to 5667
[12:39:13.969] [SEVERE ] updating countdown to 60000
[12:39:14.072] [SEVERE ] removing card from slot 0
[12:39:14.182] [SEVERE ] removing card from slot 1
[12:39:14.293] [SEVERE ] removing card from slot 2
[12:39:14.403] [SEVERE ] removing card from slot 3
[12:39:14.513] [SEVERE ] removing card from slot 4
[12:39:14.624] [SEVERE ] removing card from slot 5
[12:39:14.733] [SEVERE ] removing card from slot 6
[12:39:14.843] [SEVERE ] removing card from slot 7
[12:39:14.953] [SEVERE ] removing card from slot 8
[12:39:15.062] [SEVERE ] removing card from slot 9
[12:39:15.172] [SEVERE ] removing card from slot 10
[12:39:15.283] [SEVERE ] removing card from slot 11
[12:39:15.393] [SEVERE ] placing card 73 in slot 0
[12:39:15.503] [SEVERE ] placing card 33 in slot 1
[12:39:15.612] [SEVERE ] placing card 47 in slot 2
[12:39:15.722] [SEVERE ] placing card 12 in slot 3
[12:39:15.832] [SEVERE ] placing card 27 in slot 4
[12:39:15.942] [SEVERE ] placing card 45 in slot 5
[12:39:16.052] [SEVERE ] placing card 30 in slot 6
[12:39:16.162] [SEVERE ] placing card 21 in slot 7
[12:39:16.272] [SEVERE ] placing card 56 in slot 8
[12:39:16.382] [SEVERE ] placing card 6 in slot 9
[12:39:16.491] [SEVERE ] placing card 2 in slot 10
[12:39:16.601] [SEVERE ] placing card 76 in slot 11
[12:39:17.311] [SEVERE ] updating countdown to 56658
[12:39:18.017] [SEVERE ] updating countdown to 55952
[12:39:18.723] [SEVERE ] updating countdown to 55246
[12:39:19.429] [SEVERE ] updating countdown to 54540
[12:39:20.135] [SEVERE ] updating countdown to 53834
[12:39:20.841] [SEVERE ] updating countdown to 53128
[12:39:21.546] [SEVERE ] updating countdown to 52423
[12:39:22.253] [SEVERE ] updating countdown to 51716
[12:39:22.959] [SEVERE ] updating countdown to 51010
[12:39:23.665] [SEVERE ] updating countdown to 50304
[12:39:24.372] [SEVERE ] updating countdown to 49597
[12:39:25.082] [SEVERE ] updating countdown to 48887
[12:39:25.790] [SEVERE ] updating countdown to 48179
[12:39:26.501] [SEVERE ] updating countdown to 47468
[12:39:27.207] [SEVERE ] updating countdown to 46762
[12:39:27.914] [SEVERE ] updating countdown to 46055
[12:39:28.620] [SEVERE ] updating countdown to 45349
[12:39:29.327] [SEVERE ] updating countdown to 44642
[12:39:30.035] [SEVERE ] updating countdown to 43934
[12:39:30.742] [SEVERE ] updating countdown to 43227
[12:39:31.387] [SEVERE ] key 65 was pressed by player 1
[12:39:31.387] [SEVERE ] player 1 placing token on slot 4
[12:39:31.443] [SEVERE ] updating countdown to 42526
[12:39:31.816] [SEVERE ] key 87 was pressed by player 1
[12:39:31.821] [SEVERE ] player 1 placing token on slot 1
[12:39:32.155] [SEVERE ] updating countdown to 41814
[12:39:32.627] [SEVERE ] key 68 was pressed by player 1
[12:39:32.627] [SEVERE ] player 1 placing token on slot 6
[12:39:32.641] [SEVERE ] setting player 1 score to 1
[12:39:32.641] [SEVERE ] setting player 1 freeze to 3000
[12:39:33.643] [SEVERE ] setting player 1 freeze to 2000
[12:39:34.651] [SEVERE ] setting player 1 freeze to 1000
[12:39:35.657] [SEVERE ] setting player 1 freeze to 0
[12:39:35.657] [SEVERE ] updating countdown to 60000
[12:39:35.657] [SEVERE ] updating countdown to 60000
[12:39:35.759] [SEVERE ] removing player 1 token from slot 1
[12:39:35.759] [SEVERE ] removing card from slot 1
[12:39:35.763] [INFO   ] thread dealer terminated.
[12:39:40.767] [SEVERE ] thanks for playing... it was fun!
[12:39:40.767] [INFO   ] thread bguspl.set.Main.main() terminated.
[12:39:40.767] [SEVERE ] disposing of user interface elements
