[11:47:38.096] [INFO   ] thread bguspl.set.Main.main() starting.
[11:47:38.096] [SEVERE ] cannot read configuration file config.properties trying from resources.
[11:47:38.096] [SEVERE ] configuration file was loaded from resources directory.
[11:47:38.618] [INFO   ] thread dealer starting.
[11:47:38.622] [INFO   ] thread dealer starting.
[11:47:38.624] [INFO   ] thread Player0 starting.
[11:47:38.625] [INFO   ] thread Player1 starting.
[11:47:38.739] [SEVERE ] placing card 20 in slot 0
[11:47:38.842] [SEVERE ] placing card 75 in slot 1
[11:47:38.953] [SEVERE ] placing card 47 in slot 2
[11:47:39.056] [SEVERE ] placing card 18 in slot 3
[11:47:39.159] [SEVERE ] placing card 59 in slot 4
[11:47:39.269] [SEVERE ] placing card 50 in slot 5
[11:47:39.372] [SEVERE ] placing card 34 in slot 6
[11:47:39.483] [SEVERE ] placing card 27 in slot 7
[11:47:39.594] [SEVERE ] placing card 38 in slot 8
[11:47:39.705] [SEVERE ] placing card 19 in slot 9
[11:47:39.815] [SEVERE ] placing card 74 in slot 10
[11:47:39.925] [SEVERE ] placing card 39 in slot 11
[11:47:40.636] [SEVERE ] updating countdown to 57982
[11:47:41.347] [SEVERE ] updating countdown to 57271
[11:47:42.053] [SEVERE ] updating countdown to 56565
[11:47:42.131] [SEVERE ] key 80 was pressed by player 2
[11:47:42.147] [SEVERE ] player 2 placing token on slot 3
[11:47:42.366] [SEVERE ] key 79 was pressed by player 2
[11:47:42.374] [SEVERE ] player 2 placing token on slot 2
[11:47:42.714] [SEVERE ] key 73 was pressed by player 2
[11:47:42.714] [SEVERE ] player 2 placing token on slot 1
[11:47:42.714] [SEVERE ] setting player 2 freeze to 3000
[11:47:43.722] [SEVERE ] setting player 2 freeze to 2000
[11:47:43.754] [SEVERE ] key 75 was pressed by player 2
[11:47:44.732] [SEVERE ] setting player 2 freeze to 1000
[11:47:44.874] [SEVERE ] key 76 was pressed by player 2
[11:47:45.218] [SEVERE ] key 74 was pressed by player 2
[11:47:45.739] [SEVERE ] setting player 2 freeze to 0
[11:47:45.739] [SEVERE ] updating countdown to 52879
[11:47:45.745] [SEVERE ] player 2 placing token on slot 5
[11:47:45.747] [SEVERE ] player 2 placing token on slot 6
[11:47:45.748] [SEVERE ] player 2 placing token on slot 4
[11:47:45.748] [SEVERE ] setting player 2 freeze to 3000
[11:47:46.763] [SEVERE ] setting player 2 freeze to 2000
[11:47:47.773] [SEVERE ] setting player 2 freeze to 1000
[11:47:48.782] [SEVERE ] setting player 2 freeze to 0
[11:47:48.782] [SEVERE ] updating countdown to 49836
[11:47:49.492] [SEVERE ] updating countdown to 49126
[11:47:50.203] [SEVERE ] updating countdown to 48415
[11:47:50.913] [SEVERE ] updating countdown to 47705
[11:47:51.621] [SEVERE ] updating countdown to 46997
[11:47:52.331] [SEVERE ] updating countdown to 46287
[11:47:53.040] [SEVERE ] updating countdown to 45578
[11:47:53.750] [SEVERE ] updating countdown to 44868
[11:47:54.460] [SEVERE ] updating countdown to 44158
[11:47:55.170] [SEVERE ] updating countdown to 43448
[11:47:55.312] [SEVERE ] key 80 was pressed by player 2
[11:47:55.324] [SEVERE ] removing player 2 token from slot 3
[11:47:55.731] [SEVERE ] key 79 was pressed by player 2
[11:47:55.739] [SEVERE ] removing player 2 token from slot 2
[11:47:55.876] [SEVERE ] updating countdown to 42742
[11:47:56.097] [SEVERE ] key 73 was pressed by player 2
[11:47:56.107] [SEVERE ] removing player 2 token from slot 1
[11:47:56.563] [SEVERE ] key 75 was pressed by player 2
[11:47:56.578] [SEVERE ] updating countdown to 42040
[11:47:56.578] [SEVERE ] removing player 2 token from slot 5
[11:47:57.295] [SEVERE ] updating countdown to 41323
[11:47:57.500] [SEVERE ] key 76 was pressed by player 2
[11:47:57.514] [SEVERE ] removing player 2 token from slot 6
[11:47:58.008] [SEVERE ] updating countdown to 40610
[11:47:58.718] [SEVERE ] updating countdown to 39900
[11:47:59.112] [SEVERE ] key 74 was pressed by player 2
[11:47:59.112] [SEVERE ] removing player 2 token from slot 4
[11:47:59.420] [SEVERE ] updating countdown to 39198
[11:48:00.129] [SEVERE ] updating countdown to 38489
[11:48:00.842] [SEVERE ] updating countdown to 37776
[11:48:01.385] [SEVERE ] exit button pressed
[11:48:01.385] [INFO   ] thread Player0 terminated.
[11:48:01.385] [INFO   ] thread Player1 terminated.
[11:48:01.558] [SEVERE ] updating countdown to 37060
[11:48:01.558] [SEVERE ] updating countdown to 37060
[11:48:01.568] [INFO   ] thread dealer terminated.
[11:48:01.568] [SEVERE ] thanks for playing... it was fun!
[11:48:01.570] [INFO   ] thread bguspl.set.Main.main() terminated.
